[0.674s] Invoking command in '/home/falinux/CBL_twinning/src/plant_mapper': DEBUGINFOD_URLS=https://debuginfod.ubuntu.com PYTHONPATH=/home/falinux/CBL_twinning/build/plant_mapper/prefix_override:/usr/lib/python3/dist-packages/colcon_core/task/python/colcon_distutils_commands:/home/falinux/CBL_twinning/install/plant_mapper/lib/python3.12/site-packages:${PYTHONPATH} /usr/bin/python3 -W ignore:setup.py install is deprecated -W ignore:easy_install command is deprecated setup.py egg_info --egg-base ../../build/plant_mapper build --build-base /home/falinux/CBL_twinning/build/plant_mapper/build install --record /home/falinux/CBL_twinning/build/plant_mapper/install.log --single-version-externally-managed install_data
[0.859s] running egg_info
[0.872s] writing ../../build/plant_mapper/plant_mapper.egg-info/PKG-INFO
[0.873s] writing dependency_links to ../../build/plant_mapper/plant_mapper.egg-info/dependency_links.txt
[0.874s] writing entry points to ../../build/plant_mapper/plant_mapper.egg-info/entry_points.txt
[0.874s] writing requirements to ../../build/plant_mapper/plant_mapper.egg-info/requires.txt
[0.874s] writing top-level names to ../../build/plant_mapper/plant_mapper.egg-info/top_level.txt
[0.901s] reading manifest file '../../build/plant_mapper/plant_mapper.egg-info/SOURCES.txt'
[0.902s] writing manifest file '../../build/plant_mapper/plant_mapper.egg-info/SOURCES.txt'
[0.902s] running build
[0.902s] running build_py
[0.903s] running install
[0.908s] running install_lib
[0.922s] running install_data
[0.923s] running install_egg_info
[0.937s] removing '/home/falinux/CBL_twinning/install/plant_mapper/lib/python3.12/site-packages/plant_mapper-0.0.0-py3.12.egg-info' (and everything under it)
[0.937s] Copying ../../build/plant_mapper/plant_mapper.egg-info to /home/falinux/CBL_twinning/install/plant_mapper/lib/python3.12/site-packages/plant_mapper-0.0.0-py3.12.egg-info
[0.938s] running install_scripts
[1.030s] Installing farm_navigator script to /home/falinux/CBL_twinning/install/plant_mapper/lib/plant_mapper
[1.030s] Installing farm_twin script to /home/falinux/CBL_twinning/install/plant_mapper/lib/plant_mapper
[1.030s] Installing plant_mapper script to /home/falinux/CBL_twinning/install/plant_mapper/lib/plant_mapper
[1.030s] writing list of installed files to '/home/falinux/CBL_twinning/build/plant_mapper/install.log'
[1.048s] Invoked command in '/home/falinux/CBL_twinning/src/plant_mapper' returned '0': DEBUGINFOD_URLS=https://debuginfod.ubuntu.com PYTHONPATH=/home/falinux/CBL_twinning/build/plant_mapper/prefix_override:/usr/lib/python3/dist-packages/colcon_core/task/python/colcon_distutils_commands:/home/falinux/CBL_twinning/install/plant_mapper/lib/python3.12/site-packages:${PYTHONPATH} /usr/bin/python3 -W ignore:setup.py install is deprecated -W ignore:easy_install command is deprecated setup.py egg_info --egg-base ../../build/plant_mapper build --build-base /home/falinux/CBL_twinning/build/plant_mapper/build install --record /home/falinux/CBL_twinning/build/plant_mapper/install.log --single-version-externally-managed install_data
