[3.011s] Invoking command in '/home/falinux/CBL_twinning/src/plant_mapper': DEBUGINFOD_URLS=https://debuginfod.ubuntu.com PYTHONPATH=/home/falinux/CBL_twinning/build/plant_mapper/prefix_override:/usr/lib/python3/dist-packages/colcon_core/task/python/colcon_distutils_commands:/home/falinux/CBL_twinning/install/plant_mapper/lib/python3.12/site-packages:${PYTHONPATH} /usr/bin/python3 -W ignore:setup.py install is deprecated -W ignore:easy_install command is deprecated setup.py egg_info --egg-base ../../build/plant_mapper build --build-base /home/falinux/CBL_twinning/build/plant_mapper/build install --record /home/falinux/CBL_twinning/build/plant_mapper/install.log --single-version-externally-managed install_data
[3.562s] running egg_info
[3.598s] writing ../../build/plant_mapper/plant_mapper.egg-info/PKG-INFO
[3.598s] writing dependency_links to ../../build/plant_mapper/plant_mapper.egg-info/dependency_links.txt
[3.598s] writing entry points to ../../build/plant_mapper/plant_mapper.egg-info/entry_points.txt
[3.599s] writing requirements to ../../build/plant_mapper/plant_mapper.egg-info/requires.txt
[3.599s] writing top-level names to ../../build/plant_mapper/plant_mapper.egg-info/top_level.txt
[3.674s] reading manifest file '../../build/plant_mapper/plant_mapper.egg-info/SOURCES.txt'
[3.675s] writing manifest file '../../build/plant_mapper/plant_mapper.egg-info/SOURCES.txt'
[3.676s] running build
[3.676s] running build_py
[3.676s] running install
[3.692s] running install_lib
[3.734s] running install_data
[3.736s] running install_egg_info
[3.778s] removing '/home/falinux/CBL_twinning/install/plant_mapper/lib/python3.12/site-packages/plant_mapper-0.0.0-py3.12.egg-info' (and everything under it)
[3.778s] Copying ../../build/plant_mapper/plant_mapper.egg-info to /home/falinux/CBL_twinning/install/plant_mapper/lib/python3.12/site-packages/plant_mapper-0.0.0-py3.12.egg-info
[3.779s] running install_scripts
[4.025s] Installing farm_navigator script to /home/falinux/CBL_twinning/install/plant_mapper/lib/plant_mapper
[4.025s] Installing farm_twin script to /home/falinux/CBL_twinning/install/plant_mapper/lib/plant_mapper
[4.026s] Installing plant_mapper script to /home/falinux/CBL_twinning/install/plant_mapper/lib/plant_mapper
[4.026s] writing list of installed files to '/home/falinux/CBL_twinning/build/plant_mapper/install.log'
[4.110s] Invoked command in '/home/falinux/CBL_twinning/src/plant_mapper' returned '0': DEBUGINFOD_URLS=https://debuginfod.ubuntu.com PYTHONPATH=/home/falinux/CBL_twinning/build/plant_mapper/prefix_override:/usr/lib/python3/dist-packages/colcon_core/task/python/colcon_distutils_commands:/home/falinux/CBL_twinning/install/plant_mapper/lib/python3.12/site-packages:${PYTHONPATH} /usr/bin/python3 -W ignore:setup.py install is deprecated -W ignore:easy_install command is deprecated setup.py egg_info --egg-base ../../build/plant_mapper build --build-base /home/falinux/CBL_twinning/build/plant_mapper/build install --record /home/falinux/CBL_twinning/build/plant_mapper/install.log --single-version-externally-managed install_data
