[1.798s] Invoking command in '/home/falinux/CBL_twinning/ws/build/tb3_safety_stop': DEBUGINFOD_URLS=https://debuginfod.ubuntu.com PYTHONPATH=/home/falinux/CBL_twinning/ws/build/tb3_safety_stop/prefix_override:/usr/lib/python3/dist-packages/colcon_core/task/python/colcon_distutils_commands:/home/falinux/CBL_twinning/ws/install/tb3_safety_stop/lib/python3.12/site-packages:${PYTHONPATH} /usr/bin/python3 -W ignore:setup.py install is deprecated -W ignore:easy_install command is deprecated setup.py develop --uninstall --editable --build-directory /home/falinux/CBL_twinning/ws/build/tb3_safety_stop/build
[2.211s] running develop
[2.501s] Removing /home/falinux/CBL_twinning/ws/install/tb3_safety_stop/lib/python3.12/site-packages/tb3-safety-stop.egg-link (link to .)
[2.557s] Invoked command in '/home/falinux/CBL_twinning/ws/build/tb3_safety_stop' returned '0': DEBUGINFOD_URLS=https://debuginfod.ubuntu.com PYTHONPATH=/home/falinux/CBL_twinning/ws/build/tb3_safety_stop/prefix_override:/usr/lib/python3/dist-packages/colcon_core/task/python/colcon_distutils_commands:/home/falinux/CBL_twinning/ws/install/tb3_safety_stop/lib/python3.12/site-packages:${PYTHONPATH} /usr/bin/python3 -W ignore:setup.py install is deprecated -W ignore:easy_install command is deprecated setup.py develop --uninstall --editable --build-directory /home/falinux/CBL_twinning/ws/build/tb3_safety_stop/build
[2.560s] Invoking command in '/home/falinux/CBL_twinning/ws/src/tb3_safety_stop': DEBUGINFOD_URLS=https://debuginfod.ubuntu.com PYTHONPATH=/home/falinux/CBL_twinning/ws/build/tb3_safety_stop/prefix_override:/usr/lib/python3/dist-packages/colcon_core/task/python/colcon_distutils_commands:/home/falinux/CBL_twinning/ws/install/tb3_safety_stop/lib/python3.12/site-packages:${PYTHONPATH} /usr/bin/python3 -W ignore:setup.py install is deprecated -W ignore:easy_install command is deprecated setup.py egg_info --egg-base ../../build/tb3_safety_stop build --build-base /home/falinux/CBL_twinning/ws/build/tb3_safety_stop/build install --record /home/falinux/CBL_twinning/ws/build/tb3_safety_stop/install.log --single-version-externally-managed install_data --force
[2.953s] running egg_info
[2.978s] writing ../../build/tb3_safety_stop/tb3_safety_stop.egg-info/PKG-INFO
[2.979s] writing dependency_links to ../../build/tb3_safety_stop/tb3_safety_stop.egg-info/dependency_links.txt
[2.979s] writing entry points to ../../build/tb3_safety_stop/tb3_safety_stop.egg-info/entry_points.txt
[2.979s] writing requirements to ../../build/tb3_safety_stop/tb3_safety_stop.egg-info/requires.txt
[2.979s] writing top-level names to ../../build/tb3_safety_stop/tb3_safety_stop.egg-info/top_level.txt
[3.019s] reading manifest file '../../build/tb3_safety_stop/tb3_safety_stop.egg-info/SOURCES.txt'
[3.019s] writing manifest file '../../build/tb3_safety_stop/tb3_safety_stop.egg-info/SOURCES.txt'
[3.019s] running build
[3.019s] running build_py
[3.020s] creating /home/falinux/CBL_twinning/ws/build/tb3_safety_stop/build
[3.020s] creating /home/falinux/CBL_twinning/ws/build/tb3_safety_stop/build/lib
[3.020s] creating /home/falinux/CBL_twinning/ws/build/tb3_safety_stop/build/lib/tb3_safety_stop
[3.020s] copying tb3_safety_stop/__init__.py -> /home/falinux/CBL_twinning/ws/build/tb3_safety_stop/build/lib/tb3_safety_stop
[3.020s] copying tb3_safety_stop/twin_safety_node.py -> /home/falinux/CBL_twinning/ws/build/tb3_safety_stop/build/lib/tb3_safety_stop
[3.020s] copying tb3_safety_stop/twin_safety_node_ORIGINAL.py -> /home/falinux/CBL_twinning/ws/build/tb3_safety_stop/build/lib/tb3_safety_stop
[3.020s] running install
[3.027s] running install_lib
[3.044s] creating /home/falinux/CBL_twinning/ws/install/tb3_safety_stop/lib/python3.12/site-packages/tb3_safety_stop
[3.045s] copying /home/falinux/CBL_twinning/ws/build/tb3_safety_stop/build/lib/tb3_safety_stop/__init__.py -> /home/falinux/CBL_twinning/ws/install/tb3_safety_stop/lib/python3.12/site-packages/tb3_safety_stop
[3.045s] copying /home/falinux/CBL_twinning/ws/build/tb3_safety_stop/build/lib/tb3_safety_stop/twin_safety_node.py -> /home/falinux/CBL_twinning/ws/install/tb3_safety_stop/lib/python3.12/site-packages/tb3_safety_stop
[3.045s] copying /home/falinux/CBL_twinning/ws/build/tb3_safety_stop/build/lib/tb3_safety_stop/twin_safety_node_ORIGINAL.py -> /home/falinux/CBL_twinning/ws/install/tb3_safety_stop/lib/python3.12/site-packages/tb3_safety_stop
[3.045s] byte-compiling /home/falinux/CBL_twinning/ws/install/tb3_safety_stop/lib/python3.12/site-packages/tb3_safety_stop/__init__.py to __init__.cpython-312.pyc
[3.045s] byte-compiling /home/falinux/CBL_twinning/ws/install/tb3_safety_stop/lib/python3.12/site-packages/tb3_safety_stop/twin_safety_node.py to twin_safety_node.cpython-312.pyc
[3.047s] byte-compiling /home/falinux/CBL_twinning/ws/install/tb3_safety_stop/lib/python3.12/site-packages/tb3_safety_stop/twin_safety_node_ORIGINAL.py to twin_safety_node_ORIGINAL.cpython-312.pyc
[3.048s] running install_data
[3.048s] error: could not create '/home/falinux/CBL_twinning/ws/install/tb3_safety_stop/share/ament_index/resource_index/packages/tb3_safety_stop': No such file or directory
[3.048s] copying resource/tb3_safety_stop -> /home/falinux/CBL_twinning/ws/install/tb3_safety_stop/share/ament_index/resource_index/packages
