[0.569s] Invoking command in '/home/falinux/CBL_twinning/ws/build/border_recorder': DEBUGINFOD_URLS=https://debuginfod.ubuntu.com PYTHONPATH=/home/falinux/CBL_twinning/ws/build/border_recorder/prefix_override:/usr/lib/python3/dist-packages/colcon_core/task/python/colcon_distutils_commands:/home/falinux/CBL_twinning/ws/install/border_recorder/lib/python3.12/site-packages: /usr/bin/python3 -W ignore:setup.py install is deprecated -W ignore:easy_install command is deprecated setup.py develop --uninstall --editable --build-directory /home/falinux/CBL_twinning/ws/build/border_recorder/build
[0.743s] running develop
[0.820s] Removing /home/falinux/CBL_twinning/ws/install/border_recorder/lib/python3.12/site-packages/border-recorder.egg-link (link to .)
[0.847s] Invoked command in '/home/falinux/CBL_twinning/ws/build/border_recorder' returned '0': DEBUGINFOD_URLS=https://debuginfod.ubuntu.com PYTHONPATH=/home/falinux/CBL_twinning/ws/build/border_recorder/prefix_override:/usr/lib/python3/dist-packages/colcon_core/task/python/colcon_distutils_commands:/home/falinux/CBL_twinning/ws/install/border_recorder/lib/python3.12/site-packages: /usr/bin/python3 -W ignore:setup.py install is deprecated -W ignore:easy_install command is deprecated setup.py develop --uninstall --editable --build-directory /home/falinux/CBL_twinning/ws/build/border_recorder/build
[0.848s] Invoking command in '/home/falinux/CBL_twinning/ws/src/border_recorder': DEBUGINFOD_URLS=https://debuginfod.ubuntu.com PYTHONPATH=/home/falinux/CBL_twinning/ws/build/border_recorder/prefix_override:/usr/lib/python3/dist-packages/colcon_core/task/python/colcon_distutils_commands:/home/falinux/CBL_twinning/ws/install/border_recorder/lib/python3.12/site-packages: /usr/bin/python3 -W ignore:setup.py install is deprecated -W ignore:easy_install command is deprecated setup.py egg_info --egg-base ../../build/border_recorder build --build-base /home/falinux/CBL_twinning/ws/build/border_recorder/build install --record /home/falinux/CBL_twinning/ws/build/border_recorder/install.log --single-version-externally-managed install_data --force
[0.983s] running egg_info
[0.990s] writing ../../build/border_recorder/border_recorder.egg-info/PKG-INFO
[0.991s] writing dependency_links to ../../build/border_recorder/border_recorder.egg-info/dependency_links.txt
[0.991s] writing entry points to ../../build/border_recorder/border_recorder.egg-info/entry_points.txt
[0.991s] writing requirements to ../../build/border_recorder/border_recorder.egg-info/requires.txt
[0.991s] writing top-level names to ../../build/border_recorder/border_recorder.egg-info/top_level.txt
[1.006s] reading manifest file '../../build/border_recorder/border_recorder.egg-info/SOURCES.txt'
[1.006s] writing manifest file '../../build/border_recorder/border_recorder.egg-info/SOURCES.txt'
[1.006s] running build
[1.007s] running build_py
[1.007s] copying border_recorder/border_recorder_node.py -> /home/falinux/CBL_twinning/ws/build/border_recorder/build/lib/border_recorder
[1.007s] running install
[1.012s] running install_lib
[1.019s] creating /home/falinux/CBL_twinning/ws/install/border_recorder/lib/python3.12/site-packages/border_recorder
[1.019s] copying /home/falinux/CBL_twinning/ws/build/border_recorder/build/lib/border_recorder/__init__.py -> /home/falinux/CBL_twinning/ws/install/border_recorder/lib/python3.12/site-packages/border_recorder
[1.019s] copying /home/falinux/CBL_twinning/ws/build/border_recorder/build/lib/border_recorder/border_recorder_node.py -> /home/falinux/CBL_twinning/ws/install/border_recorder/lib/python3.12/site-packages/border_recorder
[1.020s] byte-compiling /home/falinux/CBL_twinning/ws/install/border_recorder/lib/python3.12/site-packages/border_recorder/__init__.py to __init__.cpython-312.pyc
[1.020s] byte-compiling /home/falinux/CBL_twinning/ws/install/border_recorder/lib/python3.12/site-packages/border_recorder/border_recorder_node.py to border_recorder_node.cpython-312.pyc
[1.022s] running install_data
[1.022s] copying resource/border_recorder -> /home/falinux/CBL_twinning/ws/install/border_recorder/share/ament_index/resource_index/packages
[1.022s] copying package.xml -> /home/falinux/CBL_twinning/ws/install/border_recorder/share/border_recorder
[1.022s] copying launch/border_recorder.launch.py -> /home/falinux/CBL_twinning/ws/install/border_recorder/share/border_recorder/launch
[1.022s] running install_egg_info
[1.031s] Copying ../../build/border_recorder/border_recorder.egg-info to /home/falinux/CBL_twinning/ws/install/border_recorder/lib/python3.12/site-packages/border_recorder-0.1.0-py3.12.egg-info
[1.032s] running install_scripts
[1.092s] Installing border_recorder_node script to /home/falinux/CBL_twinning/ws/install/border_recorder/lib/border_recorder
[1.092s] writing list of installed files to '/home/falinux/CBL_twinning/ws/build/border_recorder/install.log'
[1.116s] Invoked command in '/home/falinux/CBL_twinning/ws/src/border_recorder' returned '0': DEBUGINFOD_URLS=https://debuginfod.ubuntu.com PYTHONPATH=/home/falinux/CBL_twinning/ws/build/border_recorder/prefix_override:/usr/lib/python3/dist-packages/colcon_core/task/python/colcon_distutils_commands:/home/falinux/CBL_twinning/ws/install/border_recorder/lib/python3.12/site-packages: /usr/bin/python3 -W ignore:setup.py install is deprecated -W ignore:easy_install command is deprecated setup.py egg_info --egg-base ../../build/border_recorder build --build-base /home/falinux/CBL_twinning/ws/build/border_recorder/build install --record /home/falinux/CBL_twinning/ws/build/border_recorder/install.log --single-version-externally-managed install_data --force
