[1.549s] Invoking command in '/home/falinux/CBL_twinning/ws/src/border_guard': DEBUGINFOD_URLS=https://debuginfod.ubuntu.com PYTHONPATH=/home/falinux/CBL_twinning/build/border_guard/prefix_override:/usr/lib/python3/dist-packages/colcon_core/task/python/colcon_distutils_commands:/home/falinux/CBL_twinning/install/border_guard/lib/python3.12/site-packages:${PYTHONPATH} /usr/bin/python3 -W ignore:setup.py install is deprecated -W ignore:easy_install command is deprecated setup.py egg_info --egg-base ../../../build/border_guard build --build-base /home/falinux/CBL_twinning/build/border_guard/build install --record /home/falinux/CBL_twinning/build/border_guard/install.log --single-version-externally-managed install_data
[1.882s] running egg_info
[1.903s] writing ../../../build/border_guard/border_guard.egg-info/PKG-INFO
[1.903s] writing dependency_links to ../../../build/border_guard/border_guard.egg-info/dependency_links.txt
[1.904s] writing entry points to ../../../build/border_guard/border_guard.egg-info/entry_points.txt
[1.904s] writing requirements to ../../../build/border_guard/border_guard.egg-info/requires.txt
[1.904s] writing top-level names to ../../../build/border_guard/border_guard.egg-info/top_level.txt
[1.950s] reading manifest file '../../../build/border_guard/border_guard.egg-info/SOURCES.txt'
[1.951s] writing manifest file '../../../build/border_guard/border_guard.egg-info/SOURCES.txt'
[1.952s] running build
[1.952s] running build_py
[1.952s] running install
[1.959s] running install_lib
[1.983s] running install_data
[1.983s] running install_egg_info
[2.015s] removing '/home/falinux/CBL_twinning/install/border_guard/lib/python3.12/site-packages/border_guard-0.1.0-py3.12.egg-info' (and everything under it)
[2.016s] Copying ../../../build/border_guard/border_guard.egg-info to /home/falinux/CBL_twinning/install/border_guard/lib/python3.12/site-packages/border_guard-0.1.0-py3.12.egg-info
[2.016s] running install_scripts
[2.202s] Installing border_guard_node script to /home/falinux/CBL_twinning/install/border_guard/lib/border_guard
[2.202s] writing list of installed files to '/home/falinux/CBL_twinning/build/border_guard/install.log'
[2.243s] Invoked command in '/home/falinux/CBL_twinning/ws/src/border_guard' returned '0': DEBUGINFOD_URLS=https://debuginfod.ubuntu.com PYTHONPATH=/home/falinux/CBL_twinning/build/border_guard/prefix_override:/usr/lib/python3/dist-packages/colcon_core/task/python/colcon_distutils_commands:/home/falinux/CBL_twinning/install/border_guard/lib/python3.12/site-packages:${PYTHONPATH} /usr/bin/python3 -W ignore:setup.py install is deprecated -W ignore:easy_install command is deprecated setup.py egg_info --egg-base ../../../build/border_guard build --build-base /home/falinux/CBL_twinning/build/border_guard/build install --record /home/falinux/CBL_twinning/build/border_guard/install.log --single-version-externally-managed install_data
