[0.365s] Invoking command in '/ws/src/robot_sound_demo': PYTHONPATH=/ws/build/robot_sound_demo/prefix_override:/usr/lib/python3/dist-packages/colcon_core/task/python/colcon_distutils_commands:/ws/install/robot_sound_demo/lib/python3.12/site-packages:${PYTHONPATH} /usr/bin/python3 -W ignore:setup.py install is deprecated -W ignore:easy_install command is deprecated setup.py egg_info --egg-base ../../build/robot_sound_demo build --build-base /ws/build/robot_sound_demo/build install --record /ws/build/robot_sound_demo/install.log --single-version-externally-managed install_data
[0.472s] running egg_info
[0.476s] writing ../../build/robot_sound_demo/robot_sound_demo.egg-info/PKG-INFO
[0.477s] writing dependency_links to ../../build/robot_sound_demo/robot_sound_demo.egg-info/dependency_links.txt
[0.477s] writing entry points to ../../build/robot_sound_demo/robot_sound_demo.egg-info/entry_points.txt
[0.477s] writing requirements to ../../build/robot_sound_demo/robot_sound_demo.egg-info/requires.txt
[0.478s] writing top-level names to ../../build/robot_sound_demo/robot_sound_demo.egg-info/top_level.txt
[0.493s] reading manifest file '../../build/robot_sound_demo/robot_sound_demo.egg-info/SOURCES.txt'
[0.494s] writing manifest file '../../build/robot_sound_demo/robot_sound_demo.egg-info/SOURCES.txt'
[0.495s] running build
[0.498s] running build_py
[0.500s] running install
[0.501s] running install_lib
[0.510s] running install_data
[0.514s] running install_egg_info
[0.516s] removing '/ws/install/robot_sound_demo/lib/python3.12/site-packages/robot_sound_demo-0.0.0-py3.12.egg-info' (and everything under it)
[0.517s] Copying ../../build/robot_sound_demo/robot_sound_demo.egg-info to /ws/install/robot_sound_demo/lib/python3.12/site-packages/robot_sound_demo-0.0.0-py3.12.egg-info
[0.522s] running install_scripts
[0.579s] Installing forward_sound script to /ws/install/robot_sound_demo/lib/robot_sound_demo
[0.580s] writing list of installed files to '/ws/build/robot_sound_demo/install.log'
[0.596s] Invoked command in '/ws/src/robot_sound_demo' returned '0': PYTHONPATH=/ws/build/robot_sound_demo/prefix_override:/usr/lib/python3/dist-packages/colcon_core/task/python/colcon_distutils_commands:/ws/install/robot_sound_demo/lib/python3.12/site-packages:${PYTHONPATH} /usr/bin/python3 -W ignore:setup.py install is deprecated -W ignore:easy_install command is deprecated setup.py egg_info --egg-base ../../build/robot_sound_demo build --build-base /ws/build/robot_sound_demo/build install --record /ws/build/robot_sound_demo/install.log --single-version-externally-managed install_data
