running develop
running egg_info
creating tb3_safety_stop.egg-info
writing tb3_safety_stop.egg-info/PKG-INFO
writing dependency_links to tb3_safety_stop.egg-info/dependency_links.txt
writing entry points to tb3_safety_stop.egg-info/entry_points.txt
writing requirements to tb3_safety_stop.egg-info/requires.txt
writing top-level names to tb3_safety_stop.egg-info/top_level.txt
writing manifest file 'tb3_safety_stop.egg-info/SOURCES.txt'
reading manifest file 'tb3_safety_stop.egg-info/SOURCES.txt'
writing manifest file 'tb3_safety_stop.egg-info/SOURCES.txt'
running build_ext
Creating /home/falinux/team28/ws/install/tb3_safety_stop/lib/python3.12/site-packages/tb3-safety-stop.egg-link (link to .)
Installing safety_stop_node script to /home/falinux/team28/ws/install/tb3_safety_stop/lib/tb3_safety_stop
Installing twin_safety_node script to /home/falinux/team28/ws/install/tb3_safety_stop/lib/tb3_safety_stop

Installed /home/falinux/team28/ws/build/tb3_safety_stop
running symlink_data
creating /home/falinux/team28/ws/install/tb3_safety_stop/share/ament_index
creating /home/falinux/team28/ws/install/tb3_safety_stop/share/ament_index/resource_index
creating /home/falinux/team28/ws/install/tb3_safety_stop/share/ament_index/resource_index/packages
symbolically linking /home/falinux/team28/ws/build/tb3_safety_stop/resource/tb3_safety_stop -> /home/falinux/team28/ws/install/tb3_safety_stop/share/ament_index/resource_index/packages
symbolically linking /home/falinux/team28/ws/build/tb3_safety_stop/package.xml -> /home/falinux/team28/ws/install/tb3_safety_stop/share/tb3_safety_stop
creating /home/falinux/team28/ws/install/tb3_safety_stop/share/tb3_safety_stop/launch
symbolically linking /home/falinux/team28/ws/build/tb3_safety_stop/launch/safety_stop.launch.py -> /home/falinux/team28/ws/install/tb3_safety_stop/share/tb3_safety_stop/launch
