[1.069s] Invoking command in '/home/falinux/team28/ws/build/tb3_safety_stop': DEBUGINFOD_URLS=https://debuginfod.ubuntu.com PYTHONPATH=/home/falinux/team28/ws/build/tb3_safety_stop/prefix_override:/usr/lib/python3/dist-packages/colcon_core/task/python/colcon_distutils_commands:/home/falinux/team28/ws/install/tb3_safety_stop/lib/python3.12/site-packages:${PYTHONPATH} /usr/bin/python3 -W ignore:setup.py install is deprecated -W ignore:easy_install command is deprecated setup.py develop --editable --build-directory /home/falinux/team28/ws/build/tb3_safety_stop/build --no-deps symlink_data
[1.296s] running develop
[1.437s] running egg_info
[1.437s] creating tb3_safety_stop.egg-info
[1.450s] writing tb3_safety_stop.egg-info/PKG-INFO
[1.450s] writing dependency_links to tb3_safety_stop.egg-info/dependency_links.txt
[1.451s] writing entry points to tb3_safety_stop.egg-info/entry_points.txt
[1.451s] writing requirements to tb3_safety_stop.egg-info/requires.txt
[1.451s] writing top-level names to tb3_safety_stop.egg-info/top_level.txt
[1.451s] writing manifest file 'tb3_safety_stop.egg-info/SOURCES.txt'
[1.478s] reading manifest file 'tb3_safety_stop.egg-info/SOURCES.txt'
[1.479s] writing manifest file 'tb3_safety_stop.egg-info/SOURCES.txt'
[1.493s] running build_ext
[1.494s] Creating /home/falinux/team28/ws/install/tb3_safety_stop/lib/python3.12/site-packages/tb3-safety-stop.egg-link (link to .)
[1.494s] Installing safety_stop_node script to /home/falinux/team28/ws/install/tb3_safety_stop/lib/tb3_safety_stop
[1.494s] Installing twin_safety_node script to /home/falinux/team28/ws/install/tb3_safety_stop/lib/tb3_safety_stop
[1.495s] 
[1.495s] Installed /home/falinux/team28/ws/build/tb3_safety_stop
[1.495s] running symlink_data
[1.495s] creating /home/falinux/team28/ws/install/tb3_safety_stop/share/ament_index
[1.495s] creating /home/falinux/team28/ws/install/tb3_safety_stop/share/ament_index/resource_index
[1.495s] creating /home/falinux/team28/ws/install/tb3_safety_stop/share/ament_index/resource_index/packages
[1.495s] symbolically linking /home/falinux/team28/ws/build/tb3_safety_stop/resource/tb3_safety_stop -> /home/falinux/team28/ws/install/tb3_safety_stop/share/ament_index/resource_index/packages
[1.496s] symbolically linking /home/falinux/team28/ws/build/tb3_safety_stop/package.xml -> /home/falinux/team28/ws/install/tb3_safety_stop/share/tb3_safety_stop
[1.496s] creating /home/falinux/team28/ws/install/tb3_safety_stop/share/tb3_safety_stop/launch
[1.496s] symbolically linking /home/falinux/team28/ws/build/tb3_safety_stop/launch/safety_stop.launch.py -> /home/falinux/team28/ws/install/tb3_safety_stop/share/tb3_safety_stop/launch
[1.531s] Invoked command in '/home/falinux/team28/ws/build/tb3_safety_stop' returned '0': DEBUGINFOD_URLS=https://debuginfod.ubuntu.com PYTHONPATH=/home/falinux/team28/ws/build/tb3_safety_stop/prefix_override:/usr/lib/python3/dist-packages/colcon_core/task/python/colcon_distutils_commands:/home/falinux/team28/ws/install/tb3_safety_stop/lib/python3.12/site-packages:${PYTHONPATH} /usr/bin/python3 -W ignore:setup.py install is deprecated -W ignore:easy_install command is deprecated setup.py develop --editable --build-directory /home/falinux/team28/ws/build/tb3_safety_stop/build --no-deps symlink_data
