[0.016s] Invoking command in '/home/falinux/team28/ws/build/my_tb3_world': CMAKE_PREFIX_PATH=${CMAKE_PREFIX_PATH}:/opt/ros/jazzy DEBUGINFOD_URLS=https://debuginfod.ubuntu.com /usr/bin/cmake --build /home/falinux/team28/ws/build/my_tb3_world -- -j8 -l8
[0.134s] [ 50%] Built target laser_listener
[0.136s] [100%] Built target move_publisher
[0.154s] Invoked command in '/home/falinux/team28/ws/build/my_tb3_world' returned '0': CMAKE_PREFIX_PATH=${CMAKE_PREFIX_PATH}:/opt/ros/jazzy DEBUGINFOD_URLS=https://debuginfod.ubuntu.com /usr/bin/cmake --build /home/falinux/team28/ws/build/my_tb3_world -- -j8 -l8
[0.171s] Invoking command in '/home/falinux/team28/ws/build/my_tb3_world': CMAKE_PREFIX_PATH=${CMAKE_PREFIX_PATH}:/opt/ros/jazzy DEBUGINFOD_URLS=https://debuginfod.ubuntu.com /usr/bin/cmake --install /home/falinux/team28/ws/build/my_tb3_world
[0.185s] -- Install configuration: ""
[0.186s] -- Up-to-date: /home/falinux/team28/ws/install/my_tb3_world/share/my_tb3_world/launch
[0.186s] -- Up-to-date: /home/falinux/team28/ws/install/my_tb3_world/share/my_tb3_world/launch/new_world.launch.py
[0.186s] -- Up-to-date: /home/falinux/team28/ws/install/my_tb3_world/share/my_tb3_world/worlds
[0.187s] -- Installing: /home/falinux/team28/ws/install/my_tb3_world/share/my_tb3_world/worlds/new_world.world
[0.187s] -- Installing: /home/falinux/team28/ws/install/my_tb3_world/share/my_tb3_world/worlds/Cone_world.sdf
[0.187s] -- Up-to-date: /home/falinux/team28/ws/install/my_tb3_world/share/my_tb3_world/package.xml
[0.188s] -- Up-to-date: /home/falinux/team28/ws/install/my_tb3_world/lib/my_tb3_world/laser_listener
[0.189s] -- Up-to-date: /home/falinux/team28/ws/install/my_tb3_world/lib/my_tb3_world/move_publisher
[0.189s] -- Up-to-date: /home/falinux/team28/ws/install/my_tb3_world/share/ament_index/resource_index/package_run_dependencies/my_tb3_world
[0.189s] -- Up-to-date: /home/falinux/team28/ws/install/my_tb3_world/share/ament_index/resource_index/parent_prefix_path/my_tb3_world
[0.189s] -- Up-to-date: /home/falinux/team28/ws/install/my_tb3_world/share/my_tb3_world/environment/ament_prefix_path.sh
[0.190s] -- Up-to-date: /home/falinux/team28/ws/install/my_tb3_world/share/my_tb3_world/environment/ament_prefix_path.dsv
[0.190s] -- Up-to-date: /home/falinux/team28/ws/install/my_tb3_world/share/my_tb3_world/environment/path.sh
[0.190s] -- Up-to-date: /home/falinux/team28/ws/install/my_tb3_world/share/my_tb3_world/environment/path.dsv
[0.190s] -- Up-to-date: /home/falinux/team28/ws/install/my_tb3_world/share/my_tb3_world/local_setup.bash
[0.190s] -- Up-to-date: /home/falinux/team28/ws/install/my_tb3_world/share/my_tb3_world/local_setup.sh
[0.190s] -- Up-to-date: /home/falinux/team28/ws/install/my_tb3_world/share/my_tb3_world/local_setup.zsh
[0.190s] -- Up-to-date: /home/falinux/team28/ws/install/my_tb3_world/share/my_tb3_world/local_setup.dsv
[0.191s] -- Installing: /home/falinux/team28/ws/install/my_tb3_world/share/my_tb3_world/package.dsv
[0.191s] -- Up-to-date: /home/falinux/team28/ws/install/my_tb3_world/share/ament_index/resource_index/packages/my_tb3_world
[0.191s] -- Up-to-date: /home/falinux/team28/ws/install/my_tb3_world/share/my_tb3_world/cmake/my_tb3_worldConfig.cmake
[0.191s] -- Up-to-date: /home/falinux/team28/ws/install/my_tb3_world/share/my_tb3_world/cmake/my_tb3_worldConfig-version.cmake
[0.191s] -- Up-to-date: /home/falinux/team28/ws/install/my_tb3_world/share/my_tb3_world/package.xml
[0.193s] Invoked command in '/home/falinux/team28/ws/build/my_tb3_world' returned '0': CMAKE_PREFIX_PATH=${CMAKE_PREFIX_PATH}:/opt/ros/jazzy DEBUGINFOD_URLS=https://debuginfod.ubuntu.com /usr/bin/cmake --install /home/falinux/team28/ws/build/my_tb3_world
