[0.451s] Invoking command in '/ws/src/plant_mapper': PYTHONPATH=/ws/build/plant_mapper/prefix_override:/usr/lib/python3/dist-packages/colcon_core/task/python/colcon_distutils_commands:/ws/install/plant_mapper/lib/python3.12/site-packages:${PYTHONPATH} /usr/bin/python3 -W ignore:setup.py install is deprecated -W ignore:easy_install command is deprecated setup.py egg_info --egg-base ../../build/plant_mapper build --build-base /ws/build/plant_mapper/build install --record /ws/build/plant_mapper/install.log --single-version-externally-managed install_data
[0.563s] running egg_info
[0.569s] writing ../../build/plant_mapper/plant_mapper.egg-info/PKG-INFO
[0.571s] writing dependency_links to ../../build/plant_mapper/plant_mapper.egg-info/dependency_links.txt
[0.571s] writing entry points to ../../build/plant_mapper/plant_mapper.egg-info/entry_points.txt
[0.572s] writing requirements to ../../build/plant_mapper/plant_mapper.egg-info/requires.txt
[0.572s] writing top-level names to ../../build/plant_mapper/plant_mapper.egg-info/top_level.txt
[0.590s] reading manifest file '../../build/plant_mapper/plant_mapper.egg-info/SOURCES.txt'
[0.593s] writing manifest file '../../build/plant_mapper/plant_mapper.egg-info/SOURCES.txt'
[0.593s] running build
[0.594s] running build_py
[0.594s] running install
[0.597s] running install_lib
[0.607s] running install_data
[0.607s] running install_egg_info
[0.617s] removing '/ws/install/plant_mapper/lib/python3.12/site-packages/plant_mapper-0.0.0-py3.12.egg-info' (and everything under it)
[0.619s] Copying ../../build/plant_mapper/plant_mapper.egg-info to /ws/install/plant_mapper/lib/python3.12/site-packages/plant_mapper-0.0.0-py3.12.egg-info
[0.627s] running install_scripts
[0.694s] Installing plant_mapper script to /ws/install/plant_mapper/lib/plant_mapper
[0.695s] writing list of installed files to '/ws/build/plant_mapper/install.log'
[0.715s] Invoked command in '/ws/src/plant_mapper' returned '0': PYTHONPATH=/ws/build/plant_mapper/prefix_override:/usr/lib/python3/dist-packages/colcon_core/task/python/colcon_distutils_commands:/ws/install/plant_mapper/lib/python3.12/site-packages:${PYTHONPATH} /usr/bin/python3 -W ignore:setup.py install is deprecated -W ignore:easy_install command is deprecated setup.py egg_info --egg-base ../../build/plant_mapper build --build-base /ws/build/plant_mapper/build install --record /ws/build/plant_mapper/install.log --single-version-externally-managed install_data
