[0.486s] Invoking command in '/ws/src/plant_mapper': PYTHONPATH=/ws/build/plant_mapper/prefix_override:/usr/lib/python3/dist-packages/colcon_core/task/python/colcon_distutils_commands:/ws/install/plant_mapper/lib/python3.12/site-packages:${PYTHONPATH} /usr/bin/python3 -W ignore:setup.py install is deprecated -W ignore:easy_install command is deprecated setup.py egg_info --egg-base ../../build/plant_mapper build --build-base /ws/build/plant_mapper/build install --record /ws/build/plant_mapper/install.log --single-version-externally-managed install_data
[0.606s] running egg_info
[0.614s] writing ../../build/plant_mapper/plant_mapper.egg-info/PKG-INFO
[0.615s] writing dependency_links to ../../build/plant_mapper/plant_mapper.egg-info/dependency_links.txt
[0.616s] writing entry points to ../../build/plant_mapper/plant_mapper.egg-info/entry_points.txt
[0.619s] writing requirements to ../../build/plant_mapper/plant_mapper.egg-info/requires.txt
[0.619s] writing top-level names to ../../build/plant_mapper/plant_mapper.egg-info/top_level.txt
[0.639s] reading manifest file '../../build/plant_mapper/plant_mapper.egg-info/SOURCES.txt'
[0.642s] writing manifest file '../../build/plant_mapper/plant_mapper.egg-info/SOURCES.txt'
[0.642s] running build
[0.642s] running build_py
[0.644s] running install
[0.646s] running install_lib
[0.658s] running install_data
[0.663s] running install_egg_info
[0.666s] removing '/ws/install/plant_mapper/lib/python3.12/site-packages/plant_mapper-0.0.0-py3.12.egg-info' (and everything under it)
[0.667s] Copying ../../build/plant_mapper/plant_mapper.egg-info to /ws/install/plant_mapper/lib/python3.12/site-packages/plant_mapper-0.0.0-py3.12.egg-info
[0.677s] running install_scripts
[0.748s] Installing plant_mapper script to /ws/install/plant_mapper/lib/plant_mapper
[0.749s] writing list of installed files to '/ws/build/plant_mapper/install.log'
[0.763s] Invoked command in '/ws/src/plant_mapper' returned '0': PYTHONPATH=/ws/build/plant_mapper/prefix_override:/usr/lib/python3/dist-packages/colcon_core/task/python/colcon_distutils_commands:/ws/install/plant_mapper/lib/python3.12/site-packages:${PYTHONPATH} /usr/bin/python3 -W ignore:setup.py install is deprecated -W ignore:easy_install command is deprecated setup.py egg_info --egg-base ../../build/plant_mapper build --build-base /ws/build/plant_mapper/build install --record /ws/build/plant_mapper/install.log --single-version-externally-managed install_data
