running develop
Removing /home/falinux/CBL_twinning/ws/install/my_tb3_world/lib/python3.12/site-packages/my-tb3-world.egg-link (link to .)
running egg_info
writing ../../build/my_tb3_world/my_tb3_world.egg-info/PKG-INFO
writing dependency_links to ../../build/my_tb3_world/my_tb3_world.egg-info/dependency_links.txt
writing entry points to ../../build/my_tb3_world/my_tb3_world.egg-info/entry_points.txt
writing requirements to ../../build/my_tb3_world/my_tb3_world.egg-info/requires.txt
writing top-level names to ../../build/my_tb3_world/my_tb3_world.egg-info/top_level.txt
reading manifest file '../../build/my_tb3_world/my_tb3_world.egg-info/SOURCES.txt'
writing manifest file '../../build/my_tb3_world/my_tb3_world.egg-info/SOURCES.txt'
running build
running build_py
copying my_tb3_world/__init__.py -> /home/falinux/CBL_twinning/ws/build/my_tb3_world/build/lib/my_tb3_world
running install
running install_lib
creating /home/falinux/CBL_twinning/ws/install/my_tb3_world/lib/python3.12/site-packages/my_tb3_world
copying /home/falinux/CBL_twinning/ws/build/my_tb3_world/build/lib/my_tb3_world/__init__.py -> /home/falinux/CBL_twinning/ws/install/my_tb3_world/lib/python3.12/site-packages/my_tb3_world
copying /home/falinux/CBL_twinning/ws/build/my_tb3_world/build/lib/my_tb3_world/publisher_node.py -> /home/falinux/CBL_twinning/ws/install/my_tb3_world/lib/python3.12/site-packages/my_tb3_world
copying /home/falinux/CBL_twinning/ws/build/my_tb3_world/build/lib/my_tb3_world/subscriber_node.py -> /home/falinux/CBL_twinning/ws/install/my_tb3_world/lib/python3.12/site-packages/my_tb3_world
byte-compiling /home/falinux/CBL_twinning/ws/install/my_tb3_world/lib/python3.12/site-packages/my_tb3_world/__init__.py to __init__.cpython-312.pyc
byte-compiling /home/falinux/CBL_twinning/ws/install/my_tb3_world/lib/python3.12/site-packages/my_tb3_world/publisher_node.py to publisher_node.cpython-312.pyc
byte-compiling /home/falinux/CBL_twinning/ws/install/my_tb3_world/lib/python3.12/site-packages/my_tb3_world/subscriber_node.py to subscriber_node.cpython-312.pyc
running install_data
copying resource/my_tb3_world -> /home/falinux/CBL_twinning/ws/install/my_tb3_world/share/ament_index/resource_index/packages
