[0.104s] DEBUG:colcon:Command line arguments: ['/usr/bin/colcon', 'build']
[0.104s] DEBUG:colcon:Parsed command line arguments: Namespace(log_base=None, log_level=None, verb_name='build', build_base='build', install_base='install', merge_install=False, symlink_install=False, test_result_base=None, continue_on_error=False, executor='parallel', parallel_workers=8, event_handlers=None, ignore_user_meta=False, metas=['./colcon.meta'], base_paths=['.'], packages_ignore=None, packages_ignore_regex=None, paths=None, packages_up_to=None, packages_up_to_regex=None, packages_above=None, packages_above_and_dependencies=None, packages_above_depth=None, packages_select_by_dep=None, packages_skip_by_dep=None, packages_skip_up_to=None, packages_select_build_failed=False, packages_skip_build_finished=False, packages_select_test_failures=False, packages_skip_test_passed=False, packages_select=None, packages_skip=None, packages_select_regex=None, packages_skip_regex=None, packages_start=None, packages_end=None, cmake_args=None, cmake_target=None, cmake_target_skip_unavailable=False, cmake_clean_cache=False, cmake_clean_first=False, cmake_force_configure=False, ament_cmake_args=None, catkin_cmake_args=None, catkin_skip_building_tests=False, verb_parser=<colcon_defaults.argument_parser.defaults.DefaultArgumentsDecorator object at 0x7f00eb61a1e0>, verb_extension=<colcon_core.verb.build.BuildVerb object at 0x7f00eb61a060>, main=<bound method BuildVerb.main of <colcon_core.verb.build.BuildVerb object at 0x7f00eb61a060>>)
[0.142s] Level 1:colcon.colcon_core.package_discovery:discover_packages(colcon_meta) check parameters
[0.142s] Level 1:colcon.colcon_core.package_discovery:discover_packages(recursive) check parameters
[0.142s] Level 1:colcon.colcon_core.package_discovery:discover_packages(ignore) check parameters
[0.142s] Level 1:colcon.colcon_core.package_discovery:discover_packages(path) check parameters
[0.142s] Level 1:colcon.colcon_core.package_discovery:discover_packages(colcon_meta) discover
[0.142s] Level 1:colcon.colcon_core.package_discovery:discover_packages(recursive) discover
[0.142s] INFO:colcon.colcon_core.package_discovery:Crawling recursively for packages in '/home/falinux/CBL_twinning'
[0.142s] Level 1:colcon.colcon_core.package_identification:_identify(.) by extensions ['ignore', 'ignore_ament_install']
[0.142s] Level 1:colcon.colcon_core.package_identification:_identify(.) by extension 'ignore'
[0.142s] Level 1:colcon.colcon_core.package_identification:_identify(.) by extension 'ignore_ament_install'
[0.142s] Level 1:colcon.colcon_core.package_identification:_identify(.) by extensions ['colcon_pkg']
[0.142s] Level 1:colcon.colcon_core.package_identification:_identify(.) by extension 'colcon_pkg'
[0.142s] Level 1:colcon.colcon_core.package_identification:_identify(.) by extensions ['colcon_meta']
[0.142s] Level 1:colcon.colcon_core.package_identification:_identify(.) by extension 'colcon_meta'
[0.143s] Level 1:colcon.colcon_core.package_identification:_identify(.) by extensions ['ros']
[0.143s] Level 1:colcon.colcon_core.package_identification:_identify(.) by extension 'ros'
[0.168s] Level 1:colcon.colcon_core.package_identification:_identify(.) by extensions ['cmake', 'python']
[0.168s] Level 1:colcon.colcon_core.package_identification:_identify(.) by extension 'cmake'
[0.168s] Level 1:colcon.colcon_core.package_identification:_identify(.) by extension 'python'
[0.168s] Level 1:colcon.colcon_core.package_identification:_identify(.) by extensions ['python_setup_py']
[0.168s] Level 1:colcon.colcon_core.package_identification:_identify(.) by extension 'python_setup_py'
[0.169s] Level 1:colcon.colcon_core.package_identification:_identify(build) by extensions ['ignore', 'ignore_ament_install']
[0.169s] Level 1:colcon.colcon_core.package_identification:_identify(build) by extension 'ignore'
[0.169s] Level 1:colcon.colcon_core.package_identification:_identify(build) ignored
[0.169s] Level 1:colcon.colcon_core.package_identification:_identify(install) by extensions ['ignore', 'ignore_ament_install']
[0.169s] Level 1:colcon.colcon_core.package_identification:_identify(install) by extension 'ignore'
[0.169s] Level 1:colcon.colcon_core.package_identification:_identify(install) ignored
[0.169s] Level 1:colcon.colcon_core.package_identification:_identify(log) by extensions ['ignore', 'ignore_ament_install']
[0.169s] Level 1:colcon.colcon_core.package_identification:_identify(log) by extension 'ignore'
[0.169s] Level 1:colcon.colcon_core.package_identification:_identify(log) ignored
[0.169s] Level 1:colcon.colcon_core.package_identification:_identify(src) by extensions ['ignore', 'ignore_ament_install']
[0.169s] Level 1:colcon.colcon_core.package_identification:_identify(src) by extension 'ignore'
[0.169s] Level 1:colcon.colcon_core.package_identification:_identify(src) by extension 'ignore_ament_install'
[0.170s] Level 1:colcon.colcon_core.package_identification:_identify(src) by extensions ['colcon_pkg']
[0.170s] Level 1:colcon.colcon_core.package_identification:_identify(src) by extension 'colcon_pkg'
[0.170s] Level 1:colcon.colcon_core.package_identification:_identify(src) by extensions ['colcon_meta']
[0.170s] Level 1:colcon.colcon_core.package_identification:_identify(src) by extension 'colcon_meta'
[0.170s] Level 1:colcon.colcon_core.package_identification:_identify(src) by extensions ['ros']
[0.170s] Level 1:colcon.colcon_core.package_identification:_identify(src) by extension 'ros'
[0.170s] Level 1:colcon.colcon_core.package_identification:_identify(src) by extensions ['cmake', 'python']
[0.170s] Level 1:colcon.colcon_core.package_identification:_identify(src) by extension 'cmake'
[0.170s] Level 1:colcon.colcon_core.package_identification:_identify(src) by extension 'python'
[0.170s] Level 1:colcon.colcon_core.package_identification:_identify(src) by extensions ['python_setup_py']
[0.170s] Level 1:colcon.colcon_core.package_identification:_identify(src) by extension 'python_setup_py'
[0.170s] Level 1:colcon.colcon_core.package_identification:_identify(src/border_guard) by extensions ['ignore', 'ignore_ament_install']
[0.170s] Level 1:colcon.colcon_core.package_identification:_identify(src/border_guard) by extension 'ignore'
[0.170s] Level 1:colcon.colcon_core.package_identification:_identify(src/border_guard) by extension 'ignore_ament_install'
[0.170s] Level 1:colcon.colcon_core.package_identification:_identify(src/border_guard) by extensions ['colcon_pkg']
[0.170s] Level 1:colcon.colcon_core.package_identification:_identify(src/border_guard) by extension 'colcon_pkg'
[0.170s] Level 1:colcon.colcon_core.package_identification:_identify(src/border_guard) by extensions ['colcon_meta']
[0.170s] Level 1:colcon.colcon_core.package_identification:_identify(src/border_guard) by extension 'colcon_meta'
[0.170s] Level 1:colcon.colcon_core.package_identification:_identify(src/border_guard) by extensions ['ros']
[0.170s] Level 1:colcon.colcon_core.package_identification:_identify(src/border_guard) by extension 'ros'
[0.174s] DEBUG:colcon.colcon_core.package_identification:Package 'src/border_guard' with type 'ros.ament_python' and name 'border_guard'
[0.174s] Level 1:colcon.colcon_core.package_identification:_identify(src/border_recorder) by extensions ['ignore', 'ignore_ament_install']
[0.174s] Level 1:colcon.colcon_core.package_identification:_identify(src/border_recorder) by extension 'ignore'
[0.174s] Level 1:colcon.colcon_core.package_identification:_identify(src/border_recorder) by extension 'ignore_ament_install'
[0.174s] Level 1:colcon.colcon_core.package_identification:_identify(src/border_recorder) by extensions ['colcon_pkg']
[0.174s] Level 1:colcon.colcon_core.package_identification:_identify(src/border_recorder) by extension 'colcon_pkg'
[0.174s] Level 1:colcon.colcon_core.package_identification:_identify(src/border_recorder) by extensions ['colcon_meta']
[0.174s] Level 1:colcon.colcon_core.package_identification:_identify(src/border_recorder) by extension 'colcon_meta'
[0.174s] Level 1:colcon.colcon_core.package_identification:_identify(src/border_recorder) by extensions ['ros']
[0.174s] Level 1:colcon.colcon_core.package_identification:_identify(src/border_recorder) by extension 'ros'
[0.175s] DEBUG:colcon.colcon_core.package_identification:Package 'src/border_recorder' with type 'ros.ament_python' and name 'border_recorder'
[0.175s] Level 1:colcon.colcon_core.package_identification:_identify(src/my_tb3_world) by extensions ['ignore', 'ignore_ament_install']
[0.175s] Level 1:colcon.colcon_core.package_identification:_identify(src/my_tb3_world) by extension 'ignore'
[0.175s] Level 1:colcon.colcon_core.package_identification:_identify(src/my_tb3_world) by extension 'ignore_ament_install'
[0.175s] Level 1:colcon.colcon_core.package_identification:_identify(src/my_tb3_world) by extensions ['colcon_pkg']
[0.175s] Level 1:colcon.colcon_core.package_identification:_identify(src/my_tb3_world) by extension 'colcon_pkg'
[0.175s] Level 1:colcon.colcon_core.package_identification:_identify(src/my_tb3_world) by extensions ['colcon_meta']
[0.175s] Level 1:colcon.colcon_core.package_identification:_identify(src/my_tb3_world) by extension 'colcon_meta'
[0.175s] Level 1:colcon.colcon_core.package_identification:_identify(src/my_tb3_world) by extensions ['ros']
[0.175s] Level 1:colcon.colcon_core.package_identification:_identify(src/my_tb3_world) by extension 'ros'
[0.176s] DEBUG:colcon.colcon_core.package_identification:Package 'src/my_tb3_world' with type 'ros.ament_python' and name 'my_tb3_world'
[0.176s] Level 1:colcon.colcon_core.package_identification:_identify(src/plant_mapper) by extensions ['ignore', 'ignore_ament_install']
[0.176s] Level 1:colcon.colcon_core.package_identification:_identify(src/plant_mapper) by extension 'ignore'
[0.176s] Level 1:colcon.colcon_core.package_identification:_identify(src/plant_mapper) by extension 'ignore_ament_install'
[0.176s] Level 1:colcon.colcon_core.package_identification:_identify(src/plant_mapper) by extensions ['colcon_pkg']
[0.176s] Level 1:colcon.colcon_core.package_identification:_identify(src/plant_mapper) by extension 'colcon_pkg'
[0.176s] Level 1:colcon.colcon_core.package_identification:_identify(src/plant_mapper) by extensions ['colcon_meta']
[0.176s] Level 1:colcon.colcon_core.package_identification:_identify(src/plant_mapper) by extension 'colcon_meta'
[0.176s] Level 1:colcon.colcon_core.package_identification:_identify(src/plant_mapper) by extensions ['ros']
[0.176s] Level 1:colcon.colcon_core.package_identification:_identify(src/plant_mapper) by extension 'ros'
[0.177s] DEBUG:colcon.colcon_core.package_identification:Package 'src/plant_mapper' with type 'ros.ament_python' and name 'plant_mapper'
[0.177s] Level 1:colcon.colcon_core.package_identification:_identify(src/tb3_safety_stop) by extensions ['ignore', 'ignore_ament_install']
[0.177s] Level 1:colcon.colcon_core.package_identification:_identify(src/tb3_safety_stop) by extension 'ignore'
[0.177s] Level 1:colcon.colcon_core.package_identification:_identify(src/tb3_safety_stop) by extension 'ignore_ament_install'
[0.177s] Level 1:colcon.colcon_core.package_identification:_identify(src/tb3_safety_stop) by extensions ['colcon_pkg']
[0.177s] Level 1:colcon.colcon_core.package_identification:_identify(src/tb3_safety_stop) by extension 'colcon_pkg'
[0.177s] Level 1:colcon.colcon_core.package_identification:_identify(src/tb3_safety_stop) by extensions ['colcon_meta']
[0.177s] Level 1:colcon.colcon_core.package_identification:_identify(src/tb3_safety_stop) by extension 'colcon_meta'
[0.177s] Level 1:colcon.colcon_core.package_identification:_identify(src/tb3_safety_stop) by extensions ['ros']
[0.177s] Level 1:colcon.colcon_core.package_identification:_identify(src/tb3_safety_stop) by extension 'ros'
[0.178s] DEBUG:colcon.colcon_core.package_identification:Package 'src/tb3_safety_stop' with type 'ros.ament_python' and name 'tb3_safety_stop'
[0.178s] Level 1:colcon.colcon_core.package_identification:_identify(src/turtlebot3_teleop) by extensions ['ignore', 'ignore_ament_install']
[0.178s] Level 1:colcon.colcon_core.package_identification:_identify(src/turtlebot3_teleop) by extension 'ignore'
[0.178s] Level 1:colcon.colcon_core.package_identification:_identify(src/turtlebot3_teleop) by extension 'ignore_ament_install'
[0.178s] Level 1:colcon.colcon_core.package_identification:_identify(src/turtlebot3_teleop) by extensions ['colcon_pkg']
[0.178s] Level 1:colcon.colcon_core.package_identification:_identify(src/turtlebot3_teleop) by extension 'colcon_pkg'
[0.178s] Level 1:colcon.colcon_core.package_identification:_identify(src/turtlebot3_teleop) by extensions ['colcon_meta']
[0.178s] Level 1:colcon.colcon_core.package_identification:_identify(src/turtlebot3_teleop) by extension 'colcon_meta'
[0.178s] Level 1:colcon.colcon_core.package_identification:_identify(src/turtlebot3_teleop) by extensions ['ros']
[0.178s] Level 1:colcon.colcon_core.package_identification:_identify(src/turtlebot3_teleop) by extension 'ros'
[0.179s] DEBUG:colcon.colcon_core.package_identification:Package 'src/turtlebot3_teleop' with type 'ros.ament_python' and name 'turtlebot3_teleop'
[0.179s] Level 1:colcon.colcon_core.package_discovery:discover_packages(recursive) using defaults
[0.179s] Level 1:colcon.colcon_core.package_discovery:discover_packages(ignore) discover
[0.179s] Level 1:colcon.colcon_core.package_discovery:discover_packages(ignore) using defaults
[0.179s] Level 1:colcon.colcon_core.package_discovery:discover_packages(path) discover
[0.179s] Level 1:colcon.colcon_core.package_discovery:discover_packages(path) using defaults
[0.198s] Level 5:colcon.colcon_core.verb:set package 'border_guard' build argument 'cmake_args' from command line to 'None'
[0.198s] Level 5:colcon.colcon_core.verb:set package 'border_guard' build argument 'cmake_target' from command line to 'None'
[0.198s] Level 5:colcon.colcon_core.verb:set package 'border_guard' build argument 'cmake_target_skip_unavailable' from command line to 'False'
[0.198s] Level 5:colcon.colcon_core.verb:set package 'border_guard' build argument 'cmake_clean_cache' from command line to 'False'
[0.198s] Level 5:colcon.colcon_core.verb:set package 'border_guard' build argument 'cmake_clean_first' from command line to 'False'
[0.198s] Level 5:colcon.colcon_core.verb:set package 'border_guard' build argument 'cmake_force_configure' from command line to 'False'
[0.198s] Level 5:colcon.colcon_core.verb:set package 'border_guard' build argument 'ament_cmake_args' from command line to 'None'
[0.198s] Level 5:colcon.colcon_core.verb:set package 'border_guard' build argument 'catkin_cmake_args' from command line to 'None'
[0.198s] Level 5:colcon.colcon_core.verb:set package 'border_guard' build argument 'catkin_skip_building_tests' from command line to 'False'
[0.198s] DEBUG:colcon.colcon_core.verb:Building package 'border_guard' with the following arguments: {'ament_cmake_args': None, 'build_base': '/home/falinux/CBL_twinning/build/border_guard', 'catkin_cmake_args': None, 'catkin_skip_building_tests': False, 'cmake_args': None, 'cmake_clean_cache': False, 'cmake_clean_first': False, 'cmake_force_configure': False, 'cmake_target': None, 'cmake_target_skip_unavailable': False, 'install_base': '/home/falinux/CBL_twinning/install/border_guard', 'merge_install': False, 'path': '/home/falinux/CBL_twinning/src/border_guard', 'symlink_install': False, 'test_result_base': None}
[0.199s] Level 5:colcon.colcon_core.verb:set package 'border_recorder' build argument 'cmake_args' from command line to 'None'
[0.199s] Level 5:colcon.colcon_core.verb:set package 'border_recorder' build argument 'cmake_target' from command line to 'None'
[0.199s] Level 5:colcon.colcon_core.verb:set package 'border_recorder' build argument 'cmake_target_skip_unavailable' from command line to 'False'
[0.199s] Level 5:colcon.colcon_core.verb:set package 'border_recorder' build argument 'cmake_clean_cache' from command line to 'False'
[0.199s] Level 5:colcon.colcon_core.verb:set package 'border_recorder' build argument 'cmake_clean_first' from command line to 'False'
[0.199s] Level 5:colcon.colcon_core.verb:set package 'border_recorder' build argument 'cmake_force_configure' from command line to 'False'
[0.199s] Level 5:colcon.colcon_core.verb:set package 'border_recorder' build argument 'ament_cmake_args' from command line to 'None'
[0.199s] Level 5:colcon.colcon_core.verb:set package 'border_recorder' build argument 'catkin_cmake_args' from command line to 'None'
[0.199s] Level 5:colcon.colcon_core.verb:set package 'border_recorder' build argument 'catkin_skip_building_tests' from command line to 'False'
[0.199s] DEBUG:colcon.colcon_core.verb:Building package 'border_recorder' with the following arguments: {'ament_cmake_args': None, 'build_base': '/home/falinux/CBL_twinning/build/border_recorder', 'catkin_cmake_args': None, 'catkin_skip_building_tests': False, 'cmake_args': None, 'cmake_clean_cache': False, 'cmake_clean_first': False, 'cmake_force_configure': False, 'cmake_target': None, 'cmake_target_skip_unavailable': False, 'install_base': '/home/falinux/CBL_twinning/install/border_recorder', 'merge_install': False, 'path': '/home/falinux/CBL_twinning/src/border_recorder', 'symlink_install': False, 'test_result_base': None}
[0.199s] Level 5:colcon.colcon_core.verb:set package 'my_tb3_world' build argument 'cmake_args' from command line to 'None'
[0.199s] Level 5:colcon.colcon_core.verb:set package 'my_tb3_world' build argument 'cmake_target' from command line to 'None'
[0.199s] Level 5:colcon.colcon_core.verb:set package 'my_tb3_world' build argument 'cmake_target_skip_unavailable' from command line to 'False'
[0.199s] Level 5:colcon.colcon_core.verb:set package 'my_tb3_world' build argument 'cmake_clean_cache' from command line to 'False'
[0.199s] Level 5:colcon.colcon_core.verb:set package 'my_tb3_world' build argument 'cmake_clean_first' from command line to 'False'
[0.199s] Level 5:colcon.colcon_core.verb:set package 'my_tb3_world' build argument 'cmake_force_configure' from command line to 'False'
[0.199s] Level 5:colcon.colcon_core.verb:set package 'my_tb3_world' build argument 'ament_cmake_args' from command line to 'None'
[0.199s] Level 5:colcon.colcon_core.verb:set package 'my_tb3_world' build argument 'catkin_cmake_args' from command line to 'None'
[0.199s] Level 5:colcon.colcon_core.verb:set package 'my_tb3_world' build argument 'catkin_skip_building_tests' from command line to 'False'
[0.199s] DEBUG:colcon.colcon_core.verb:Building package 'my_tb3_world' with the following arguments: {'ament_cmake_args': None, 'build_base': '/home/falinux/CBL_twinning/build/my_tb3_world', 'catkin_cmake_args': None, 'catkin_skip_building_tests': False, 'cmake_args': None, 'cmake_clean_cache': False, 'cmake_clean_first': False, 'cmake_force_configure': False, 'cmake_target': None, 'cmake_target_skip_unavailable': False, 'install_base': '/home/falinux/CBL_twinning/install/my_tb3_world', 'merge_install': False, 'path': '/home/falinux/CBL_twinning/src/my_tb3_world', 'symlink_install': False, 'test_result_base': None}
[0.200s] Level 5:colcon.colcon_core.verb:set package 'plant_mapper' build argument 'cmake_args' from command line to 'None'
[0.200s] Level 5:colcon.colcon_core.verb:set package 'plant_mapper' build argument 'cmake_target' from command line to 'None'
[0.200s] Level 5:colcon.colcon_core.verb:set package 'plant_mapper' build argument 'cmake_target_skip_unavailable' from command line to 'False'
[0.200s] Level 5:colcon.colcon_core.verb:set package 'plant_mapper' build argument 'cmake_clean_cache' from command line to 'False'
[0.200s] Level 5:colcon.colcon_core.verb:set package 'plant_mapper' build argument 'cmake_clean_first' from command line to 'False'
[0.200s] Level 5:colcon.colcon_core.verb:set package 'plant_mapper' build argument 'cmake_force_configure' from command line to 'False'
[0.200s] Level 5:colcon.colcon_core.verb:set package 'plant_mapper' build argument 'ament_cmake_args' from command line to 'None'
[0.200s] Level 5:colcon.colcon_core.verb:set package 'plant_mapper' build argument 'catkin_cmake_args' from command line to 'None'
[0.200s] Level 5:colcon.colcon_core.verb:set package 'plant_mapper' build argument 'catkin_skip_building_tests' from command line to 'False'
[0.200s] DEBUG:colcon.colcon_core.verb:Building package 'plant_mapper' with the following arguments: {'ament_cmake_args': None, 'build_base': '/home/falinux/CBL_twinning/build/plant_mapper', 'catkin_cmake_args': None, 'catkin_skip_building_tests': False, 'cmake_args': None, 'cmake_clean_cache': False, 'cmake_clean_first': False, 'cmake_force_configure': False, 'cmake_target': None, 'cmake_target_skip_unavailable': False, 'install_base': '/home/falinux/CBL_twinning/install/plant_mapper', 'merge_install': False, 'path': '/home/falinux/CBL_twinning/src/plant_mapper', 'symlink_install': False, 'test_result_base': None}
[0.200s] Level 5:colcon.colcon_core.verb:set package 'tb3_safety_stop' build argument 'cmake_args' from command line to 'None'
[0.200s] Level 5:colcon.colcon_core.verb:set package 'tb3_safety_stop' build argument 'cmake_target' from command line to 'None'
[0.200s] Level 5:colcon.colcon_core.verb:set package 'tb3_safety_stop' build argument 'cmake_target_skip_unavailable' from command line to 'False'
[0.200s] Level 5:colcon.colcon_core.verb:set package 'tb3_safety_stop' build argument 'cmake_clean_cache' from command line to 'False'
[0.200s] Level 5:colcon.colcon_core.verb:set package 'tb3_safety_stop' build argument 'cmake_clean_first' from command line to 'False'
[0.200s] Level 5:colcon.colcon_core.verb:set package 'tb3_safety_stop' build argument 'cmake_force_configure' from command line to 'False'
[0.200s] Level 5:colcon.colcon_core.verb:set package 'tb3_safety_stop' build argument 'ament_cmake_args' from command line to 'None'
[0.200s] Level 5:colcon.colcon_core.verb:set package 'tb3_safety_stop' build argument 'catkin_cmake_args' from command line to 'None'
[0.200s] Level 5:colcon.colcon_core.verb:set package 'tb3_safety_stop' build argument 'catkin_skip_building_tests' from command line to 'False'
[0.200s] DEBUG:colcon.colcon_core.verb:Building package 'tb3_safety_stop' with the following arguments: {'ament_cmake_args': None, 'build_base': '/home/falinux/CBL_twinning/build/tb3_safety_stop', 'catkin_cmake_args': None, 'catkin_skip_building_tests': False, 'cmake_args': None, 'cmake_clean_cache': False, 'cmake_clean_first': False, 'cmake_force_configure': False, 'cmake_target': None, 'cmake_target_skip_unavailable': False, 'install_base': '/home/falinux/CBL_twinning/install/tb3_safety_stop', 'merge_install': False, 'path': '/home/falinux/CBL_twinning/src/tb3_safety_stop', 'symlink_install': False, 'test_result_base': None}
[0.201s] Level 5:colcon.colcon_core.verb:set package 'turtlebot3_teleop' build argument 'cmake_args' from command line to 'None'
[0.201s] Level 5:colcon.colcon_core.verb:set package 'turtlebot3_teleop' build argument 'cmake_target' from command line to 'None'
[0.201s] Level 5:colcon.colcon_core.verb:set package 'turtlebot3_teleop' build argument 'cmake_target_skip_unavailable' from command line to 'False'
[0.201s] Level 5:colcon.colcon_core.verb:set package 'turtlebot3_teleop' build argument 'cmake_clean_cache' from command line to 'False'
[0.201s] Level 5:colcon.colcon_core.verb:set package 'turtlebot3_teleop' build argument 'cmake_clean_first' from command line to 'False'
[0.201s] Level 5:colcon.colcon_core.verb:set package 'turtlebot3_teleop' build argument 'cmake_force_configure' from command line to 'False'
[0.201s] Level 5:colcon.colcon_core.verb:set package 'turtlebot3_teleop' build argument 'ament_cmake_args' from command line to 'None'
[0.201s] Level 5:colcon.colcon_core.verb:set package 'turtlebot3_teleop' build argument 'catkin_cmake_args' from command line to 'None'
[0.201s] Level 5:colcon.colcon_core.verb:set package 'turtlebot3_teleop' build argument 'catkin_skip_building_tests' from command line to 'False'
[0.201s] DEBUG:colcon.colcon_core.verb:Building package 'turtlebot3_teleop' with the following arguments: {'ament_cmake_args': None, 'build_base': '/home/falinux/CBL_twinning/build/turtlebot3_teleop', 'catkin_cmake_args': None, 'catkin_skip_building_tests': False, 'cmake_args': None, 'cmake_clean_cache': False, 'cmake_clean_first': False, 'cmake_force_configure': False, 'cmake_target': None, 'cmake_target_skip_unavailable': False, 'install_base': '/home/falinux/CBL_twinning/install/turtlebot3_teleop', 'merge_install': False, 'path': '/home/falinux/CBL_twinning/src/turtlebot3_teleop', 'symlink_install': False, 'test_result_base': None}
[0.201s] INFO:colcon.colcon_core.executor:Executing jobs using 'parallel' executor
[0.202s] DEBUG:colcon.colcon_parallel_executor.executor.parallel:run_until_complete
[0.202s] INFO:colcon.colcon_ros.task.ament_python.build:Building ROS package in '/home/falinux/CBL_twinning/src/border_guard' with build type 'ament_python'
[0.202s] Level 1:colcon.colcon_core.shell:create_environment_hook('border_guard', 'ament_prefix_path')
[0.204s] INFO:colcon.colcon_core.plugin_system:Skipping extension 'colcon_core.shell.bat': Not used on non-Windows systems
[0.204s] INFO:colcon.colcon_core.shell:Creating environment descriptor '/home/falinux/CBL_twinning/install/border_guard/share/border_guard/hook/ament_prefix_path.dsv'
[0.205s] INFO:colcon.colcon_core.shell:Creating environment hook '/home/falinux/CBL_twinning/install/border_guard/share/border_guard/hook/ament_prefix_path.sh'
[0.206s] DEBUG:colcon.colcon_core.shell:Skip shell extension 'dsv' for command environment
[0.211s] INFO:colcon.colcon_ros.task.ament_python.build:Building ROS package in '/home/falinux/CBL_twinning/src/border_recorder' with build type 'ament_python'
[0.211s] Level 1:colcon.colcon_core.shell:create_environment_hook('border_recorder', 'ament_prefix_path')
[0.211s] INFO:colcon.colcon_core.shell:Creating environment descriptor '/home/falinux/CBL_twinning/install/border_recorder/share/border_recorder/hook/ament_prefix_path.dsv'
[0.211s] INFO:colcon.colcon_core.shell:Creating environment hook '/home/falinux/CBL_twinning/install/border_recorder/share/border_recorder/hook/ament_prefix_path.sh'
[0.212s] DEBUG:colcon.colcon_core.shell:Skip shell extension 'dsv' for command environment
[0.216s] INFO:colcon.colcon_ros.task.ament_python.build:Building ROS package in '/home/falinux/CBL_twinning/src/my_tb3_world' with build type 'ament_python'
[0.216s] Level 1:colcon.colcon_core.shell:create_environment_hook('my_tb3_world', 'ament_prefix_path')
[0.216s] INFO:colcon.colcon_core.shell:Creating environment descriptor '/home/falinux/CBL_twinning/install/my_tb3_world/share/my_tb3_world/hook/ament_prefix_path.dsv'
[0.216s] INFO:colcon.colcon_core.shell:Creating environment hook '/home/falinux/CBL_twinning/install/my_tb3_world/share/my_tb3_world/hook/ament_prefix_path.sh'
[0.217s] DEBUG:colcon.colcon_core.shell:Skip shell extension 'dsv' for command environment
[0.220s] INFO:colcon.colcon_ros.task.ament_python.build:Building ROS package in '/home/falinux/CBL_twinning/src/plant_mapper' with build type 'ament_python'
[0.220s] Level 1:colcon.colcon_core.shell:create_environment_hook('plant_mapper', 'ament_prefix_path')
[0.220s] INFO:colcon.colcon_core.shell:Creating environment descriptor '/home/falinux/CBL_twinning/install/plant_mapper/share/plant_mapper/hook/ament_prefix_path.dsv'
[0.221s] INFO:colcon.colcon_core.shell:Creating environment hook '/home/falinux/CBL_twinning/install/plant_mapper/share/plant_mapper/hook/ament_prefix_path.sh'
[0.221s] DEBUG:colcon.colcon_core.shell:Skip shell extension 'dsv' for command environment
[0.225s] INFO:colcon.colcon_ros.task.ament_python.build:Building ROS package in '/home/falinux/CBL_twinning/src/tb3_safety_stop' with build type 'ament_python'
[0.225s] Level 1:colcon.colcon_core.shell:create_environment_hook('tb3_safety_stop', 'ament_prefix_path')
[0.226s] INFO:colcon.colcon_core.shell:Creating environment descriptor '/home/falinux/CBL_twinning/install/tb3_safety_stop/share/tb3_safety_stop/hook/ament_prefix_path.dsv'
[0.226s] INFO:colcon.colcon_core.shell:Creating environment hook '/home/falinux/CBL_twinning/install/tb3_safety_stop/share/tb3_safety_stop/hook/ament_prefix_path.sh'
[0.226s] DEBUG:colcon.colcon_core.shell:Skip shell extension 'dsv' for command environment
[0.230s] INFO:colcon.colcon_ros.task.ament_python.build:Building ROS package in '/home/falinux/CBL_twinning/src/turtlebot3_teleop' with build type 'ament_python'
[0.230s] Level 1:colcon.colcon_core.shell:create_environment_hook('turtlebot3_teleop', 'ament_prefix_path')
[0.230s] INFO:colcon.colcon_core.shell:Creating environment descriptor '/home/falinux/CBL_twinning/install/turtlebot3_teleop/share/turtlebot3_teleop/hook/ament_prefix_path.dsv'
[0.230s] INFO:colcon.colcon_core.shell:Creating environment hook '/home/falinux/CBL_twinning/install/turtlebot3_teleop/share/turtlebot3_teleop/hook/ament_prefix_path.sh'
[0.231s] DEBUG:colcon.colcon_core.shell:Skip shell extension 'dsv' for command environment
[0.475s] INFO:colcon.colcon_core.task.python.build:Building Python package in '/home/falinux/CBL_twinning/src/border_guard'
[0.476s] DEBUG:colcon.colcon_core.shell:Skip shell extension 'dsv' for command environment
[0.718s] INFO:colcon.colcon_core.task.python.build:Building Python package in '/home/falinux/CBL_twinning/src/border_recorder'
[0.718s] DEBUG:colcon.colcon_core.shell:Skip shell extension 'dsv' for command environment
[0.959s] INFO:colcon.colcon_core.task.python.build:Building Python package in '/home/falinux/CBL_twinning/src/my_tb3_world'
[0.959s] DEBUG:colcon.colcon_core.shell:Skip shell extension 'dsv' for command environment
[1.201s] INFO:colcon.colcon_core.task.python.build:Building Python package in '/home/falinux/CBL_twinning/src/plant_mapper'
[1.201s] DEBUG:colcon.colcon_core.shell:Skip shell extension 'dsv' for command environment
[1.466s] INFO:colcon.colcon_core.task.python.build:Building Python package in '/home/falinux/CBL_twinning/src/tb3_safety_stop'
[1.466s] DEBUG:colcon.colcon_core.shell:Skip shell extension 'dsv' for command environment
[1.708s] INFO:colcon.colcon_core.task.python.build:Building Python package in '/home/falinux/CBL_twinning/src/turtlebot3_teleop'
[1.716s] DEBUG:colcon.colcon_core.shell:Skip shell extension 'dsv' for command environment
[2.397s] DEBUG:colcon.colcon_core.event_handler.log_command:Invoking command in '/home/falinux/CBL_twinning/src/border_recorder': DEBUGINFOD_URLS=https://debuginfod.ubuntu.com PYTHONPATH=/home/falinux/CBL_twinning/build/border_recorder/prefix_override:/usr/lib/python3/dist-packages/colcon_core/task/python/colcon_distutils_commands:/home/falinux/CBL_twinning/install/border_recorder/lib/python3.12/site-packages:${PYTHONPATH} /usr/bin/python3 -W ignore:setup.py install is deprecated -W ignore:easy_install command is deprecated setup.py egg_info --egg-base ../../build/border_recorder build --build-base /home/falinux/CBL_twinning/build/border_recorder/build install --record /home/falinux/CBL_twinning/build/border_recorder/install.log --single-version-externally-managed install_data
[2.445s] DEBUG:colcon.colcon_core.event_handler.log_command:Invoking command in '/home/falinux/CBL_twinning/src/plant_mapper': DEBUGINFOD_URLS=https://debuginfod.ubuntu.com PYTHONPATH=/home/falinux/CBL_twinning/build/plant_mapper/prefix_override:/usr/lib/python3/dist-packages/colcon_core/task/python/colcon_distutils_commands:/home/falinux/CBL_twinning/install/plant_mapper/lib/python3.12/site-packages:${PYTHONPATH} /usr/bin/python3 -W ignore:setup.py install is deprecated -W ignore:easy_install command is deprecated setup.py egg_info --egg-base ../../build/plant_mapper build --build-base /home/falinux/CBL_twinning/build/plant_mapper/build install --record /home/falinux/CBL_twinning/build/plant_mapper/install.log --single-version-externally-managed install_data
[2.620s] DEBUG:colcon.colcon_core.event_handler.log_command:Invoking command in '/home/falinux/CBL_twinning/src/my_tb3_world': DEBUGINFOD_URLS=https://debuginfod.ubuntu.com PYTHONPATH=/home/falinux/CBL_twinning/build/my_tb3_world/prefix_override:/usr/lib/python3/dist-packages/colcon_core/task/python/colcon_distutils_commands:/home/falinux/CBL_twinning/install/my_tb3_world/lib/python3.12/site-packages:${PYTHONPATH} /usr/bin/python3 -W ignore:setup.py install is deprecated -W ignore:easy_install command is deprecated setup.py egg_info --egg-base ../../build/my_tb3_world build --build-base /home/falinux/CBL_twinning/build/my_tb3_world/build install --record /home/falinux/CBL_twinning/build/my_tb3_world/install.log --single-version-externally-managed install_data
[2.653s] DEBUG:colcon.colcon_core.event_handler.log_command:Invoking command in '/home/falinux/CBL_twinning/src/border_guard': DEBUGINFOD_URLS=https://debuginfod.ubuntu.com PYTHONPATH=/home/falinux/CBL_twinning/build/border_guard/prefix_override:/usr/lib/python3/dist-packages/colcon_core/task/python/colcon_distutils_commands:/home/falinux/CBL_twinning/install/border_guard/lib/python3.12/site-packages:${PYTHONPATH} /usr/bin/python3 -W ignore:setup.py install is deprecated -W ignore:easy_install command is deprecated setup.py egg_info --egg-base ../../build/border_guard build --build-base /home/falinux/CBL_twinning/build/border_guard/build install --record /home/falinux/CBL_twinning/build/border_guard/install.log --single-version-externally-managed install_data
[2.696s] DEBUG:colcon.colcon_core.event_handler.log_command:Invoking command in '/home/falinux/CBL_twinning/src/tb3_safety_stop': DEBUGINFOD_URLS=https://debuginfod.ubuntu.com PYTHONPATH=/home/falinux/CBL_twinning/build/tb3_safety_stop/prefix_override:/usr/lib/python3/dist-packages/colcon_core/task/python/colcon_distutils_commands:/home/falinux/CBL_twinning/install/tb3_safety_stop/lib/python3.12/site-packages:${PYTHONPATH} /usr/bin/python3 -W ignore:setup.py install is deprecated -W ignore:easy_install command is deprecated setup.py egg_info --egg-base ../../build/tb3_safety_stop build --build-base /home/falinux/CBL_twinning/build/tb3_safety_stop/build install --record /home/falinux/CBL_twinning/build/tb3_safety_stop/install.log --single-version-externally-managed install_data
[2.743s] DEBUG:colcon.colcon_core.event_handler.log_command:Invoking command in '/home/falinux/CBL_twinning/src/turtlebot3_teleop': DEBUGINFOD_URLS=https://debuginfod.ubuntu.com PYTHONPATH=/home/falinux/CBL_twinning/build/turtlebot3_teleop/prefix_override:/usr/lib/python3/dist-packages/colcon_core/task/python/colcon_distutils_commands:/home/falinux/CBL_twinning/install/turtlebot3_teleop/lib/python3.12/site-packages:${PYTHONPATH} /usr/bin/python3 -W ignore:setup.py install is deprecated -W ignore:easy_install command is deprecated setup.py egg_info --egg-base ../../build/turtlebot3_teleop build --build-base /home/falinux/CBL_twinning/build/turtlebot3_teleop/build install --record /home/falinux/CBL_twinning/build/turtlebot3_teleop/install.log --single-version-externally-managed install_data
[3.317s] DEBUG:colcon.colcon_core.event_handler.log_command:Invoked command in '/home/falinux/CBL_twinning/src/border_recorder' returned '0': DEBUGINFOD_URLS=https://debuginfod.ubuntu.com PYTHONPATH=/home/falinux/CBL_twinning/build/border_recorder/prefix_override:/usr/lib/python3/dist-packages/colcon_core/task/python/colcon_distutils_commands:/home/falinux/CBL_twinning/install/border_recorder/lib/python3.12/site-packages:${PYTHONPATH} /usr/bin/python3 -W ignore:setup.py install is deprecated -W ignore:easy_install command is deprecated setup.py egg_info --egg-base ../../build/border_recorder build --build-base /home/falinux/CBL_twinning/build/border_recorder/build install --record /home/falinux/CBL_twinning/build/border_recorder/install.log --single-version-externally-managed install_data
[3.321s] Level 1:colcon.colcon_core.environment:checking '/home/falinux/CBL_twinning/install/border_recorder' for CMake module files
[3.322s] Level 1:colcon.colcon_core.environment:checking '/home/falinux/CBL_twinning/install/border_recorder' for CMake config files
[3.323s] Level 1:colcon.colcon_core.environment:checking '/home/falinux/CBL_twinning/install/border_recorder/lib'
[3.323s] Level 1:colcon.colcon_core.environment:checking '/home/falinux/CBL_twinning/install/border_recorder/bin'
[3.324s] Level 1:colcon.colcon_core.environment:checking '/home/falinux/CBL_twinning/install/border_recorder/lib/pkgconfig/border_recorder.pc'
[3.324s] Level 1:colcon.colcon_core.environment:checking '/home/falinux/CBL_twinning/install/border_recorder/lib/python3.12/site-packages'
[3.324s] Level 1:colcon.colcon_core.shell:create_environment_hook('border_recorder', 'pythonpath')
[3.325s] INFO:colcon.colcon_core.shell:Creating environment descriptor '/home/falinux/CBL_twinning/install/border_recorder/share/border_recorder/hook/pythonpath.dsv'
[3.325s] INFO:colcon.colcon_core.shell:Creating environment hook '/home/falinux/CBL_twinning/install/border_recorder/share/border_recorder/hook/pythonpath.sh'
[3.327s] Level 1:colcon.colcon_core.environment:checking '/home/falinux/CBL_twinning/install/border_recorder/bin'
[3.327s] Level 1:colcon.colcon_core.environment:create_environment_scripts_only(border_recorder)
[3.327s] INFO:colcon.colcon_core.shell:Creating package descriptor '/home/falinux/CBL_twinning/install/border_recorder/share/border_recorder/package.dsv'
[3.328s] INFO:colcon.colcon_core.shell:Creating package script '/home/falinux/CBL_twinning/install/border_recorder/share/border_recorder/package.sh'
[3.330s] INFO:colcon.colcon_core.shell:Creating package script '/home/falinux/CBL_twinning/install/border_recorder/share/border_recorder/package.bash'
[3.332s] INFO:colcon.colcon_core.shell:Creating package script '/home/falinux/CBL_twinning/install/border_recorder/share/border_recorder/package.zsh'
[3.333s] Level 1:colcon.colcon_core.environment:create_file_with_runtime_dependencies(/home/falinux/CBL_twinning/install/border_recorder/share/colcon-core/packages/border_recorder)
[3.351s] Level 1:colcon.colcon_core.environment:checking '/home/falinux/CBL_twinning/install/my_tb3_world' for CMake module files
[3.352s] DEBUG:colcon.colcon_core.event_handler.log_command:Invoked command in '/home/falinux/CBL_twinning/src/my_tb3_world' returned '0': DEBUGINFOD_URLS=https://debuginfod.ubuntu.com PYTHONPATH=/home/falinux/CBL_twinning/build/my_tb3_world/prefix_override:/usr/lib/python3/dist-packages/colcon_core/task/python/colcon_distutils_commands:/home/falinux/CBL_twinning/install/my_tb3_world/lib/python3.12/site-packages:${PYTHONPATH} /usr/bin/python3 -W ignore:setup.py install is deprecated -W ignore:easy_install command is deprecated setup.py egg_info --egg-base ../../build/my_tb3_world build --build-base /home/falinux/CBL_twinning/build/my_tb3_world/build install --record /home/falinux/CBL_twinning/build/my_tb3_world/install.log --single-version-externally-managed install_data
[3.353s] Level 1:colcon.colcon_core.environment:checking '/home/falinux/CBL_twinning/install/my_tb3_world' for CMake config files
[3.353s] Level 1:colcon.colcon_core.environment:checking '/home/falinux/CBL_twinning/install/my_tb3_world/lib'
[3.353s] Level 1:colcon.colcon_core.environment:checking '/home/falinux/CBL_twinning/install/my_tb3_world/bin'
[3.353s] Level 1:colcon.colcon_core.environment:checking '/home/falinux/CBL_twinning/install/my_tb3_world/lib/pkgconfig/my_tb3_world.pc'
[3.354s] Level 1:colcon.colcon_core.environment:checking '/home/falinux/CBL_twinning/install/my_tb3_world/lib/python3.12/site-packages'
[3.354s] Level 1:colcon.colcon_core.shell:create_environment_hook('my_tb3_world', 'pythonpath')
[3.354s] INFO:colcon.colcon_core.shell:Creating environment descriptor '/home/falinux/CBL_twinning/install/my_tb3_world/share/my_tb3_world/hook/pythonpath.dsv'
[3.354s] INFO:colcon.colcon_core.shell:Creating environment hook '/home/falinux/CBL_twinning/install/my_tb3_world/share/my_tb3_world/hook/pythonpath.sh'
[3.355s] Level 1:colcon.colcon_core.environment:checking '/home/falinux/CBL_twinning/install/my_tb3_world/bin'
[3.355s] Level 1:colcon.colcon_core.environment:create_environment_scripts_only(my_tb3_world)
[3.355s] INFO:colcon.colcon_core.shell:Creating package descriptor '/home/falinux/CBL_twinning/install/my_tb3_world/share/my_tb3_world/package.dsv'
[3.356s] INFO:colcon.colcon_core.shell:Creating package script '/home/falinux/CBL_twinning/install/my_tb3_world/share/my_tb3_world/package.sh'
[3.356s] INFO:colcon.colcon_core.shell:Creating package script '/home/falinux/CBL_twinning/install/my_tb3_world/share/my_tb3_world/package.bash'
[3.356s] INFO:colcon.colcon_core.shell:Creating package script '/home/falinux/CBL_twinning/install/my_tb3_world/share/my_tb3_world/package.zsh'
[3.357s] Level 1:colcon.colcon_core.environment:create_file_with_runtime_dependencies(/home/falinux/CBL_twinning/install/my_tb3_world/share/colcon-core/packages/my_tb3_world)
[3.368s] Level 1:colcon.colcon_core.environment:checking '/home/falinux/CBL_twinning/install/border_guard' for CMake module files
[3.368s] DEBUG:colcon.colcon_core.event_handler.log_command:Invoked command in '/home/falinux/CBL_twinning/src/border_guard' returned '0': DEBUGINFOD_URLS=https://debuginfod.ubuntu.com PYTHONPATH=/home/falinux/CBL_twinning/build/border_guard/prefix_override:/usr/lib/python3/dist-packages/colcon_core/task/python/colcon_distutils_commands:/home/falinux/CBL_twinning/install/border_guard/lib/python3.12/site-packages:${PYTHONPATH} /usr/bin/python3 -W ignore:setup.py install is deprecated -W ignore:easy_install command is deprecated setup.py egg_info --egg-base ../../build/border_guard build --build-base /home/falinux/CBL_twinning/build/border_guard/build install --record /home/falinux/CBL_twinning/build/border_guard/install.log --single-version-externally-managed install_data
[3.369s] Level 1:colcon.colcon_core.environment:checking '/home/falinux/CBL_twinning/install/border_guard' for CMake config files
[3.369s] Level 1:colcon.colcon_core.environment:checking '/home/falinux/CBL_twinning/install/border_guard/lib'
[3.369s] Level 1:colcon.colcon_core.environment:checking '/home/falinux/CBL_twinning/install/border_guard/bin'
[3.369s] Level 1:colcon.colcon_core.environment:checking '/home/falinux/CBL_twinning/install/border_guard/lib/pkgconfig/border_guard.pc'
[3.370s] Level 1:colcon.colcon_core.environment:checking '/home/falinux/CBL_twinning/install/border_guard/lib/python3.12/site-packages'
[3.370s] Level 1:colcon.colcon_core.shell:create_environment_hook('border_guard', 'pythonpath')
[3.370s] INFO:colcon.colcon_core.shell:Creating environment descriptor '/home/falinux/CBL_twinning/install/border_guard/share/border_guard/hook/pythonpath.dsv'
[3.370s] INFO:colcon.colcon_core.shell:Creating environment hook '/home/falinux/CBL_twinning/install/border_guard/share/border_guard/hook/pythonpath.sh'
[3.371s] Level 1:colcon.colcon_core.environment:checking '/home/falinux/CBL_twinning/install/border_guard/bin'
[3.371s] Level 1:colcon.colcon_core.environment:create_environment_scripts_only(border_guard)
[3.371s] INFO:colcon.colcon_core.shell:Creating package descriptor '/home/falinux/CBL_twinning/install/border_guard/share/border_guard/package.dsv'
[3.372s] INFO:colcon.colcon_core.shell:Creating package script '/home/falinux/CBL_twinning/install/border_guard/share/border_guard/package.sh'
[3.372s] INFO:colcon.colcon_core.shell:Creating package script '/home/falinux/CBL_twinning/install/border_guard/share/border_guard/package.bash'
[3.372s] INFO:colcon.colcon_core.shell:Creating package script '/home/falinux/CBL_twinning/install/border_guard/share/border_guard/package.zsh'
[3.373s] Level 1:colcon.colcon_core.environment:create_file_with_runtime_dependencies(/home/falinux/CBL_twinning/install/border_guard/share/colcon-core/packages/border_guard)
[3.417s] Level 1:colcon.colcon_core.environment:checking '/home/falinux/CBL_twinning/install/plant_mapper' for CMake module files
[3.418s] Level 1:colcon.colcon_core.environment:checking '/home/falinux/CBL_twinning/install/plant_mapper' for CMake config files
[3.419s] DEBUG:colcon.colcon_core.event_handler.log_command:Invoked command in '/home/falinux/CBL_twinning/src/plant_mapper' returned '0': DEBUGINFOD_URLS=https://debuginfod.ubuntu.com PYTHONPATH=/home/falinux/CBL_twinning/build/plant_mapper/prefix_override:/usr/lib/python3/dist-packages/colcon_core/task/python/colcon_distutils_commands:/home/falinux/CBL_twinning/install/plant_mapper/lib/python3.12/site-packages:${PYTHONPATH} /usr/bin/python3 -W ignore:setup.py install is deprecated -W ignore:easy_install command is deprecated setup.py egg_info --egg-base ../../build/plant_mapper build --build-base /home/falinux/CBL_twinning/build/plant_mapper/build install --record /home/falinux/CBL_twinning/build/plant_mapper/install.log --single-version-externally-managed install_data
[3.419s] Level 1:colcon.colcon_core.environment:checking '/home/falinux/CBL_twinning/install/plant_mapper/lib'
[3.419s] Level 1:colcon.colcon_core.environment:checking '/home/falinux/CBL_twinning/install/plant_mapper/bin'
[3.420s] Level 1:colcon.colcon_core.environment:checking '/home/falinux/CBL_twinning/install/plant_mapper/lib/pkgconfig/plant_mapper.pc'
[3.420s] Level 1:colcon.colcon_core.environment:checking '/home/falinux/CBL_twinning/install/plant_mapper/lib/python3.12/site-packages'
[3.420s] Level 1:colcon.colcon_core.shell:create_environment_hook('plant_mapper', 'pythonpath')
[3.420s] INFO:colcon.colcon_core.shell:Creating environment descriptor '/home/falinux/CBL_twinning/install/plant_mapper/share/plant_mapper/hook/pythonpath.dsv'
[3.420s] INFO:colcon.colcon_core.shell:Creating environment hook '/home/falinux/CBL_twinning/install/plant_mapper/share/plant_mapper/hook/pythonpath.sh'
[3.421s] Level 1:colcon.colcon_core.environment:checking '/home/falinux/CBL_twinning/install/plant_mapper/bin'
[3.421s] Level 1:colcon.colcon_core.environment:create_environment_scripts_only(plant_mapper)
[3.421s] INFO:colcon.colcon_core.shell:Creating package descriptor '/home/falinux/CBL_twinning/install/plant_mapper/share/plant_mapper/package.dsv'
[3.422s] INFO:colcon.colcon_core.shell:Creating package script '/home/falinux/CBL_twinning/install/plant_mapper/share/plant_mapper/package.sh'
[3.422s] INFO:colcon.colcon_core.shell:Creating package script '/home/falinux/CBL_twinning/install/plant_mapper/share/plant_mapper/package.bash'
[3.422s] INFO:colcon.colcon_core.shell:Creating package script '/home/falinux/CBL_twinning/install/plant_mapper/share/plant_mapper/package.zsh'
[3.423s] Level 1:colcon.colcon_core.environment:create_file_with_runtime_dependencies(/home/falinux/CBL_twinning/install/plant_mapper/share/colcon-core/packages/plant_mapper)
[3.548s] Level 1:colcon.colcon_core.environment:checking '/home/falinux/CBL_twinning/install/turtlebot3_teleop' for CMake module files
[3.549s] DEBUG:colcon.colcon_core.event_handler.log_command:Invoked command in '/home/falinux/CBL_twinning/src/turtlebot3_teleop' returned '0': DEBUGINFOD_URLS=https://debuginfod.ubuntu.com PYTHONPATH=/home/falinux/CBL_twinning/build/turtlebot3_teleop/prefix_override:/usr/lib/python3/dist-packages/colcon_core/task/python/colcon_distutils_commands:/home/falinux/CBL_twinning/install/turtlebot3_teleop/lib/python3.12/site-packages:${PYTHONPATH} /usr/bin/python3 -W ignore:setup.py install is deprecated -W ignore:easy_install command is deprecated setup.py egg_info --egg-base ../../build/turtlebot3_teleop build --build-base /home/falinux/CBL_twinning/build/turtlebot3_teleop/build install --record /home/falinux/CBL_twinning/build/turtlebot3_teleop/install.log --single-version-externally-managed install_data
[3.549s] Level 1:colcon.colcon_core.environment:checking '/home/falinux/CBL_twinning/install/turtlebot3_teleop' for CMake config files
[3.550s] Level 1:colcon.colcon_core.environment:checking '/home/falinux/CBL_twinning/install/turtlebot3_teleop/lib'
[3.550s] Level 1:colcon.colcon_core.environment:checking '/home/falinux/CBL_twinning/install/turtlebot3_teleop/bin'
[3.550s] Level 1:colcon.colcon_core.environment:checking '/home/falinux/CBL_twinning/install/turtlebot3_teleop/lib/pkgconfig/turtlebot3_teleop.pc'
[3.550s] Level 1:colcon.colcon_core.environment:checking '/home/falinux/CBL_twinning/install/turtlebot3_teleop/lib/python3.12/site-packages'
[3.550s] Level 1:colcon.colcon_core.shell:create_environment_hook('turtlebot3_teleop', 'pythonpath')
[3.551s] INFO:colcon.colcon_core.shell:Creating environment descriptor '/home/falinux/CBL_twinning/install/turtlebot3_teleop/share/turtlebot3_teleop/hook/pythonpath.dsv'
[3.551s] INFO:colcon.colcon_core.shell:Creating environment hook '/home/falinux/CBL_twinning/install/turtlebot3_teleop/share/turtlebot3_teleop/hook/pythonpath.sh'
[3.552s] Level 1:colcon.colcon_core.environment:checking '/home/falinux/CBL_twinning/install/turtlebot3_teleop/bin'
[3.552s] Level 1:colcon.colcon_core.environment:create_environment_scripts_only(turtlebot3_teleop)
[3.552s] INFO:colcon.colcon_core.shell:Creating package descriptor '/home/falinux/CBL_twinning/install/turtlebot3_teleop/share/turtlebot3_teleop/package.dsv'
[3.552s] INFO:colcon.colcon_core.shell:Creating package script '/home/falinux/CBL_twinning/install/turtlebot3_teleop/share/turtlebot3_teleop/package.sh'
[3.553s] INFO:colcon.colcon_core.shell:Creating package script '/home/falinux/CBL_twinning/install/turtlebot3_teleop/share/turtlebot3_teleop/package.bash'
[3.553s] INFO:colcon.colcon_core.shell:Creating package script '/home/falinux/CBL_twinning/install/turtlebot3_teleop/share/turtlebot3_teleop/package.zsh'
[3.553s] Level 1:colcon.colcon_core.environment:create_file_with_runtime_dependencies(/home/falinux/CBL_twinning/install/turtlebot3_teleop/share/colcon-core/packages/turtlebot3_teleop)
[3.555s] Level 1:colcon.colcon_core.environment:checking '/home/falinux/CBL_twinning/install/tb3_safety_stop' for CMake module files
[3.555s] DEBUG:colcon.colcon_core.event_handler.log_command:Invoked command in '/home/falinux/CBL_twinning/src/tb3_safety_stop' returned '0': DEBUGINFOD_URLS=https://debuginfod.ubuntu.com PYTHONPATH=/home/falinux/CBL_twinning/build/tb3_safety_stop/prefix_override:/usr/lib/python3/dist-packages/colcon_core/task/python/colcon_distutils_commands:/home/falinux/CBL_twinning/install/tb3_safety_stop/lib/python3.12/site-packages:${PYTHONPATH} /usr/bin/python3 -W ignore:setup.py install is deprecated -W ignore:easy_install command is deprecated setup.py egg_info --egg-base ../../build/tb3_safety_stop build --build-base /home/falinux/CBL_twinning/build/tb3_safety_stop/build install --record /home/falinux/CBL_twinning/build/tb3_safety_stop/install.log --single-version-externally-managed install_data
[3.556s] Level 1:colcon.colcon_core.environment:checking '/home/falinux/CBL_twinning/install/tb3_safety_stop' for CMake config files
[3.556s] Level 1:colcon.colcon_core.environment:checking '/home/falinux/CBL_twinning/install/tb3_safety_stop/lib'
[3.556s] Level 1:colcon.colcon_core.environment:checking '/home/falinux/CBL_twinning/install/tb3_safety_stop/bin'
[3.556s] Level 1:colcon.colcon_core.environment:checking '/home/falinux/CBL_twinning/install/tb3_safety_stop/lib/pkgconfig/tb3_safety_stop.pc'
[3.557s] Level 1:colcon.colcon_core.environment:checking '/home/falinux/CBL_twinning/install/tb3_safety_stop/lib/python3.12/site-packages'
[3.557s] Level 1:colcon.colcon_core.shell:create_environment_hook('tb3_safety_stop', 'pythonpath')
[3.557s] INFO:colcon.colcon_core.shell:Creating environment descriptor '/home/falinux/CBL_twinning/install/tb3_safety_stop/share/tb3_safety_stop/hook/pythonpath.dsv'
[3.557s] INFO:colcon.colcon_core.shell:Creating environment hook '/home/falinux/CBL_twinning/install/tb3_safety_stop/share/tb3_safety_stop/hook/pythonpath.sh'
[3.558s] Level 1:colcon.colcon_core.environment:checking '/home/falinux/CBL_twinning/install/tb3_safety_stop/bin'
[3.558s] Level 1:colcon.colcon_core.environment:create_environment_scripts_only(tb3_safety_stop)
[3.558s] INFO:colcon.colcon_core.shell:Creating package descriptor '/home/falinux/CBL_twinning/install/tb3_safety_stop/share/tb3_safety_stop/package.dsv'
[3.559s] INFO:colcon.colcon_core.shell:Creating package script '/home/falinux/CBL_twinning/install/tb3_safety_stop/share/tb3_safety_stop/package.sh'
[3.559s] INFO:colcon.colcon_core.shell:Creating package script '/home/falinux/CBL_twinning/install/tb3_safety_stop/share/tb3_safety_stop/package.bash'
[3.560s] INFO:colcon.colcon_core.shell:Creating package script '/home/falinux/CBL_twinning/install/tb3_safety_stop/share/tb3_safety_stop/package.zsh'
[3.560s] Level 1:colcon.colcon_core.environment:create_file_with_runtime_dependencies(/home/falinux/CBL_twinning/install/tb3_safety_stop/share/colcon-core/packages/tb3_safety_stop)
[3.560s] DEBUG:colcon.colcon_parallel_executor.executor.parallel:closing loop
[3.561s] DEBUG:colcon.colcon_parallel_executor.executor.parallel:loop closed
[3.561s] DEBUG:colcon.colcon_parallel_executor.executor.parallel:run_until_complete finished with '0'
[3.561s] DEBUG:colcon.colcon_core.event_reactor:joining thread
[3.568s] INFO:colcon.colcon_core.plugin_system:Skipping extension 'colcon_notification.desktop_notification.terminal_notifier': Not used on non-Darwin systems
[3.568s] INFO:colcon.colcon_core.plugin_system:Skipping extension 'colcon_notification.desktop_notification.win32': Not used on non-Windows systems
[3.568s] INFO:colcon.colcon_notification.desktop_notification:Sending desktop notification using 'notify2'
[3.589s] DEBUG:colcon.colcon_core.event_reactor:joined thread
[3.589s] INFO:colcon.colcon_core.shell:Creating prefix script '/home/falinux/CBL_twinning/install/local_setup.sh'
[3.590s] INFO:colcon.colcon_core.shell:Creating prefix util module '/home/falinux/CBL_twinning/install/_local_setup_util_sh.py'
[3.592s] INFO:colcon.colcon_core.shell:Creating prefix chain script '/home/falinux/CBL_twinning/install/setup.sh'
[3.593s] INFO:colcon.colcon_core.shell:Creating prefix script '/home/falinux/CBL_twinning/install/local_setup.bash'
[3.594s] INFO:colcon.colcon_core.shell:Creating prefix chain script '/home/falinux/CBL_twinning/install/setup.bash'
[3.595s] INFO:colcon.colcon_core.shell:Creating prefix script '/home/falinux/CBL_twinning/install/local_setup.zsh'
[3.596s] INFO:colcon.colcon_core.shell:Creating prefix chain script '/home/falinux/CBL_twinning/install/setup.zsh'
