[0.762s] Invoking command in '/home/falinux/CBL_twinning/src/plant_mapper': DEBUGINFOD_URLS=https://debuginfod.ubuntu.com PYTHONPATH=/home/falinux/CBL_twinning/build/plant_mapper/prefix_override:/usr/lib/python3/dist-packages/colcon_core/task/python/colcon_distutils_commands:/home/falinux/CBL_twinning/install/plant_mapper/lib/python3.12/site-packages:${PYTHONPATH} /usr/bin/python3 -W ignore:setup.py install is deprecated -W ignore:easy_install command is deprecated setup.py egg_info --egg-base ../../build/plant_mapper build --build-base /home/falinux/CBL_twinning/build/plant_mapper/build install --record /home/falinux/CBL_twinning/build/plant_mapper/install.log --single-version-externally-managed install_data
[0.959s] running egg_info
[0.973s] writing ../../build/plant_mapper/plant_mapper.egg-info/PKG-INFO
[0.982s] writing dependency_links to ../../build/plant_mapper/plant_mapper.egg-info/dependency_links.txt
[0.983s] writing entry points to ../../build/plant_mapper/plant_mapper.egg-info/entry_points.txt
[0.983s] writing requirements to ../../build/plant_mapper/plant_mapper.egg-info/requires.txt
[0.983s] writing top-level names to ../../build/plant_mapper/plant_mapper.egg-info/top_level.txt
[1.011s] reading manifest file '../../build/plant_mapper/plant_mapper.egg-info/SOURCES.txt'
[1.012s] writing manifest file '../../build/plant_mapper/plant_mapper.egg-info/SOURCES.txt'
[1.012s] running build
[1.012s] running build_py
[1.012s] running install
[1.017s] running install_lib
[1.032s] running install_data
[1.032s] copying plant_mapper/web/playground.pgm -> /home/falinux/CBL_twinning/install/plant_mapper/share/plant_mapper/web
[1.032s] copying plant_mapper/web/map.png -> /home/falinux/CBL_twinning/install/plant_mapper/share/plant_mapper/web
[1.032s] running install_egg_info
[1.047s] removing '/home/falinux/CBL_twinning/install/plant_mapper/lib/python3.12/site-packages/plant_mapper-0.0.0-py3.12.egg-info' (and everything under it)
[1.048s] Copying ../../build/plant_mapper/plant_mapper.egg-info to /home/falinux/CBL_twinning/install/plant_mapper/lib/python3.12/site-packages/plant_mapper-0.0.0-py3.12.egg-info
[1.049s] running install_scripts
[1.145s] Installing farm_navigator script to /home/falinux/CBL_twinning/install/plant_mapper/lib/plant_mapper
[1.146s] Installing farm_twin script to /home/falinux/CBL_twinning/install/plant_mapper/lib/plant_mapper
[1.146s] Installing plant_mapper script to /home/falinux/CBL_twinning/install/plant_mapper/lib/plant_mapper
[1.146s] writing list of installed files to '/home/falinux/CBL_twinning/build/plant_mapper/install.log'
[1.166s] Invoked command in '/home/falinux/CBL_twinning/src/plant_mapper' returned '0': DEBUGINFOD_URLS=https://debuginfod.ubuntu.com PYTHONPATH=/home/falinux/CBL_twinning/build/plant_mapper/prefix_override:/usr/lib/python3/dist-packages/colcon_core/task/python/colcon_distutils_commands:/home/falinux/CBL_twinning/install/plant_mapper/lib/python3.12/site-packages:${PYTHONPATH} /usr/bin/python3 -W ignore:setup.py install is deprecated -W ignore:easy_install command is deprecated setup.py egg_info --egg-base ../../build/plant_mapper build --build-base /home/falinux/CBL_twinning/build/plant_mapper/build install --record /home/falinux/CBL_twinning/build/plant_mapper/install.log --single-version-externally-managed install_data
