[0.064s] DEBUG:colcon:Command line arguments: ['/usr/bin/colcon', 'build', '--symlink-install']
[0.064s] DEBUG:colcon:Parsed command line arguments: Namespace(log_base=None, log_level=None, verb_name='build', build_base='build', install_base='install', merge_install=False, symlink_install=True, test_result_base=None, continue_on_error=False, executor='parallel', parallel_workers=8, event_handlers=None, ignore_user_meta=False, metas=['./colcon.meta'], base_paths=['.'], packages_ignore=None, packages_ignore_regex=None, paths=None, packages_up_to=None, packages_up_to_regex=None, packages_above=None, packages_above_and_dependencies=None, packages_above_depth=None, packages_select_by_dep=None, packages_skip_by_dep=None, packages_skip_up_to=None, packages_select_build_failed=False, packages_skip_build_finished=False, packages_select_test_failures=False, packages_skip_test_passed=False, packages_select=None, packages_skip=None, packages_select_regex=None, packages_skip_regex=None, packages_start=None, packages_end=None, cmake_args=None, cmake_target=None, cmake_target_skip_unavailable=False, cmake_clean_cache=False, cmake_clean_first=False, cmake_force_configure=False, ament_cmake_args=None, catkin_cmake_args=None, catkin_skip_building_tests=False, verb_parser=<colcon_defaults.argument_parser.defaults.DefaultArgumentsDecorator object at 0x7468ae1fa1b0>, verb_extension=<colcon_core.verb.build.BuildVerb object at 0x7468ae1fa090>, main=<bound method BuildVerb.main of <colcon_core.verb.build.BuildVerb object at 0x7468ae1fa090>>)
[0.088s] Level 1:colcon.colcon_core.package_discovery:discover_packages(colcon_meta) check parameters
[0.088s] Level 1:colcon.colcon_core.package_discovery:discover_packages(recursive) check parameters
[0.088s] Level 1:colcon.colcon_core.package_discovery:discover_packages(ignore) check parameters
[0.088s] Level 1:colcon.colcon_core.package_discovery:discover_packages(path) check parameters
[0.089s] Level 1:colcon.colcon_core.package_discovery:discover_packages(colcon_meta) discover
[0.089s] Level 1:colcon.colcon_core.package_discovery:discover_packages(recursive) discover
[0.089s] INFO:colcon.colcon_core.package_discovery:Crawling recursively for packages in '/home/falinux/team28/ws'
[0.089s] Level 1:colcon.colcon_core.package_identification:_identify(.) by extensions ['ignore', 'ignore_ament_install']
[0.089s] Level 1:colcon.colcon_core.package_identification:_identify(.) by extension 'ignore'
[0.089s] Level 1:colcon.colcon_core.package_identification:_identify(.) by extension 'ignore_ament_install'
[0.089s] Level 1:colcon.colcon_core.package_identification:_identify(.) by extensions ['colcon_pkg']
[0.089s] Level 1:colcon.colcon_core.package_identification:_identify(.) by extension 'colcon_pkg'
[0.089s] Level 1:colcon.colcon_core.package_identification:_identify(.) by extensions ['colcon_meta']
[0.089s] Level 1:colcon.colcon_core.package_identification:_identify(.) by extension 'colcon_meta'
[0.089s] Level 1:colcon.colcon_core.package_identification:_identify(.) by extensions ['ros']
[0.089s] Level 1:colcon.colcon_core.package_identification:_identify(.) by extension 'ros'
[0.105s] Level 1:colcon.colcon_core.package_identification:_identify(.) by extensions ['cmake', 'python']
[0.105s] Level 1:colcon.colcon_core.package_identification:_identify(.) by extension 'cmake'
[0.105s] Level 1:colcon.colcon_core.package_identification:_identify(.) by extension 'python'
[0.105s] Level 1:colcon.colcon_core.package_identification:_identify(.) by extensions ['python_setup_py']
[0.105s] Level 1:colcon.colcon_core.package_identification:_identify(.) by extension 'python_setup_py'
[0.105s] Level 1:colcon.colcon_core.package_identification:_identify(build) by extensions ['ignore', 'ignore_ament_install']
[0.105s] Level 1:colcon.colcon_core.package_identification:_identify(build) by extension 'ignore'
[0.105s] Level 1:colcon.colcon_core.package_identification:_identify(build) ignored
[0.105s] Level 1:colcon.colcon_core.package_identification:_identify(install) by extensions ['ignore', 'ignore_ament_install']
[0.106s] Level 1:colcon.colcon_core.package_identification:_identify(install) by extension 'ignore'
[0.106s] Level 1:colcon.colcon_core.package_identification:_identify(install) ignored
[0.106s] Level 1:colcon.colcon_core.package_identification:_identify(log) by extensions ['ignore', 'ignore_ament_install']
[0.106s] Level 1:colcon.colcon_core.package_identification:_identify(log) by extension 'ignore'
[0.106s] Level 1:colcon.colcon_core.package_identification:_identify(log) ignored
[0.106s] Level 1:colcon.colcon_core.package_identification:_identify(src) by extensions ['ignore', 'ignore_ament_install']
[0.106s] Level 1:colcon.colcon_core.package_identification:_identify(src) by extension 'ignore'
[0.106s] Level 1:colcon.colcon_core.package_identification:_identify(src) by extension 'ignore_ament_install'
[0.106s] Level 1:colcon.colcon_core.package_identification:_identify(src) by extensions ['colcon_pkg']
[0.106s] Level 1:colcon.colcon_core.package_identification:_identify(src) by extension 'colcon_pkg'
[0.106s] Level 1:colcon.colcon_core.package_identification:_identify(src) by extensions ['colcon_meta']
[0.106s] Level 1:colcon.colcon_core.package_identification:_identify(src) by extension 'colcon_meta'
[0.106s] Level 1:colcon.colcon_core.package_identification:_identify(src) by extensions ['ros']
[0.106s] Level 1:colcon.colcon_core.package_identification:_identify(src) by extension 'ros'
[0.106s] Level 1:colcon.colcon_core.package_identification:_identify(src) by extensions ['cmake', 'python']
[0.106s] Level 1:colcon.colcon_core.package_identification:_identify(src) by extension 'cmake'
[0.106s] Level 1:colcon.colcon_core.package_identification:_identify(src) by extension 'python'
[0.106s] Level 1:colcon.colcon_core.package_identification:_identify(src) by extensions ['python_setup_py']
[0.106s] Level 1:colcon.colcon_core.package_identification:_identify(src) by extension 'python_setup_py'
[0.106s] Level 1:colcon.colcon_core.package_identification:_identify(src/my_tb3_world) by extensions ['ignore', 'ignore_ament_install']
[0.106s] Level 1:colcon.colcon_core.package_identification:_identify(src/my_tb3_world) by extension 'ignore'
[0.106s] Level 1:colcon.colcon_core.package_identification:_identify(src/my_tb3_world) by extension 'ignore_ament_install'
[0.106s] Level 1:colcon.colcon_core.package_identification:_identify(src/my_tb3_world) by extensions ['colcon_pkg']
[0.106s] Level 1:colcon.colcon_core.package_identification:_identify(src/my_tb3_world) by extension 'colcon_pkg'
[0.106s] Level 1:colcon.colcon_core.package_identification:_identify(src/my_tb3_world) by extensions ['colcon_meta']
[0.106s] Level 1:colcon.colcon_core.package_identification:_identify(src/my_tb3_world) by extension 'colcon_meta'
[0.106s] Level 1:colcon.colcon_core.package_identification:_identify(src/my_tb3_world) by extensions ['ros']
[0.106s] Level 1:colcon.colcon_core.package_identification:_identify(src/my_tb3_world) by extension 'ros'
[0.108s] DEBUG:colcon.colcon_core.package_identification:Package 'src/my_tb3_world' with type 'ros.ament_python' and name 'my_tb3_world'
[0.109s] Level 1:colcon.colcon_core.package_identification:_identify(src/tb3_safety_stop) by extensions ['ignore', 'ignore_ament_install']
[0.109s] Level 1:colcon.colcon_core.package_identification:_identify(src/tb3_safety_stop) by extension 'ignore'
[0.109s] Level 1:colcon.colcon_core.package_identification:_identify(src/tb3_safety_stop) by extension 'ignore_ament_install'
[0.109s] Level 1:colcon.colcon_core.package_identification:_identify(src/tb3_safety_stop) by extensions ['colcon_pkg']
[0.109s] Level 1:colcon.colcon_core.package_identification:_identify(src/tb3_safety_stop) by extension 'colcon_pkg'
[0.109s] Level 1:colcon.colcon_core.package_identification:_identify(src/tb3_safety_stop) by extensions ['colcon_meta']
[0.109s] Level 1:colcon.colcon_core.package_identification:_identify(src/tb3_safety_stop) by extension 'colcon_meta'
[0.109s] Level 1:colcon.colcon_core.package_identification:_identify(src/tb3_safety_stop) by extensions ['ros']
[0.109s] Level 1:colcon.colcon_core.package_identification:_identify(src/tb3_safety_stop) by extension 'ros'
[0.109s] DEBUG:colcon.colcon_core.package_identification:Package 'src/tb3_safety_stop' with type 'ros.ament_python' and name 'tb3_safety_stop'
[0.109s] Level 1:colcon.colcon_core.package_identification:_identify(src/tb3_weather_dt) by extensions ['ignore', 'ignore_ament_install']
[0.109s] Level 1:colcon.colcon_core.package_identification:_identify(src/tb3_weather_dt) by extension 'ignore'
[0.109s] Level 1:colcon.colcon_core.package_identification:_identify(src/tb3_weather_dt) by extension 'ignore_ament_install'
[0.109s] Level 1:colcon.colcon_core.package_identification:_identify(src/tb3_weather_dt) by extensions ['colcon_pkg']
[0.109s] Level 1:colcon.colcon_core.package_identification:_identify(src/tb3_weather_dt) by extension 'colcon_pkg'
[0.109s] Level 1:colcon.colcon_core.package_identification:_identify(src/tb3_weather_dt) by extensions ['colcon_meta']
[0.109s] Level 1:colcon.colcon_core.package_identification:_identify(src/tb3_weather_dt) by extension 'colcon_meta'
[0.109s] Level 1:colcon.colcon_core.package_identification:_identify(src/tb3_weather_dt) by extensions ['ros']
[0.109s] Level 1:colcon.colcon_core.package_identification:_identify(src/tb3_weather_dt) by extension 'ros'
[0.110s] DEBUG:colcon.colcon_core.package_identification:Package 'src/tb3_weather_dt' with type 'ros.ament_python' and name 'tb3_weather_dt'
[0.110s] Level 1:colcon.colcon_core.package_discovery:discover_packages(recursive) using defaults
[0.110s] Level 1:colcon.colcon_core.package_discovery:discover_packages(ignore) discover
[0.110s] Level 1:colcon.colcon_core.package_discovery:discover_packages(ignore) using defaults
[0.110s] Level 1:colcon.colcon_core.package_discovery:discover_packages(path) discover
[0.110s] Level 1:colcon.colcon_core.package_discovery:discover_packages(path) using defaults
[0.122s] Level 5:colcon.colcon_core.verb:set package 'my_tb3_world' build argument 'cmake_args' from command line to 'None'
[0.122s] Level 5:colcon.colcon_core.verb:set package 'my_tb3_world' build argument 'cmake_target' from command line to 'None'
[0.122s] Level 5:colcon.colcon_core.verb:set package 'my_tb3_world' build argument 'cmake_target_skip_unavailable' from command line to 'False'
[0.122s] Level 5:colcon.colcon_core.verb:set package 'my_tb3_world' build argument 'cmake_clean_cache' from command line to 'False'
[0.122s] Level 5:colcon.colcon_core.verb:set package 'my_tb3_world' build argument 'cmake_clean_first' from command line to 'False'
[0.122s] Level 5:colcon.colcon_core.verb:set package 'my_tb3_world' build argument 'cmake_force_configure' from command line to 'False'
[0.122s] Level 5:colcon.colcon_core.verb:set package 'my_tb3_world' build argument 'ament_cmake_args' from command line to 'None'
[0.122s] Level 5:colcon.colcon_core.verb:set package 'my_tb3_world' build argument 'catkin_cmake_args' from command line to 'None'
[0.122s] Level 5:colcon.colcon_core.verb:set package 'my_tb3_world' build argument 'catkin_skip_building_tests' from command line to 'False'
[0.122s] DEBUG:colcon.colcon_core.verb:Building package 'my_tb3_world' with the following arguments: {'ament_cmake_args': None, 'build_base': '/home/falinux/team28/ws/build/my_tb3_world', 'catkin_cmake_args': None, 'catkin_skip_building_tests': False, 'cmake_args': None, 'cmake_clean_cache': False, 'cmake_clean_first': False, 'cmake_force_configure': False, 'cmake_target': None, 'cmake_target_skip_unavailable': False, 'install_base': '/home/falinux/team28/ws/install/my_tb3_world', 'merge_install': False, 'path': '/home/falinux/team28/ws/src/my_tb3_world', 'symlink_install': True, 'test_result_base': None}
[0.122s] Level 5:colcon.colcon_core.verb:set package 'tb3_safety_stop' build argument 'cmake_args' from command line to 'None'
[0.122s] Level 5:colcon.colcon_core.verb:set package 'tb3_safety_stop' build argument 'cmake_target' from command line to 'None'
[0.122s] Level 5:colcon.colcon_core.verb:set package 'tb3_safety_stop' build argument 'cmake_target_skip_unavailable' from command line to 'False'
[0.122s] Level 5:colcon.colcon_core.verb:set package 'tb3_safety_stop' build argument 'cmake_clean_cache' from command line to 'False'
[0.122s] Level 5:colcon.colcon_core.verb:set package 'tb3_safety_stop' build argument 'cmake_clean_first' from command line to 'False'
[0.122s] Level 5:colcon.colcon_core.verb:set package 'tb3_safety_stop' build argument 'cmake_force_configure' from command line to 'False'
[0.122s] Level 5:colcon.colcon_core.verb:set package 'tb3_safety_stop' build argument 'ament_cmake_args' from command line to 'None'
[0.122s] Level 5:colcon.colcon_core.verb:set package 'tb3_safety_stop' build argument 'catkin_cmake_args' from command line to 'None'
[0.122s] Level 5:colcon.colcon_core.verb:set package 'tb3_safety_stop' build argument 'catkin_skip_building_tests' from command line to 'False'
[0.122s] DEBUG:colcon.colcon_core.verb:Building package 'tb3_safety_stop' with the following arguments: {'ament_cmake_args': None, 'build_base': '/home/falinux/team28/ws/build/tb3_safety_stop', 'catkin_cmake_args': None, 'catkin_skip_building_tests': False, 'cmake_args': None, 'cmake_clean_cache': False, 'cmake_clean_first': False, 'cmake_force_configure': False, 'cmake_target': None, 'cmake_target_skip_unavailable': False, 'install_base': '/home/falinux/team28/ws/install/tb3_safety_stop', 'merge_install': False, 'path': '/home/falinux/team28/ws/src/tb3_safety_stop', 'symlink_install': True, 'test_result_base': None}
[0.122s] Level 5:colcon.colcon_core.verb:set package 'tb3_weather_dt' build argument 'cmake_args' from command line to 'None'
[0.122s] Level 5:colcon.colcon_core.verb:set package 'tb3_weather_dt' build argument 'cmake_target' from command line to 'None'
[0.122s] Level 5:colcon.colcon_core.verb:set package 'tb3_weather_dt' build argument 'cmake_target_skip_unavailable' from command line to 'False'
[0.122s] Level 5:colcon.colcon_core.verb:set package 'tb3_weather_dt' build argument 'cmake_clean_cache' from command line to 'False'
[0.122s] Level 5:colcon.colcon_core.verb:set package 'tb3_weather_dt' build argument 'cmake_clean_first' from command line to 'False'
[0.122s] Level 5:colcon.colcon_core.verb:set package 'tb3_weather_dt' build argument 'cmake_force_configure' from command line to 'False'
[0.122s] Level 5:colcon.colcon_core.verb:set package 'tb3_weather_dt' build argument 'ament_cmake_args' from command line to 'None'
[0.122s] Level 5:colcon.colcon_core.verb:set package 'tb3_weather_dt' build argument 'catkin_cmake_args' from command line to 'None'
[0.122s] Level 5:colcon.colcon_core.verb:set package 'tb3_weather_dt' build argument 'catkin_skip_building_tests' from command line to 'False'
[0.122s] DEBUG:colcon.colcon_core.verb:Building package 'tb3_weather_dt' with the following arguments: {'ament_cmake_args': None, 'build_base': '/home/falinux/team28/ws/build/tb3_weather_dt', 'catkin_cmake_args': None, 'catkin_skip_building_tests': False, 'cmake_args': None, 'cmake_clean_cache': False, 'cmake_clean_first': False, 'cmake_force_configure': False, 'cmake_target': None, 'cmake_target_skip_unavailable': False, 'install_base': '/home/falinux/team28/ws/install/tb3_weather_dt', 'merge_install': False, 'path': '/home/falinux/team28/ws/src/tb3_weather_dt', 'symlink_install': True, 'test_result_base': None}
[0.122s] INFO:colcon.colcon_core.executor:Executing jobs using 'parallel' executor
[0.123s] DEBUG:colcon.colcon_parallel_executor.executor.parallel:run_until_complete
[0.123s] INFO:colcon.colcon_ros.task.ament_python.build:Building ROS package in '/home/falinux/team28/ws/src/my_tb3_world' with build type 'ament_python'
[0.123s] Level 1:colcon.colcon_core.shell:create_environment_hook('my_tb3_world', 'ament_prefix_path')
[0.125s] INFO:colcon.colcon_core.plugin_system:Skipping extension 'colcon_core.shell.bat': Not used on non-Windows systems
[0.125s] INFO:colcon.colcon_core.shell:Creating environment descriptor '/home/falinux/team28/ws/install/my_tb3_world/share/my_tb3_world/hook/ament_prefix_path.dsv'
[0.125s] INFO:colcon.colcon_core.shell:Creating environment hook '/home/falinux/team28/ws/install/my_tb3_world/share/my_tb3_world/hook/ament_prefix_path.sh'
[0.126s] DEBUG:colcon.colcon_core.shell:Skip shell extension 'dsv' for command environment
[0.129s] INFO:colcon.colcon_ros.task.ament_python.build:Building ROS package in '/home/falinux/team28/ws/src/tb3_safety_stop' with build type 'ament_python'
[0.129s] Level 1:colcon.colcon_core.shell:create_environment_hook('tb3_safety_stop', 'ament_prefix_path')
[0.129s] INFO:colcon.colcon_core.shell:Creating environment descriptor '/home/falinux/team28/ws/install/tb3_safety_stop/share/tb3_safety_stop/hook/ament_prefix_path.dsv'
[0.130s] INFO:colcon.colcon_core.shell:Creating environment hook '/home/falinux/team28/ws/install/tb3_safety_stop/share/tb3_safety_stop/hook/ament_prefix_path.sh'
[0.130s] DEBUG:colcon.colcon_core.shell:Skip shell extension 'dsv' for command environment
[0.132s] INFO:colcon.colcon_ros.task.ament_python.build:Building ROS package in '/home/falinux/team28/ws/src/tb3_weather_dt' with build type 'ament_python'
[0.132s] Level 1:colcon.colcon_core.shell:create_environment_hook('tb3_weather_dt', 'ament_prefix_path')
[0.132s] INFO:colcon.colcon_core.shell:Creating environment descriptor '/home/falinux/team28/ws/install/tb3_weather_dt/share/tb3_weather_dt/hook/ament_prefix_path.dsv'
[0.133s] INFO:colcon.colcon_core.shell:Creating environment hook '/home/falinux/team28/ws/install/tb3_weather_dt/share/tb3_weather_dt/hook/ament_prefix_path.sh'
[0.133s] DEBUG:colcon.colcon_core.shell:Skip shell extension 'dsv' for command environment
[0.273s] INFO:colcon.colcon_core.task.python.build:Building Python package in '/home/falinux/team28/ws/src/my_tb3_world'
[0.273s] DEBUG:colcon.colcon_core.shell:Skip shell extension 'dsv' for command environment
[0.412s] INFO:colcon.colcon_core.task.python.build:Building Python package in '/home/falinux/team28/ws/src/tb3_safety_stop'
[0.412s] DEBUG:colcon.colcon_core.shell:Skip shell extension 'dsv' for command environment
[0.551s] INFO:colcon.colcon_core.task.python.build:Building Python package in '/home/falinux/team28/ws/src/tb3_weather_dt'
[0.551s] DEBUG:colcon.colcon_core.shell:Skip shell extension 'dsv' for command environment
[0.989s] DEBUG:colcon.colcon_core.event_handler.log_command:Invoking command in '/home/falinux/team28/ws/build/tb3_weather_dt': DEBUGINFOD_URLS=https://debuginfod.ubuntu.com PYTHONPATH=/home/falinux/team28/ws/build/tb3_weather_dt/prefix_override:/usr/lib/python3/dist-packages/colcon_core/task/python/colcon_distutils_commands:/home/falinux/team28/ws/install/tb3_weather_dt/lib/python3.12/site-packages:${PYTHONPATH} /usr/bin/python3 -W ignore:setup.py install is deprecated -W ignore:easy_install command is deprecated setup.py develop --editable --build-directory /home/falinux/team28/ws/build/tb3_weather_dt/build --no-deps symlink_data
[0.990s] DEBUG:colcon.colcon_core.event_handler.log_command:Invoking command in '/home/falinux/team28/ws/build/my_tb3_world': DEBUGINFOD_URLS=https://debuginfod.ubuntu.com PYTHONPATH=/home/falinux/team28/ws/build/my_tb3_world/prefix_override:/usr/lib/python3/dist-packages/colcon_core/task/python/colcon_distutils_commands:/home/falinux/team28/ws/install/my_tb3_world/lib/python3.12/site-packages:${PYTHONPATH} /usr/bin/python3 -W ignore:setup.py install is deprecated -W ignore:easy_install command is deprecated setup.py develop --editable --build-directory /home/falinux/team28/ws/build/my_tb3_world/build --no-deps symlink_data
[0.992s] DEBUG:colcon.colcon_core.event_handler.log_command:Invoking command in '/home/falinux/team28/ws/build/tb3_safety_stop': DEBUGINFOD_URLS=https://debuginfod.ubuntu.com PYTHONPATH=/home/falinux/team28/ws/build/tb3_safety_stop/prefix_override:/usr/lib/python3/dist-packages/colcon_core/task/python/colcon_distutils_commands:/home/falinux/team28/ws/install/tb3_safety_stop/lib/python3.12/site-packages:${PYTHONPATH} /usr/bin/python3 -W ignore:setup.py install is deprecated -W ignore:easy_install command is deprecated setup.py develop --editable --build-directory /home/falinux/team28/ws/build/tb3_safety_stop/build --no-deps symlink_data
[1.472s] Level 1:colcon.colcon_core.shell:create_environment_hook('tb3_safety_stop', 'pythonpath_develop')
[1.472s] INFO:colcon.colcon_core.shell:Creating environment descriptor '/home/falinux/team28/ws/build/tb3_safety_stop/share/tb3_safety_stop/hook/pythonpath_develop.dsv'
[1.472s] DEBUG:colcon.colcon_core.event_handler.log_command:Invoked command in '/home/falinux/team28/ws/build/tb3_safety_stop' returned '0': DEBUGINFOD_URLS=https://debuginfod.ubuntu.com PYTHONPATH=/home/falinux/team28/ws/build/tb3_safety_stop/prefix_override:/usr/lib/python3/dist-packages/colcon_core/task/python/colcon_distutils_commands:/home/falinux/team28/ws/install/tb3_safety_stop/lib/python3.12/site-packages:${PYTHONPATH} /usr/bin/python3 -W ignore:setup.py install is deprecated -W ignore:easy_install command is deprecated setup.py develop --editable --build-directory /home/falinux/team28/ws/build/tb3_safety_stop/build --no-deps symlink_data
[1.472s] INFO:colcon.colcon_core.shell:Creating environment hook '/home/falinux/team28/ws/build/tb3_safety_stop/share/tb3_safety_stop/hook/pythonpath_develop.sh'
[1.474s] Level 1:colcon.colcon_core.environment:checking '/home/falinux/team28/ws/install/tb3_safety_stop' for CMake module files
[1.474s] Level 1:colcon.colcon_core.environment:checking '/home/falinux/team28/ws/install/tb3_safety_stop' for CMake config files
[1.475s] Level 1:colcon.colcon_core.environment:checking '/home/falinux/team28/ws/install/tb3_safety_stop/lib'
[1.475s] Level 1:colcon.colcon_core.environment:checking '/home/falinux/team28/ws/install/tb3_safety_stop/bin'
[1.475s] Level 1:colcon.colcon_core.environment:checking '/home/falinux/team28/ws/install/tb3_safety_stop/lib/pkgconfig/tb3_safety_stop.pc'
[1.475s] Level 1:colcon.colcon_core.environment:checking '/home/falinux/team28/ws/install/tb3_safety_stop/lib/python3.12/site-packages'
[1.475s] Level 1:colcon.colcon_core.shell:create_environment_hook('tb3_safety_stop', 'pythonpath')
[1.475s] INFO:colcon.colcon_core.shell:Creating environment descriptor '/home/falinux/team28/ws/install/tb3_safety_stop/share/tb3_safety_stop/hook/pythonpath.dsv'
[1.476s] INFO:colcon.colcon_core.shell:Creating environment hook '/home/falinux/team28/ws/install/tb3_safety_stop/share/tb3_safety_stop/hook/pythonpath.sh'
[1.476s] Level 1:colcon.colcon_core.environment:checking '/home/falinux/team28/ws/install/tb3_safety_stop/bin'
[1.476s] Level 1:colcon.colcon_core.environment:create_environment_scripts_only(tb3_safety_stop)
[1.476s] INFO:colcon.colcon_core.shell:Creating package descriptor '/home/falinux/team28/ws/install/tb3_safety_stop/share/tb3_safety_stop/package.dsv'
[1.477s] INFO:colcon.colcon_core.shell:Creating package script '/home/falinux/team28/ws/install/tb3_safety_stop/share/tb3_safety_stop/package.sh'
[1.477s] INFO:colcon.colcon_core.shell:Creating package script '/home/falinux/team28/ws/install/tb3_safety_stop/share/tb3_safety_stop/package.bash'
[1.477s] INFO:colcon.colcon_core.shell:Creating package script '/home/falinux/team28/ws/install/tb3_safety_stop/share/tb3_safety_stop/package.zsh'
[1.478s] Level 1:colcon.colcon_core.environment:create_file_with_runtime_dependencies(/home/falinux/team28/ws/install/tb3_safety_stop/share/colcon-core/packages/tb3_safety_stop)
[1.479s] Level 1:colcon.colcon_core.shell:create_environment_hook('my_tb3_world', 'pythonpath_develop')
[1.479s] INFO:colcon.colcon_core.shell:Creating environment descriptor '/home/falinux/team28/ws/build/my_tb3_world/share/my_tb3_world/hook/pythonpath_develop.dsv'
[1.479s] DEBUG:colcon.colcon_core.event_handler.log_command:Invoked command in '/home/falinux/team28/ws/build/my_tb3_world' returned '0': DEBUGINFOD_URLS=https://debuginfod.ubuntu.com PYTHONPATH=/home/falinux/team28/ws/build/my_tb3_world/prefix_override:/usr/lib/python3/dist-packages/colcon_core/task/python/colcon_distutils_commands:/home/falinux/team28/ws/install/my_tb3_world/lib/python3.12/site-packages:${PYTHONPATH} /usr/bin/python3 -W ignore:setup.py install is deprecated -W ignore:easy_install command is deprecated setup.py develop --editable --build-directory /home/falinux/team28/ws/build/my_tb3_world/build --no-deps symlink_data
[1.479s] INFO:colcon.colcon_core.shell:Creating environment hook '/home/falinux/team28/ws/build/my_tb3_world/share/my_tb3_world/hook/pythonpath_develop.sh'
[1.480s] Level 1:colcon.colcon_core.environment:checking '/home/falinux/team28/ws/install/my_tb3_world' for CMake module files
[1.480s] Level 1:colcon.colcon_core.environment:checking '/home/falinux/team28/ws/install/my_tb3_world' for CMake config files
[1.481s] Level 1:colcon.colcon_core.shell:create_environment_hook('my_tb3_world', 'cmake_prefix_path')
[1.481s] INFO:colcon.colcon_core.shell:Creating environment descriptor '/home/falinux/team28/ws/install/my_tb3_world/share/my_tb3_world/hook/cmake_prefix_path.dsv'
[1.481s] INFO:colcon.colcon_core.shell:Creating environment hook '/home/falinux/team28/ws/install/my_tb3_world/share/my_tb3_world/hook/cmake_prefix_path.sh'
[1.482s] Level 1:colcon.colcon_core.environment:checking '/home/falinux/team28/ws/install/my_tb3_world/lib'
[1.482s] Level 1:colcon.colcon_core.environment:checking '/home/falinux/team28/ws/install/my_tb3_world/bin'
[1.482s] Level 1:colcon.colcon_core.environment:checking '/home/falinux/team28/ws/install/my_tb3_world/lib/pkgconfig/my_tb3_world.pc'
[1.482s] Level 1:colcon.colcon_core.environment:checking '/home/falinux/team28/ws/install/my_tb3_world/lib/python3.12/site-packages'
[1.482s] Level 1:colcon.colcon_core.shell:create_environment_hook('my_tb3_world', 'pythonpath')
[1.482s] INFO:colcon.colcon_core.shell:Creating environment descriptor '/home/falinux/team28/ws/install/my_tb3_world/share/my_tb3_world/hook/pythonpath.dsv'
[1.482s] INFO:colcon.colcon_core.shell:Creating environment hook '/home/falinux/team28/ws/install/my_tb3_world/share/my_tb3_world/hook/pythonpath.sh'
[1.483s] Level 1:colcon.colcon_core.environment:checking '/home/falinux/team28/ws/install/my_tb3_world/bin'
[1.483s] Level 1:colcon.colcon_core.environment:create_environment_scripts_only(my_tb3_world)
[1.483s] INFO:colcon.colcon_core.shell:Creating package descriptor '/home/falinux/team28/ws/install/my_tb3_world/share/my_tb3_world/package.dsv'
[1.483s] INFO:colcon.colcon_core.shell:Creating package script '/home/falinux/team28/ws/install/my_tb3_world/share/my_tb3_world/package.sh'
[1.484s] INFO:colcon.colcon_core.shell:Creating package script '/home/falinux/team28/ws/install/my_tb3_world/share/my_tb3_world/package.bash'
[1.484s] INFO:colcon.colcon_core.shell:Creating package script '/home/falinux/team28/ws/install/my_tb3_world/share/my_tb3_world/package.zsh'
[1.484s] Level 1:colcon.colcon_core.environment:create_file_with_runtime_dependencies(/home/falinux/team28/ws/install/my_tb3_world/share/colcon-core/packages/my_tb3_world)
[1.484s] Level 1:colcon.colcon_core.shell:create_environment_hook('tb3_weather_dt', 'pythonpath_develop')
[1.484s] INFO:colcon.colcon_core.shell:Creating environment descriptor '/home/falinux/team28/ws/build/tb3_weather_dt/share/tb3_weather_dt/hook/pythonpath_develop.dsv'
[1.485s] DEBUG:colcon.colcon_core.event_handler.log_command:Invoked command in '/home/falinux/team28/ws/build/tb3_weather_dt' returned '0': DEBUGINFOD_URLS=https://debuginfod.ubuntu.com PYTHONPATH=/home/falinux/team28/ws/build/tb3_weather_dt/prefix_override:/usr/lib/python3/dist-packages/colcon_core/task/python/colcon_distutils_commands:/home/falinux/team28/ws/install/tb3_weather_dt/lib/python3.12/site-packages:${PYTHONPATH} /usr/bin/python3 -W ignore:setup.py install is deprecated -W ignore:easy_install command is deprecated setup.py develop --editable --build-directory /home/falinux/team28/ws/build/tb3_weather_dt/build --no-deps symlink_data
[1.485s] INFO:colcon.colcon_core.shell:Creating environment hook '/home/falinux/team28/ws/build/tb3_weather_dt/share/tb3_weather_dt/hook/pythonpath_develop.sh'
[1.486s] Level 1:colcon.colcon_core.environment:checking '/home/falinux/team28/ws/install/tb3_weather_dt' for CMake module files
[1.486s] Level 1:colcon.colcon_core.environment:checking '/home/falinux/team28/ws/install/tb3_weather_dt' for CMake config files
[1.486s] Level 1:colcon.colcon_core.environment:checking '/home/falinux/team28/ws/install/tb3_weather_dt/lib'
[1.486s] Level 1:colcon.colcon_core.environment:checking '/home/falinux/team28/ws/install/tb3_weather_dt/bin'
[1.486s] Level 1:colcon.colcon_core.environment:checking '/home/falinux/team28/ws/install/tb3_weather_dt/lib/pkgconfig/tb3_weather_dt.pc'
[1.486s] Level 1:colcon.colcon_core.environment:checking '/home/falinux/team28/ws/install/tb3_weather_dt/lib/python3.12/site-packages'
[1.486s] Level 1:colcon.colcon_core.shell:create_environment_hook('tb3_weather_dt', 'pythonpath')
[1.487s] INFO:colcon.colcon_core.shell:Creating environment descriptor '/home/falinux/team28/ws/install/tb3_weather_dt/share/tb3_weather_dt/hook/pythonpath.dsv'
[1.487s] INFO:colcon.colcon_core.shell:Creating environment hook '/home/falinux/team28/ws/install/tb3_weather_dt/share/tb3_weather_dt/hook/pythonpath.sh'
[1.487s] Level 1:colcon.colcon_core.environment:checking '/home/falinux/team28/ws/install/tb3_weather_dt/bin'
[1.487s] Level 1:colcon.colcon_core.environment:create_environment_scripts_only(tb3_weather_dt)
[1.487s] INFO:colcon.colcon_core.shell:Creating package descriptor '/home/falinux/team28/ws/install/tb3_weather_dt/share/tb3_weather_dt/package.dsv'
[1.488s] INFO:colcon.colcon_core.shell:Creating package script '/home/falinux/team28/ws/install/tb3_weather_dt/share/tb3_weather_dt/package.sh'
[1.488s] INFO:colcon.colcon_core.shell:Creating package script '/home/falinux/team28/ws/install/tb3_weather_dt/share/tb3_weather_dt/package.bash'
[1.488s] INFO:colcon.colcon_core.shell:Creating package script '/home/falinux/team28/ws/install/tb3_weather_dt/share/tb3_weather_dt/package.zsh'
[1.488s] Level 1:colcon.colcon_core.environment:create_file_with_runtime_dependencies(/home/falinux/team28/ws/install/tb3_weather_dt/share/colcon-core/packages/tb3_weather_dt)
[1.488s] DEBUG:colcon.colcon_parallel_executor.executor.parallel:closing loop
[1.489s] DEBUG:colcon.colcon_parallel_executor.executor.parallel:loop closed
[1.489s] DEBUG:colcon.colcon_parallel_executor.executor.parallel:run_until_complete finished with '0'
[1.489s] DEBUG:colcon.colcon_core.event_reactor:joining thread
[1.493s] INFO:colcon.colcon_core.plugin_system:Skipping extension 'colcon_notification.desktop_notification.terminal_notifier': Not used on non-Darwin systems
[1.493s] INFO:colcon.colcon_core.plugin_system:Skipping extension 'colcon_notification.desktop_notification.win32': Not used on non-Windows systems
[1.493s] INFO:colcon.colcon_notification.desktop_notification:Sending desktop notification using 'notify2'
[1.503s] DEBUG:colcon.colcon_core.event_reactor:joined thread
[1.503s] INFO:colcon.colcon_core.shell:Creating prefix script '/home/falinux/team28/ws/install/local_setup.sh'
[1.504s] INFO:colcon.colcon_core.shell:Creating prefix util module '/home/falinux/team28/ws/install/_local_setup_util_sh.py'
[1.506s] INFO:colcon.colcon_core.shell:Creating prefix chain script '/home/falinux/team28/ws/install/setup.sh'
[1.508s] INFO:colcon.colcon_core.shell:Creating prefix script '/home/falinux/team28/ws/install/local_setup.bash'
[1.509s] INFO:colcon.colcon_core.shell:Creating prefix chain script '/home/falinux/team28/ws/install/setup.bash'
[1.511s] INFO:colcon.colcon_core.shell:Creating prefix script '/home/falinux/team28/ws/install/local_setup.zsh'
[1.511s] INFO:colcon.colcon_core.shell:Creating prefix chain script '/home/falinux/team28/ws/install/setup.zsh'
