[3.595s] Invoking command in '/home/falinux/CBL_twinning/src/border_recorder': DEBUGINFOD_URLS=https://debuginfod.ubuntu.com PYTHONPATH=/home/falinux/CBL_twinning/build/border_recorder/prefix_override:/usr/lib/python3/dist-packages/colcon_core/task/python/colcon_distutils_commands:/home/falinux/CBL_twinning/install/border_recorder/lib/python3.12/site-packages:${PYTHONPATH} /usr/bin/python3 -W ignore:setup.py install is deprecated -W ignore:easy_install command is deprecated setup.py egg_info --egg-base ../../build/border_recorder build --build-base /home/falinux/CBL_twinning/build/border_recorder/build install --record /home/falinux/CBL_twinning/build/border_recorder/install.log --single-version-externally-managed install_data
[4.504s] running egg_info
[4.552s] writing ../../build/border_recorder/border_recorder.egg-info/PKG-INFO
[4.553s] writing dependency_links to ../../build/border_recorder/border_recorder.egg-info/dependency_links.txt
[4.553s] writing entry points to ../../build/border_recorder/border_recorder.egg-info/entry_points.txt
[4.554s] writing requirements to ../../build/border_recorder/border_recorder.egg-info/requires.txt
[4.554s] writing top-level names to ../../build/border_recorder/border_recorder.egg-info/top_level.txt
[4.664s] reading manifest file '../../build/border_recorder/border_recorder.egg-info/SOURCES.txt'
[4.673s] writing manifest file '../../build/border_recorder/border_recorder.egg-info/SOURCES.txt'
[4.673s] running build
[4.673s] running build_py
[4.674s] running install
[4.702s] running install_lib
[4.776s] running install_data
[4.777s] running install_egg_info
[4.864s] removing '/home/falinux/CBL_twinning/install/border_recorder/lib/python3.12/site-packages/border_recorder-0.1.0-py3.12.egg-info' (and everything under it)
[4.873s] Copying ../../build/border_recorder/border_recorder.egg-info to /home/falinux/CBL_twinning/install/border_recorder/lib/python3.12/site-packages/border_recorder-0.1.0-py3.12.egg-info
[4.874s] running install_scripts
[5.286s] Installing border_recorder_node script to /home/falinux/CBL_twinning/install/border_recorder/lib/border_recorder
[5.287s] writing list of installed files to '/home/falinux/CBL_twinning/build/border_recorder/install.log'
[5.346s] Invoked command in '/home/falinux/CBL_twinning/src/border_recorder' returned '0': DEBUGINFOD_URLS=https://debuginfod.ubuntu.com PYTHONPATH=/home/falinux/CBL_twinning/build/border_recorder/prefix_override:/usr/lib/python3/dist-packages/colcon_core/task/python/colcon_distutils_commands:/home/falinux/CBL_twinning/install/border_recorder/lib/python3.12/site-packages:${PYTHONPATH} /usr/bin/python3 -W ignore:setup.py install is deprecated -W ignore:easy_install command is deprecated setup.py egg_info --egg-base ../../build/border_recorder build --build-base /home/falinux/CBL_twinning/build/border_recorder/build install --record /home/falinux/CBL_twinning/build/border_recorder/install.log --single-version-externally-managed install_data
