[0.569s] Invoking command in '/home/falinux/CBL_twinning/ws/build/border_guard': DEBUGINFOD_URLS=https://debuginfod.ubuntu.com PYTHONPATH=/home/falinux/CBL_twinning/ws/build/border_guard/prefix_override:/usr/lib/python3/dist-packages/colcon_core/task/python/colcon_distutils_commands:/home/falinux/CBL_twinning/ws/install/border_guard/lib/python3.12/site-packages: /usr/bin/python3 -W ignore:setup.py install is deprecated -W ignore:easy_install command is deprecated setup.py develop --uninstall --editable --build-directory /home/falinux/CBL_twinning/ws/build/border_guard/build
[0.740s] running develop
[0.817s] Removing /home/falinux/CBL_twinning/ws/install/border_guard/lib/python3.12/site-packages/border-guard.egg-link (link to .)
[0.843s] Invoked command in '/home/falinux/CBL_twinning/ws/build/border_guard' returned '0': DEBUGINFOD_URLS=https://debuginfod.ubuntu.com PYTHONPATH=/home/falinux/CBL_twinning/ws/build/border_guard/prefix_override:/usr/lib/python3/dist-packages/colcon_core/task/python/colcon_distutils_commands:/home/falinux/CBL_twinning/ws/install/border_guard/lib/python3.12/site-packages: /usr/bin/python3 -W ignore:setup.py install is deprecated -W ignore:easy_install command is deprecated setup.py develop --uninstall --editable --build-directory /home/falinux/CBL_twinning/ws/build/border_guard/build
[0.844s] Invoking command in '/home/falinux/CBL_twinning/ws/src/border_guard': DEBUGINFOD_URLS=https://debuginfod.ubuntu.com PYTHONPATH=/home/falinux/CBL_twinning/ws/build/border_guard/prefix_override:/usr/lib/python3/dist-packages/colcon_core/task/python/colcon_distutils_commands:/home/falinux/CBL_twinning/ws/install/border_guard/lib/python3.12/site-packages: /usr/bin/python3 -W ignore:setup.py install is deprecated -W ignore:easy_install command is deprecated setup.py egg_info --egg-base ../../build/border_guard build --build-base /home/falinux/CBL_twinning/ws/build/border_guard/build install --record /home/falinux/CBL_twinning/ws/build/border_guard/install.log --single-version-externally-managed install_data --force
[0.979s] running egg_info
[0.985s] writing ../../build/border_guard/border_guard.egg-info/PKG-INFO
[0.985s] writing dependency_links to ../../build/border_guard/border_guard.egg-info/dependency_links.txt
[0.985s] writing entry points to ../../build/border_guard/border_guard.egg-info/entry_points.txt
[0.986s] writing requirements to ../../build/border_guard/border_guard.egg-info/requires.txt
[0.986s] writing top-level names to ../../build/border_guard/border_guard.egg-info/top_level.txt
[1.000s] reading manifest file '../../build/border_guard/border_guard.egg-info/SOURCES.txt'
[1.001s] writing manifest file '../../build/border_guard/border_guard.egg-info/SOURCES.txt'
[1.001s] running build
[1.001s] running build_py
[1.001s] copying border_guard/border_guard_node.py -> /home/falinux/CBL_twinning/ws/build/border_guard/build/lib/border_guard
[1.001s] running install
[1.006s] running install_lib
[1.014s] creating /home/falinux/CBL_twinning/ws/install/border_guard/lib/python3.12/site-packages/border_guard
[1.014s] copying /home/falinux/CBL_twinning/ws/build/border_guard/build/lib/border_guard/__init__.py -> /home/falinux/CBL_twinning/ws/install/border_guard/lib/python3.12/site-packages/border_guard
[1.014s] copying /home/falinux/CBL_twinning/ws/build/border_guard/build/lib/border_guard/border_guard_node.py -> /home/falinux/CBL_twinning/ws/install/border_guard/lib/python3.12/site-packages/border_guard
[1.014s] byte-compiling /home/falinux/CBL_twinning/ws/install/border_guard/lib/python3.12/site-packages/border_guard/__init__.py to __init__.cpython-312.pyc
[1.014s] byte-compiling /home/falinux/CBL_twinning/ws/install/border_guard/lib/python3.12/site-packages/border_guard/border_guard_node.py to border_guard_node.cpython-312.pyc
[1.016s] running install_data
[1.016s] copying resource/border_guard -> /home/falinux/CBL_twinning/ws/install/border_guard/share/ament_index/resource_index/packages
[1.016s] copying package.xml -> /home/falinux/CBL_twinning/ws/install/border_guard/share/border_guard
[1.016s] copying launch/border_guard.launch.py -> /home/falinux/CBL_twinning/ws/install/border_guard/share/border_guard/launch
[1.016s] running install_egg_info
[1.024s] Copying ../../build/border_guard/border_guard.egg-info to /home/falinux/CBL_twinning/ws/install/border_guard/lib/python3.12/site-packages/border_guard-0.1.0-py3.12.egg-info
[1.025s] running install_scripts
[1.084s] Installing border_guard_node script to /home/falinux/CBL_twinning/ws/install/border_guard/lib/border_guard
[1.084s] writing list of installed files to '/home/falinux/CBL_twinning/ws/build/border_guard/install.log'
[1.108s] Invoked command in '/home/falinux/CBL_twinning/ws/src/border_guard' returned '0': DEBUGINFOD_URLS=https://debuginfod.ubuntu.com PYTHONPATH=/home/falinux/CBL_twinning/ws/build/border_guard/prefix_override:/usr/lib/python3/dist-packages/colcon_core/task/python/colcon_distutils_commands:/home/falinux/CBL_twinning/ws/install/border_guard/lib/python3.12/site-packages: /usr/bin/python3 -W ignore:setup.py install is deprecated -W ignore:easy_install command is deprecated setup.py egg_info --egg-base ../../build/border_guard build --build-base /home/falinux/CBL_twinning/ws/build/border_guard/build install --record /home/falinux/CBL_twinning/ws/build/border_guard/install.log --single-version-externally-managed install_data --force
