running egg_info
writing ../../build/border_recorder/border_recorder.egg-info/PKG-INFO
writing dependency_links to ../../build/border_recorder/border_recorder.egg-info/dependency_links.txt
writing entry points to ../../build/border_recorder/border_recorder.egg-info/entry_points.txt
writing requirements to ../../build/border_recorder/border_recorder.egg-info/requires.txt
writing top-level names to ../../build/border_recorder/border_recorder.egg-info/top_level.txt
reading manifest file '../../build/border_recorder/border_recorder.egg-info/SOURCES.txt'
writing manifest file '../../build/border_recorder/border_recorder.egg-info/SOURCES.txt'
running build
running build_py
copying border_recorder/border_recorder_node.py -> /home/falinux/CBL_twinning/ws/build/border_recorder/build/lib/border_recorder
running install
running install_lib
copying /home/falinux/CBL_twinning/ws/build/border_recorder/build/lib/border_recorder/border_recorder_node.py -> /home/falinux/CBL_twinning/ws/install/border_recorder/lib/python3.12/site-packages/border_recorder
byte-compiling /home/falinux/CBL_twinning/ws/install/border_recorder/lib/python3.12/site-packages/border_recorder/border_recorder_node.py to border_recorder_node.cpython-312.pyc
running install_data
copying package.xml -> /home/falinux/CBL_twinning/ws/install/border_recorder/share/border_recorder
copying launch/border_recorder.launch.py -> /home/falinux/CBL_twinning/ws/install/border_recorder/share/border_recorder/launch
running install_egg_info
removing '/home/falinux/CBL_twinning/ws/install/border_recorder/lib/python3.12/site-packages/border_recorder-0.1.0-py3.12.egg-info' (and everything under it)
Copying ../../build/border_recorder/border_recorder.egg-info to /home/falinux/CBL_twinning/ws/install/border_recorder/lib/python3.12/site-packages/border_recorder-0.1.0-py3.12.egg-info
running install_scripts
Installing border_recorder_node script to /home/falinux/CBL_twinning/ws/install/border_recorder/lib/border_recorder
writing list of installed files to '/home/falinux/CBL_twinning/ws/build/border_recorder/install.log'
