[0.998s] Invoking command in '/home/falinux/CBL_twinning/ws/src/border_recorder': DEBUGINFOD_URLS=https://debuginfod.ubuntu.com PYTHONPATH=/home/falinux/CBL_twinning/ws/build/border_recorder/prefix_override:/usr/lib/python3/dist-packages/colcon_core/task/python/colcon_distutils_commands:/home/falinux/CBL_twinning/ws/install/border_recorder/lib/python3.12/site-packages:${PYTHONPATH} /usr/bin/python3 -W ignore:setup.py install is deprecated -W ignore:easy_install command is deprecated setup.py egg_info --egg-base ../../build/border_recorder build --build-base /home/falinux/CBL_twinning/ws/build/border_recorder/build install --record /home/falinux/CBL_twinning/ws/build/border_recorder/install.log --single-version-externally-managed install_data
[1.337s] running egg_info
[1.360s] writing ../../build/border_recorder/border_recorder.egg-info/PKG-INFO
[1.361s] writing dependency_links to ../../build/border_recorder/border_recorder.egg-info/dependency_links.txt
[1.361s] writing entry points to ../../build/border_recorder/border_recorder.egg-info/entry_points.txt
[1.361s] writing requirements to ../../build/border_recorder/border_recorder.egg-info/requires.txt
[1.361s] writing top-level names to ../../build/border_recorder/border_recorder.egg-info/top_level.txt
[1.403s] reading manifest file '../../build/border_recorder/border_recorder.egg-info/SOURCES.txt'
[1.404s] writing manifest file '../../build/border_recorder/border_recorder.egg-info/SOURCES.txt'
[1.405s] running build
[1.405s] running build_py
[1.405s] copying border_recorder/border_recorder_node.py -> /home/falinux/CBL_twinning/ws/build/border_recorder/build/lib/border_recorder
[1.405s] running install
[1.412s] running install_lib
[1.434s] copying /home/falinux/CBL_twinning/ws/build/border_recorder/build/lib/border_recorder/border_recorder_node.py -> /home/falinux/CBL_twinning/ws/install/border_recorder/lib/python3.12/site-packages/border_recorder
[1.435s] byte-compiling /home/falinux/CBL_twinning/ws/install/border_recorder/lib/python3.12/site-packages/border_recorder/border_recorder_node.py to border_recorder_node.cpython-312.pyc
[1.438s] running install_data
[1.438s] copying package.xml -> /home/falinux/CBL_twinning/ws/install/border_recorder/share/border_recorder
[1.438s] copying launch/border_recorder.launch.py -> /home/falinux/CBL_twinning/ws/install/border_recorder/share/border_recorder/launch
[1.438s] running install_egg_info
[1.461s] removing '/home/falinux/CBL_twinning/ws/install/border_recorder/lib/python3.12/site-packages/border_recorder-0.1.0-py3.12.egg-info' (and everything under it)
[1.461s] Copying ../../build/border_recorder/border_recorder.egg-info to /home/falinux/CBL_twinning/ws/install/border_recorder/lib/python3.12/site-packages/border_recorder-0.1.0-py3.12.egg-info
[1.462s] running install_scripts
[1.606s] Installing border_recorder_node script to /home/falinux/CBL_twinning/ws/install/border_recorder/lib/border_recorder
[1.606s] writing list of installed files to '/home/falinux/CBL_twinning/ws/build/border_recorder/install.log'
[1.644s] Invoked command in '/home/falinux/CBL_twinning/ws/src/border_recorder' returned '0': DEBUGINFOD_URLS=https://debuginfod.ubuntu.com PYTHONPATH=/home/falinux/CBL_twinning/ws/build/border_recorder/prefix_override:/usr/lib/python3/dist-packages/colcon_core/task/python/colcon_distutils_commands:/home/falinux/CBL_twinning/ws/install/border_recorder/lib/python3.12/site-packages:${PYTHONPATH} /usr/bin/python3 -W ignore:setup.py install is deprecated -W ignore:easy_install command is deprecated setup.py egg_info --egg-base ../../build/border_recorder build --build-base /home/falinux/CBL_twinning/ws/build/border_recorder/build install --record /home/falinux/CBL_twinning/ws/build/border_recorder/install.log --single-version-externally-managed install_data
