running egg_info
creating ../../../build/border_recorder/border_recorder.egg-info
writing ../../../build/border_recorder/border_recorder.egg-info/PKG-INFO
writing dependency_links to ../../../build/border_recorder/border_recorder.egg-info/dependency_links.txt
writing entry points to ../../../build/border_recorder/border_recorder.egg-info/entry_points.txt
writing requirements to ../../../build/border_recorder/border_recorder.egg-info/requires.txt
writing top-level names to ../../../build/border_recorder/border_recorder.egg-info/top_level.txt
writing manifest file '../../../build/border_recorder/border_recorder.egg-info/SOURCES.txt'
reading manifest file '../../../build/border_recorder/border_recorder.egg-info/SOURCES.txt'
writing manifest file '../../../build/border_recorder/border_recorder.egg-info/SOURCES.txt'
running build
running build_py
creating /home/falinux/CBL_twinning/build/border_recorder/build
creating /home/falinux/CBL_twinning/build/border_recorder/build/lib
creating /home/falinux/CBL_twinning/build/border_recorder/build/lib/border_recorder
copying border_recorder/__init__.py -> /home/falinux/CBL_twinning/build/border_recorder/build/lib/border_recorder
copying border_recorder/border_recorder_node.py -> /home/falinux/CBL_twinning/build/border_recorder/build/lib/border_recorder
running install
running install_lib
creating /home/falinux/CBL_twinning/install/border_recorder/lib/python3.12/site-packages/border_recorder
copying /home/falinux/CBL_twinning/build/border_recorder/build/lib/border_recorder/__init__.py -> /home/falinux/CBL_twinning/install/border_recorder/lib/python3.12/site-packages/border_recorder
copying /home/falinux/CBL_twinning/build/border_recorder/build/lib/border_recorder/border_recorder_node.py -> /home/falinux/CBL_twinning/install/border_recorder/lib/python3.12/site-packages/border_recorder
byte-compiling /home/falinux/CBL_twinning/install/border_recorder/lib/python3.12/site-packages/border_recorder/__init__.py to __init__.cpython-312.pyc
byte-compiling /home/falinux/CBL_twinning/install/border_recorder/lib/python3.12/site-packages/border_recorder/border_recorder_node.py to border_recorder_node.cpython-312.pyc
running install_data
creating /home/falinux/CBL_twinning/install/border_recorder/share/ament_index
creating /home/falinux/CBL_twinning/install/border_recorder/share/ament_index/resource_index
creating /home/falinux/CBL_twinning/install/border_recorder/share/ament_index/resource_index/packages
copying resource/border_recorder -> /home/falinux/CBL_twinning/install/border_recorder/share/ament_index/resource_index/packages
copying package.xml -> /home/falinux/CBL_twinning/install/border_recorder/share/border_recorder
creating /home/falinux/CBL_twinning/install/border_recorder/share/border_recorder/launch
copying launch/border_recorder.launch.py -> /home/falinux/CBL_twinning/install/border_recorder/share/border_recorder/launch
running install_egg_info
Copying ../../../build/border_recorder/border_recorder.egg-info to /home/falinux/CBL_twinning/install/border_recorder/lib/python3.12/site-packages/border_recorder-0.1.0-py3.12.egg-info
running install_scripts
Installing border_recorder_node script to /home/falinux/CBL_twinning/install/border_recorder/lib/border_recorder
writing list of installed files to '/home/falinux/CBL_twinning/build/border_recorder/install.log'
