[1.109s] Invoking command in '/home/falinux/CBL_twinning/ws/src/border_recorder': DEBUGINFOD_URLS=https://debuginfod.ubuntu.com PYTHONPATH=/home/falinux/CBL_twinning/build/border_recorder/prefix_override:/usr/lib/python3/dist-packages/colcon_core/task/python/colcon_distutils_commands:/home/falinux/CBL_twinning/install/border_recorder/lib/python3.12/site-packages:${PYTHONPATH} /usr/bin/python3 -W ignore:setup.py install is deprecated -W ignore:easy_install command is deprecated setup.py egg_info --egg-base ../../../build/border_recorder build --build-base /home/falinux/CBL_twinning/build/border_recorder/build install --record /home/falinux/CBL_twinning/build/border_recorder/install.log --single-version-externally-managed install_data
[1.389s] running egg_info
[1.389s] creating ../../../build/border_recorder/border_recorder.egg-info
[1.409s] writing ../../../build/border_recorder/border_recorder.egg-info/PKG-INFO
[1.409s] writing dependency_links to ../../../build/border_recorder/border_recorder.egg-info/dependency_links.txt
[1.410s] writing entry points to ../../../build/border_recorder/border_recorder.egg-info/entry_points.txt
[1.410s] writing requirements to ../../../build/border_recorder/border_recorder.egg-info/requires.txt
[1.410s] writing top-level names to ../../../build/border_recorder/border_recorder.egg-info/top_level.txt
[1.410s] writing manifest file '../../../build/border_recorder/border_recorder.egg-info/SOURCES.txt'
[1.445s] reading manifest file '../../../build/border_recorder/border_recorder.egg-info/SOURCES.txt'
[1.446s] writing manifest file '../../../build/border_recorder/border_recorder.egg-info/SOURCES.txt'
[1.446s] running build
[1.446s] running build_py
[1.446s] creating /home/falinux/CBL_twinning/build/border_recorder/build
[1.446s] creating /home/falinux/CBL_twinning/build/border_recorder/build/lib
[1.446s] creating /home/falinux/CBL_twinning/build/border_recorder/build/lib/border_recorder
[1.446s] copying border_recorder/__init__.py -> /home/falinux/CBL_twinning/build/border_recorder/build/lib/border_recorder
[1.447s] copying border_recorder/border_recorder_node.py -> /home/falinux/CBL_twinning/build/border_recorder/build/lib/border_recorder
[1.447s] running install
[1.452s] running install_lib
[1.469s] creating /home/falinux/CBL_twinning/install/border_recorder/lib/python3.12/site-packages/border_recorder
[1.469s] copying /home/falinux/CBL_twinning/build/border_recorder/build/lib/border_recorder/__init__.py -> /home/falinux/CBL_twinning/install/border_recorder/lib/python3.12/site-packages/border_recorder
[1.469s] copying /home/falinux/CBL_twinning/build/border_recorder/build/lib/border_recorder/border_recorder_node.py -> /home/falinux/CBL_twinning/install/border_recorder/lib/python3.12/site-packages/border_recorder
[1.470s] byte-compiling /home/falinux/CBL_twinning/install/border_recorder/lib/python3.12/site-packages/border_recorder/__init__.py to __init__.cpython-312.pyc
[1.470s] byte-compiling /home/falinux/CBL_twinning/install/border_recorder/lib/python3.12/site-packages/border_recorder/border_recorder_node.py to border_recorder_node.cpython-312.pyc
[1.472s] running install_data
[1.472s] creating /home/falinux/CBL_twinning/install/border_recorder/share/ament_index
[1.472s] creating /home/falinux/CBL_twinning/install/border_recorder/share/ament_index/resource_index
[1.472s] creating /home/falinux/CBL_twinning/install/border_recorder/share/ament_index/resource_index/packages
[1.472s] copying resource/border_recorder -> /home/falinux/CBL_twinning/install/border_recorder/share/ament_index/resource_index/packages
[1.472s] copying package.xml -> /home/falinux/CBL_twinning/install/border_recorder/share/border_recorder
[1.473s] creating /home/falinux/CBL_twinning/install/border_recorder/share/border_recorder/launch
[1.473s] copying launch/border_recorder.launch.py -> /home/falinux/CBL_twinning/install/border_recorder/share/border_recorder/launch
[1.473s] running install_egg_info
[1.489s] Copying ../../../build/border_recorder/border_recorder.egg-info to /home/falinux/CBL_twinning/install/border_recorder/lib/python3.12/site-packages/border_recorder-0.1.0-py3.12.egg-info
[1.489s] running install_scripts
[1.631s] Installing border_recorder_node script to /home/falinux/CBL_twinning/install/border_recorder/lib/border_recorder
[1.632s] writing list of installed files to '/home/falinux/CBL_twinning/build/border_recorder/install.log'
[1.655s] Invoked command in '/home/falinux/CBL_twinning/ws/src/border_recorder' returned '0': DEBUGINFOD_URLS=https://debuginfod.ubuntu.com PYTHONPATH=/home/falinux/CBL_twinning/build/border_recorder/prefix_override:/usr/lib/python3/dist-packages/colcon_core/task/python/colcon_distutils_commands:/home/falinux/CBL_twinning/install/border_recorder/lib/python3.12/site-packages:${PYTHONPATH} /usr/bin/python3 -W ignore:setup.py install is deprecated -W ignore:easy_install command is deprecated setup.py egg_info --egg-base ../../../build/border_recorder build --build-base /home/falinux/CBL_twinning/build/border_recorder/build install --record /home/falinux/CBL_twinning/build/border_recorder/install.log --single-version-externally-managed install_data
