[1.384s] Invoking command in '/home/falinux/CBL_twinning/ws/src/border_guard': DEBUGINFOD_URLS=https://debuginfod.ubuntu.com PYTHONPATH=/home/falinux/CBL_twinning/build/border_guard/prefix_override:/usr/lib/python3/dist-packages/colcon_core/task/python/colcon_distutils_commands:/home/falinux/CBL_twinning/install/border_guard/lib/python3.12/site-packages: /usr/bin/python3 -W ignore:setup.py install is deprecated -W ignore:easy_install command is deprecated setup.py egg_info --egg-base ../../../build/border_guard build --build-base /home/falinux/CBL_twinning/build/border_guard/build install --record /home/falinux/CBL_twinning/build/border_guard/install.log --single-version-externally-managed install_data
[1.563s] running egg_info
[1.572s] writing ../../../build/border_guard/border_guard.egg-info/PKG-INFO
[1.582s] writing dependency_links to ../../../build/border_guard/border_guard.egg-info/dependency_links.txt
[1.584s] writing entry points to ../../../build/border_guard/border_guard.egg-info/entry_points.txt
[1.584s] writing requirements to ../../../build/border_guard/border_guard.egg-info/requires.txt
[1.584s] writing top-level names to ../../../build/border_guard/border_guard.egg-info/top_level.txt
[1.602s] reading manifest file '../../../build/border_guard/border_guard.egg-info/SOURCES.txt'
[1.603s] writing manifest file '../../../build/border_guard/border_guard.egg-info/SOURCES.txt'
[1.603s] running build
[1.604s] running build_py
[1.606s] copying border_guard/border_guard_node.py -> /home/falinux/CBL_twinning/build/border_guard/build/lib/border_guard
[1.606s] running install
[1.612s] running install_lib
[1.622s] copying /home/falinux/CBL_twinning/build/border_guard/build/lib/border_guard/border_guard_node.py -> /home/falinux/CBL_twinning/install/border_guard/lib/python3.12/site-packages/border_guard
[1.623s] byte-compiling /home/falinux/CBL_twinning/install/border_guard/lib/python3.12/site-packages/border_guard/border_guard_node.py to border_guard_node.cpython-312.pyc
[1.625s] running install_data
[1.625s] running install_egg_info
[1.636s] removing '/home/falinux/CBL_twinning/install/border_guard/lib/python3.12/site-packages/border_guard-0.1.0-py3.12.egg-info' (and everything under it)
[1.636s] Copying ../../../build/border_guard/border_guard.egg-info to /home/falinux/CBL_twinning/install/border_guard/lib/python3.12/site-packages/border_guard-0.1.0-py3.12.egg-info
[1.637s] running install_scripts
[1.715s] Installing border_guard_node script to /home/falinux/CBL_twinning/install/border_guard/lib/border_guard
[1.715s] writing list of installed files to '/home/falinux/CBL_twinning/build/border_guard/install.log'
[1.766s] Invoked command in '/home/falinux/CBL_twinning/ws/src/border_guard' returned '0': DEBUGINFOD_URLS=https://debuginfod.ubuntu.com PYTHONPATH=/home/falinux/CBL_twinning/build/border_guard/prefix_override:/usr/lib/python3/dist-packages/colcon_core/task/python/colcon_distutils_commands:/home/falinux/CBL_twinning/install/border_guard/lib/python3.12/site-packages: /usr/bin/python3 -W ignore:setup.py install is deprecated -W ignore:easy_install command is deprecated setup.py egg_info --egg-base ../../../build/border_guard build --build-base /home/falinux/CBL_twinning/build/border_guard/build install --record /home/falinux/CBL_twinning/build/border_guard/install.log --single-version-externally-managed install_data
