[2.905s] Invoking command in '/home/falinux/CBL_twinning/src/turtlebot3_teleop': DEBUGINFOD_URLS=https://debuginfod.ubuntu.com PYTHONPATH=/home/falinux/CBL_twinning/build/turtlebot3_teleop/prefix_override:/usr/lib/python3/dist-packages/colcon_core/task/python/colcon_distutils_commands:/home/falinux/CBL_twinning/install/turtlebot3_teleop/lib/python3.12/site-packages:${PYTHONPATH} /usr/bin/python3 -W ignore:setup.py install is deprecated -W ignore:easy_install command is deprecated setup.py egg_info --egg-base ../../build/turtlebot3_teleop build --build-base /home/falinux/CBL_twinning/build/turtlebot3_teleop/build install --record /home/falinux/CBL_twinning/build/turtlebot3_teleop/install.log --single-version-externally-managed install_data
[3.446s] running egg_info
[3.481s] writing ../../build/turtlebot3_teleop/turtlebot3_teleop.egg-info/PKG-INFO
[3.481s] writing dependency_links to ../../build/turtlebot3_teleop/turtlebot3_teleop.egg-info/dependency_links.txt
[3.481s] writing entry points to ../../build/turtlebot3_teleop/turtlebot3_teleop.egg-info/entry_points.txt
[3.481s] writing requirements to ../../build/turtlebot3_teleop/turtlebot3_teleop.egg-info/requires.txt
[3.482s] writing top-level names to ../../build/turtlebot3_teleop/turtlebot3_teleop.egg-info/top_level.txt
[3.559s] reading manifest file '../../build/turtlebot3_teleop/turtlebot3_teleop.egg-info/SOURCES.txt'
[3.559s] writing manifest file '../../build/turtlebot3_teleop/turtlebot3_teleop.egg-info/SOURCES.txt'
[3.560s] running build
[3.560s] running build_py
[3.560s] running install
[3.574s] running install_lib
[3.612s] running install_data
[3.615s] running install_egg_info
[3.652s] removing '/home/falinux/CBL_twinning/install/turtlebot3_teleop/lib/python3.12/site-packages/turtlebot3_teleop-2.3.6-py3.12.egg-info' (and everything under it)
[3.653s] Copying ../../build/turtlebot3_teleop/turtlebot3_teleop.egg-info to /home/falinux/CBL_twinning/install/turtlebot3_teleop/lib/python3.12/site-packages/turtlebot3_teleop-2.3.6-py3.12.egg-info
[3.660s] running install_scripts
[3.913s] Installing teleop_keyboard script to /home/falinux/CBL_twinning/install/turtlebot3_teleop/lib/turtlebot3_teleop
[3.915s] writing list of installed files to '/home/falinux/CBL_twinning/build/turtlebot3_teleop/install.log'
[3.984s] Invoked command in '/home/falinux/CBL_twinning/src/turtlebot3_teleop' returned '0': DEBUGINFOD_URLS=https://debuginfod.ubuntu.com PYTHONPATH=/home/falinux/CBL_twinning/build/turtlebot3_teleop/prefix_override:/usr/lib/python3/dist-packages/colcon_core/task/python/colcon_distutils_commands:/home/falinux/CBL_twinning/install/turtlebot3_teleop/lib/python3.12/site-packages:${PYTHONPATH} /usr/bin/python3 -W ignore:setup.py install is deprecated -W ignore:easy_install command is deprecated setup.py egg_info --egg-base ../../build/turtlebot3_teleop build --build-base /home/falinux/CBL_twinning/build/turtlebot3_teleop/build install --record /home/falinux/CBL_twinning/build/turtlebot3_teleop/install.log --single-version-externally-managed install_data
