[1.060s] Invoking command in '/home/falinux/team28/ws/build/tb3_weather_dt': DEBUGINFOD_URLS=https://debuginfod.ubuntu.com PYTHONPATH=/home/falinux/team28/ws/build/tb3_weather_dt/prefix_override:/usr/lib/python3/dist-packages/colcon_core/task/python/colcon_distutils_commands:/home/falinux/team28/ws/install/tb3_weather_dt/lib/python3.12/site-packages:${PYTHONPATH} /usr/bin/python3 -W ignore:setup.py install is deprecated -W ignore:easy_install command is deprecated setup.py develop --editable --build-directory /home/falinux/team28/ws/build/tb3_weather_dt/build --no-deps symlink_data --force
[1.291s] running develop
[1.432s] running egg_info
[1.446s] writing tb3_weather_dt.egg-info/PKG-INFO
[1.446s] writing dependency_links to tb3_weather_dt.egg-info/dependency_links.txt
[1.446s] writing entry points to tb3_weather_dt.egg-info/entry_points.txt
[1.446s] writing requirements to tb3_weather_dt.egg-info/requires.txt
[1.446s] writing top-level names to tb3_weather_dt.egg-info/top_level.txt
[1.474s] reading manifest file 'tb3_weather_dt.egg-info/SOURCES.txt'
[1.475s] writing manifest file 'tb3_weather_dt.egg-info/SOURCES.txt'
[1.489s] running build_ext
[1.489s] Creating /home/falinux/team28/ws/install/tb3_weather_dt/lib/python3.12/site-packages/tb3-weather-dt.egg-link (link to .)
[1.490s] Installing twin_safety_supervisor script to /home/falinux/team28/ws/install/tb3_weather_dt/lib/tb3_weather_dt
[1.490s] Installing weather_adapter script to /home/falinux/team28/ws/install/tb3_weather_dt/lib/tb3_weather_dt
[1.490s] 
[1.490s] Installed /home/falinux/team28/ws/build/tb3_weather_dt
[1.490s] running symlink_data
[1.491s] symbolically linking /home/falinux/team28/ws/build/tb3_weather_dt/resource/tb3_weather_dt -> /home/falinux/team28/ws/install/tb3_weather_dt/share/ament_index/resource_index/packages
[1.491s] symbolically linking /home/falinux/team28/ws/build/tb3_weather_dt/package.xml -> /home/falinux/team28/ws/install/tb3_weather_dt/share/tb3_weather_dt
[1.537s] Invoked command in '/home/falinux/team28/ws/build/tb3_weather_dt' returned '0': DEBUGINFOD_URLS=https://debuginfod.ubuntu.com PYTHONPATH=/home/falinux/team28/ws/build/tb3_weather_dt/prefix_override:/usr/lib/python3/dist-packages/colcon_core/task/python/colcon_distutils_commands:/home/falinux/team28/ws/install/tb3_weather_dt/lib/python3.12/site-packages:${PYTHONPATH} /usr/bin/python3 -W ignore:setup.py install is deprecated -W ignore:easy_install command is deprecated setup.py develop --editable --build-directory /home/falinux/team28/ws/build/tb3_weather_dt/build --no-deps symlink_data --force
