[1.824s] Invoking command in '/home/falinux/CBL_twinning/src/plant_mapper': DEBUGINFOD_URLS=https://debuginfod.ubuntu.com PYTHONPATH=/home/falinux/CBL_twinning/build/plant_mapper/prefix_override:/usr/lib/python3/dist-packages/colcon_core/task/python/colcon_distutils_commands:/home/falinux/CBL_twinning/install/plant_mapper/lib/python3.12/site-packages:${PYTHONPATH} /usr/bin/python3 -W ignore:setup.py install is deprecated -W ignore:easy_install command is deprecated setup.py egg_info --egg-base ../../build/plant_mapper build --build-base /home/falinux/CBL_twinning/build/plant_mapper/build install --record /home/falinux/CBL_twinning/build/plant_mapper/install.log --single-version-externally-managed install_data
[2.105s] running egg_info
[2.126s] writing ../../build/plant_mapper/plant_mapper.egg-info/PKG-INFO
[2.127s] writing dependency_links to ../../build/plant_mapper/plant_mapper.egg-info/dependency_links.txt
[2.127s] writing entry points to ../../build/plant_mapper/plant_mapper.egg-info/entry_points.txt
[2.127s] writing requirements to ../../build/plant_mapper/plant_mapper.egg-info/requires.txt
[2.127s] writing top-level names to ../../build/plant_mapper/plant_mapper.egg-info/top_level.txt
[2.168s] reading manifest file '../../build/plant_mapper/plant_mapper.egg-info/SOURCES.txt'
[2.169s] writing manifest file '../../build/plant_mapper/plant_mapper.egg-info/SOURCES.txt'
[2.169s] running build
[2.170s] running build_py
[2.170s] copying plant_mapper/plant_mapper.py -> /home/falinux/CBL_twinning/build/plant_mapper/build/lib/plant_mapper
[2.170s] running install
[2.177s] running install_lib
[2.199s] copying /home/falinux/CBL_twinning/build/plant_mapper/build/lib/plant_mapper/plant_mapper.py -> /home/falinux/CBL_twinning/install/plant_mapper/lib/python3.12/site-packages/plant_mapper
[2.200s] byte-compiling /home/falinux/CBL_twinning/install/plant_mapper/lib/python3.12/site-packages/plant_mapper/plant_mapper.py to plant_mapper.cpython-312.pyc
[2.202s] running install_data
[2.202s] running install_egg_info
[2.224s] removing '/home/falinux/CBL_twinning/install/plant_mapper/lib/python3.12/site-packages/plant_mapper-0.0.0-py3.12.egg-info' (and everything under it)
[2.225s] Copying ../../build/plant_mapper/plant_mapper.egg-info to /home/falinux/CBL_twinning/install/plant_mapper/lib/python3.12/site-packages/plant_mapper-0.0.0-py3.12.egg-info
[2.226s] running install_scripts
[2.362s] Installing plant_mapper script to /home/falinux/CBL_twinning/install/plant_mapper/lib/plant_mapper
[2.362s] writing list of installed files to '/home/falinux/CBL_twinning/build/plant_mapper/install.log'
[2.415s] Invoked command in '/home/falinux/CBL_twinning/src/plant_mapper' returned '0': DEBUGINFOD_URLS=https://debuginfod.ubuntu.com PYTHONPATH=/home/falinux/CBL_twinning/build/plant_mapper/prefix_override:/usr/lib/python3/dist-packages/colcon_core/task/python/colcon_distutils_commands:/home/falinux/CBL_twinning/install/plant_mapper/lib/python3.12/site-packages:${PYTHONPATH} /usr/bin/python3 -W ignore:setup.py install is deprecated -W ignore:easy_install command is deprecated setup.py egg_info --egg-base ../../build/plant_mapper build --build-base /home/falinux/CBL_twinning/build/plant_mapper/build install --record /home/falinux/CBL_twinning/build/plant_mapper/install.log --single-version-externally-managed install_data
