[1.380s] Invoking command in '/home/falinux/CBL_twinning/ws/src/my_tb3_world': DEBUGINFOD_URLS=https://debuginfod.ubuntu.com PYTHONPATH=/home/falinux/CBL_twinning/build/my_tb3_world/prefix_override:/usr/lib/python3/dist-packages/colcon_core/task/python/colcon_distutils_commands:/home/falinux/CBL_twinning/install/my_tb3_world/lib/python3.12/site-packages: /usr/bin/python3 -W ignore:setup.py install is deprecated -W ignore:easy_install command is deprecated setup.py egg_info --egg-base ../../../build/my_tb3_world build --build-base /home/falinux/CBL_twinning/build/my_tb3_world/build install --record /home/falinux/CBL_twinning/build/my_tb3_world/install.log --single-version-externally-managed install_data
[1.555s] running egg_info
[1.565s] writing ../../../build/my_tb3_world/my_tb3_world.egg-info/PKG-INFO
[1.569s] writing dependency_links to ../../../build/my_tb3_world/my_tb3_world.egg-info/dependency_links.txt
[1.570s] writing entry points to ../../../build/my_tb3_world/my_tb3_world.egg-info/entry_points.txt
[1.570s] writing requirements to ../../../build/my_tb3_world/my_tb3_world.egg-info/requires.txt
[1.570s] writing top-level names to ../../../build/my_tb3_world/my_tb3_world.egg-info/top_level.txt
[1.589s] reading manifest file '../../../build/my_tb3_world/my_tb3_world.egg-info/SOURCES.txt'
[1.591s] writing manifest file '../../../build/my_tb3_world/my_tb3_world.egg-info/SOURCES.txt'
[1.592s] running build
[1.592s] running build_py
[1.592s] running install
[1.604s] running install_lib
[1.621s] running install_data
[1.622s] running install_egg_info
[1.635s] removing '/home/falinux/CBL_twinning/install/my_tb3_world/lib/python3.12/site-packages/my_tb3_world-0.0.0-py3.12.egg-info' (and everything under it)
[1.635s] Copying ../../../build/my_tb3_world/my_tb3_world.egg-info to /home/falinux/CBL_twinning/install/my_tb3_world/lib/python3.12/site-packages/my_tb3_world-0.0.0-py3.12.egg-info
[1.636s] running install_scripts
[1.716s] Installing publisher_node script to /home/falinux/CBL_twinning/install/my_tb3_world/lib/my_tb3_world
[1.717s] Installing subscriber_node script to /home/falinux/CBL_twinning/install/my_tb3_world/lib/my_tb3_world
[1.717s] writing list of installed files to '/home/falinux/CBL_twinning/build/my_tb3_world/install.log'
[1.760s] Invoked command in '/home/falinux/CBL_twinning/ws/src/my_tb3_world' returned '0': DEBUGINFOD_URLS=https://debuginfod.ubuntu.com PYTHONPATH=/home/falinux/CBL_twinning/build/my_tb3_world/prefix_override:/usr/lib/python3/dist-packages/colcon_core/task/python/colcon_distutils_commands:/home/falinux/CBL_twinning/install/my_tb3_world/lib/python3.12/site-packages: /usr/bin/python3 -W ignore:setup.py install is deprecated -W ignore:easy_install command is deprecated setup.py egg_info --egg-base ../../../build/my_tb3_world build --build-base /home/falinux/CBL_twinning/build/my_tb3_world/build install --record /home/falinux/CBL_twinning/build/my_tb3_world/install.log --single-version-externally-managed install_data
