[0.320s] DEBUG:colcon:Command line arguments: ['/usr/bin/colcon', 'build', '--packages-select', 'plant_mapper']
[0.321s] DEBUG:colcon:Parsed command line arguments: Namespace(log_base=None, log_level=None, verb_name='build', build_base='build', install_base='install', merge_install=False, symlink_install=False, test_result_base=None, continue_on_error=False, executor='parallel', parallel_workers=8, event_handlers=None, ignore_user_meta=False, metas=['./colcon.meta'], base_paths=['.'], packages_ignore=None, packages_ignore_regex=None, paths=None, packages_up_to=None, packages_up_to_regex=None, packages_above=None, packages_above_and_dependencies=None, packages_above_depth=None, packages_select_by_dep=None, packages_skip_by_dep=None, packages_skip_up_to=None, packages_select_build_failed=False, packages_skip_build_finished=False, packages_select_test_failures=False, packages_skip_test_passed=False, packages_select=['plant_mapper'], packages_skip=None, packages_select_regex=None, packages_skip_regex=None, packages_start=None, packages_end=None, cmake_args=None, cmake_target=None, cmake_target_skip_unavailable=False, cmake_clean_cache=False, cmake_clean_first=False, cmake_force_configure=False, ament_cmake_args=None, catkin_cmake_args=None, catkin_skip_building_tests=False, verb_parser=<colcon_defaults.argument_parser.defaults.DefaultArgumentsDecorator object at 0x7fbb67519970>, verb_extension=<colcon_core.verb.build.BuildVerb object at 0x7fbb67519790>, main=<bound method BuildVerb.main of <colcon_core.verb.build.BuildVerb object at 0x7fbb67519790>>)
[0.435s] Level 1:colcon.colcon_core.package_discovery:discover_packages(colcon_meta) check parameters
[0.436s] Level 1:colcon.colcon_core.package_discovery:discover_packages(recursive) check parameters
[0.436s] Level 1:colcon.colcon_core.package_discovery:discover_packages(ignore) check parameters
[0.436s] Level 1:colcon.colcon_core.package_discovery:discover_packages(path) check parameters
[0.436s] Level 1:colcon.colcon_core.package_discovery:discover_packages(colcon_meta) discover
[0.436s] Level 1:colcon.colcon_core.package_discovery:discover_packages(recursive) discover
[0.436s] INFO:colcon.colcon_core.package_discovery:Crawling recursively for packages in '/home/falinux/CBL_twinning'
[0.437s] Level 1:colcon.colcon_core.package_identification:_identify(.) by extensions ['ignore', 'ignore_ament_install']
[0.437s] Level 1:colcon.colcon_core.package_identification:_identify(.) by extension 'ignore'
[0.437s] Level 1:colcon.colcon_core.package_identification:_identify(.) by extension 'ignore_ament_install'
[0.437s] Level 1:colcon.colcon_core.package_identification:_identify(.) by extensions ['colcon_pkg']
[0.437s] Level 1:colcon.colcon_core.package_identification:_identify(.) by extension 'colcon_pkg'
[0.437s] Level 1:colcon.colcon_core.package_identification:_identify(.) by extensions ['colcon_meta']
[0.437s] Level 1:colcon.colcon_core.package_identification:_identify(.) by extension 'colcon_meta'
[0.437s] Level 1:colcon.colcon_core.package_identification:_identify(.) by extensions ['ros']
[0.437s] Level 1:colcon.colcon_core.package_identification:_identify(.) by extension 'ros'
[0.526s] Level 1:colcon.colcon_core.package_identification:_identify(.) by extensions ['cmake', 'python']
[0.526s] Level 1:colcon.colcon_core.package_identification:_identify(.) by extension 'cmake'
[0.526s] Level 1:colcon.colcon_core.package_identification:_identify(.) by extension 'python'
[0.526s] Level 1:colcon.colcon_core.package_identification:_identify(.) by extensions ['python_setup_py']
[0.526s] Level 1:colcon.colcon_core.package_identification:_identify(.) by extension 'python_setup_py'
[0.526s] Level 1:colcon.colcon_core.package_identification:_identify(build) by extensions ['ignore', 'ignore_ament_install']
[0.527s] Level 1:colcon.colcon_core.package_identification:_identify(build) by extension 'ignore'
[0.527s] Level 1:colcon.colcon_core.package_identification:_identify(build) ignored
[0.527s] Level 1:colcon.colcon_core.package_identification:_identify(install) by extensions ['ignore', 'ignore_ament_install']
[0.527s] Level 1:colcon.colcon_core.package_identification:_identify(install) by extension 'ignore'
[0.527s] Level 1:colcon.colcon_core.package_identification:_identify(install) ignored
[0.528s] Level 1:colcon.colcon_core.package_identification:_identify(log) by extensions ['ignore', 'ignore_ament_install']
[0.528s] Level 1:colcon.colcon_core.package_identification:_identify(log) by extension 'ignore'
[0.528s] Level 1:colcon.colcon_core.package_identification:_identify(log) ignored
[0.528s] Level 1:colcon.colcon_core.package_identification:_identify(src) by extensions ['ignore', 'ignore_ament_install']
[0.528s] Level 1:colcon.colcon_core.package_identification:_identify(src) by extension 'ignore'
[0.528s] Level 1:colcon.colcon_core.package_identification:_identify(src) by extension 'ignore_ament_install'
[0.529s] Level 1:colcon.colcon_core.package_identification:_identify(src) by extensions ['colcon_pkg']
[0.529s] Level 1:colcon.colcon_core.package_identification:_identify(src) by extension 'colcon_pkg'
[0.529s] Level 1:colcon.colcon_core.package_identification:_identify(src) by extensions ['colcon_meta']
[0.529s] Level 1:colcon.colcon_core.package_identification:_identify(src) by extension 'colcon_meta'
[0.529s] Level 1:colcon.colcon_core.package_identification:_identify(src) by extensions ['ros']
[0.529s] Level 1:colcon.colcon_core.package_identification:_identify(src) by extension 'ros'
[0.529s] Level 1:colcon.colcon_core.package_identification:_identify(src) by extensions ['cmake', 'python']
[0.529s] Level 1:colcon.colcon_core.package_identification:_identify(src) by extension 'cmake'
[0.529s] Level 1:colcon.colcon_core.package_identification:_identify(src) by extension 'python'
[0.529s] Level 1:colcon.colcon_core.package_identification:_identify(src) by extensions ['python_setup_py']
[0.529s] Level 1:colcon.colcon_core.package_identification:_identify(src) by extension 'python_setup_py'
[0.530s] Level 1:colcon.colcon_core.package_identification:_identify(src/border_guard) by extensions ['ignore', 'ignore_ament_install']
[0.530s] Level 1:colcon.colcon_core.package_identification:_identify(src/border_guard) by extension 'ignore'
[0.531s] Level 1:colcon.colcon_core.package_identification:_identify(src/border_guard) by extension 'ignore_ament_install'
[0.531s] Level 1:colcon.colcon_core.package_identification:_identify(src/border_guard) by extensions ['colcon_pkg']
[0.531s] Level 1:colcon.colcon_core.package_identification:_identify(src/border_guard) by extension 'colcon_pkg'
[0.531s] Level 1:colcon.colcon_core.package_identification:_identify(src/border_guard) by extensions ['colcon_meta']
[0.531s] Level 1:colcon.colcon_core.package_identification:_identify(src/border_guard) by extension 'colcon_meta'
[0.531s] Level 1:colcon.colcon_core.package_identification:_identify(src/border_guard) by extensions ['ros']
[0.531s] Level 1:colcon.colcon_core.package_identification:_identify(src/border_guard) by extension 'ros'
[0.543s] DEBUG:colcon.colcon_core.package_identification:Package 'src/border_guard' with type 'ros.ament_python' and name 'border_guard'
[0.543s] Level 1:colcon.colcon_core.package_identification:_identify(src/border_recorder) by extensions ['ignore', 'ignore_ament_install']
[0.544s] Level 1:colcon.colcon_core.package_identification:_identify(src/border_recorder) by extension 'ignore'
[0.544s] Level 1:colcon.colcon_core.package_identification:_identify(src/border_recorder) by extension 'ignore_ament_install'
[0.544s] Level 1:colcon.colcon_core.package_identification:_identify(src/border_recorder) by extensions ['colcon_pkg']
[0.544s] Level 1:colcon.colcon_core.package_identification:_identify(src/border_recorder) by extension 'colcon_pkg'
[0.544s] Level 1:colcon.colcon_core.package_identification:_identify(src/border_recorder) by extensions ['colcon_meta']
[0.544s] Level 1:colcon.colcon_core.package_identification:_identify(src/border_recorder) by extension 'colcon_meta'
[0.544s] Level 1:colcon.colcon_core.package_identification:_identify(src/border_recorder) by extensions ['ros']
[0.544s] Level 1:colcon.colcon_core.package_identification:_identify(src/border_recorder) by extension 'ros'
[0.547s] DEBUG:colcon.colcon_core.package_identification:Package 'src/border_recorder' with type 'ros.ament_python' and name 'border_recorder'
[0.548s] Level 1:colcon.colcon_core.package_identification:_identify(src/mapFiles) by extensions ['ignore', 'ignore_ament_install']
[0.548s] Level 1:colcon.colcon_core.package_identification:_identify(src/mapFiles) by extension 'ignore'
[0.548s] Level 1:colcon.colcon_core.package_identification:_identify(src/mapFiles) by extension 'ignore_ament_install'
[0.548s] Level 1:colcon.colcon_core.package_identification:_identify(src/mapFiles) by extensions ['colcon_pkg']
[0.548s] Level 1:colcon.colcon_core.package_identification:_identify(src/mapFiles) by extension 'colcon_pkg'
[0.548s] Level 1:colcon.colcon_core.package_identification:_identify(src/mapFiles) by extensions ['colcon_meta']
[0.548s] Level 1:colcon.colcon_core.package_identification:_identify(src/mapFiles) by extension 'colcon_meta'
[0.549s] Level 1:colcon.colcon_core.package_identification:_identify(src/mapFiles) by extensions ['ros']
[0.549s] Level 1:colcon.colcon_core.package_identification:_identify(src/mapFiles) by extension 'ros'
[0.549s] Level 1:colcon.colcon_core.package_identification:_identify(src/mapFiles) by extensions ['cmake', 'python']
[0.549s] Level 1:colcon.colcon_core.package_identification:_identify(src/mapFiles) by extension 'cmake'
[0.549s] Level 1:colcon.colcon_core.package_identification:_identify(src/mapFiles) by extension 'python'
[0.549s] Level 1:colcon.colcon_core.package_identification:_identify(src/mapFiles) by extensions ['python_setup_py']
[0.549s] Level 1:colcon.colcon_core.package_identification:_identify(src/mapFiles) by extension 'python_setup_py'
[0.549s] Level 1:colcon.colcon_core.package_identification:_identify(src/my_tb3_world) by extensions ['ignore', 'ignore_ament_install']
[0.550s] Level 1:colcon.colcon_core.package_identification:_identify(src/my_tb3_world) by extension 'ignore'
[0.550s] Level 1:colcon.colcon_core.package_identification:_identify(src/my_tb3_world) by extension 'ignore_ament_install'
[0.550s] Level 1:colcon.colcon_core.package_identification:_identify(src/my_tb3_world) by extensions ['colcon_pkg']
[0.550s] Level 1:colcon.colcon_core.package_identification:_identify(src/my_tb3_world) by extension 'colcon_pkg'
[0.550s] Level 1:colcon.colcon_core.package_identification:_identify(src/my_tb3_world) by extensions ['colcon_meta']
[0.550s] Level 1:colcon.colcon_core.package_identification:_identify(src/my_tb3_world) by extension 'colcon_meta'
[0.550s] Level 1:colcon.colcon_core.package_identification:_identify(src/my_tb3_world) by extensions ['ros']
[0.550s] Level 1:colcon.colcon_core.package_identification:_identify(src/my_tb3_world) by extension 'ros'
[0.553s] DEBUG:colcon.colcon_core.package_identification:Package 'src/my_tb3_world' with type 'ros.ament_python' and name 'my_tb3_world'
[0.553s] Level 1:colcon.colcon_core.package_identification:_identify(src/plant_mapper) by extensions ['ignore', 'ignore_ament_install']
[0.553s] Level 1:colcon.colcon_core.package_identification:_identify(src/plant_mapper) by extension 'ignore'
[0.553s] Level 1:colcon.colcon_core.package_identification:_identify(src/plant_mapper) by extension 'ignore_ament_install'
[0.553s] Level 1:colcon.colcon_core.package_identification:_identify(src/plant_mapper) by extensions ['colcon_pkg']
[0.553s] Level 1:colcon.colcon_core.package_identification:_identify(src/plant_mapper) by extension 'colcon_pkg'
[0.554s] Level 1:colcon.colcon_core.package_identification:_identify(src/plant_mapper) by extensions ['colcon_meta']
[0.554s] Level 1:colcon.colcon_core.package_identification:_identify(src/plant_mapper) by extension 'colcon_meta'
[0.554s] Level 1:colcon.colcon_core.package_identification:_identify(src/plant_mapper) by extensions ['ros']
[0.554s] Level 1:colcon.colcon_core.package_identification:_identify(src/plant_mapper) by extension 'ros'
[0.556s] DEBUG:colcon.colcon_core.package_identification:Package 'src/plant_mapper' with type 'ros.ament_python' and name 'plant_mapper'
[0.557s] Level 1:colcon.colcon_core.package_identification:_identify(src/tb3_safety_stop) by extensions ['ignore', 'ignore_ament_install']
[0.558s] Level 1:colcon.colcon_core.package_identification:_identify(src/tb3_safety_stop) by extension 'ignore'
[0.558s] Level 1:colcon.colcon_core.package_identification:_identify(src/tb3_safety_stop) by extension 'ignore_ament_install'
[0.558s] Level 1:colcon.colcon_core.package_identification:_identify(src/tb3_safety_stop) by extensions ['colcon_pkg']
[0.558s] Level 1:colcon.colcon_core.package_identification:_identify(src/tb3_safety_stop) by extension 'colcon_pkg'
[0.558s] Level 1:colcon.colcon_core.package_identification:_identify(src/tb3_safety_stop) by extensions ['colcon_meta']
[0.558s] Level 1:colcon.colcon_core.package_identification:_identify(src/tb3_safety_stop) by extension 'colcon_meta'
[0.558s] Level 1:colcon.colcon_core.package_identification:_identify(src/tb3_safety_stop) by extensions ['ros']
[0.558s] Level 1:colcon.colcon_core.package_identification:_identify(src/tb3_safety_stop) by extension 'ros'
[0.561s] DEBUG:colcon.colcon_core.package_identification:Package 'src/tb3_safety_stop' with type 'ros.ament_python' and name 'tb3_safety_stop'
[0.562s] Level 1:colcon.colcon_core.package_identification:_identify(src/turtlebot3_teleop) by extensions ['ignore', 'ignore_ament_install']
[0.562s] Level 1:colcon.colcon_core.package_identification:_identify(src/turtlebot3_teleop) by extension 'ignore'
[0.562s] Level 1:colcon.colcon_core.package_identification:_identify(src/turtlebot3_teleop) by extension 'ignore_ament_install'
[0.562s] Level 1:colcon.colcon_core.package_identification:_identify(src/turtlebot3_teleop) by extensions ['colcon_pkg']
[0.562s] Level 1:colcon.colcon_core.package_identification:_identify(src/turtlebot3_teleop) by extension 'colcon_pkg'
[0.562s] Level 1:colcon.colcon_core.package_identification:_identify(src/turtlebot3_teleop) by extensions ['colcon_meta']
[0.562s] Level 1:colcon.colcon_core.package_identification:_identify(src/turtlebot3_teleop) by extension 'colcon_meta'
[0.563s] Level 1:colcon.colcon_core.package_identification:_identify(src/turtlebot3_teleop) by extensions ['ros']
[0.563s] Level 1:colcon.colcon_core.package_identification:_identify(src/turtlebot3_teleop) by extension 'ros'
[0.564s] DEBUG:colcon.colcon_core.package_identification:Package 'src/turtlebot3_teleop' with type 'ros.ament_python' and name 'turtlebot3_teleop'
[0.564s] Level 1:colcon.colcon_core.package_discovery:discover_packages(recursive) using defaults
[0.564s] Level 1:colcon.colcon_core.package_discovery:discover_packages(ignore) discover
[0.565s] Level 1:colcon.colcon_core.package_discovery:discover_packages(ignore) using defaults
[0.565s] Level 1:colcon.colcon_core.package_discovery:discover_packages(path) discover
[0.565s] Level 1:colcon.colcon_core.package_discovery:discover_packages(path) using defaults
[0.627s] INFO:colcon.colcon_core.package_selection:Skipping not selected package 'border_guard' in 'src/border_guard'
[0.627s] INFO:colcon.colcon_core.package_selection:Skipping not selected package 'border_recorder' in 'src/border_recorder'
[0.627s] INFO:colcon.colcon_core.package_selection:Skipping not selected package 'my_tb3_world' in 'src/my_tb3_world'
[0.627s] INFO:colcon.colcon_core.package_selection:Skipping not selected package 'tb3_safety_stop' in 'src/tb3_safety_stop'
[0.628s] INFO:colcon.colcon_core.package_selection:Skipping not selected package 'turtlebot3_teleop' in 'src/turtlebot3_teleop'
[0.628s] Level 5:colcon.colcon_core.verb:set package 'plant_mapper' build argument 'cmake_args' from command line to 'None'
[0.629s] Level 5:colcon.colcon_core.verb:set package 'plant_mapper' build argument 'cmake_target' from command line to 'None'
[0.629s] Level 5:colcon.colcon_core.verb:set package 'plant_mapper' build argument 'cmake_target_skip_unavailable' from command line to 'False'
[0.629s] Level 5:colcon.colcon_core.verb:set package 'plant_mapper' build argument 'cmake_clean_cache' from command line to 'False'
[0.629s] Level 5:colcon.colcon_core.verb:set package 'plant_mapper' build argument 'cmake_clean_first' from command line to 'False'
[0.629s] Level 5:colcon.colcon_core.verb:set package 'plant_mapper' build argument 'cmake_force_configure' from command line to 'False'
[0.629s] Level 5:colcon.colcon_core.verb:set package 'plant_mapper' build argument 'ament_cmake_args' from command line to 'None'
[0.629s] Level 5:colcon.colcon_core.verb:set package 'plant_mapper' build argument 'catkin_cmake_args' from command line to 'None'
[0.629s] Level 5:colcon.colcon_core.verb:set package 'plant_mapper' build argument 'catkin_skip_building_tests' from command line to 'False'
[0.629s] DEBUG:colcon.colcon_core.verb:Building package 'plant_mapper' with the following arguments: {'ament_cmake_args': None, 'build_base': '/home/falinux/CBL_twinning/build/plant_mapper', 'catkin_cmake_args': None, 'catkin_skip_building_tests': False, 'cmake_args': None, 'cmake_clean_cache': False, 'cmake_clean_first': False, 'cmake_force_configure': False, 'cmake_target': None, 'cmake_target_skip_unavailable': False, 'install_base': '/home/falinux/CBL_twinning/install/plant_mapper', 'merge_install': False, 'path': '/home/falinux/CBL_twinning/src/plant_mapper', 'symlink_install': False, 'test_result_base': None}
[0.629s] INFO:colcon.colcon_core.executor:Executing jobs using 'parallel' executor
[0.634s] DEBUG:colcon.colcon_parallel_executor.executor.parallel:run_until_complete
[0.634s] INFO:colcon.colcon_ros.task.ament_python.build:Building ROS package in '/home/falinux/CBL_twinning/src/plant_mapper' with build type 'ament_python'
[0.635s] Level 1:colcon.colcon_core.shell:create_environment_hook('plant_mapper', 'ament_prefix_path')
[0.643s] INFO:colcon.colcon_core.plugin_system:Skipping extension 'colcon_core.shell.bat': Not used on non-Windows systems
[0.644s] INFO:colcon.colcon_core.shell:Creating environment descriptor '/home/falinux/CBL_twinning/install/plant_mapper/share/plant_mapper/hook/ament_prefix_path.dsv'
[0.645s] INFO:colcon.colcon_core.shell:Creating environment hook '/home/falinux/CBL_twinning/install/plant_mapper/share/plant_mapper/hook/ament_prefix_path.sh'
[0.648s] DEBUG:colcon.colcon_core.shell:Skip shell extension 'dsv' for command environment
[1.232s] INFO:colcon.colcon_core.task.python.build:Building Python package in '/home/falinux/CBL_twinning/src/plant_mapper'
[1.232s] DEBUG:colcon.colcon_core.shell:Skip shell extension 'dsv' for command environment
[2.761s] DEBUG:colcon.colcon_core.event_handler.log_command:Invoking command in '/home/falinux/CBL_twinning/src/plant_mapper': DEBUGINFOD_URLS=https://debuginfod.ubuntu.com PYTHONPATH=/home/falinux/CBL_twinning/build/plant_mapper/prefix_override:/usr/lib/python3/dist-packages/colcon_core/task/python/colcon_distutils_commands:/home/falinux/CBL_twinning/install/plant_mapper/lib/python3.12/site-packages:${PYTHONPATH} /usr/bin/python3 -W ignore:setup.py install is deprecated -W ignore:easy_install command is deprecated setup.py egg_info --egg-base ../../build/plant_mapper build --build-base /home/falinux/CBL_twinning/build/plant_mapper/build install --record /home/falinux/CBL_twinning/build/plant_mapper/install.log --single-version-externally-managed install_data
[4.070s] DEBUG:colcon.colcon_core.event_handler.log_command:Invoked command in '/home/falinux/CBL_twinning/src/plant_mapper' returned '0': DEBUGINFOD_URLS=https://debuginfod.ubuntu.com PYTHONPATH=/home/falinux/CBL_twinning/build/plant_mapper/prefix_override:/usr/lib/python3/dist-packages/colcon_core/task/python/colcon_distutils_commands:/home/falinux/CBL_twinning/install/plant_mapper/lib/python3.12/site-packages:${PYTHONPATH} /usr/bin/python3 -W ignore:setup.py install is deprecated -W ignore:easy_install command is deprecated setup.py egg_info --egg-base ../../build/plant_mapper build --build-base /home/falinux/CBL_twinning/build/plant_mapper/build install --record /home/falinux/CBL_twinning/build/plant_mapper/install.log --single-version-externally-managed install_data
[4.078s] Level 1:colcon.colcon_core.environment:checking '/home/falinux/CBL_twinning/install/plant_mapper' for CMake module files
[4.079s] Level 1:colcon.colcon_core.environment:checking '/home/falinux/CBL_twinning/install/plant_mapper' for CMake config files
[4.082s] Level 1:colcon.colcon_core.environment:checking '/home/falinux/CBL_twinning/install/plant_mapper/lib'
[4.082s] Level 1:colcon.colcon_core.environment:checking '/home/falinux/CBL_twinning/install/plant_mapper/bin'
[4.082s] Level 1:colcon.colcon_core.environment:checking '/home/falinux/CBL_twinning/install/plant_mapper/lib/pkgconfig/plant_mapper.pc'
[4.083s] Level 1:colcon.colcon_core.environment:checking '/home/falinux/CBL_twinning/install/plant_mapper/lib/python3.12/site-packages'
[4.083s] Level 1:colcon.colcon_core.shell:create_environment_hook('plant_mapper', 'pythonpath')
[4.084s] INFO:colcon.colcon_core.shell:Creating environment descriptor '/home/falinux/CBL_twinning/install/plant_mapper/share/plant_mapper/hook/pythonpath.dsv'
[4.084s] INFO:colcon.colcon_core.shell:Creating environment hook '/home/falinux/CBL_twinning/install/plant_mapper/share/plant_mapper/hook/pythonpath.sh'
[4.086s] Level 1:colcon.colcon_core.environment:checking '/home/falinux/CBL_twinning/install/plant_mapper/bin'
[4.086s] Level 1:colcon.colcon_core.environment:create_environment_scripts_only(plant_mapper)
[4.087s] INFO:colcon.colcon_core.shell:Creating package descriptor '/home/falinux/CBL_twinning/install/plant_mapper/share/plant_mapper/package.dsv'
[4.088s] INFO:colcon.colcon_core.shell:Creating package script '/home/falinux/CBL_twinning/install/plant_mapper/share/plant_mapper/package.sh'
[4.089s] INFO:colcon.colcon_core.shell:Creating package script '/home/falinux/CBL_twinning/install/plant_mapper/share/plant_mapper/package.bash'
[4.092s] INFO:colcon.colcon_core.shell:Creating package script '/home/falinux/CBL_twinning/install/plant_mapper/share/plant_mapper/package.zsh'
[4.094s] Level 1:colcon.colcon_core.environment:create_file_with_runtime_dependencies(/home/falinux/CBL_twinning/install/plant_mapper/share/colcon-core/packages/plant_mapper)
[4.095s] DEBUG:colcon.colcon_parallel_executor.executor.parallel:closing loop
[4.096s] DEBUG:colcon.colcon_parallel_executor.executor.parallel:loop closed
[4.096s] DEBUG:colcon.colcon_parallel_executor.executor.parallel:run_until_complete finished with '0'
[4.097s] DEBUG:colcon.colcon_core.event_reactor:joining thread
[4.119s] INFO:colcon.colcon_core.plugin_system:Skipping extension 'colcon_notification.desktop_notification.terminal_notifier': Not used on non-Darwin systems
[4.119s] INFO:colcon.colcon_core.plugin_system:Skipping extension 'colcon_notification.desktop_notification.win32': Not used on non-Windows systems
[4.119s] INFO:colcon.colcon_notification.desktop_notification:Sending desktop notification using 'notify2'
[4.167s] DEBUG:colcon.colcon_core.event_reactor:joined thread
[4.168s] INFO:colcon.colcon_core.shell:Creating prefix script '/home/falinux/CBL_twinning/install/local_setup.sh'
[4.170s] INFO:colcon.colcon_core.shell:Creating prefix util module '/home/falinux/CBL_twinning/install/_local_setup_util_sh.py'
[4.174s] INFO:colcon.colcon_core.shell:Creating prefix chain script '/home/falinux/CBL_twinning/install/setup.sh'
[4.177s] INFO:colcon.colcon_core.shell:Creating prefix script '/home/falinux/CBL_twinning/install/local_setup.bash'
[4.178s] INFO:colcon.colcon_core.shell:Creating prefix chain script '/home/falinux/CBL_twinning/install/setup.bash'
[4.183s] INFO:colcon.colcon_core.shell:Creating prefix script '/home/falinux/CBL_twinning/install/local_setup.zsh'
[4.185s] INFO:colcon.colcon_core.shell:Creating prefix chain script '/home/falinux/CBL_twinning/install/setup.zsh'
