[1.593s] Invoking command in '/home/falinux/CBL_twinning/ws/src/border_recorder': DEBUGINFOD_URLS=https://debuginfod.ubuntu.com PYTHONPATH=/home/falinux/CBL_twinning/ws/build/border_recorder/prefix_override:/usr/lib/python3/dist-packages/colcon_core/task/python/colcon_distutils_commands:/home/falinux/CBL_twinning/ws/install/border_recorder/lib/python3.12/site-packages:${PYTHONPATH} /usr/bin/python3 -W ignore:setup.py install is deprecated -W ignore:easy_install command is deprecated setup.py egg_info --egg-base ../../build/border_recorder build --build-base /home/falinux/CBL_twinning/ws/build/border_recorder/build install --record /home/falinux/CBL_twinning/ws/build/border_recorder/install.log --single-version-externally-managed install_data
[1.944s] running egg_info
[1.970s] writing ../../build/border_recorder/border_recorder.egg-info/PKG-INFO
[1.972s] writing dependency_links to ../../build/border_recorder/border_recorder.egg-info/dependency_links.txt
[1.972s] writing entry points to ../../build/border_recorder/border_recorder.egg-info/entry_points.txt
[1.972s] writing requirements to ../../build/border_recorder/border_recorder.egg-info/requires.txt
[1.972s] writing top-level names to ../../build/border_recorder/border_recorder.egg-info/top_level.txt
[2.019s] reading manifest file '../../build/border_recorder/border_recorder.egg-info/SOURCES.txt'
[2.021s] writing manifest file '../../build/border_recorder/border_recorder.egg-info/SOURCES.txt'
[2.022s] running build
[2.022s] running build_py
[2.022s] running install
[2.030s] running install_lib
[2.062s] running install_data
[2.062s] running install_egg_info
[2.092s] removing '/home/falinux/CBL_twinning/ws/install/border_recorder/lib/python3.12/site-packages/border_recorder-0.1.0-py3.12.egg-info' (and everything under it)
[2.092s] Copying ../../build/border_recorder/border_recorder.egg-info to /home/falinux/CBL_twinning/ws/install/border_recorder/lib/python3.12/site-packages/border_recorder-0.1.0-py3.12.egg-info
[2.093s] running install_scripts
[2.302s] Installing border_recorder_node script to /home/falinux/CBL_twinning/ws/install/border_recorder/lib/border_recorder
[2.306s] writing list of installed files to '/home/falinux/CBL_twinning/ws/build/border_recorder/install.log'
[2.378s] Invoked command in '/home/falinux/CBL_twinning/ws/src/border_recorder' returned '0': DEBUGINFOD_URLS=https://debuginfod.ubuntu.com PYTHONPATH=/home/falinux/CBL_twinning/ws/build/border_recorder/prefix_override:/usr/lib/python3/dist-packages/colcon_core/task/python/colcon_distutils_commands:/home/falinux/CBL_twinning/ws/install/border_recorder/lib/python3.12/site-packages:${PYTHONPATH} /usr/bin/python3 -W ignore:setup.py install is deprecated -W ignore:easy_install command is deprecated setup.py egg_info --egg-base ../../build/border_recorder build --build-base /home/falinux/CBL_twinning/ws/build/border_recorder/build install --record /home/falinux/CBL_twinning/ws/build/border_recorder/install.log --single-version-externally-managed install_data
