running egg_info
writing ../../build/plant_mapper/plant_mapper.egg-info/PKG-INFO
writing dependency_links to ../../build/plant_mapper/plant_mapper.egg-info/dependency_links.txt
writing entry points to ../../build/plant_mapper/plant_mapper.egg-info/entry_points.txt
writing requirements to ../../build/plant_mapper/plant_mapper.egg-info/requires.txt
writing top-level names to ../../build/plant_mapper/plant_mapper.egg-info/top_level.txt
reading manifest file '../../build/plant_mapper/plant_mapper.egg-info/SOURCES.txt'
writing manifest file '../../build/plant_mapper/plant_mapper.egg-info/SOURCES.txt'
running build
running build_py
copying plant_mapper/plant_mapper.py -> /ws/build/plant_mapper/build/lib/plant_mapper
running install
running install_lib
copying /ws/build/plant_mapper/build/lib/plant_mapper/plant_mapper.py -> /ws/install/plant_mapper/lib/python3.12/site-packages/plant_mapper
byte-compiling /ws/install/plant_mapper/lib/python3.12/site-packages/plant_mapper/plant_mapper.py to plant_mapper.cpython-312.pyc
running install_data
running install_egg_info
removing '/ws/install/plant_mapper/lib/python3.12/site-packages/plant_mapper-0.0.0-py3.12.egg-info' (and everything under it)
Copying ../../build/plant_mapper/plant_mapper.egg-info to /ws/install/plant_mapper/lib/python3.12/site-packages/plant_mapper-0.0.0-py3.12.egg-info
running install_scripts
Installing plant_mapper script to /ws/install/plant_mapper/lib/plant_mapper
writing list of installed files to '/ws/build/plant_mapper/install.log'
