[0.605s] Invoking command in '/ws/src/plant_mapper': PYTHONPATH=/ws/build/plant_mapper/prefix_override:/usr/lib/python3/dist-packages/colcon_core/task/python/colcon_distutils_commands:/ws/install/plant_mapper/lib/python3.12/site-packages:${PYTHONPATH} /usr/bin/python3 -W ignore:setup.py install is deprecated -W ignore:easy_install command is deprecated setup.py egg_info --egg-base ../../build/plant_mapper build --build-base /ws/build/plant_mapper/build install --record /ws/build/plant_mapper/install.log --single-version-externally-managed install_data
[0.826s] running egg_info
[0.839s] writing ../../build/plant_mapper/plant_mapper.egg-info/PKG-INFO
[0.840s] writing dependency_links to ../../build/plant_mapper/plant_mapper.egg-info/dependency_links.txt
[0.841s] writing entry points to ../../build/plant_mapper/plant_mapper.egg-info/entry_points.txt
[0.841s] writing requirements to ../../build/plant_mapper/plant_mapper.egg-info/requires.txt
[0.842s] writing top-level names to ../../build/plant_mapper/plant_mapper.egg-info/top_level.txt
[0.870s] reading manifest file '../../build/plant_mapper/plant_mapper.egg-info/SOURCES.txt'
[0.870s] writing manifest file '../../build/plant_mapper/plant_mapper.egg-info/SOURCES.txt'
[0.870s] running build
[0.871s] running build_py
[0.871s] copying plant_mapper/plant_mapper.py -> /ws/build/plant_mapper/build/lib/plant_mapper
[0.872s] running install
[0.876s] running install_lib
[0.890s] copying /ws/build/plant_mapper/build/lib/plant_mapper/plant_mapper.py -> /ws/install/plant_mapper/lib/python3.12/site-packages/plant_mapper
[0.894s] byte-compiling /ws/install/plant_mapper/lib/python3.12/site-packages/plant_mapper/plant_mapper.py to plant_mapper.cpython-312.pyc
[0.895s] running install_data
[0.896s] running install_egg_info
[0.918s] removing '/ws/install/plant_mapper/lib/python3.12/site-packages/plant_mapper-0.0.0-py3.12.egg-info' (and everything under it)
[0.919s] Copying ../../build/plant_mapper/plant_mapper.egg-info to /ws/install/plant_mapper/lib/python3.12/site-packages/plant_mapper-0.0.0-py3.12.egg-info
[0.925s] running install_scripts
[1.040s] Installing plant_mapper script to /ws/install/plant_mapper/lib/plant_mapper
[1.041s] writing list of installed files to '/ws/build/plant_mapper/install.log'
[1.078s] Invoked command in '/ws/src/plant_mapper' returned '0': PYTHONPATH=/ws/build/plant_mapper/prefix_override:/usr/lib/python3/dist-packages/colcon_core/task/python/colcon_distutils_commands:/ws/install/plant_mapper/lib/python3.12/site-packages:${PYTHONPATH} /usr/bin/python3 -W ignore:setup.py install is deprecated -W ignore:easy_install command is deprecated setup.py egg_info --egg-base ../../build/plant_mapper build --build-base /ws/build/plant_mapper/build install --record /ws/build/plant_mapper/install.log --single-version-externally-managed install_data
