[0.708s] Invoking command in '/home/falinux/team28/ws/src/my_tb3_world': DEBUGINFOD_URLS=https://debuginfod.ubuntu.com PYTHONPATH=/home/falinux/team28/ws/build/my_tb3_world/prefix_override:/usr/lib/python3/dist-packages/colcon_core/task/python/colcon_distutils_commands:/home/falinux/team28/ws/install/my_tb3_world/lib/python3.12/site-packages:${PYTHONPATH} /usr/bin/python3 -W ignore:setup.py install is deprecated -W ignore:easy_install command is deprecated setup.py egg_info --egg-base ../../build/my_tb3_world build --build-base /home/falinux/team28/ws/build/my_tb3_world/build install --record /home/falinux/team28/ws/build/my_tb3_world/install.log --single-version-externally-managed install_data
[0.897s] running egg_info
[0.911s] writing ../../build/my_tb3_world/my_tb3_world.egg-info/PKG-INFO
[0.912s] writing dependency_links to ../../build/my_tb3_world/my_tb3_world.egg-info/dependency_links.txt
[0.912s] writing entry points to ../../build/my_tb3_world/my_tb3_world.egg-info/entry_points.txt
[0.912s] writing requirements to ../../build/my_tb3_world/my_tb3_world.egg-info/requires.txt
[0.912s] writing top-level names to ../../build/my_tb3_world/my_tb3_world.egg-info/top_level.txt
[0.940s] reading manifest file '../../build/my_tb3_world/my_tb3_world.egg-info/SOURCES.txt'
[0.941s] writing manifest file '../../build/my_tb3_world/my_tb3_world.egg-info/SOURCES.txt'
[0.941s] running build
[0.941s] running build_py
[0.941s] copying my_tb3_world/publisher_node.py -> /home/falinux/team28/ws/build/my_tb3_world/build/lib/my_tb3_world
[0.941s] running install
[0.946s] running install_lib
[0.960s] copying /home/falinux/team28/ws/build/my_tb3_world/build/lib/my_tb3_world/publisher_node.py -> /home/falinux/team28/ws/install/my_tb3_world/lib/python3.12/site-packages/my_tb3_world
[0.961s] byte-compiling /home/falinux/team28/ws/install/my_tb3_world/lib/python3.12/site-packages/my_tb3_world/publisher_node.py to publisher_node.cpython-312.pyc
[0.961s] running install_data
[0.961s] copying launch/publisher_node.launch.py -> /home/falinux/team28/ws/install/my_tb3_world/share/my_tb3_world/launch
[0.961s] running install_egg_info
[0.976s] removing '/home/falinux/team28/ws/install/my_tb3_world/lib/python3.12/site-packages/my_tb3_world-0.0.0-py3.12.egg-info' (and everything under it)
[0.977s] Copying ../../build/my_tb3_world/my_tb3_world.egg-info to /home/falinux/team28/ws/install/my_tb3_world/lib/python3.12/site-packages/my_tb3_world-0.0.0-py3.12.egg-info
[0.977s] running install_scripts
[1.073s] Installing publisher_node script to /home/falinux/team28/ws/install/my_tb3_world/lib/my_tb3_world
[1.073s] Installing subscriber_node script to /home/falinux/team28/ws/install/my_tb3_world/lib/my_tb3_world
[1.073s] writing list of installed files to '/home/falinux/team28/ws/build/my_tb3_world/install.log'
[1.100s] Invoked command in '/home/falinux/team28/ws/src/my_tb3_world' returned '0': DEBUGINFOD_URLS=https://debuginfod.ubuntu.com PYTHONPATH=/home/falinux/team28/ws/build/my_tb3_world/prefix_override:/usr/lib/python3/dist-packages/colcon_core/task/python/colcon_distutils_commands:/home/falinux/team28/ws/install/my_tb3_world/lib/python3.12/site-packages:${PYTHONPATH} /usr/bin/python3 -W ignore:setup.py install is deprecated -W ignore:easy_install command is deprecated setup.py egg_info --egg-base ../../build/my_tb3_world build --build-base /home/falinux/team28/ws/build/my_tb3_world/build install --record /home/falinux/team28/ws/build/my_tb3_world/install.log --single-version-externally-managed install_data
