[0.072s] DEBUG:colcon:Command line arguments: ['/usr/bin/colcon', 'build']
[0.072s] DEBUG:colcon:Parsed command line arguments: Namespace(log_base=None, log_level=None, verb_name='build', build_base='build', install_base='install', merge_install=False, symlink_install=False, test_result_base=None, continue_on_error=False, executor='parallel', parallel_workers=8, event_handlers=None, ignore_user_meta=False, metas=['./colcon.meta'], base_paths=['.'], packages_ignore=None, packages_ignore_regex=None, paths=None, packages_up_to=None, packages_up_to_regex=None, packages_above=None, packages_above_and_dependencies=None, packages_above_depth=None, packages_select_by_dep=None, packages_skip_by_dep=None, packages_skip_up_to=None, packages_select_build_failed=False, packages_skip_build_finished=False, packages_select_test_failures=False, packages_skip_test_passed=False, packages_select=None, packages_skip=None, packages_select_regex=None, packages_skip_regex=None, packages_start=None, packages_end=None, cmake_args=None, cmake_target=None, cmake_target_skip_unavailable=False, cmake_clean_cache=False, cmake_clean_first=False, cmake_force_configure=False, ament_cmake_args=None, catkin_cmake_args=None, catkin_skip_building_tests=False, verb_parser=<colcon_defaults.argument_parser.defaults.DefaultArgumentsDecorator object at 0x7dcf2a909460>, verb_extension=<colcon_core.verb.build.BuildVerb object at 0x7dcf2a909250>, main=<bound method BuildVerb.main of <colcon_core.verb.build.BuildVerb object at 0x7dcf2a909250>>)
[0.097s] Level 1:colcon.colcon_core.package_discovery:discover_packages(colcon_meta) check parameters
[0.097s] Level 1:colcon.colcon_core.package_discovery:discover_packages(recursive) check parameters
[0.097s] Level 1:colcon.colcon_core.package_discovery:discover_packages(ignore) check parameters
[0.097s] Level 1:colcon.colcon_core.package_discovery:discover_packages(path) check parameters
[0.097s] Level 1:colcon.colcon_core.package_discovery:discover_packages(colcon_meta) discover
[0.097s] Level 1:colcon.colcon_core.package_discovery:discover_packages(recursive) discover
[0.097s] INFO:colcon.colcon_core.package_discovery:Crawling recursively for packages in '/home/falinux/team28/ws'
[0.097s] Level 1:colcon.colcon_core.package_identification:_identify(.) by extensions ['ignore', 'ignore_ament_install']
[0.097s] Level 1:colcon.colcon_core.package_identification:_identify(.) by extension 'ignore'
[0.097s] Level 1:colcon.colcon_core.package_identification:_identify(.) by extension 'ignore_ament_install'
[0.098s] Level 1:colcon.colcon_core.package_identification:_identify(.) by extensions ['colcon_pkg']
[0.098s] Level 1:colcon.colcon_core.package_identification:_identify(.) by extension 'colcon_pkg'
[0.098s] Level 1:colcon.colcon_core.package_identification:_identify(.) by extensions ['colcon_meta']
[0.098s] Level 1:colcon.colcon_core.package_identification:_identify(.) by extension 'colcon_meta'
[0.098s] Level 1:colcon.colcon_core.package_identification:_identify(.) by extensions ['ros']
[0.098s] Level 1:colcon.colcon_core.package_identification:_identify(.) by extension 'ros'
[0.113s] Level 1:colcon.colcon_core.package_identification:_identify(.) by extensions ['cmake', 'python']
[0.113s] Level 1:colcon.colcon_core.package_identification:_identify(.) by extension 'cmake'
[0.113s] Level 1:colcon.colcon_core.package_identification:_identify(.) by extension 'python'
[0.113s] Level 1:colcon.colcon_core.package_identification:_identify(.) by extensions ['python_setup_py']
[0.113s] Level 1:colcon.colcon_core.package_identification:_identify(.) by extension 'python_setup_py'
[0.114s] Level 1:colcon.colcon_core.package_identification:_identify(build) by extensions ['ignore', 'ignore_ament_install']
[0.114s] Level 1:colcon.colcon_core.package_identification:_identify(build) by extension 'ignore'
[0.114s] Level 1:colcon.colcon_core.package_identification:_identify(build) ignored
[0.114s] Level 1:colcon.colcon_core.package_identification:_identify(install) by extensions ['ignore', 'ignore_ament_install']
[0.114s] Level 1:colcon.colcon_core.package_identification:_identify(install) by extension 'ignore'
[0.114s] Level 1:colcon.colcon_core.package_identification:_identify(install) ignored
[0.114s] Level 1:colcon.colcon_core.package_identification:_identify(log) by extensions ['ignore', 'ignore_ament_install']
[0.114s] Level 1:colcon.colcon_core.package_identification:_identify(log) by extension 'ignore'
[0.114s] Level 1:colcon.colcon_core.package_identification:_identify(log) ignored
[0.114s] Level 1:colcon.colcon_core.package_identification:_identify(src) by extensions ['ignore', 'ignore_ament_install']
[0.114s] Level 1:colcon.colcon_core.package_identification:_identify(src) by extension 'ignore'
[0.114s] Level 1:colcon.colcon_core.package_identification:_identify(src) by extension 'ignore_ament_install'
[0.114s] Level 1:colcon.colcon_core.package_identification:_identify(src) by extensions ['colcon_pkg']
[0.114s] Level 1:colcon.colcon_core.package_identification:_identify(src) by extension 'colcon_pkg'
[0.114s] Level 1:colcon.colcon_core.package_identification:_identify(src) by extensions ['colcon_meta']
[0.114s] Level 1:colcon.colcon_core.package_identification:_identify(src) by extension 'colcon_meta'
[0.114s] Level 1:colcon.colcon_core.package_identification:_identify(src) by extensions ['ros']
[0.114s] Level 1:colcon.colcon_core.package_identification:_identify(src) by extension 'ros'
[0.114s] Level 1:colcon.colcon_core.package_identification:_identify(src) by extensions ['cmake', 'python']
[0.114s] Level 1:colcon.colcon_core.package_identification:_identify(src) by extension 'cmake'
[0.114s] Level 1:colcon.colcon_core.package_identification:_identify(src) by extension 'python'
[0.114s] Level 1:colcon.colcon_core.package_identification:_identify(src) by extensions ['python_setup_py']
[0.114s] Level 1:colcon.colcon_core.package_identification:_identify(src) by extension 'python_setup_py'
[0.114s] Level 1:colcon.colcon_core.package_identification:_identify(src/my_tb3_world) by extensions ['ignore', 'ignore_ament_install']
[0.114s] Level 1:colcon.colcon_core.package_identification:_identify(src/my_tb3_world) by extension 'ignore'
[0.114s] Level 1:colcon.colcon_core.package_identification:_identify(src/my_tb3_world) by extension 'ignore_ament_install'
[0.114s] Level 1:colcon.colcon_core.package_identification:_identify(src/my_tb3_world) by extensions ['colcon_pkg']
[0.114s] Level 1:colcon.colcon_core.package_identification:_identify(src/my_tb3_world) by extension 'colcon_pkg'
[0.114s] Level 1:colcon.colcon_core.package_identification:_identify(src/my_tb3_world) by extensions ['colcon_meta']
[0.115s] Level 1:colcon.colcon_core.package_identification:_identify(src/my_tb3_world) by extension 'colcon_meta'
[0.115s] Level 1:colcon.colcon_core.package_identification:_identify(src/my_tb3_world) by extensions ['ros']
[0.115s] Level 1:colcon.colcon_core.package_identification:_identify(src/my_tb3_world) by extension 'ros'
[0.117s] DEBUG:colcon.colcon_core.package_identification:Package 'src/my_tb3_world' with type 'ros.ament_python' and name 'my_tb3_world'
[0.117s] Level 1:colcon.colcon_core.package_identification:_identify(src/tb3_weather_dt) by extensions ['ignore', 'ignore_ament_install']
[0.117s] Level 1:colcon.colcon_core.package_identification:_identify(src/tb3_weather_dt) by extension 'ignore'
[0.117s] Level 1:colcon.colcon_core.package_identification:_identify(src/tb3_weather_dt) by extension 'ignore_ament_install'
[0.117s] Level 1:colcon.colcon_core.package_identification:_identify(src/tb3_weather_dt) by extensions ['colcon_pkg']
[0.117s] Level 1:colcon.colcon_core.package_identification:_identify(src/tb3_weather_dt) by extension 'colcon_pkg'
[0.117s] Level 1:colcon.colcon_core.package_identification:_identify(src/tb3_weather_dt) by extensions ['colcon_meta']
[0.117s] Level 1:colcon.colcon_core.package_identification:_identify(src/tb3_weather_dt) by extension 'colcon_meta'
[0.117s] Level 1:colcon.colcon_core.package_identification:_identify(src/tb3_weather_dt) by extensions ['ros']
[0.117s] Level 1:colcon.colcon_core.package_identification:_identify(src/tb3_weather_dt) by extension 'ros'
[0.117s] DEBUG:colcon.colcon_core.package_identification:Package 'src/tb3_weather_dt' with type 'ros.ament_python' and name 'tb3_weather_dt'
[0.117s] Level 1:colcon.colcon_core.package_discovery:discover_packages(recursive) using defaults
[0.117s] Level 1:colcon.colcon_core.package_discovery:discover_packages(ignore) discover
[0.117s] Level 1:colcon.colcon_core.package_discovery:discover_packages(ignore) using defaults
[0.118s] Level 1:colcon.colcon_core.package_discovery:discover_packages(path) discover
[0.118s] Level 1:colcon.colcon_core.package_discovery:discover_packages(path) using defaults
[0.130s] Level 5:colcon.colcon_core.verb:set package 'my_tb3_world' build argument 'cmake_args' from command line to 'None'
[0.130s] Level 5:colcon.colcon_core.verb:set package 'my_tb3_world' build argument 'cmake_target' from command line to 'None'
[0.130s] Level 5:colcon.colcon_core.verb:set package 'my_tb3_world' build argument 'cmake_target_skip_unavailable' from command line to 'False'
[0.130s] Level 5:colcon.colcon_core.verb:set package 'my_tb3_world' build argument 'cmake_clean_cache' from command line to 'False'
[0.130s] Level 5:colcon.colcon_core.verb:set package 'my_tb3_world' build argument 'cmake_clean_first' from command line to 'False'
[0.130s] Level 5:colcon.colcon_core.verb:set package 'my_tb3_world' build argument 'cmake_force_configure' from command line to 'False'
[0.130s] Level 5:colcon.colcon_core.verb:set package 'my_tb3_world' build argument 'ament_cmake_args' from command line to 'None'
[0.130s] Level 5:colcon.colcon_core.verb:set package 'my_tb3_world' build argument 'catkin_cmake_args' from command line to 'None'
[0.130s] Level 5:colcon.colcon_core.verb:set package 'my_tb3_world' build argument 'catkin_skip_building_tests' from command line to 'False'
[0.130s] DEBUG:colcon.colcon_core.verb:Building package 'my_tb3_world' with the following arguments: {'ament_cmake_args': None, 'build_base': '/home/falinux/team28/ws/build/my_tb3_world', 'catkin_cmake_args': None, 'catkin_skip_building_tests': False, 'cmake_args': None, 'cmake_clean_cache': False, 'cmake_clean_first': False, 'cmake_force_configure': False, 'cmake_target': None, 'cmake_target_skip_unavailable': False, 'install_base': '/home/falinux/team28/ws/install/my_tb3_world', 'merge_install': False, 'path': '/home/falinux/team28/ws/src/my_tb3_world', 'symlink_install': False, 'test_result_base': None}
[0.130s] Level 5:colcon.colcon_core.verb:set package 'tb3_weather_dt' build argument 'cmake_args' from command line to 'None'
[0.130s] Level 5:colcon.colcon_core.verb:set package 'tb3_weather_dt' build argument 'cmake_target' from command line to 'None'
[0.130s] Level 5:colcon.colcon_core.verb:set package 'tb3_weather_dt' build argument 'cmake_target_skip_unavailable' from command line to 'False'
[0.130s] Level 5:colcon.colcon_core.verb:set package 'tb3_weather_dt' build argument 'cmake_clean_cache' from command line to 'False'
[0.130s] Level 5:colcon.colcon_core.verb:set package 'tb3_weather_dt' build argument 'cmake_clean_first' from command line to 'False'
[0.130s] Level 5:colcon.colcon_core.verb:set package 'tb3_weather_dt' build argument 'cmake_force_configure' from command line to 'False'
[0.130s] Level 5:colcon.colcon_core.verb:set package 'tb3_weather_dt' build argument 'ament_cmake_args' from command line to 'None'
[0.130s] Level 5:colcon.colcon_core.verb:set package 'tb3_weather_dt' build argument 'catkin_cmake_args' from command line to 'None'
[0.130s] Level 5:colcon.colcon_core.verb:set package 'tb3_weather_dt' build argument 'catkin_skip_building_tests' from command line to 'False'
[0.130s] DEBUG:colcon.colcon_core.verb:Building package 'tb3_weather_dt' with the following arguments: {'ament_cmake_args': None, 'build_base': '/home/falinux/team28/ws/build/tb3_weather_dt', 'catkin_cmake_args': None, 'catkin_skip_building_tests': False, 'cmake_args': None, 'cmake_clean_cache': False, 'cmake_clean_first': False, 'cmake_force_configure': False, 'cmake_target': None, 'cmake_target_skip_unavailable': False, 'install_base': '/home/falinux/team28/ws/install/tb3_weather_dt', 'merge_install': False, 'path': '/home/falinux/team28/ws/src/tb3_weather_dt', 'symlink_install': False, 'test_result_base': None}
[0.130s] INFO:colcon.colcon_core.executor:Executing jobs using 'parallel' executor
[0.131s] DEBUG:colcon.colcon_parallel_executor.executor.parallel:run_until_complete
[0.131s] INFO:colcon.colcon_ros.task.ament_python.build:Building ROS package in '/home/falinux/team28/ws/src/my_tb3_world' with build type 'ament_python'
[0.131s] Level 1:colcon.colcon_core.shell:create_environment_hook('my_tb3_world', 'ament_prefix_path')
[0.133s] INFO:colcon.colcon_core.plugin_system:Skipping extension 'colcon_core.shell.bat': Not used on non-Windows systems
[0.133s] INFO:colcon.colcon_core.shell:Creating environment descriptor '/home/falinux/team28/ws/install/my_tb3_world/share/my_tb3_world/hook/ament_prefix_path.dsv'
[0.134s] INFO:colcon.colcon_core.shell:Creating environment hook '/home/falinux/team28/ws/install/my_tb3_world/share/my_tb3_world/hook/ament_prefix_path.sh'
[0.135s] DEBUG:colcon.colcon_core.shell:Skip shell extension 'dsv' for command environment
[0.139s] INFO:colcon.colcon_ros.task.ament_python.build:Building ROS package in '/home/falinux/team28/ws/src/tb3_weather_dt' with build type 'ament_python'
[0.139s] Level 1:colcon.colcon_core.shell:create_environment_hook('tb3_weather_dt', 'ament_prefix_path')
[0.139s] INFO:colcon.colcon_core.shell:Creating environment descriptor '/home/falinux/team28/ws/install/tb3_weather_dt/share/tb3_weather_dt/hook/ament_prefix_path.dsv'
[0.140s] INFO:colcon.colcon_core.shell:Creating environment hook '/home/falinux/team28/ws/install/tb3_weather_dt/share/tb3_weather_dt/hook/ament_prefix_path.sh'
[0.140s] DEBUG:colcon.colcon_core.shell:Skip shell extension 'dsv' for command environment
[0.280s] INFO:colcon.colcon_core.task.python.build:Building Python package in '/home/falinux/team28/ws/src/my_tb3_world'
[0.280s] DEBUG:colcon.colcon_core.shell:Skip shell extension 'dsv' for command environment
[0.416s] INFO:colcon.colcon_core.task.python.build:Building Python package in '/home/falinux/team28/ws/src/tb3_weather_dt'
[0.417s] DEBUG:colcon.colcon_core.shell:Skip shell extension 'dsv' for command environment
[0.881s] DEBUG:colcon.colcon_core.event_handler.log_command:Invoking command in '/home/falinux/team28/ws/src/my_tb3_world': DEBUGINFOD_URLS=https://debuginfod.ubuntu.com PYTHONPATH=/home/falinux/team28/ws/build/my_tb3_world/prefix_override:/usr/lib/python3/dist-packages/colcon_core/task/python/colcon_distutils_commands:/home/falinux/team28/ws/install/my_tb3_world/lib/python3.12/site-packages:${PYTHONPATH} /usr/bin/python3 -W ignore:setup.py install is deprecated -W ignore:easy_install command is deprecated setup.py egg_info --egg-base ../../build/my_tb3_world build --build-base /home/falinux/team28/ws/build/my_tb3_world/build install --record /home/falinux/team28/ws/build/my_tb3_world/install.log --single-version-externally-managed install_data
[0.882s] DEBUG:colcon.colcon_core.event_handler.log_command:Invoking command in '/home/falinux/team28/ws/src/tb3_weather_dt': DEBUGINFOD_URLS=https://debuginfod.ubuntu.com PYTHONPATH=/home/falinux/team28/ws/build/tb3_weather_dt/prefix_override:/usr/lib/python3/dist-packages/colcon_core/task/python/colcon_distutils_commands:/home/falinux/team28/ws/install/tb3_weather_dt/lib/python3.12/site-packages:${PYTHONPATH} /usr/bin/python3 -W ignore:setup.py install is deprecated -W ignore:easy_install command is deprecated setup.py egg_info --egg-base ../../build/tb3_weather_dt build --build-base /home/falinux/team28/ws/build/tb3_weather_dt/build install --record /home/falinux/team28/ws/build/tb3_weather_dt/install.log --single-version-externally-managed install_data
[1.242s] DEBUG:colcon.colcon_core.event_handler.log_command:Invoked command in '/home/falinux/team28/ws/src/tb3_weather_dt' returned '0': DEBUGINFOD_URLS=https://debuginfod.ubuntu.com PYTHONPATH=/home/falinux/team28/ws/build/tb3_weather_dt/prefix_override:/usr/lib/python3/dist-packages/colcon_core/task/python/colcon_distutils_commands:/home/falinux/team28/ws/install/tb3_weather_dt/lib/python3.12/site-packages:${PYTHONPATH} /usr/bin/python3 -W ignore:setup.py install is deprecated -W ignore:easy_install command is deprecated setup.py egg_info --egg-base ../../build/tb3_weather_dt build --build-base /home/falinux/team28/ws/build/tb3_weather_dt/build install --record /home/falinux/team28/ws/build/tb3_weather_dt/install.log --single-version-externally-managed install_data
[1.244s] Level 1:colcon.colcon_core.environment:checking '/home/falinux/team28/ws/install/tb3_weather_dt' for CMake module files
[1.245s] Level 1:colcon.colcon_core.environment:checking '/home/falinux/team28/ws/install/tb3_weather_dt' for CMake config files
[1.245s] Level 1:colcon.colcon_core.environment:checking '/home/falinux/team28/ws/install/tb3_weather_dt/lib'
[1.245s] Level 1:colcon.colcon_core.environment:checking '/home/falinux/team28/ws/install/tb3_weather_dt/bin'
[1.245s] Level 1:colcon.colcon_core.environment:checking '/home/falinux/team28/ws/install/tb3_weather_dt/lib/pkgconfig/tb3_weather_dt.pc'
[1.245s] Level 1:colcon.colcon_core.environment:checking '/home/falinux/team28/ws/install/tb3_weather_dt/lib/python3.12/site-packages'
[1.245s] Level 1:colcon.colcon_core.shell:create_environment_hook('tb3_weather_dt', 'pythonpath')
[1.246s] INFO:colcon.colcon_core.shell:Creating environment descriptor '/home/falinux/team28/ws/install/tb3_weather_dt/share/tb3_weather_dt/hook/pythonpath.dsv'
[1.246s] INFO:colcon.colcon_core.shell:Creating environment hook '/home/falinux/team28/ws/install/tb3_weather_dt/share/tb3_weather_dt/hook/pythonpath.sh'
[1.246s] Level 1:colcon.colcon_core.environment:checking '/home/falinux/team28/ws/install/tb3_weather_dt/bin'
[1.246s] Level 1:colcon.colcon_core.environment:create_environment_scripts_only(tb3_weather_dt)
[1.246s] INFO:colcon.colcon_core.shell:Creating package descriptor '/home/falinux/team28/ws/install/tb3_weather_dt/share/tb3_weather_dt/package.dsv'
[1.247s] INFO:colcon.colcon_core.shell:Creating package script '/home/falinux/team28/ws/install/tb3_weather_dt/share/tb3_weather_dt/package.sh'
[1.247s] INFO:colcon.colcon_core.shell:Creating package script '/home/falinux/team28/ws/install/tb3_weather_dt/share/tb3_weather_dt/package.bash'
[1.248s] INFO:colcon.colcon_core.shell:Creating package script '/home/falinux/team28/ws/install/tb3_weather_dt/share/tb3_weather_dt/package.zsh'
[1.248s] Level 1:colcon.colcon_core.environment:create_file_with_runtime_dependencies(/home/falinux/team28/ws/install/tb3_weather_dt/share/colcon-core/packages/tb3_weather_dt)
[1.249s] Level 1:colcon.colcon_core.environment:checking '/home/falinux/team28/ws/install/my_tb3_world' for CMake module files
[1.249s] DEBUG:colcon.colcon_core.event_handler.log_command:Invoked command in '/home/falinux/team28/ws/src/my_tb3_world' returned '0': DEBUGINFOD_URLS=https://debuginfod.ubuntu.com PYTHONPATH=/home/falinux/team28/ws/build/my_tb3_world/prefix_override:/usr/lib/python3/dist-packages/colcon_core/task/python/colcon_distutils_commands:/home/falinux/team28/ws/install/my_tb3_world/lib/python3.12/site-packages:${PYTHONPATH} /usr/bin/python3 -W ignore:setup.py install is deprecated -W ignore:easy_install command is deprecated setup.py egg_info --egg-base ../../build/my_tb3_world build --build-base /home/falinux/team28/ws/build/my_tb3_world/build install --record /home/falinux/team28/ws/build/my_tb3_world/install.log --single-version-externally-managed install_data
[1.250s] Level 1:colcon.colcon_core.environment:checking '/home/falinux/team28/ws/install/my_tb3_world' for CMake config files
[1.250s] Level 1:colcon.colcon_core.shell:create_environment_hook('my_tb3_world', 'cmake_prefix_path')
[1.250s] INFO:colcon.colcon_core.shell:Creating environment descriptor '/home/falinux/team28/ws/install/my_tb3_world/share/my_tb3_world/hook/cmake_prefix_path.dsv'
[1.250s] INFO:colcon.colcon_core.shell:Creating environment hook '/home/falinux/team28/ws/install/my_tb3_world/share/my_tb3_world/hook/cmake_prefix_path.sh'
[1.250s] Level 1:colcon.colcon_core.environment:checking '/home/falinux/team28/ws/install/my_tb3_world/lib'
[1.250s] Level 1:colcon.colcon_core.environment:checking '/home/falinux/team28/ws/install/my_tb3_world/bin'
[1.250s] Level 1:colcon.colcon_core.environment:checking '/home/falinux/team28/ws/install/my_tb3_world/lib/pkgconfig/my_tb3_world.pc'
[1.251s] Level 1:colcon.colcon_core.environment:checking '/home/falinux/team28/ws/install/my_tb3_world/lib/python3.12/site-packages'
[1.251s] Level 1:colcon.colcon_core.shell:create_environment_hook('my_tb3_world', 'pythonpath')
[1.251s] INFO:colcon.colcon_core.shell:Creating environment descriptor '/home/falinux/team28/ws/install/my_tb3_world/share/my_tb3_world/hook/pythonpath.dsv'
[1.251s] INFO:colcon.colcon_core.shell:Creating environment hook '/home/falinux/team28/ws/install/my_tb3_world/share/my_tb3_world/hook/pythonpath.sh'
[1.251s] Level 1:colcon.colcon_core.environment:checking '/home/falinux/team28/ws/install/my_tb3_world/bin'
[1.251s] Level 1:colcon.colcon_core.environment:create_environment_scripts_only(my_tb3_world)
[1.252s] INFO:colcon.colcon_core.shell:Creating package descriptor '/home/falinux/team28/ws/install/my_tb3_world/share/my_tb3_world/package.dsv'
[1.252s] INFO:colcon.colcon_core.shell:Creating package script '/home/falinux/team28/ws/install/my_tb3_world/share/my_tb3_world/package.sh'
[1.252s] INFO:colcon.colcon_core.shell:Creating package script '/home/falinux/team28/ws/install/my_tb3_world/share/my_tb3_world/package.bash'
[1.252s] INFO:colcon.colcon_core.shell:Creating package script '/home/falinux/team28/ws/install/my_tb3_world/share/my_tb3_world/package.zsh'
[1.252s] Level 1:colcon.colcon_core.environment:create_file_with_runtime_dependencies(/home/falinux/team28/ws/install/my_tb3_world/share/colcon-core/packages/my_tb3_world)
[1.253s] DEBUG:colcon.colcon_parallel_executor.executor.parallel:closing loop
[1.253s] DEBUG:colcon.colcon_parallel_executor.executor.parallel:loop closed
[1.253s] DEBUG:colcon.colcon_parallel_executor.executor.parallel:run_until_complete finished with '0'
[1.253s] DEBUG:colcon.colcon_core.event_reactor:joining thread
[1.257s] INFO:colcon.colcon_core.plugin_system:Skipping extension 'colcon_notification.desktop_notification.terminal_notifier': Not used on non-Darwin systems
[1.257s] INFO:colcon.colcon_core.plugin_system:Skipping extension 'colcon_notification.desktop_notification.win32': Not used on non-Windows systems
[1.257s] INFO:colcon.colcon_notification.desktop_notification:Sending desktop notification using 'notify2'
[1.270s] DEBUG:colcon.colcon_core.event_reactor:joined thread
[1.271s] INFO:colcon.colcon_core.shell:Creating prefix script '/home/falinux/team28/ws/install/local_setup.sh'
[1.271s] INFO:colcon.colcon_core.shell:Creating prefix util module '/home/falinux/team28/ws/install/_local_setup_util_sh.py'
[1.272s] INFO:colcon.colcon_core.shell:Creating prefix chain script '/home/falinux/team28/ws/install/setup.sh'
[1.272s] INFO:colcon.colcon_core.shell:Creating prefix script '/home/falinux/team28/ws/install/local_setup.bash'
[1.273s] INFO:colcon.colcon_core.shell:Creating prefix chain script '/home/falinux/team28/ws/install/setup.bash'
[1.274s] INFO:colcon.colcon_core.shell:Creating prefix script '/home/falinux/team28/ws/install/local_setup.zsh'
[1.274s] INFO:colcon.colcon_core.shell:Creating prefix chain script '/home/falinux/team28/ws/install/setup.zsh'
