[1.306s] Invoking command in '/home/falinux/CBL_twinning/ws/src/border_recorder': DEBUGINFOD_URLS=https://debuginfod.ubuntu.com PYTHONPATH=/home/falinux/CBL_twinning/ws/build/border_recorder/prefix_override:/usr/lib/python3/dist-packages/colcon_core/task/python/colcon_distutils_commands:/home/falinux/CBL_twinning/ws/install/border_recorder/lib/python3.12/site-packages:${PYTHONPATH} /usr/bin/python3 -W ignore:setup.py install is deprecated -W ignore:easy_install command is deprecated setup.py egg_info --egg-base ../../build/border_recorder build --build-base /home/falinux/CBL_twinning/ws/build/border_recorder/build install --record /home/falinux/CBL_twinning/ws/build/border_recorder/install.log --single-version-externally-managed install_data
[1.611s] running egg_info
[1.611s] creating ../../build/border_recorder/border_recorder.egg-info
[1.641s] writing ../../build/border_recorder/border_recorder.egg-info/PKG-INFO
[1.641s] writing dependency_links to ../../build/border_recorder/border_recorder.egg-info/dependency_links.txt
[1.642s] writing entry points to ../../build/border_recorder/border_recorder.egg-info/entry_points.txt
[1.642s] writing requirements to ../../build/border_recorder/border_recorder.egg-info/requires.txt
[1.642s] writing top-level names to ../../build/border_recorder/border_recorder.egg-info/top_level.txt
[1.642s] writing manifest file '../../build/border_recorder/border_recorder.egg-info/SOURCES.txt'
[1.685s] reading manifest file '../../build/border_recorder/border_recorder.egg-info/SOURCES.txt'
[1.686s] writing manifest file '../../build/border_recorder/border_recorder.egg-info/SOURCES.txt'
[1.686s] running build
[1.686s] running build_py
[1.686s] creating /home/falinux/CBL_twinning/ws/build/border_recorder/build
[1.686s] creating /home/falinux/CBL_twinning/ws/build/border_recorder/build/lib
[1.686s] creating /home/falinux/CBL_twinning/ws/build/border_recorder/build/lib/border_recorder
[1.687s] copying border_recorder/__init__.py -> /home/falinux/CBL_twinning/ws/build/border_recorder/build/lib/border_recorder
[1.687s] copying border_recorder/border_recorder_node.py -> /home/falinux/CBL_twinning/ws/build/border_recorder/build/lib/border_recorder
[1.687s] running install
[1.694s] running install_lib
[1.716s] creating /home/falinux/CBL_twinning/ws/install/border_recorder/lib/python3.12/site-packages/border_recorder
[1.717s] copying /home/falinux/CBL_twinning/ws/build/border_recorder/build/lib/border_recorder/__init__.py -> /home/falinux/CBL_twinning/ws/install/border_recorder/lib/python3.12/site-packages/border_recorder
[1.717s] copying /home/falinux/CBL_twinning/ws/build/border_recorder/build/lib/border_recorder/border_recorder_node.py -> /home/falinux/CBL_twinning/ws/install/border_recorder/lib/python3.12/site-packages/border_recorder
[1.717s] byte-compiling /home/falinux/CBL_twinning/ws/install/border_recorder/lib/python3.12/site-packages/border_recorder/__init__.py to __init__.cpython-312.pyc
[1.718s] byte-compiling /home/falinux/CBL_twinning/ws/install/border_recorder/lib/python3.12/site-packages/border_recorder/border_recorder_node.py to border_recorder_node.cpython-312.pyc
[1.720s] running install_data
[1.720s] creating /home/falinux/CBL_twinning/ws/install/border_recorder/share/ament_index
[1.721s] creating /home/falinux/CBL_twinning/ws/install/border_recorder/share/ament_index/resource_index
[1.721s] creating /home/falinux/CBL_twinning/ws/install/border_recorder/share/ament_index/resource_index/packages
[1.721s] copying resource/border_recorder -> /home/falinux/CBL_twinning/ws/install/border_recorder/share/ament_index/resource_index/packages
[1.721s] copying package.xml -> /home/falinux/CBL_twinning/ws/install/border_recorder/share/border_recorder
[1.721s] creating /home/falinux/CBL_twinning/ws/install/border_recorder/share/border_recorder/launch
[1.721s] copying launch/border_recorder.launch.py -> /home/falinux/CBL_twinning/ws/install/border_recorder/share/border_recorder/launch
[1.721s] running install_egg_info
[1.747s] Copying ../../build/border_recorder/border_recorder.egg-info to /home/falinux/CBL_twinning/ws/install/border_recorder/lib/python3.12/site-packages/border_recorder-0.1.0-py3.12.egg-info
[1.749s] running install_scripts
[1.900s] Installing border_recorder_node script to /home/falinux/CBL_twinning/ws/install/border_recorder/lib/border_recorder
[1.900s] writing list of installed files to '/home/falinux/CBL_twinning/ws/build/border_recorder/install.log'
[1.937s] Invoked command in '/home/falinux/CBL_twinning/ws/src/border_recorder' returned '0': DEBUGINFOD_URLS=https://debuginfod.ubuntu.com PYTHONPATH=/home/falinux/CBL_twinning/ws/build/border_recorder/prefix_override:/usr/lib/python3/dist-packages/colcon_core/task/python/colcon_distutils_commands:/home/falinux/CBL_twinning/ws/install/border_recorder/lib/python3.12/site-packages:${PYTHONPATH} /usr/bin/python3 -W ignore:setup.py install is deprecated -W ignore:easy_install command is deprecated setup.py egg_info --egg-base ../../build/border_recorder build --build-base /home/falinux/CBL_twinning/ws/build/border_recorder/build install --record /home/falinux/CBL_twinning/ws/build/border_recorder/install.log --single-version-externally-managed install_data
