[0.014s] Invoking command in '/ws/build/my_tb3_world': CMAKE_PREFIX_PATH=${CMAKE_PREFIX_PATH}:/ws/install/robot_sound_demo:/opt/turtlebot3_ws/install/turtlebot3_teleop:/opt/ros/jazzy /usr/bin/cmake --build /ws/build/my_tb3_world -- -j2 -l2
[0.115s] Invoked command in '/ws/build/my_tb3_world' returned '0': CMAKE_PREFIX_PATH=${CMAKE_PREFIX_PATH}:/ws/install/robot_sound_demo:/opt/turtlebot3_ws/install/turtlebot3_teleop:/opt/ros/jazzy /usr/bin/cmake --build /ws/build/my_tb3_world -- -j2 -l2
[0.121s] Invoking command in '/ws/build/my_tb3_world': CMAKE_PREFIX_PATH=${CMAKE_PREFIX_PATH}:/ws/install/robot_sound_demo:/opt/turtlebot3_ws/install/turtlebot3_teleop:/opt/ros/jazzy /usr/bin/cmake --install /ws/build/my_tb3_world
[0.126s] -- Install configuration: ""
[0.127s] -- Up-to-date: /ws/install/my_tb3_world/share/my_tb3_world/launch
[0.127s] -- Up-to-date: /ws/install/my_tb3_world/share/my_tb3_world/launch/new_world.launch.py
[0.127s] -- Up-to-date: /ws/install/my_tb3_world/share/my_tb3_world/worlds
[0.128s] -- Up-to-date: /ws/install/my_tb3_world/share/my_tb3_world/worlds/new_world.world
[0.128s] -- Up-to-date: /ws/install/my_tb3_world/share/my_tb3_world/package.xml
[0.128s] -- Up-to-date: /ws/install/my_tb3_world/share/ament_index/resource_index/package_run_dependencies/my_tb3_world
[0.129s] -- Up-to-date: /ws/install/my_tb3_world/share/ament_index/resource_index/parent_prefix_path/my_tb3_world
[0.130s] -- Up-to-date: /ws/install/my_tb3_world/share/my_tb3_world/environment/ament_prefix_path.sh
[0.131s] -- Up-to-date: /ws/install/my_tb3_world/share/my_tb3_world/environment/ament_prefix_path.dsv
[0.131s] -- Up-to-date: /ws/install/my_tb3_world/share/my_tb3_world/environment/path.sh
[0.131s] -- Up-to-date: /ws/install/my_tb3_world/share/my_tb3_world/environment/path.dsv
[0.132s] -- Up-to-date: /ws/install/my_tb3_world/share/my_tb3_world/local_setup.bash
[0.132s] -- Up-to-date: /ws/install/my_tb3_world/share/my_tb3_world/local_setup.sh
[0.132s] -- Up-to-date: /ws/install/my_tb3_world/share/my_tb3_world/local_setup.zsh
[0.133s] -- Up-to-date: /ws/install/my_tb3_world/share/my_tb3_world/local_setup.dsv
[0.133s] -- Installing: /ws/install/my_tb3_world/share/my_tb3_world/package.dsv
[0.133s] -- Up-to-date: /ws/install/my_tb3_world/share/ament_index/resource_index/packages/my_tb3_world
[0.134s] -- Up-to-date: /ws/install/my_tb3_world/share/my_tb3_world/cmake/my_tb3_worldConfig.cmake
[0.134s] -- Up-to-date: /ws/install/my_tb3_world/share/my_tb3_world/cmake/my_tb3_worldConfig-version.cmake
[0.135s] -- Up-to-date: /ws/install/my_tb3_world/share/my_tb3_world/package.xml
[0.135s] Invoked command in '/ws/build/my_tb3_world' returned '0': CMAKE_PREFIX_PATH=${CMAKE_PREFIX_PATH}:/ws/install/robot_sound_demo:/opt/turtlebot3_ws/install/turtlebot3_teleop:/opt/ros/jazzy /usr/bin/cmake --install /ws/build/my_tb3_world
