[2.403s] Invoking command in '/home/falinux/CBL_twinning/src/tb3_safety_stop': DEBUGINFOD_URLS=https://debuginfod.ubuntu.com PYTHONPATH=/home/falinux/CBL_twinning/build/tb3_safety_stop/prefix_override:/usr/lib/python3/dist-packages/colcon_core/task/python/colcon_distutils_commands:/home/falinux/CBL_twinning/install/tb3_safety_stop/lib/python3.12/site-packages:${PYTHONPATH} /usr/bin/python3 -W ignore:setup.py install is deprecated -W ignore:easy_install command is deprecated setup.py egg_info --egg-base ../../build/tb3_safety_stop build --build-base /home/falinux/CBL_twinning/build/tb3_safety_stop/build install --record /home/falinux/CBL_twinning/build/tb3_safety_stop/install.log --single-version-externally-managed install_data
[2.851s] running egg_info
[2.885s] writing ../../build/tb3_safety_stop/tb3_safety_stop.egg-info/PKG-INFO
[2.885s] writing dependency_links to ../../build/tb3_safety_stop/tb3_safety_stop.egg-info/dependency_links.txt
[2.886s] writing entry points to ../../build/tb3_safety_stop/tb3_safety_stop.egg-info/entry_points.txt
[2.886s] writing requirements to ../../build/tb3_safety_stop/tb3_safety_stop.egg-info/requires.txt
[2.886s] writing top-level names to ../../build/tb3_safety_stop/tb3_safety_stop.egg-info/top_level.txt
[2.956s] reading manifest file '../../build/tb3_safety_stop/tb3_safety_stop.egg-info/SOURCES.txt'
[2.957s] writing manifest file '../../build/tb3_safety_stop/tb3_safety_stop.egg-info/SOURCES.txt'
[2.958s] running build
[2.958s] running build_py
[2.958s] running install
[2.971s] running install_lib
[3.006s] running install_data
[3.006s] running install_egg_info
[3.045s] removing '/home/falinux/CBL_twinning/install/tb3_safety_stop/lib/python3.12/site-packages/tb3_safety_stop-0.0.1-py3.12.egg-info' (and everything under it)
[3.045s] Copying ../../build/tb3_safety_stop/tb3_safety_stop.egg-info to /home/falinux/CBL_twinning/install/tb3_safety_stop/lib/python3.12/site-packages/tb3_safety_stop-0.0.1-py3.12.egg-info
[3.046s] running install_scripts
[3.208s] Installing safety_stop_node script to /home/falinux/CBL_twinning/install/tb3_safety_stop/lib/tb3_safety_stop
[3.208s] Installing twin_safety_node script to /home/falinux/CBL_twinning/install/tb3_safety_stop/lib/tb3_safety_stop
[3.209s] Installing twin_safety_node_back script to /home/falinux/CBL_twinning/install/tb3_safety_stop/lib/tb3_safety_stop
[3.209s] writing list of installed files to '/home/falinux/CBL_twinning/build/tb3_safety_stop/install.log'
[3.267s] Invoked command in '/home/falinux/CBL_twinning/src/tb3_safety_stop' returned '0': DEBUGINFOD_URLS=https://debuginfod.ubuntu.com PYTHONPATH=/home/falinux/CBL_twinning/build/tb3_safety_stop/prefix_override:/usr/lib/python3/dist-packages/colcon_core/task/python/colcon_distutils_commands:/home/falinux/CBL_twinning/install/tb3_safety_stop/lib/python3.12/site-packages:${PYTHONPATH} /usr/bin/python3 -W ignore:setup.py install is deprecated -W ignore:easy_install command is deprecated setup.py egg_info --egg-base ../../build/tb3_safety_stop build --build-base /home/falinux/CBL_twinning/build/tb3_safety_stop/build install --record /home/falinux/CBL_twinning/build/tb3_safety_stop/install.log --single-version-externally-managed install_data
