running egg_info
writing ../../build/tb3_safety_stop/tb3_safety_stop.egg-info/PKG-INFO
writing dependency_links to ../../build/tb3_safety_stop/tb3_safety_stop.egg-info/dependency_links.txt
writing entry points to ../../build/tb3_safety_stop/tb3_safety_stop.egg-info/entry_points.txt
writing requirements to ../../build/tb3_safety_stop/tb3_safety_stop.egg-info/requires.txt
writing top-level names to ../../build/tb3_safety_stop/tb3_safety_stop.egg-info/top_level.txt
reading manifest file '../../build/tb3_safety_stop/tb3_safety_stop.egg-info/SOURCES.txt'
writing manifest file '../../build/tb3_safety_stop/tb3_safety_stop.egg-info/SOURCES.txt'
running build
running build_py
running install
running install_lib
running install_data
running install_egg_info
removing '/home/falinux/CBL_twinning/install/tb3_safety_stop/lib/python3.12/site-packages/tb3_safety_stop-0.0.1-py3.12.egg-info' (and everything under it)
Copying ../../build/tb3_safety_stop/tb3_safety_stop.egg-info to /home/falinux/CBL_twinning/install/tb3_safety_stop/lib/python3.12/site-packages/tb3_safety_stop-0.0.1-py3.12.egg-info
running install_scripts
Installing safety_stop_node script to /home/falinux/CBL_twinning/install/tb3_safety_stop/lib/tb3_safety_stop
Installing twin_safety_node script to /home/falinux/CBL_twinning/install/tb3_safety_stop/lib/tb3_safety_stop
Installing twin_safety_node_back script to /home/falinux/CBL_twinning/install/tb3_safety_stop/lib/tb3_safety_stop
writing list of installed files to '/home/falinux/CBL_twinning/build/tb3_safety_stop/install.log'
