[3.041s] Invoking command in '/home/falinux/CBL_twinning/src/border_recorder': DEBUGINFOD_URLS=https://debuginfod.ubuntu.com PYTHONPATH=/home/falinux/CBL_twinning/build/border_recorder/prefix_override:/usr/lib/python3/dist-packages/colcon_core/task/python/colcon_distutils_commands:/home/falinux/CBL_twinning/install/border_recorder/lib/python3.12/site-packages:${PYTHONPATH} /usr/bin/python3 -W ignore:setup.py install is deprecated -W ignore:easy_install command is deprecated setup.py egg_info --egg-base ../../build/border_recorder build --build-base /home/falinux/CBL_twinning/build/border_recorder/build install --record /home/falinux/CBL_twinning/build/border_recorder/install.log --single-version-externally-managed install_data
[3.585s] running egg_info
[3.619s] writing ../../build/border_recorder/border_recorder.egg-info/PKG-INFO
[3.619s] writing dependency_links to ../../build/border_recorder/border_recorder.egg-info/dependency_links.txt
[3.619s] writing entry points to ../../build/border_recorder/border_recorder.egg-info/entry_points.txt
[3.619s] writing requirements to ../../build/border_recorder/border_recorder.egg-info/requires.txt
[3.619s] writing top-level names to ../../build/border_recorder/border_recorder.egg-info/top_level.txt
[3.693s] reading manifest file '../../build/border_recorder/border_recorder.egg-info/SOURCES.txt'
[3.695s] writing manifest file '../../build/border_recorder/border_recorder.egg-info/SOURCES.txt'
[3.699s] running build
[3.699s] running build_py
[3.699s] running install
[3.711s] running install_lib
[3.753s] running install_data
[3.754s] running install_egg_info
[3.793s] removing '/home/falinux/CBL_twinning/install/border_recorder/lib/python3.12/site-packages/border_recorder-0.1.0-py3.12.egg-info' (and everything under it)
[3.793s] Copying ../../build/border_recorder/border_recorder.egg-info to /home/falinux/CBL_twinning/install/border_recorder/lib/python3.12/site-packages/border_recorder-0.1.0-py3.12.egg-info
[3.797s] running install_scripts
[4.054s] Installing border_recorder_node script to /home/falinux/CBL_twinning/install/border_recorder/lib/border_recorder
[4.055s] writing list of installed files to '/home/falinux/CBL_twinning/build/border_recorder/install.log'
[4.145s] Invoked command in '/home/falinux/CBL_twinning/src/border_recorder' returned '0': DEBUGINFOD_URLS=https://debuginfod.ubuntu.com PYTHONPATH=/home/falinux/CBL_twinning/build/border_recorder/prefix_override:/usr/lib/python3/dist-packages/colcon_core/task/python/colcon_distutils_commands:/home/falinux/CBL_twinning/install/border_recorder/lib/python3.12/site-packages:${PYTHONPATH} /usr/bin/python3 -W ignore:setup.py install is deprecated -W ignore:easy_install command is deprecated setup.py egg_info --egg-base ../../build/border_recorder build --build-base /home/falinux/CBL_twinning/build/border_recorder/build install --record /home/falinux/CBL_twinning/build/border_recorder/install.log --single-version-externally-managed install_data
