[2.119s] Invoking command in '/home/falinux/CBL_twinning/src/plant_mapper': DEBUGINFOD_URLS=https://debuginfod.ubuntu.com PYTHONPATH=/home/falinux/CBL_twinning/build/plant_mapper/prefix_override:/usr/lib/python3/dist-packages/colcon_core/task/python/colcon_distutils_commands:/home/falinux/CBL_twinning/install/plant_mapper/lib/python3.12/site-packages:${PYTHONPATH} /usr/bin/python3 -W ignore:setup.py install is deprecated -W ignore:easy_install command is deprecated setup.py egg_info --egg-base ../../build/plant_mapper build --build-base /home/falinux/CBL_twinning/build/plant_mapper/build install --record /home/falinux/CBL_twinning/build/plant_mapper/install.log --single-version-externally-managed install_data
[2.755s] running egg_info
[2.803s] writing ../../build/plant_mapper/plant_mapper.egg-info/PKG-INFO
[2.804s] writing dependency_links to ../../build/plant_mapper/plant_mapper.egg-info/dependency_links.txt
[2.805s] writing entry points to ../../build/plant_mapper/plant_mapper.egg-info/entry_points.txt
[2.805s] writing requirements to ../../build/plant_mapper/plant_mapper.egg-info/requires.txt
[2.805s] writing top-level names to ../../build/plant_mapper/plant_mapper.egg-info/top_level.txt
[2.906s] reading manifest file '../../build/plant_mapper/plant_mapper.egg-info/SOURCES.txt'
[2.909s] writing manifest file '../../build/plant_mapper/plant_mapper.egg-info/SOURCES.txt'
[2.909s] running build
[2.909s] running build_py
[2.910s] running install
[2.931s] running install_lib
[2.980s] running install_data
[2.980s] copying plant_mapper/web/style.css -> /home/falinux/CBL_twinning/install/plant_mapper/share/plant_mapper/web
[2.980s] copying plant_mapper/web/map.png -> /home/falinux/CBL_twinning/install/plant_mapper/share/plant_mapper/web
[2.980s] running install_egg_info
[3.035s] removing '/home/falinux/CBL_twinning/install/plant_mapper/lib/python3.12/site-packages/plant_mapper-0.0.0-py3.12.egg-info' (and everything under it)
[3.035s] Copying ../../build/plant_mapper/plant_mapper.egg-info to /home/falinux/CBL_twinning/install/plant_mapper/lib/python3.12/site-packages/plant_mapper-0.0.0-py3.12.egg-info
[3.037s] running install_scripts
[3.361s] Installing farm_navigator script to /home/falinux/CBL_twinning/install/plant_mapper/lib/plant_mapper
[3.363s] Installing farm_twin script to /home/falinux/CBL_twinning/install/plant_mapper/lib/plant_mapper
[3.363s] Installing plant_mapper script to /home/falinux/CBL_twinning/install/plant_mapper/lib/plant_mapper
[3.367s] writing list of installed files to '/home/falinux/CBL_twinning/build/plant_mapper/install.log'
[3.473s] Invoked command in '/home/falinux/CBL_twinning/src/plant_mapper' returned '0': DEBUGINFOD_URLS=https://debuginfod.ubuntu.com PYTHONPATH=/home/falinux/CBL_twinning/build/plant_mapper/prefix_override:/usr/lib/python3/dist-packages/colcon_core/task/python/colcon_distutils_commands:/home/falinux/CBL_twinning/install/plant_mapper/lib/python3.12/site-packages:${PYTHONPATH} /usr/bin/python3 -W ignore:setup.py install is deprecated -W ignore:easy_install command is deprecated setup.py egg_info --egg-base ../../build/plant_mapper build --build-base /home/falinux/CBL_twinning/build/plant_mapper/build install --record /home/falinux/CBL_twinning/build/plant_mapper/install.log --single-version-externally-managed install_data
