[1.512s] Invoking command in '/home/falinux/CBL_twinning/ws/src/my_tb3_world': DEBUGINFOD_URLS=https://debuginfod.ubuntu.com PYTHONPATH=/home/falinux/CBL_twinning/build/my_tb3_world/prefix_override:/usr/lib/python3/dist-packages/colcon_core/task/python/colcon_distutils_commands:/home/falinux/CBL_twinning/install/my_tb3_world/lib/python3.12/site-packages:${PYTHONPATH} /usr/bin/python3 -W ignore:setup.py install is deprecated -W ignore:easy_install command is deprecated setup.py egg_info --egg-base ../../../build/my_tb3_world build --build-base /home/falinux/CBL_twinning/build/my_tb3_world/build install --record /home/falinux/CBL_twinning/build/my_tb3_world/install.log --single-version-externally-managed install_data
[1.822s] running egg_info
[1.848s] writing ../../../build/my_tb3_world/my_tb3_world.egg-info/PKG-INFO
[1.848s] writing dependency_links to ../../../build/my_tb3_world/my_tb3_world.egg-info/dependency_links.txt
[1.848s] writing entry points to ../../../build/my_tb3_world/my_tb3_world.egg-info/entry_points.txt
[1.849s] writing requirements to ../../../build/my_tb3_world/my_tb3_world.egg-info/requires.txt
[1.849s] writing top-level names to ../../../build/my_tb3_world/my_tb3_world.egg-info/top_level.txt
[1.894s] reading manifest file '../../../build/my_tb3_world/my_tb3_world.egg-info/SOURCES.txt'
[1.894s] writing manifest file '../../../build/my_tb3_world/my_tb3_world.egg-info/SOURCES.txt'
[1.895s] running build
[1.895s] running build_py
[1.895s] running install
[1.902s] running install_lib
[1.925s] running install_data
[1.925s] running install_egg_info
[1.949s] removing '/home/falinux/CBL_twinning/install/my_tb3_world/lib/python3.12/site-packages/my_tb3_world-0.0.0-py3.12.egg-info' (and everything under it)
[1.950s] Copying ../../../build/my_tb3_world/my_tb3_world.egg-info to /home/falinux/CBL_twinning/install/my_tb3_world/lib/python3.12/site-packages/my_tb3_world-0.0.0-py3.12.egg-info
[1.951s] running install_scripts
[2.114s] Installing publisher_node script to /home/falinux/CBL_twinning/install/my_tb3_world/lib/my_tb3_world
[2.115s] Installing subscriber_node script to /home/falinux/CBL_twinning/install/my_tb3_world/lib/my_tb3_world
[2.115s] writing list of installed files to '/home/falinux/CBL_twinning/build/my_tb3_world/install.log'
[2.186s] Invoked command in '/home/falinux/CBL_twinning/ws/src/my_tb3_world' returned '0': DEBUGINFOD_URLS=https://debuginfod.ubuntu.com PYTHONPATH=/home/falinux/CBL_twinning/build/my_tb3_world/prefix_override:/usr/lib/python3/dist-packages/colcon_core/task/python/colcon_distutils_commands:/home/falinux/CBL_twinning/install/my_tb3_world/lib/python3.12/site-packages:${PYTHONPATH} /usr/bin/python3 -W ignore:setup.py install is deprecated -W ignore:easy_install command is deprecated setup.py egg_info --egg-base ../../../build/my_tb3_world build --build-base /home/falinux/CBL_twinning/build/my_tb3_world/build install --record /home/falinux/CBL_twinning/build/my_tb3_world/install.log --single-version-externally-managed install_data
