[0.008s] Invoking command in '/ws/build/my_tb3_world': CMAKE_PREFIX_PATH=${CMAKE_PREFIX_PATH}:/opt/turtlebot3_ws/install/turtlebot3_teleop:/opt/ros/jazzy /usr/bin/cmake /ws/src/my_tb3_world -DCMAKE_INSTALL_PREFIX=/ws/install/my_tb3_world
[0.065s] -- The C compiler identification is GNU 13.3.0
[0.105s] -- The CXX compiler identification is GNU 13.3.0
[0.116s] -- Detecting C compiler ABI info
[0.189s] -- Detecting C compiler ABI info - done
[0.201s] -- Check for working C compiler: /usr/bin/cc - skipped
[0.201s] -- Detecting C compile features
[0.202s] -- Detecting C compile features - done
[0.207s] -- Detecting CXX compiler ABI info
[0.281s] -- Detecting CXX compiler ABI info - done
[0.294s] -- Check for working CXX compiler: /usr/bin/c++ - skipped
[0.295s] -- Detecting CXX compile features
[0.295s] -- Detecting CXX compile features - done
[0.301s] -- Found ament_cmake: 2.5.3 (/opt/ros/jazzy/share/ament_cmake/cmake)
[0.379s] -- Found Python3: /usr/bin/python3 (found version "3.12.3") found components: Interpreter 
[0.527s] -- Configuring done (0.5s)
[0.546s] -- Generating done (0.0s)
[0.553s] -- Build files have been written to: /ws/build/my_tb3_world
[0.556s] Invoked command in '/ws/build/my_tb3_world' returned '0': CMAKE_PREFIX_PATH=${CMAKE_PREFIX_PATH}:/opt/turtlebot3_ws/install/turtlebot3_teleop:/opt/ros/jazzy /usr/bin/cmake /ws/src/my_tb3_world -DCMAKE_INSTALL_PREFIX=/ws/install/my_tb3_world
[0.559s] Invoking command in '/ws/build/my_tb3_world': CMAKE_PREFIX_PATH=${CMAKE_PREFIX_PATH}:/opt/turtlebot3_ws/install/turtlebot3_teleop:/opt/ros/jazzy /usr/bin/cmake --build /ws/build/my_tb3_world -- -j2 -l2
[0.579s] Invoked command in '/ws/build/my_tb3_world' returned '0': CMAKE_PREFIX_PATH=${CMAKE_PREFIX_PATH}:/opt/turtlebot3_ws/install/turtlebot3_teleop:/opt/ros/jazzy /usr/bin/cmake --build /ws/build/my_tb3_world -- -j2 -l2
[0.585s] Invoking command in '/ws/build/my_tb3_world': CMAKE_PREFIX_PATH=${CMAKE_PREFIX_PATH}:/opt/turtlebot3_ws/install/turtlebot3_teleop:/opt/ros/jazzy /usr/bin/cmake --install /ws/build/my_tb3_world
[0.590s] -- Install configuration: ""
[0.590s] -- Installing: /ws/install/my_tb3_world/share/my_tb3_world/launch
[0.591s] -- Installing: /ws/install/my_tb3_world/share/my_tb3_world/launch/new_world.launch.py
[0.595s] -- Installing: /ws/install/my_tb3_world/share/my_tb3_world/worlds
[0.596s] -- Installing: /ws/install/my_tb3_world/share/my_tb3_world/worlds/new_world.world
[0.599s] -- Installing: /ws/install/my_tb3_world/share/my_tb3_world/package.xml
[0.601s] -- Installing: /ws/install/my_tb3_world/share/ament_index/resource_index/package_run_dependencies/my_tb3_world
[0.603s] -- Installing: /ws/install/my_tb3_world/share/ament_index/resource_index/parent_prefix_path/my_tb3_world
[0.604s] -- Installing: /ws/install/my_tb3_world/share/my_tb3_world/environment/ament_prefix_path.sh
[0.605s] -- Installing: /ws/install/my_tb3_world/share/my_tb3_world/environment/ament_prefix_path.dsv
[0.606s] -- Installing: /ws/install/my_tb3_world/share/my_tb3_world/environment/path.sh
[0.607s] -- Installing: /ws/install/my_tb3_world/share/my_tb3_world/environment/path.dsv
[0.608s] -- Installing: /ws/install/my_tb3_world/share/my_tb3_world/local_setup.bash
[0.609s] -- Installing: /ws/install/my_tb3_world/share/my_tb3_world/local_setup.sh
[0.610s] -- Installing: /ws/install/my_tb3_world/share/my_tb3_world/local_setup.zsh
[0.611s] -- Installing: /ws/install/my_tb3_world/share/my_tb3_world/local_setup.dsv
[0.612s] -- Installing: /ws/install/my_tb3_world/share/my_tb3_world/package.dsv
[0.613s] -- Installing: /ws/install/my_tb3_world/share/ament_index/resource_index/packages/my_tb3_world
[0.614s] -- Installing: /ws/install/my_tb3_world/share/my_tb3_world/cmake/my_tb3_worldConfig.cmake
[0.615s] -- Installing: /ws/install/my_tb3_world/share/my_tb3_world/cmake/my_tb3_worldConfig-version.cmake
[0.616s] -- Up-to-date: /ws/install/my_tb3_world/share/my_tb3_world/package.xml
[0.618s] Invoked command in '/ws/build/my_tb3_world' returned '0': CMAKE_PREFIX_PATH=${CMAKE_PREFIX_PATH}:/opt/turtlebot3_ws/install/turtlebot3_teleop:/opt/ros/jazzy /usr/bin/cmake --install /ws/build/my_tb3_world
