/home/falinux/CBL_twinning/install/my_tb3_world/lib/python3.12/site-packages/my_tb3_world/__init__.py
/home/falinux/CBL_twinning/install/my_tb3_world/lib/python3.12/site-packages/my_tb3_world/publisher_node.py
/home/falinux/CBL_twinning/install/my_tb3_world/lib/python3.12/site-packages/my_tb3_world/subscriber_node.py
/home/falinux/CBL_twinning/install/my_tb3_world/lib/python3.12/site-packages/my_tb3_world/__pycache__/__init__.cpython-312.pyc
/home/falinux/CBL_twinning/install/my_tb3_world/lib/python3.12/site-packages/my_tb3_world/__pycache__/publisher_node.cpython-312.pyc
/home/falinux/CBL_twinning/install/my_tb3_world/lib/python3.12/site-packages/my_tb3_world/__pycache__/subscriber_node.cpython-312.pyc
/home/falinux/CBL_twinning/install/my_tb3_world/share/ament_index/resource_index/packages/my_tb3_world
/home/falinux/CBL_twinning/install/my_tb3_world/share/my_tb3_world/package.xml
/home/falinux/CBL_twinning/install/my_tb3_world/share/my_tb3_world/launch/publisher_node.launch.py
/home/falinux/CBL_twinning/install/my_tb3_world/share/my_tb3_world/launch/new_world.launch.py
/home/falinux/CBL_twinning/install/my_tb3_world/share/my_tb3_world/launch/subscriber_node.launch.py
/home/falinux/CBL_twinning/install/my_tb3_world/share/my_tb3_world/worlds/new_world.world
/home/falinux/CBL_twinning/install/my_tb3_world/lib/python3.12/site-packages/my_tb3_world-0.0.0-py3.12.egg-info/top_level.txt
/home/falinux/CBL_twinning/install/my_tb3_world/lib/python3.12/site-packages/my_tb3_world-0.0.0-py3.12.egg-info/zip-safe
/home/falinux/CBL_twinning/install/my_tb3_world/lib/python3.12/site-packages/my_tb3_world-0.0.0-py3.12.egg-info/PKG-INFO
/home/falinux/CBL_twinning/install/my_tb3_world/lib/python3.12/site-packages/my_tb3_world-0.0.0-py3.12.egg-info/entry_points.txt
/home/falinux/CBL_twinning/install/my_tb3_world/lib/python3.12/site-packages/my_tb3_world-0.0.0-py3.12.egg-info/SOURCES.txt
/home/falinux/CBL_twinning/install/my_tb3_world/lib/python3.12/site-packages/my_tb3_world-0.0.0-py3.12.egg-info/requires.txt
/home/falinux/CBL_twinning/install/my_tb3_world/lib/python3.12/site-packages/my_tb3_world-0.0.0-py3.12.egg-info/dependency_links.txt
/home/falinux/CBL_twinning/install/my_tb3_world/lib/my_tb3_world/publisher_node
/home/falinux/CBL_twinning/install/my_tb3_world/lib/my_tb3_world/subscriber_node
