[0.650s] Invoking command in '/home/falinux/CBL_twinning/src/plant_mapper': DEBUGINFOD_URLS=https://debuginfod.ubuntu.com PYTHONPATH=/home/falinux/CBL_twinning/build/plant_mapper/prefix_override:/usr/lib/python3/dist-packages/colcon_core/task/python/colcon_distutils_commands:/home/falinux/CBL_twinning/install/plant_mapper/lib/python3.12/site-packages:${PYTHONPATH} /usr/bin/python3 -W ignore:setup.py install is deprecated -W ignore:easy_install command is deprecated setup.py egg_info --egg-base ../../build/plant_mapper build --build-base /home/falinux/CBL_twinning/build/plant_mapper/build install --record /home/falinux/CBL_twinning/build/plant_mapper/install.log --single-version-externally-managed install_data
[0.860s] running egg_info
[0.875s] writing ../../build/plant_mapper/plant_mapper.egg-info/PKG-INFO
[0.875s] writing dependency_links to ../../build/plant_mapper/plant_mapper.egg-info/dependency_links.txt
[0.876s] writing entry points to ../../build/plant_mapper/plant_mapper.egg-info/entry_points.txt
[0.876s] writing requirements to ../../build/plant_mapper/plant_mapper.egg-info/requires.txt
[0.876s] writing top-level names to ../../build/plant_mapper/plant_mapper.egg-info/top_level.txt
[0.906s] reading manifest file '../../build/plant_mapper/plant_mapper.egg-info/SOURCES.txt'
[0.907s] writing manifest file '../../build/plant_mapper/plant_mapper.egg-info/SOURCES.txt'
[0.907s] running build
[0.907s] running build_py
[0.908s] copying plant_mapper/battery.py -> /home/falinux/CBL_twinning/build/plant_mapper/build/lib/plant_mapper
[0.908s] running install
[0.914s] running install_lib
[0.928s] copying /home/falinux/CBL_twinning/build/plant_mapper/build/lib/plant_mapper/battery.py -> /home/falinux/CBL_twinning/install/plant_mapper/lib/python3.12/site-packages/plant_mapper
[0.929s] byte-compiling /home/falinux/CBL_twinning/install/plant_mapper/lib/python3.12/site-packages/plant_mapper/battery.py to battery.cpython-312.pyc
[0.931s] running install_data
[0.932s] copying plant_mapper/web/app.js -> /home/falinux/CBL_twinning/install/plant_mapper/share/plant_mapper/web
[0.932s] running install_egg_info
[0.948s] removing '/home/falinux/CBL_twinning/install/plant_mapper/lib/python3.12/site-packages/plant_mapper-0.0.0-py3.12.egg-info' (and everything under it)
[0.948s] Copying ../../build/plant_mapper/plant_mapper.egg-info to /home/falinux/CBL_twinning/install/plant_mapper/lib/python3.12/site-packages/plant_mapper-0.0.0-py3.12.egg-info
[0.948s] running install_scripts
[1.053s] Installing battery script to /home/falinux/CBL_twinning/install/plant_mapper/lib/plant_mapper
[1.053s] Installing farm_navigator script to /home/falinux/CBL_twinning/install/plant_mapper/lib/plant_mapper
[1.053s] Installing farm_twin script to /home/falinux/CBL_twinning/install/plant_mapper/lib/plant_mapper
[1.054s] Installing plant_mapper script to /home/falinux/CBL_twinning/install/plant_mapper/lib/plant_mapper
[1.054s] writing list of installed files to '/home/falinux/CBL_twinning/build/plant_mapper/install.log'
[1.086s] Invoked command in '/home/falinux/CBL_twinning/src/plant_mapper' returned '0': DEBUGINFOD_URLS=https://debuginfod.ubuntu.com PYTHONPATH=/home/falinux/CBL_twinning/build/plant_mapper/prefix_override:/usr/lib/python3/dist-packages/colcon_core/task/python/colcon_distutils_commands:/home/falinux/CBL_twinning/install/plant_mapper/lib/python3.12/site-packages:${PYTHONPATH} /usr/bin/python3 -W ignore:setup.py install is deprecated -W ignore:easy_install command is deprecated setup.py egg_info --egg-base ../../build/plant_mapper build --build-base /home/falinux/CBL_twinning/build/plant_mapper/build install --record /home/falinux/CBL_twinning/build/plant_mapper/install.log --single-version-externally-managed install_data
