[1.907s] Invoking command in '/home/falinux/CBL_twinning/src/plant_mapper': DEBUGINFOD_URLS=https://debuginfod.ubuntu.com PYTHONPATH=/home/falinux/CBL_twinning/build/plant_mapper/prefix_override:/usr/lib/python3/dist-packages/colcon_core/task/python/colcon_distutils_commands:/home/falinux/CBL_twinning/install/plant_mapper/lib/python3.12/site-packages:${PYTHONPATH} /usr/bin/python3 -W ignore:setup.py install is deprecated -W ignore:easy_install command is deprecated setup.py egg_info --egg-base ../../build/plant_mapper build --build-base /home/falinux/CBL_twinning/build/plant_mapper/build install --record /home/falinux/CBL_twinning/build/plant_mapper/install.log --single-version-externally-managed install_data
[2.483s] running egg_info
[2.520s] writing ../../build/plant_mapper/plant_mapper.egg-info/PKG-INFO
[2.521s] writing dependency_links to ../../build/plant_mapper/plant_mapper.egg-info/dependency_links.txt
[2.521s] writing entry points to ../../build/plant_mapper/plant_mapper.egg-info/entry_points.txt
[2.521s] writing requirements to ../../build/plant_mapper/plant_mapper.egg-info/requires.txt
[2.522s] writing top-level names to ../../build/plant_mapper/plant_mapper.egg-info/top_level.txt
[2.604s] reading manifest file '../../build/plant_mapper/plant_mapper.egg-info/SOURCES.txt'
[2.604s] writing manifest file '../../build/plant_mapper/plant_mapper.egg-info/SOURCES.txt'
[2.605s] running build
[2.605s] running build_py
[2.605s] copying plant_mapper/pest_spread.py -> /home/falinux/CBL_twinning/build/plant_mapper/build/lib/plant_mapper
[2.606s] copying plant_mapper/farm_twin.py -> /home/falinux/CBL_twinning/build/plant_mapper/build/lib/plant_mapper
[2.606s] running install
[2.621s] running install_lib
[2.662s] copying /home/falinux/CBL_twinning/build/plant_mapper/build/lib/plant_mapper/pest_spread.py -> /home/falinux/CBL_twinning/install/plant_mapper/lib/python3.12/site-packages/plant_mapper
[2.662s] copying /home/falinux/CBL_twinning/build/plant_mapper/build/lib/plant_mapper/farm_twin.py -> /home/falinux/CBL_twinning/install/plant_mapper/lib/python3.12/site-packages/plant_mapper
[2.664s] byte-compiling /home/falinux/CBL_twinning/install/plant_mapper/lib/python3.12/site-packages/plant_mapper/pest_spread.py to pest_spread.cpython-312.pyc
[2.667s] byte-compiling /home/falinux/CBL_twinning/install/plant_mapper/lib/python3.12/site-packages/plant_mapper/farm_twin.py to farm_twin.cpython-312.pyc
[2.682s] running install_data
[2.686s] copying plant_mapper/web/app.js -> /home/falinux/CBL_twinning/install/plant_mapper/share/plant_mapper/web
[2.687s] running install_egg_info
[2.728s] removing '/home/falinux/CBL_twinning/install/plant_mapper/lib/python3.12/site-packages/plant_mapper-0.0.0-py3.12.egg-info' (and everything under it)
[2.728s] Copying ../../build/plant_mapper/plant_mapper.egg-info to /home/falinux/CBL_twinning/install/plant_mapper/lib/python3.12/site-packages/plant_mapper-0.0.0-py3.12.egg-info
[2.730s] running install_scripts
[3.023s] Installing farm_navigator script to /home/falinux/CBL_twinning/install/plant_mapper/lib/plant_mapper
[3.024s] Installing farm_twin script to /home/falinux/CBL_twinning/install/plant_mapper/lib/plant_mapper
[3.025s] Installing plant_mapper script to /home/falinux/CBL_twinning/install/plant_mapper/lib/plant_mapper
[3.025s] writing list of installed files to '/home/falinux/CBL_twinning/build/plant_mapper/install.log'
[3.123s] Invoked command in '/home/falinux/CBL_twinning/src/plant_mapper' returned '0': DEBUGINFOD_URLS=https://debuginfod.ubuntu.com PYTHONPATH=/home/falinux/CBL_twinning/build/plant_mapper/prefix_override:/usr/lib/python3/dist-packages/colcon_core/task/python/colcon_distutils_commands:/home/falinux/CBL_twinning/install/plant_mapper/lib/python3.12/site-packages:${PYTHONPATH} /usr/bin/python3 -W ignore:setup.py install is deprecated -W ignore:easy_install command is deprecated setup.py egg_info --egg-base ../../build/plant_mapper build --build-base /home/falinux/CBL_twinning/build/plant_mapper/build install --record /home/falinux/CBL_twinning/build/plant_mapper/install.log --single-version-externally-managed install_data
