-- Found ament_cmake: 2.5.6 (/opt/ros/jazzy/share/ament_cmake/cmake)
-- Found rclcpp: 28.1.18 (/opt/ros/jazzy/share/rclcpp/cmake)
-- Found rosidl_generator_c: 4.6.7 (/opt/ros/jazzy/share/rosidl_generator_c/cmake)
-- Found rosidl_generator_cpp: 4.6.7 (/opt/ros/jazzy/share/rosidl_generator_cpp/cmake)
-- Using all available rosidl_typesupport_c: rosidl_typesupport_fastrtps_c;rosidl_typesupport_introspection_c
-- Using all available rosidl_typesupport_cpp: rosidl_typesupport_fastrtps_cpp;rosidl_typesupport_introspection_cpp
-- Found rmw_implementation_cmake: 7.3.3 (/opt/ros/jazzy/share/rmw_implementation_cmake/cmake)
-- Found rmw_fastrtps_cpp: 8.4.3 (/opt/ros/jazzy/share/rmw_fastrtps_cpp/cmake)
-- Using RMW implementation 'rmw_fastrtps_cpp' as default
-- Found sensor_msgs: 5.3.7 (/opt/ros/jazzy/share/sensor_msgs/cmake)
-- Configuring done (1.6s)
-- Generating done (0.0s)
-- Build files have been written to: /home/falinux/team28/ws/build/my_tb3_world
[ 25%] [32mBuilding CXX object CMakeFiles/move_publisher.dir/src/move_publisher.cpp.o[0m
[ 75%] Built target laser_listener
[100%] [32m[1mLinking CXX executable move_publisher[0m
[100%] Built target move_publisher
-- Install configuration: ""
-- Up-to-date: /home/falinux/team28/ws/install/my_tb3_world/share/my_tb3_world/launch
-- Up-to-date: /home/falinux/team28/ws/install/my_tb3_world/share/my_tb3_world/launch/new_world.launch.py
-- Up-to-date: /home/falinux/team28/ws/install/my_tb3_world/share/my_tb3_world/worlds
-- Up-to-date: /home/falinux/team28/ws/install/my_tb3_world/share/my_tb3_world/worlds/new_world.world
-- Installing: /home/falinux/team28/ws/install/my_tb3_world/share/my_tb3_world/package.xml
-- Up-to-date: /home/falinux/team28/ws/install/my_tb3_world/lib/my_tb3_world/laser_listener
-- Installing: /home/falinux/team28/ws/install/my_tb3_world/lib/my_tb3_world/move_publisher
-- Set non-toolchain portion of runtime path of "/home/falinux/team28/ws/install/my_tb3_world/lib/my_tb3_world/move_publisher" to ""
-- Installing: /home/falinux/team28/ws/install/my_tb3_world/share/ament_index/resource_index/package_run_dependencies/my_tb3_world
-- Up-to-date: /home/falinux/team28/ws/install/my_tb3_world/share/ament_index/resource_index/parent_prefix_path/my_tb3_world
-- Up-to-date: /home/falinux/team28/ws/install/my_tb3_world/share/my_tb3_world/environment/ament_prefix_path.sh
-- Up-to-date: /home/falinux/team28/ws/install/my_tb3_world/share/my_tb3_world/environment/ament_prefix_path.dsv
-- Up-to-date: /home/falinux/team28/ws/install/my_tb3_world/share/my_tb3_world/environment/path.sh
-- Up-to-date: /home/falinux/team28/ws/install/my_tb3_world/share/my_tb3_world/environment/path.dsv
-- Up-to-date: /home/falinux/team28/ws/install/my_tb3_world/share/my_tb3_world/local_setup.bash
-- Up-to-date: /home/falinux/team28/ws/install/my_tb3_world/share/my_tb3_world/local_setup.sh
-- Up-to-date: /home/falinux/team28/ws/install/my_tb3_world/share/my_tb3_world/local_setup.zsh
-- Up-to-date: /home/falinux/team28/ws/install/my_tb3_world/share/my_tb3_world/local_setup.dsv
-- Installing: /home/falinux/team28/ws/install/my_tb3_world/share/my_tb3_world/package.dsv
-- Up-to-date: /home/falinux/team28/ws/install/my_tb3_world/share/ament_index/resource_index/packages/my_tb3_world
-- Up-to-date: /home/falinux/team28/ws/install/my_tb3_world/share/my_tb3_world/cmake/my_tb3_worldConfig.cmake
-- Up-to-date: /home/falinux/team28/ws/install/my_tb3_world/share/my_tb3_world/cmake/my_tb3_worldConfig-version.cmake
-- Up-to-date: /home/falinux/team28/ws/install/my_tb3_world/share/my_tb3_world/package.xml
