[0.036s] Invoking command in '/home/falinux/team28/ws/build/my_tb3_world': CMAKE_PREFIX_PATH=${CMAKE_PREFIX_PATH}:/opt/ros/jazzy DEBUGINFOD_URLS=https://debuginfod.ubuntu.com /usr/bin/cmake --build /home/falinux/team28/ws/build/my_tb3_world -- -j8 -l8
[0.099s] -- Found ament_cmake: 2.5.6 (/opt/ros/jazzy/share/ament_cmake/cmake)
[0.557s] -- Found rclcpp: 28.1.18 (/opt/ros/jazzy/share/rclcpp/cmake)
[0.641s] -- Found rosidl_generator_c: 4.6.7 (/opt/ros/jazzy/share/rosidl_generator_c/cmake)
[0.669s] -- Found rosidl_generator_cpp: 4.6.7 (/opt/ros/jazzy/share/rosidl_generator_cpp/cmake)
[0.713s] -- Using all available rosidl_typesupport_c: rosidl_typesupport_fastrtps_c;rosidl_typesupport_introspection_c
[0.761s] -- Using all available rosidl_typesupport_cpp: rosidl_typesupport_fastrtps_cpp;rosidl_typesupport_introspection_cpp
[0.953s] -- Found rmw_implementation_cmake: 7.3.3 (/opt/ros/jazzy/share/rmw_implementation_cmake/cmake)
[0.957s] -- Found rmw_fastrtps_cpp: 8.4.3 (/opt/ros/jazzy/share/rmw_fastrtps_cpp/cmake)
[1.128s] -- Using RMW implementation 'rmw_fastrtps_cpp' as default
[1.304s] -- Found sensor_msgs: 5.3.7 (/opt/ros/jazzy/share/sensor_msgs/cmake)
[1.639s] -- Configuring done (1.6s)
[1.660s] -- Generating done (0.0s)
[1.672s] -- Build files have been written to: /home/falinux/team28/ws/build/my_tb3_world
[1.759s] [ 25%] [32mBuilding CXX object CMakeFiles/move_publisher.dir/src/move_publisher.cpp.o[0m
[1.772s] [ 75%] Built target laser_listener
[8.042s] [100%] [32m[1mLinking CXX executable move_publisher[0m
[8.392s] [100%] Built target move_publisher
[8.414s] Invoked command in '/home/falinux/team28/ws/build/my_tb3_world' returned '0': CMAKE_PREFIX_PATH=${CMAKE_PREFIX_PATH}:/opt/ros/jazzy DEBUGINFOD_URLS=https://debuginfod.ubuntu.com /usr/bin/cmake --build /home/falinux/team28/ws/build/my_tb3_world -- -j8 -l8
[8.438s] Invoking command in '/home/falinux/team28/ws/build/my_tb3_world': CMAKE_PREFIX_PATH=${CMAKE_PREFIX_PATH}:/opt/ros/jazzy DEBUGINFOD_URLS=https://debuginfod.ubuntu.com /usr/bin/cmake --install /home/falinux/team28/ws/build/my_tb3_world
[8.456s] -- Install configuration: ""
[8.456s] -- Up-to-date: /home/falinux/team28/ws/install/my_tb3_world/share/my_tb3_world/launch
[8.456s] -- Up-to-date: /home/falinux/team28/ws/install/my_tb3_world/share/my_tb3_world/launch/new_world.launch.py
[8.457s] -- Up-to-date: /home/falinux/team28/ws/install/my_tb3_world/share/my_tb3_world/worlds
[8.457s] -- Up-to-date: /home/falinux/team28/ws/install/my_tb3_world/share/my_tb3_world/worlds/new_world.world
[8.457s] -- Installing: /home/falinux/team28/ws/install/my_tb3_world/share/my_tb3_world/package.xml
[8.458s] -- Up-to-date: /home/falinux/team28/ws/install/my_tb3_world/lib/my_tb3_world/laser_listener
[8.458s] -- Installing: /home/falinux/team28/ws/install/my_tb3_world/lib/my_tb3_world/move_publisher
[8.460s] -- Set non-toolchain portion of runtime path of "/home/falinux/team28/ws/install/my_tb3_world/lib/my_tb3_world/move_publisher" to ""
[8.460s] -- Installing: /home/falinux/team28/ws/install/my_tb3_world/share/ament_index/resource_index/package_run_dependencies/my_tb3_world
[8.460s] -- Up-to-date: /home/falinux/team28/ws/install/my_tb3_world/share/ament_index/resource_index/parent_prefix_path/my_tb3_world
[8.461s] -- Up-to-date: /home/falinux/team28/ws/install/my_tb3_world/share/my_tb3_world/environment/ament_prefix_path.sh
[8.461s] -- Up-to-date: /home/falinux/team28/ws/install/my_tb3_world/share/my_tb3_world/environment/ament_prefix_path.dsv
[8.462s] -- Up-to-date: /home/falinux/team28/ws/install/my_tb3_world/share/my_tb3_world/environment/path.sh
[8.462s] -- Up-to-date: /home/falinux/team28/ws/install/my_tb3_world/share/my_tb3_world/environment/path.dsv
[8.462s] -- Up-to-date: /home/falinux/team28/ws/install/my_tb3_world/share/my_tb3_world/local_setup.bash
[8.462s] -- Up-to-date: /home/falinux/team28/ws/install/my_tb3_world/share/my_tb3_world/local_setup.sh
[8.462s] -- Up-to-date: /home/falinux/team28/ws/install/my_tb3_world/share/my_tb3_world/local_setup.zsh
[8.463s] -- Up-to-date: /home/falinux/team28/ws/install/my_tb3_world/share/my_tb3_world/local_setup.dsv
[8.463s] -- Installing: /home/falinux/team28/ws/install/my_tb3_world/share/my_tb3_world/package.dsv
[8.463s] -- Up-to-date: /home/falinux/team28/ws/install/my_tb3_world/share/ament_index/resource_index/packages/my_tb3_world
[8.463s] -- Up-to-date: /home/falinux/team28/ws/install/my_tb3_world/share/my_tb3_world/cmake/my_tb3_worldConfig.cmake
[8.464s] -- Up-to-date: /home/falinux/team28/ws/install/my_tb3_world/share/my_tb3_world/cmake/my_tb3_worldConfig-version.cmake
[8.464s] -- Up-to-date: /home/falinux/team28/ws/install/my_tb3_world/share/my_tb3_world/package.xml
[8.467s] Invoked command in '/home/falinux/team28/ws/build/my_tb3_world' returned '0': CMAKE_PREFIX_PATH=${CMAKE_PREFIX_PATH}:/opt/ros/jazzy DEBUGINFOD_URLS=https://debuginfod.ubuntu.com /usr/bin/cmake --install /home/falinux/team28/ws/build/my_tb3_world
