[0.838s] Invoking command in '/home/falinux/team28/ws/src/my_tb3_world': DEBUGINFOD_URLS=https://debuginfod.ubuntu.com PYTHONPATH=/home/falinux/team28/ws/build/my_tb3_world/prefix_override:/usr/lib/python3/dist-packages/colcon_core/task/python/colcon_distutils_commands:/home/falinux/team28/ws/install/my_tb3_world/lib/python3.12/site-packages:${PYTHONPATH} /usr/bin/python3 -W ignore:setup.py install is deprecated -W ignore:easy_install command is deprecated setup.py egg_info --egg-base ../../build/my_tb3_world build --build-base /home/falinux/team28/ws/build/my_tb3_world/build install --record /home/falinux/team28/ws/build/my_tb3_world/install.log --single-version-externally-managed install_data
[1.099s] running egg_info
[1.117s] writing ../../build/my_tb3_world/my_tb3_world.egg-info/PKG-INFO
[1.117s] writing dependency_links to ../../build/my_tb3_world/my_tb3_world.egg-info/dependency_links.txt
[1.117s] writing entry points to ../../build/my_tb3_world/my_tb3_world.egg-info/entry_points.txt
[1.117s] writing requirements to ../../build/my_tb3_world/my_tb3_world.egg-info/requires.txt
[1.117s] writing top-level names to ../../build/my_tb3_world/my_tb3_world.egg-info/top_level.txt
[1.155s] reading manifest file '../../build/my_tb3_world/my_tb3_world.egg-info/SOURCES.txt'
[1.156s] writing manifest file '../../build/my_tb3_world/my_tb3_world.egg-info/SOURCES.txt'
[1.156s] running build
[1.156s] running build_py
[1.156s] copying my_tb3_world/publisher_node.py -> /home/falinux/team28/ws/build/my_tb3_world/build/lib/my_tb3_world
[1.157s] copying my_tb3_world/subscriber_node.py -> /home/falinux/team28/ws/build/my_tb3_world/build/lib/my_tb3_world
[1.157s] running install
[1.163s] running install_lib
[1.182s] copying /home/falinux/team28/ws/build/my_tb3_world/build/lib/my_tb3_world/publisher_node.py -> /home/falinux/team28/ws/install/my_tb3_world/lib/python3.12/site-packages/my_tb3_world
[1.182s] copying /home/falinux/team28/ws/build/my_tb3_world/build/lib/my_tb3_world/subscriber_node.py -> /home/falinux/team28/ws/install/my_tb3_world/lib/python3.12/site-packages/my_tb3_world
[1.182s] byte-compiling /home/falinux/team28/ws/install/my_tb3_world/lib/python3.12/site-packages/my_tb3_world/publisher_node.py to publisher_node.cpython-312.pyc
[1.183s] byte-compiling /home/falinux/team28/ws/install/my_tb3_world/lib/python3.12/site-packages/my_tb3_world/subscriber_node.py to subscriber_node.cpython-312.pyc
[1.183s] running install_data
[1.184s] running install_egg_info
[1.203s] removing '/home/falinux/team28/ws/install/my_tb3_world/lib/python3.12/site-packages/my_tb3_world-0.0.0-py3.12.egg-info' (and everything under it)
[1.204s] Copying ../../build/my_tb3_world/my_tb3_world.egg-info to /home/falinux/team28/ws/install/my_tb3_world/lib/python3.12/site-packages/my_tb3_world-0.0.0-py3.12.egg-info
[1.204s] running install_scripts
[1.343s] Installing publisher_node script to /home/falinux/team28/ws/install/my_tb3_world/lib/my_tb3_world
[1.343s] Installing subscriber_node script to /home/falinux/team28/ws/install/my_tb3_world/lib/my_tb3_world
[1.343s] writing list of installed files to '/home/falinux/team28/ws/build/my_tb3_world/install.log'
[1.372s] Invoked command in '/home/falinux/team28/ws/src/my_tb3_world' returned '0': DEBUGINFOD_URLS=https://debuginfod.ubuntu.com PYTHONPATH=/home/falinux/team28/ws/build/my_tb3_world/prefix_override:/usr/lib/python3/dist-packages/colcon_core/task/python/colcon_distutils_commands:/home/falinux/team28/ws/install/my_tb3_world/lib/python3.12/site-packages:${PYTHONPATH} /usr/bin/python3 -W ignore:setup.py install is deprecated -W ignore:easy_install command is deprecated setup.py egg_info --egg-base ../../build/my_tb3_world build --build-base /home/falinux/team28/ws/build/my_tb3_world/build install --record /home/falinux/team28/ws/build/my_tb3_world/install.log --single-version-externally-managed install_data
