running egg_info
creating ../../build/tb3_weather_dt/tb3_weather_dt.egg-info
writing ../../build/tb3_weather_dt/tb3_weather_dt.egg-info/PKG-INFO
writing dependency_links to ../../build/tb3_weather_dt/tb3_weather_dt.egg-info/dependency_links.txt
writing requirements to ../../build/tb3_weather_dt/tb3_weather_dt.egg-info/requires.txt
writing top-level names to ../../build/tb3_weather_dt/tb3_weather_dt.egg-info/top_level.txt
writing manifest file '../../build/tb3_weather_dt/tb3_weather_dt.egg-info/SOURCES.txt'
reading manifest file '../../build/tb3_weather_dt/tb3_weather_dt.egg-info/SOURCES.txt'
writing manifest file '../../build/tb3_weather_dt/tb3_weather_dt.egg-info/SOURCES.txt'
running build
running build_py
creating /home/falinux/team28/ws/build/tb3_weather_dt/build
creating /home/falinux/team28/ws/build/tb3_weather_dt/build/lib
creating /home/falinux/team28/ws/build/tb3_weather_dt/build/lib/tb3_weather_dt
copying tb3_weather_dt/__init__.py -> /home/falinux/team28/ws/build/tb3_weather_dt/build/lib/tb3_weather_dt
copying tb3_weather_dt/weather_adapter.py -> /home/falinux/team28/ws/build/tb3_weather_dt/build/lib/tb3_weather_dt
running install
running install_lib
creating /home/falinux/team28/ws/install/tb3_weather_dt/lib/python3.12/site-packages/tb3_weather_dt
copying /home/falinux/team28/ws/build/tb3_weather_dt/build/lib/tb3_weather_dt/__init__.py -> /home/falinux/team28/ws/install/tb3_weather_dt/lib/python3.12/site-packages/tb3_weather_dt
copying /home/falinux/team28/ws/build/tb3_weather_dt/build/lib/tb3_weather_dt/weather_adapter.py -> /home/falinux/team28/ws/install/tb3_weather_dt/lib/python3.12/site-packages/tb3_weather_dt
byte-compiling /home/falinux/team28/ws/install/tb3_weather_dt/lib/python3.12/site-packages/tb3_weather_dt/__init__.py to __init__.cpython-312.pyc
byte-compiling /home/falinux/team28/ws/install/tb3_weather_dt/lib/python3.12/site-packages/tb3_weather_dt/weather_adapter.py to weather_adapter.cpython-312.pyc
running install_data
creating /home/falinux/team28/ws/install/tb3_weather_dt/share/ament_index
creating /home/falinux/team28/ws/install/tb3_weather_dt/share/ament_index/resource_index
creating /home/falinux/team28/ws/install/tb3_weather_dt/share/ament_index/resource_index/packages
copying resource/tb3_weather_dt -> /home/falinux/team28/ws/install/tb3_weather_dt/share/ament_index/resource_index/packages
copying package.xml -> /home/falinux/team28/ws/install/tb3_weather_dt/share/tb3_weather_dt
running install_egg_info
Copying ../../build/tb3_weather_dt/tb3_weather_dt.egg-info to /home/falinux/team28/ws/install/tb3_weather_dt/lib/python3.12/site-packages/tb3_weather_dt-0.0.0-py3.12.egg-info
running install_scripts
writing list of installed files to '/home/falinux/team28/ws/build/tb3_weather_dt/install.log'
