[0.614s] Invoking command in '/ws/src/plant_mapper': PYTHONPATH=/ws/build/plant_mapper/prefix_override:/usr/lib/python3/dist-packages/colcon_core/task/python/colcon_distutils_commands:/ws/install/plant_mapper/lib/python3.12/site-packages:${PYTHONPATH} /usr/bin/python3 -W ignore:setup.py install is deprecated -W ignore:easy_install command is deprecated setup.py egg_info --egg-base ../../build/plant_mapper build --build-base /ws/build/plant_mapper/build install --record /ws/build/plant_mapper/install.log --single-version-externally-managed install_data
[0.766s] running egg_info
[0.773s] writing ../../build/plant_mapper/plant_mapper.egg-info/PKG-INFO
[0.774s] writing dependency_links to ../../build/plant_mapper/plant_mapper.egg-info/dependency_links.txt
[0.775s] writing entry points to ../../build/plant_mapper/plant_mapper.egg-info/entry_points.txt
[0.775s] writing requirements to ../../build/plant_mapper/plant_mapper.egg-info/requires.txt
[0.776s] writing top-level names to ../../build/plant_mapper/plant_mapper.egg-info/top_level.txt
[0.794s] reading manifest file '../../build/plant_mapper/plant_mapper.egg-info/SOURCES.txt'
[0.795s] writing manifest file '../../build/plant_mapper/plant_mapper.egg-info/SOURCES.txt'
[0.796s] running build
[0.796s] running build_py
[0.797s] copying plant_mapper/plant_mapper.py -> /ws/build/plant_mapper/build/lib/plant_mapper
[0.799s] running install
[0.801s] running install_lib
[0.810s] copying /ws/build/plant_mapper/build/lib/plant_mapper/plant_mapper.py -> /ws/install/plant_mapper/lib/python3.12/site-packages/plant_mapper
[0.812s] byte-compiling /ws/install/plant_mapper/lib/python3.12/site-packages/plant_mapper/plant_mapper.py to plant_mapper.cpython-312.pyc
[0.813s] running install_data
[0.815s] running install_egg_info
[0.827s] removing '/ws/install/plant_mapper/lib/python3.12/site-packages/plant_mapper-0.0.0-py3.12.egg-info' (and everything under it)
[0.831s] Copying ../../build/plant_mapper/plant_mapper.egg-info to /ws/install/plant_mapper/lib/python3.12/site-packages/plant_mapper-0.0.0-py3.12.egg-info
[0.834s] running install_scripts
[0.911s] Installing plant_mapper script to /ws/install/plant_mapper/lib/plant_mapper
[0.915s] writing list of installed files to '/ws/build/plant_mapper/install.log'
[0.951s] Invoked command in '/ws/src/plant_mapper' returned '0': PYTHONPATH=/ws/build/plant_mapper/prefix_override:/usr/lib/python3/dist-packages/colcon_core/task/python/colcon_distutils_commands:/ws/install/plant_mapper/lib/python3.12/site-packages:${PYTHONPATH} /usr/bin/python3 -W ignore:setup.py install is deprecated -W ignore:easy_install command is deprecated setup.py egg_info --egg-base ../../build/plant_mapper build --build-base /ws/build/plant_mapper/build install --record /ws/build/plant_mapper/install.log --single-version-externally-managed install_data
