[3.551s] Invoking command in '/home/falinux/CBL_twinning/src/turtlebot3_teleop': DEBUGINFOD_URLS=https://debuginfod.ubuntu.com PYTHONPATH=/home/falinux/CBL_twinning/build/turtlebot3_teleop/prefix_override:/usr/lib/python3/dist-packages/colcon_core/task/python/colcon_distutils_commands:/home/falinux/CBL_twinning/install/turtlebot3_teleop/lib/python3.12/site-packages:${PYTHONPATH} /usr/bin/python3 -W ignore:setup.py install is deprecated -W ignore:easy_install command is deprecated setup.py egg_info --egg-base ../../build/turtlebot3_teleop build --build-base /home/falinux/CBL_twinning/build/turtlebot3_teleop/build install --record /home/falinux/CBL_twinning/build/turtlebot3_teleop/install.log --single-version-externally-managed install_data
[4.419s] running egg_info
[4.493s] writing ../../build/turtlebot3_teleop/turtlebot3_teleop.egg-info/PKG-INFO
[4.495s] writing dependency_links to ../../build/turtlebot3_teleop/turtlebot3_teleop.egg-info/dependency_links.txt
[4.495s] writing entry points to ../../build/turtlebot3_teleop/turtlebot3_teleop.egg-info/entry_points.txt
[4.496s] writing requirements to ../../build/turtlebot3_teleop/turtlebot3_teleop.egg-info/requires.txt
[4.497s] writing top-level names to ../../build/turtlebot3_teleop/turtlebot3_teleop.egg-info/top_level.txt
[4.607s] reading manifest file '../../build/turtlebot3_teleop/turtlebot3_teleop.egg-info/SOURCES.txt'
[4.612s] writing manifest file '../../build/turtlebot3_teleop/turtlebot3_teleop.egg-info/SOURCES.txt'
[4.613s] running build
[4.613s] running build_py
[4.616s] copying turtlebot3_teleop/script/teleop_keyboard.py -> /home/falinux/CBL_twinning/build/turtlebot3_teleop/build/lib/turtlebot3_teleop/script
[4.617s] copying turtlebot3_teleop/script/teleop_robin.py -> /home/falinux/CBL_twinning/build/turtlebot3_teleop/build/lib/turtlebot3_teleop/script
[4.618s] running install
[4.636s] running install_lib
[4.691s] copying /home/falinux/CBL_twinning/build/turtlebot3_teleop/build/lib/turtlebot3_teleop/script/teleop_keyboard.py -> /home/falinux/CBL_twinning/install/turtlebot3_teleop/lib/python3.12/site-packages/turtlebot3_teleop/script
[4.691s] copying /home/falinux/CBL_twinning/build/turtlebot3_teleop/build/lib/turtlebot3_teleop/script/teleop_robin.py -> /home/falinux/CBL_twinning/install/turtlebot3_teleop/lib/python3.12/site-packages/turtlebot3_teleop/script
[4.693s] byte-compiling /home/falinux/CBL_twinning/install/turtlebot3_teleop/lib/python3.12/site-packages/turtlebot3_teleop/script/teleop_keyboard.py to teleop_keyboard.cpython-312.pyc
[4.698s] byte-compiling /home/falinux/CBL_twinning/install/turtlebot3_teleop/lib/python3.12/site-packages/turtlebot3_teleop/script/teleop_robin.py to teleop_robin.cpython-312.pyc
[4.710s] running install_data
[4.710s] running install_egg_info
[4.765s] removing '/home/falinux/CBL_twinning/install/turtlebot3_teleop/lib/python3.12/site-packages/turtlebot3_teleop-2.3.6-py3.12.egg-info' (and everything under it)
[4.765s] Copying ../../build/turtlebot3_teleop/turtlebot3_teleop.egg-info to /home/falinux/CBL_twinning/install/turtlebot3_teleop/lib/python3.12/site-packages/turtlebot3_teleop-2.3.6-py3.12.egg-info
[4.769s] running install_scripts
[5.145s] Installing teleop_keyboard script to /home/falinux/CBL_twinning/install/turtlebot3_teleop/lib/turtlebot3_teleop
[5.146s] writing list of installed files to '/home/falinux/CBL_twinning/build/turtlebot3_teleop/install.log'
[5.213s] Invoked command in '/home/falinux/CBL_twinning/src/turtlebot3_teleop' returned '0': DEBUGINFOD_URLS=https://debuginfod.ubuntu.com PYTHONPATH=/home/falinux/CBL_twinning/build/turtlebot3_teleop/prefix_override:/usr/lib/python3/dist-packages/colcon_core/task/python/colcon_distutils_commands:/home/falinux/CBL_twinning/install/turtlebot3_teleop/lib/python3.12/site-packages:${PYTHONPATH} /usr/bin/python3 -W ignore:setup.py install is deprecated -W ignore:easy_install command is deprecated setup.py egg_info --egg-base ../../build/turtlebot3_teleop build --build-base /home/falinux/CBL_twinning/build/turtlebot3_teleop/build install --record /home/falinux/CBL_twinning/build/turtlebot3_teleop/install.log --single-version-externally-managed install_data
