[0.019s] Invoking command in '/ws/build/my_tb3_world': CMAKE_PREFIX_PATH=${CMAKE_PREFIX_PATH}:/ws/install/robot_sound_demo:/ws/install/plant_mapper:/opt/turtlebot3_ws/install/turtlebot3_teleop:/opt/ros/jazzy /usr/bin/cmake --build /ws/build/my_tb3_world -- -j2 -l2
[0.126s] Invoked command in '/ws/build/my_tb3_world' returned '0': CMAKE_PREFIX_PATH=${CMAKE_PREFIX_PATH}:/ws/install/robot_sound_demo:/ws/install/plant_mapper:/opt/turtlebot3_ws/install/turtlebot3_teleop:/opt/ros/jazzy /usr/bin/cmake --build /ws/build/my_tb3_world -- -j2 -l2
[0.132s] Invoking command in '/ws/build/my_tb3_world': CMAKE_PREFIX_PATH=${CMAKE_PREFIX_PATH}:/ws/install/robot_sound_demo:/ws/install/plant_mapper:/opt/turtlebot3_ws/install/turtlebot3_teleop:/opt/ros/jazzy /usr/bin/cmake --install /ws/build/my_tb3_world
[0.137s] -- Install configuration: ""
[0.139s] -- Up-to-date: /ws/install/my_tb3_world/share/my_tb3_world/launch
[0.139s] -- Up-to-date: /ws/install/my_tb3_world/share/my_tb3_world/launch/new_world.launch.py
[0.140s] -- Up-to-date: /ws/install/my_tb3_world/share/my_tb3_world/worlds
[0.140s] -- Up-to-date: /ws/install/my_tb3_world/share/my_tb3_world/worlds/new_world.world
[0.140s] -- Up-to-date: /ws/install/my_tb3_world/share/my_tb3_world/package.xml
[0.141s] -- Up-to-date: /ws/install/my_tb3_world/share/ament_index/resource_index/package_run_dependencies/my_tb3_world
[0.142s] -- Up-to-date: /ws/install/my_tb3_world/share/ament_index/resource_index/parent_prefix_path/my_tb3_world
[0.142s] -- Up-to-date: /ws/install/my_tb3_world/share/my_tb3_world/environment/ament_prefix_path.sh
[0.143s] -- Up-to-date: /ws/install/my_tb3_world/share/my_tb3_world/environment/ament_prefix_path.dsv
[0.143s] -- Up-to-date: /ws/install/my_tb3_world/share/my_tb3_world/environment/path.sh
[0.144s] -- Up-to-date: /ws/install/my_tb3_world/share/my_tb3_world/environment/path.dsv
[0.144s] -- Up-to-date: /ws/install/my_tb3_world/share/my_tb3_world/local_setup.bash
[0.144s] -- Up-to-date: /ws/install/my_tb3_world/share/my_tb3_world/local_setup.sh
[0.144s] -- Up-to-date: /ws/install/my_tb3_world/share/my_tb3_world/local_setup.zsh
[0.145s] -- Up-to-date: /ws/install/my_tb3_world/share/my_tb3_world/local_setup.dsv
[0.146s] -- Installing: /ws/install/my_tb3_world/share/my_tb3_world/package.dsv
[0.147s] -- Up-to-date: /ws/install/my_tb3_world/share/ament_index/resource_index/packages/my_tb3_world
[0.147s] -- Up-to-date: /ws/install/my_tb3_world/share/my_tb3_world/cmake/my_tb3_worldConfig.cmake
[0.148s] -- Up-to-date: /ws/install/my_tb3_world/share/my_tb3_world/cmake/my_tb3_worldConfig-version.cmake
[0.148s] -- Up-to-date: /ws/install/my_tb3_world/share/my_tb3_world/package.xml
[0.149s] Invoked command in '/ws/build/my_tb3_world' returned '0': CMAKE_PREFIX_PATH=${CMAKE_PREFIX_PATH}:/ws/install/robot_sound_demo:/ws/install/plant_mapper:/opt/turtlebot3_ws/install/turtlebot3_teleop:/opt/ros/jazzy /usr/bin/cmake --install /ws/build/my_tb3_world
