/home/falinux/CBL_twinning/install/plant_mapper/lib/python3.12/site-packages/plant_mapper/__init__.py
/home/falinux/CBL_twinning/install/plant_mapper/lib/python3.12/site-packages/plant_mapper/farm_navigator.py
/home/falinux/CBL_twinning/install/plant_mapper/lib/python3.12/site-packages/plant_mapper/plant_mapper.py
/home/falinux/CBL_twinning/install/plant_mapper/lib/python3.12/site-packages/plant_mapper/pest_spread.py
/home/falinux/CBL_twinning/install/plant_mapper/lib/python3.12/site-packages/plant_mapper/farm_twin.py
/home/falinux/CBL_twinning/install/plant_mapper/lib/python3.12/site-packages/plant_mapper/__pycache__/__init__.cpython-312.pyc
/home/falinux/CBL_twinning/install/plant_mapper/lib/python3.12/site-packages/plant_mapper/__pycache__/farm_navigator.cpython-312.pyc
/home/falinux/CBL_twinning/install/plant_mapper/lib/python3.12/site-packages/plant_mapper/__pycache__/plant_mapper.cpython-312.pyc
/home/falinux/CBL_twinning/install/plant_mapper/lib/python3.12/site-packages/plant_mapper/__pycache__/pest_spread.cpython-312.pyc
/home/falinux/CBL_twinning/install/plant_mapper/lib/python3.12/site-packages/plant_mapper/__pycache__/farm_twin.cpython-312.pyc
/home/falinux/CBL_twinning/install/plant_mapper/share/ament_index/resource_index/packages/plant_mapper
/home/falinux/CBL_twinning/install/plant_mapper/share/plant_mapper/package.xml
/home/falinux/CBL_twinning/install/plant_mapper/share/plant_mapper/web/app.js
/home/falinux/CBL_twinning/install/plant_mapper/share/plant_mapper/web/style.css
/home/falinux/CBL_twinning/install/plant_mapper/share/plant_mapper/web/index.html
/home/falinux/CBL_twinning/install/plant_mapper/share/plant_mapper/web/small.png
/home/falinux/CBL_twinning/install/plant_mapper/share/plant_mapper/web/playground.pgm
/home/falinux/CBL_twinning/install/plant_mapper/share/plant_mapper/web/map.png
/home/falinux/CBL_twinning/install/plant_mapper/lib/python3.12/site-packages/plant_mapper-0.0.0-py3.12.egg-info/top_level.txt
/home/falinux/CBL_twinning/install/plant_mapper/lib/python3.12/site-packages/plant_mapper-0.0.0-py3.12.egg-info/zip-safe
/home/falinux/CBL_twinning/install/plant_mapper/lib/python3.12/site-packages/plant_mapper-0.0.0-py3.12.egg-info/PKG-INFO
/home/falinux/CBL_twinning/install/plant_mapper/lib/python3.12/site-packages/plant_mapper-0.0.0-py3.12.egg-info/entry_points.txt
/home/falinux/CBL_twinning/install/plant_mapper/lib/python3.12/site-packages/plant_mapper-0.0.0-py3.12.egg-info/SOURCES.txt
/home/falinux/CBL_twinning/install/plant_mapper/lib/python3.12/site-packages/plant_mapper-0.0.0-py3.12.egg-info/requires.txt
/home/falinux/CBL_twinning/install/plant_mapper/lib/python3.12/site-packages/plant_mapper-0.0.0-py3.12.egg-info/dependency_links.txt
/home/falinux/CBL_twinning/install/plant_mapper/lib/plant_mapper/farm_navigator
/home/falinux/CBL_twinning/install/plant_mapper/lib/plant_mapper/farm_twin
/home/falinux/CBL_twinning/install/plant_mapper/lib/plant_mapper/plant_mapper
