running egg_info
creating ../../../build/my_tb3_world/my_tb3_world.egg-info
writing ../../../build/my_tb3_world/my_tb3_world.egg-info/PKG-INFO
writing dependency_links to ../../../build/my_tb3_world/my_tb3_world.egg-info/dependency_links.txt
writing entry points to ../../../build/my_tb3_world/my_tb3_world.egg-info/entry_points.txt
writing requirements to ../../../build/my_tb3_world/my_tb3_world.egg-info/requires.txt
writing top-level names to ../../../build/my_tb3_world/my_tb3_world.egg-info/top_level.txt
writing manifest file '../../../build/my_tb3_world/my_tb3_world.egg-info/SOURCES.txt'
reading manifest file '../../../build/my_tb3_world/my_tb3_world.egg-info/SOURCES.txt'
writing manifest file '../../../build/my_tb3_world/my_tb3_world.egg-info/SOURCES.txt'
running build
running build_py
creating /home/falinux/CBL_twinning/build/my_tb3_world/build
creating /home/falinux/CBL_twinning/build/my_tb3_world/build/lib
creating /home/falinux/CBL_twinning/build/my_tb3_world/build/lib/my_tb3_world
copying my_tb3_world/__init__.py -> /home/falinux/CBL_twinning/build/my_tb3_world/build/lib/my_tb3_world
copying my_tb3_world/publisher_node.py -> /home/falinux/CBL_twinning/build/my_tb3_world/build/lib/my_tb3_world
copying my_tb3_world/subscriber_node.py -> /home/falinux/CBL_twinning/build/my_tb3_world/build/lib/my_tb3_world
running install
running install_lib
creating /home/falinux/CBL_twinning/install/my_tb3_world/lib/python3.12/site-packages/my_tb3_world
copying /home/falinux/CBL_twinning/build/my_tb3_world/build/lib/my_tb3_world/__init__.py -> /home/falinux/CBL_twinning/install/my_tb3_world/lib/python3.12/site-packages/my_tb3_world
copying /home/falinux/CBL_twinning/build/my_tb3_world/build/lib/my_tb3_world/publisher_node.py -> /home/falinux/CBL_twinning/install/my_tb3_world/lib/python3.12/site-packages/my_tb3_world
copying /home/falinux/CBL_twinning/build/my_tb3_world/build/lib/my_tb3_world/subscriber_node.py -> /home/falinux/CBL_twinning/install/my_tb3_world/lib/python3.12/site-packages/my_tb3_world
byte-compiling /home/falinux/CBL_twinning/install/my_tb3_world/lib/python3.12/site-packages/my_tb3_world/__init__.py to __init__.cpython-312.pyc
byte-compiling /home/falinux/CBL_twinning/install/my_tb3_world/lib/python3.12/site-packages/my_tb3_world/publisher_node.py to publisher_node.cpython-312.pyc
byte-compiling /home/falinux/CBL_twinning/install/my_tb3_world/lib/python3.12/site-packages/my_tb3_world/subscriber_node.py to subscriber_node.cpython-312.pyc
running install_data
creating /home/falinux/CBL_twinning/install/my_tb3_world/share/ament_index
creating /home/falinux/CBL_twinning/install/my_tb3_world/share/ament_index/resource_index
creating /home/falinux/CBL_twinning/install/my_tb3_world/share/ament_index/resource_index/packages
copying resource/my_tb3_world -> /home/falinux/CBL_twinning/install/my_tb3_world/share/ament_index/resource_index/packages
copying package.xml -> /home/falinux/CBL_twinning/install/my_tb3_world/share/my_tb3_world
creating /home/falinux/CBL_twinning/install/my_tb3_world/share/my_tb3_world/launch
copying launch/publisher_node.launch.py -> /home/falinux/CBL_twinning/install/my_tb3_world/share/my_tb3_world/launch
copying launch/new_world.launch.py -> /home/falinux/CBL_twinning/install/my_tb3_world/share/my_tb3_world/launch
copying launch/subscriber_node.launch.py -> /home/falinux/CBL_twinning/install/my_tb3_world/share/my_tb3_world/launch
creating /home/falinux/CBL_twinning/install/my_tb3_world/share/my_tb3_world/worlds
copying worlds/new_world.world -> /home/falinux/CBL_twinning/install/my_tb3_world/share/my_tb3_world/worlds
running install_egg_info
Copying ../../../build/my_tb3_world/my_tb3_world.egg-info to /home/falinux/CBL_twinning/install/my_tb3_world/lib/python3.12/site-packages/my_tb3_world-0.0.0-py3.12.egg-info
running install_scripts
Installing publisher_node script to /home/falinux/CBL_twinning/install/my_tb3_world/lib/my_tb3_world
Installing subscriber_node script to /home/falinux/CBL_twinning/install/my_tb3_world/lib/my_tb3_world
writing list of installed files to '/home/falinux/CBL_twinning/build/my_tb3_world/install.log'
