[1.120s] Invoking command in '/home/falinux/CBL_twinning/ws/src/my_tb3_world': DEBUGINFOD_URLS=https://debuginfod.ubuntu.com PYTHONPATH=/home/falinux/CBL_twinning/build/my_tb3_world/prefix_override:/usr/lib/python3/dist-packages/colcon_core/task/python/colcon_distutils_commands:/home/falinux/CBL_twinning/install/my_tb3_world/lib/python3.12/site-packages:${PYTHONPATH} /usr/bin/python3 -W ignore:setup.py install is deprecated -W ignore:easy_install command is deprecated setup.py egg_info --egg-base ../../../build/my_tb3_world build --build-base /home/falinux/CBL_twinning/build/my_tb3_world/build install --record /home/falinux/CBL_twinning/build/my_tb3_world/install.log --single-version-externally-managed install_data
[1.404s] running egg_info
[1.404s] creating ../../../build/my_tb3_world/my_tb3_world.egg-info
[1.421s] writing ../../../build/my_tb3_world/my_tb3_world.egg-info/PKG-INFO
[1.421s] writing dependency_links to ../../../build/my_tb3_world/my_tb3_world.egg-info/dependency_links.txt
[1.421s] writing entry points to ../../../build/my_tb3_world/my_tb3_world.egg-info/entry_points.txt
[1.422s] writing requirements to ../../../build/my_tb3_world/my_tb3_world.egg-info/requires.txt
[1.422s] writing top-level names to ../../../build/my_tb3_world/my_tb3_world.egg-info/top_level.txt
[1.422s] writing manifest file '../../../build/my_tb3_world/my_tb3_world.egg-info/SOURCES.txt'
[1.453s] reading manifest file '../../../build/my_tb3_world/my_tb3_world.egg-info/SOURCES.txt'
[1.454s] writing manifest file '../../../build/my_tb3_world/my_tb3_world.egg-info/SOURCES.txt'
[1.454s] running build
[1.454s] running build_py
[1.454s] creating /home/falinux/CBL_twinning/build/my_tb3_world/build
[1.454s] creating /home/falinux/CBL_twinning/build/my_tb3_world/build/lib
[1.455s] creating /home/falinux/CBL_twinning/build/my_tb3_world/build/lib/my_tb3_world
[1.456s] copying my_tb3_world/__init__.py -> /home/falinux/CBL_twinning/build/my_tb3_world/build/lib/my_tb3_world
[1.456s] copying my_tb3_world/publisher_node.py -> /home/falinux/CBL_twinning/build/my_tb3_world/build/lib/my_tb3_world
[1.456s] copying my_tb3_world/subscriber_node.py -> /home/falinux/CBL_twinning/build/my_tb3_world/build/lib/my_tb3_world
[1.456s] running install
[1.463s] running install_lib
[1.479s] creating /home/falinux/CBL_twinning/install/my_tb3_world/lib/python3.12/site-packages/my_tb3_world
[1.479s] copying /home/falinux/CBL_twinning/build/my_tb3_world/build/lib/my_tb3_world/__init__.py -> /home/falinux/CBL_twinning/install/my_tb3_world/lib/python3.12/site-packages/my_tb3_world
[1.479s] copying /home/falinux/CBL_twinning/build/my_tb3_world/build/lib/my_tb3_world/publisher_node.py -> /home/falinux/CBL_twinning/install/my_tb3_world/lib/python3.12/site-packages/my_tb3_world
[1.479s] copying /home/falinux/CBL_twinning/build/my_tb3_world/build/lib/my_tb3_world/subscriber_node.py -> /home/falinux/CBL_twinning/install/my_tb3_world/lib/python3.12/site-packages/my_tb3_world
[1.479s] byte-compiling /home/falinux/CBL_twinning/install/my_tb3_world/lib/python3.12/site-packages/my_tb3_world/__init__.py to __init__.cpython-312.pyc
[1.479s] byte-compiling /home/falinux/CBL_twinning/install/my_tb3_world/lib/python3.12/site-packages/my_tb3_world/publisher_node.py to publisher_node.cpython-312.pyc
[1.480s] byte-compiling /home/falinux/CBL_twinning/install/my_tb3_world/lib/python3.12/site-packages/my_tb3_world/subscriber_node.py to subscriber_node.cpython-312.pyc
[1.480s] running install_data
[1.480s] creating /home/falinux/CBL_twinning/install/my_tb3_world/share/ament_index
[1.480s] creating /home/falinux/CBL_twinning/install/my_tb3_world/share/ament_index/resource_index
[1.481s] creating /home/falinux/CBL_twinning/install/my_tb3_world/share/ament_index/resource_index/packages
[1.481s] copying resource/my_tb3_world -> /home/falinux/CBL_twinning/install/my_tb3_world/share/ament_index/resource_index/packages
[1.481s] copying package.xml -> /home/falinux/CBL_twinning/install/my_tb3_world/share/my_tb3_world
[1.481s] creating /home/falinux/CBL_twinning/install/my_tb3_world/share/my_tb3_world/launch
[1.481s] copying launch/publisher_node.launch.py -> /home/falinux/CBL_twinning/install/my_tb3_world/share/my_tb3_world/launch
[1.481s] copying launch/new_world.launch.py -> /home/falinux/CBL_twinning/install/my_tb3_world/share/my_tb3_world/launch
[1.481s] copying launch/subscriber_node.launch.py -> /home/falinux/CBL_twinning/install/my_tb3_world/share/my_tb3_world/launch
[1.481s] creating /home/falinux/CBL_twinning/install/my_tb3_world/share/my_tb3_world/worlds
[1.481s] copying worlds/new_world.world -> /home/falinux/CBL_twinning/install/my_tb3_world/share/my_tb3_world/worlds
[1.481s] running install_egg_info
[1.498s] Copying ../../../build/my_tb3_world/my_tb3_world.egg-info to /home/falinux/CBL_twinning/install/my_tb3_world/lib/python3.12/site-packages/my_tb3_world-0.0.0-py3.12.egg-info
[1.499s] running install_scripts
[1.607s] Installing publisher_node script to /home/falinux/CBL_twinning/install/my_tb3_world/lib/my_tb3_world
[1.607s] Installing subscriber_node script to /home/falinux/CBL_twinning/install/my_tb3_world/lib/my_tb3_world
[1.607s] writing list of installed files to '/home/falinux/CBL_twinning/build/my_tb3_world/install.log'
[1.630s] Invoked command in '/home/falinux/CBL_twinning/ws/src/my_tb3_world' returned '0': DEBUGINFOD_URLS=https://debuginfod.ubuntu.com PYTHONPATH=/home/falinux/CBL_twinning/build/my_tb3_world/prefix_override:/usr/lib/python3/dist-packages/colcon_core/task/python/colcon_distutils_commands:/home/falinux/CBL_twinning/install/my_tb3_world/lib/python3.12/site-packages:${PYTHONPATH} /usr/bin/python3 -W ignore:setup.py install is deprecated -W ignore:easy_install command is deprecated setup.py egg_info --egg-base ../../../build/my_tb3_world build --build-base /home/falinux/CBL_twinning/build/my_tb3_world/build install --record /home/falinux/CBL_twinning/build/my_tb3_world/install.log --single-version-externally-managed install_data
