[1.042s] Invoking command in '/home/falinux/CBL_twinning/src/plant_mapper': DEBUGINFOD_URLS=https://debuginfod.ubuntu.com PYTHONPATH=/home/falinux/CBL_twinning/build/plant_mapper/prefix_override:/usr/lib/python3/dist-packages/colcon_core/task/python/colcon_distutils_commands:/home/falinux/CBL_twinning/install/plant_mapper/lib/python3.12/site-packages:${PYTHONPATH} /usr/bin/python3 -W ignore:setup.py install is deprecated -W ignore:easy_install command is deprecated setup.py egg_info --egg-base ../../build/plant_mapper build --build-base /home/falinux/CBL_twinning/build/plant_mapper/build install --record /home/falinux/CBL_twinning/build/plant_mapper/install.log --single-version-externally-managed install_data
[1.426s] running egg_info
[1.452s] writing ../../build/plant_mapper/plant_mapper.egg-info/PKG-INFO
[1.453s] writing dependency_links to ../../build/plant_mapper/plant_mapper.egg-info/dependency_links.txt
[1.453s] writing entry points to ../../build/plant_mapper/plant_mapper.egg-info/entry_points.txt
[1.454s] writing requirements to ../../build/plant_mapper/plant_mapper.egg-info/requires.txt
[1.454s] writing top-level names to ../../build/plant_mapper/plant_mapper.egg-info/top_level.txt
[1.507s] reading manifest file '../../build/plant_mapper/plant_mapper.egg-info/SOURCES.txt'
[1.508s] writing manifest file '../../build/plant_mapper/plant_mapper.egg-info/SOURCES.txt'
[1.509s] running build
[1.509s] running build_py
[1.509s] running install
[1.522s] running install_lib
[1.552s] running install_data
[1.552s] copying plant_mapper/web/map.png -> /home/falinux/CBL_twinning/install/plant_mapper/share/plant_mapper/web
[1.553s] running install_egg_info
[1.582s] removing '/home/falinux/CBL_twinning/install/plant_mapper/lib/python3.12/site-packages/plant_mapper-0.0.0-py3.12.egg-info' (and everything under it)
[1.583s] Copying ../../build/plant_mapper/plant_mapper.egg-info to /home/falinux/CBL_twinning/install/plant_mapper/lib/python3.12/site-packages/plant_mapper-0.0.0-py3.12.egg-info
[1.583s] running install_scripts
[1.751s] Installing farm_navigator script to /home/falinux/CBL_twinning/install/plant_mapper/lib/plant_mapper
[1.751s] Installing farm_twin script to /home/falinux/CBL_twinning/install/plant_mapper/lib/plant_mapper
[1.752s] Installing plant_mapper script to /home/falinux/CBL_twinning/install/plant_mapper/lib/plant_mapper
[1.752s] writing list of installed files to '/home/falinux/CBL_twinning/build/plant_mapper/install.log'
[1.799s] Invoked command in '/home/falinux/CBL_twinning/src/plant_mapper' returned '0': DEBUGINFOD_URLS=https://debuginfod.ubuntu.com PYTHONPATH=/home/falinux/CBL_twinning/build/plant_mapper/prefix_override:/usr/lib/python3/dist-packages/colcon_core/task/python/colcon_distutils_commands:/home/falinux/CBL_twinning/install/plant_mapper/lib/python3.12/site-packages:${PYTHONPATH} /usr/bin/python3 -W ignore:setup.py install is deprecated -W ignore:easy_install command is deprecated setup.py egg_info --egg-base ../../build/plant_mapper build --build-base /home/falinux/CBL_twinning/build/plant_mapper/build install --record /home/falinux/CBL_twinning/build/plant_mapper/install.log --single-version-externally-managed install_data
