[0.889s] Invoking command in '/home/falinux/CBL_twinning/ws/src/border_guard': DEBUGINFOD_URLS=https://debuginfod.ubuntu.com PYTHONPATH=/home/falinux/CBL_twinning/ws/build/border_guard/prefix_override:/usr/lib/python3/dist-packages/colcon_core/task/python/colcon_distutils_commands:/home/falinux/CBL_twinning/ws/install/border_guard/lib/python3.12/site-packages:${PYTHONPATH} /usr/bin/python3 -W ignore:setup.py install is deprecated -W ignore:easy_install command is deprecated setup.py egg_info --egg-base ../../build/border_guard build --build-base /home/falinux/CBL_twinning/ws/build/border_guard/build install --record /home/falinux/CBL_twinning/ws/build/border_guard/install.log --single-version-externally-managed install_data
[1.226s] running egg_info
[1.227s] creating ../../build/border_guard/border_guard.egg-info
[1.246s] writing ../../build/border_guard/border_guard.egg-info/PKG-INFO
[1.246s] writing dependency_links to ../../build/border_guard/border_guard.egg-info/dependency_links.txt
[1.246s] writing entry points to ../../build/border_guard/border_guard.egg-info/entry_points.txt
[1.246s] writing requirements to ../../build/border_guard/border_guard.egg-info/requires.txt
[1.247s] writing top-level names to ../../build/border_guard/border_guard.egg-info/top_level.txt
[1.247s] writing manifest file '../../build/border_guard/border_guard.egg-info/SOURCES.txt'
[1.286s] reading manifest file '../../build/border_guard/border_guard.egg-info/SOURCES.txt'
[1.286s] writing manifest file '../../build/border_guard/border_guard.egg-info/SOURCES.txt'
[1.287s] running build
[1.287s] running build_py
[1.287s] creating /home/falinux/CBL_twinning/ws/build/border_guard/build
[1.287s] creating /home/falinux/CBL_twinning/ws/build/border_guard/build/lib
[1.287s] creating /home/falinux/CBL_twinning/ws/build/border_guard/build/lib/border_guard
[1.287s] copying border_guard/__init__.py -> /home/falinux/CBL_twinning/ws/build/border_guard/build/lib/border_guard
[1.287s] copying border_guard/border_guard_node.py -> /home/falinux/CBL_twinning/ws/build/border_guard/build/lib/border_guard
[1.287s] running install
[1.295s] running install_lib
[1.314s] creating /home/falinux/CBL_twinning/ws/install/border_guard/lib/python3.12/site-packages/border_guard
[1.315s] copying /home/falinux/CBL_twinning/ws/build/border_guard/build/lib/border_guard/__init__.py -> /home/falinux/CBL_twinning/ws/install/border_guard/lib/python3.12/site-packages/border_guard
[1.315s] copying /home/falinux/CBL_twinning/ws/build/border_guard/build/lib/border_guard/border_guard_node.py -> /home/falinux/CBL_twinning/ws/install/border_guard/lib/python3.12/site-packages/border_guard
[1.315s] byte-compiling /home/falinux/CBL_twinning/ws/install/border_guard/lib/python3.12/site-packages/border_guard/__init__.py to __init__.cpython-312.pyc
[1.316s] byte-compiling /home/falinux/CBL_twinning/ws/install/border_guard/lib/python3.12/site-packages/border_guard/border_guard_node.py to border_guard_node.cpython-312.pyc
[1.318s] running install_data
[1.318s] creating /home/falinux/CBL_twinning/ws/install/border_guard/share/ament_index
[1.318s] creating /home/falinux/CBL_twinning/ws/install/border_guard/share/ament_index/resource_index
[1.318s] creating /home/falinux/CBL_twinning/ws/install/border_guard/share/ament_index/resource_index/packages
[1.318s] copying resource/border_guard -> /home/falinux/CBL_twinning/ws/install/border_guard/share/ament_index/resource_index/packages
[1.318s] copying package.xml -> /home/falinux/CBL_twinning/ws/install/border_guard/share/border_guard
[1.318s] creating /home/falinux/CBL_twinning/ws/install/border_guard/share/border_guard/launch
[1.318s] copying launch/border_guard.launch.py -> /home/falinux/CBL_twinning/ws/install/border_guard/share/border_guard/launch
[1.319s] running install_egg_info
[1.340s] Copying ../../build/border_guard/border_guard.egg-info to /home/falinux/CBL_twinning/ws/install/border_guard/lib/python3.12/site-packages/border_guard-0.1.0-py3.12.egg-info
[1.341s] running install_scripts
[1.478s] Installing border_guard_node script to /home/falinux/CBL_twinning/ws/install/border_guard/lib/border_guard
[1.479s] writing list of installed files to '/home/falinux/CBL_twinning/ws/build/border_guard/install.log'
[1.506s] Invoked command in '/home/falinux/CBL_twinning/ws/src/border_guard' returned '0': DEBUGINFOD_URLS=https://debuginfod.ubuntu.com PYTHONPATH=/home/falinux/CBL_twinning/ws/build/border_guard/prefix_override:/usr/lib/python3/dist-packages/colcon_core/task/python/colcon_distutils_commands:/home/falinux/CBL_twinning/ws/install/border_guard/lib/python3.12/site-packages:${PYTHONPATH} /usr/bin/python3 -W ignore:setup.py install is deprecated -W ignore:easy_install command is deprecated setup.py egg_info --egg-base ../../build/border_guard build --build-base /home/falinux/CBL_twinning/ws/build/border_guard/build install --record /home/falinux/CBL_twinning/ws/build/border_guard/install.log --single-version-externally-managed install_data
