[0.889s] Invoking command in '/home/falinux/CBL_twinning/ws/src/border_recorder': DEBUGINFOD_URLS=https://debuginfod.ubuntu.com PYTHONPATH=/home/falinux/CBL_twinning/ws/build/border_recorder/prefix_override:/usr/lib/python3/dist-packages/colcon_core/task/python/colcon_distutils_commands:/home/falinux/CBL_twinning/ws/install/border_recorder/lib/python3.12/site-packages:${PYTHONPATH} /usr/bin/python3 -W ignore:setup.py install is deprecated -W ignore:easy_install command is deprecated setup.py egg_info --egg-base ../../build/border_recorder build --build-base /home/falinux/CBL_twinning/ws/build/border_recorder/build install --record /home/falinux/CBL_twinning/ws/build/border_recorder/install.log --single-version-externally-managed install_data
[1.176s] running egg_info
[1.196s] writing ../../build/border_recorder/border_recorder.egg-info/PKG-INFO
[1.196s] writing dependency_links to ../../build/border_recorder/border_recorder.egg-info/dependency_links.txt
[1.197s] writing entry points to ../../build/border_recorder/border_recorder.egg-info/entry_points.txt
[1.197s] writing requirements to ../../build/border_recorder/border_recorder.egg-info/requires.txt
[1.197s] writing top-level names to ../../build/border_recorder/border_recorder.egg-info/top_level.txt
[1.239s] reading manifest file '../../build/border_recorder/border_recorder.egg-info/SOURCES.txt'
[1.240s] writing manifest file '../../build/border_recorder/border_recorder.egg-info/SOURCES.txt'
[1.240s] running build
[1.241s] running build_py
[1.241s] running install
[1.249s] running install_lib
[1.269s] running install_data
[1.270s] running install_egg_info
[1.290s] removing '/home/falinux/CBL_twinning/ws/install/border_recorder/lib/python3.12/site-packages/border_recorder-0.1.0-py3.12.egg-info' (and everything under it)
[1.290s] Copying ../../build/border_recorder/border_recorder.egg-info to /home/falinux/CBL_twinning/ws/install/border_recorder/lib/python3.12/site-packages/border_recorder-0.1.0-py3.12.egg-info
[1.291s] running install_scripts
[1.426s] Installing border_recorder_node script to /home/falinux/CBL_twinning/ws/install/border_recorder/lib/border_recorder
[1.426s] writing list of installed files to '/home/falinux/CBL_twinning/ws/build/border_recorder/install.log'
[1.462s] Invoked command in '/home/falinux/CBL_twinning/ws/src/border_recorder' returned '0': DEBUGINFOD_URLS=https://debuginfod.ubuntu.com PYTHONPATH=/home/falinux/CBL_twinning/ws/build/border_recorder/prefix_override:/usr/lib/python3/dist-packages/colcon_core/task/python/colcon_distutils_commands:/home/falinux/CBL_twinning/ws/install/border_recorder/lib/python3.12/site-packages:${PYTHONPATH} /usr/bin/python3 -W ignore:setup.py install is deprecated -W ignore:easy_install command is deprecated setup.py egg_info --egg-base ../../build/border_recorder build --build-base /home/falinux/CBL_twinning/ws/build/border_recorder/build install --record /home/falinux/CBL_twinning/ws/build/border_recorder/install.log --single-version-externally-managed install_data
