[0.008s] Invoking command in '/home/falinux/team28/ws/build/my_tb3_world': CMAKE_PREFIX_PATH=${CMAKE_PREFIX_PATH}:/opt/ros/jazzy DEBUGINFOD_URLS=https://debuginfod.ubuntu.com /usr/bin/cmake /home/falinux/team28/ws/src/my_tb3_world -DCMAKE_INSTALL_PREFIX=/home/falinux/team28/ws/install/my_tb3_world
[0.046s] -- The C compiler identification is GNU 13.3.0
[0.089s] -- The CXX compiler identification is GNU 13.3.0
[0.100s] -- Detecting C compiler ABI info
[0.170s] -- Detecting C compiler ABI info - done
[0.176s] -- Check for working C compiler: /usr/bin/cc - skipped
[0.177s] -- Detecting C compile features
[0.177s] -- Detecting C compile features - done
[0.185s] -- Detecting CXX compiler ABI info
[0.264s] -- Detecting CXX compiler ABI info - done
[0.270s] -- Check for working CXX compiler: /usr/bin/c++ - skipped
[0.271s] -- Detecting CXX compile features
[0.271s] -- Detecting CXX compile features - done
[0.274s] -- Found ament_cmake: 2.5.6 (/opt/ros/jazzy/share/ament_cmake/cmake)
[0.379s] -- Found Python3: /usr/bin/python3 (found version "3.12.3") found components: Interpreter 
[0.519s] -- Configuring done (0.5s)
[0.521s] -- Generating done (0.0s)
[0.522s] -- Build files have been written to: /home/falinux/team28/ws/build/my_tb3_world
[0.526s] Invoked command in '/home/falinux/team28/ws/build/my_tb3_world' returned '0': CMAKE_PREFIX_PATH=${CMAKE_PREFIX_PATH}:/opt/ros/jazzy DEBUGINFOD_URLS=https://debuginfod.ubuntu.com /usr/bin/cmake /home/falinux/team28/ws/src/my_tb3_world -DCMAKE_INSTALL_PREFIX=/home/falinux/team28/ws/install/my_tb3_world
[0.527s] Invoking command in '/home/falinux/team28/ws/build/my_tb3_world': CMAKE_PREFIX_PATH=${CMAKE_PREFIX_PATH}:/opt/ros/jazzy DEBUGINFOD_URLS=https://debuginfod.ubuntu.com /usr/bin/cmake --build /home/falinux/team28/ws/build/my_tb3_world -- -j8 -l8
[0.553s] Invoked command in '/home/falinux/team28/ws/build/my_tb3_world' returned '0': CMAKE_PREFIX_PATH=${CMAKE_PREFIX_PATH}:/opt/ros/jazzy DEBUGINFOD_URLS=https://debuginfod.ubuntu.com /usr/bin/cmake --build /home/falinux/team28/ws/build/my_tb3_world -- -j8 -l8
[0.562s] Invoking command in '/home/falinux/team28/ws/build/my_tb3_world': CMAKE_PREFIX_PATH=${CMAKE_PREFIX_PATH}:/opt/ros/jazzy DEBUGINFOD_URLS=https://debuginfod.ubuntu.com /usr/bin/cmake --install /home/falinux/team28/ws/build/my_tb3_world
[0.571s] -- Install configuration: ""
[0.571s] -- Installing: /home/falinux/team28/ws/install/my_tb3_world/share/my_tb3_world/launch
[0.571s] -- Installing: /home/falinux/team28/ws/install/my_tb3_world/share/my_tb3_world/launch/new_world.launch.py
[0.571s] -- Installing: /home/falinux/team28/ws/install/my_tb3_world/share/my_tb3_world/worlds
[0.571s] -- Installing: /home/falinux/team28/ws/install/my_tb3_world/share/my_tb3_world/worlds/new_world.world
[0.571s] -- Installing: /home/falinux/team28/ws/install/my_tb3_world/share/my_tb3_world/package.xml
[0.571s] -- Installing: /home/falinux/team28/ws/install/my_tb3_world/share/ament_index/resource_index/package_run_dependencies/my_tb3_world
[0.572s] -- Installing: /home/falinux/team28/ws/install/my_tb3_world/share/ament_index/resource_index/parent_prefix_path/my_tb3_world
[0.572s] -- Installing: /home/falinux/team28/ws/install/my_tb3_world/share/my_tb3_world/environment/ament_prefix_path.sh
[0.572s] -- Installing: /home/falinux/team28/ws/install/my_tb3_world/share/my_tb3_world/environment/ament_prefix_path.dsv
[0.572s] -- Installing: /home/falinux/team28/ws/install/my_tb3_world/share/my_tb3_world/environment/path.sh
[0.572s] -- Installing: /home/falinux/team28/ws/install/my_tb3_world/share/my_tb3_world/environment/path.dsv
[0.572s] -- Installing: /home/falinux/team28/ws/install/my_tb3_world/share/my_tb3_world/local_setup.bash
[0.572s] -- Installing: /home/falinux/team28/ws/install/my_tb3_world/share/my_tb3_world/local_setup.sh
[0.572s] -- Installing: /home/falinux/team28/ws/install/my_tb3_world/share/my_tb3_world/local_setup.zsh
[0.573s] -- Installing: /home/falinux/team28/ws/install/my_tb3_world/share/my_tb3_world/local_setup.dsv
[0.573s] -- Installing: /home/falinux/team28/ws/install/my_tb3_world/share/my_tb3_world/package.dsv
[0.573s] -- Installing: /home/falinux/team28/ws/install/my_tb3_world/share/ament_index/resource_index/packages/my_tb3_world
[0.573s] -- Installing: /home/falinux/team28/ws/install/my_tb3_world/share/my_tb3_world/cmake/my_tb3_worldConfig.cmake
[0.573s] -- Installing: /home/falinux/team28/ws/install/my_tb3_world/share/my_tb3_world/cmake/my_tb3_worldConfig-version.cmake
[0.573s] -- Up-to-date: /home/falinux/team28/ws/install/my_tb3_world/share/my_tb3_world/package.xml
[0.575s] Invoked command in '/home/falinux/team28/ws/build/my_tb3_world' returned '0': CMAKE_PREFIX_PATH=${CMAKE_PREFIX_PATH}:/opt/ros/jazzy DEBUGINFOD_URLS=https://debuginfod.ubuntu.com /usr/bin/cmake --install /home/falinux/team28/ws/build/my_tb3_world
