running egg_info
writing ../../build/robot_sound_demo/robot_sound_demo.egg-info/PKG-INFO
writing dependency_links to ../../build/robot_sound_demo/robot_sound_demo.egg-info/dependency_links.txt
writing entry points to ../../build/robot_sound_demo/robot_sound_demo.egg-info/entry_points.txt
writing requirements to ../../build/robot_sound_demo/robot_sound_demo.egg-info/requires.txt
writing top-level names to ../../build/robot_sound_demo/robot_sound_demo.egg-info/top_level.txt
reading manifest file '../../build/robot_sound_demo/robot_sound_demo.egg-info/SOURCES.txt'
writing manifest file '../../build/robot_sound_demo/robot_sound_demo.egg-info/SOURCES.txt'
running build
running build_py
copying robot_sound_demo/forward_sound.py -> /ws/build/robot_sound_demo/build/lib/robot_sound_demo
running install
running install_lib
copying /ws/build/robot_sound_demo/build/lib/robot_sound_demo/forward_sound.py -> /ws/install/robot_sound_demo/lib/python3.12/site-packages/robot_sound_demo
byte-compiling /ws/install/robot_sound_demo/lib/python3.12/site-packages/robot_sound_demo/forward_sound.py to forward_sound.cpython-312.pyc
running install_data
running install_egg_info
removing '/ws/install/robot_sound_demo/lib/python3.12/site-packages/robot_sound_demo-0.0.0-py3.12.egg-info' (and everything under it)
Copying ../../build/robot_sound_demo/robot_sound_demo.egg-info to /ws/install/robot_sound_demo/lib/python3.12/site-packages/robot_sound_demo-0.0.0-py3.12.egg-info
running install_scripts
Installing forward_sound script to /ws/install/robot_sound_demo/lib/robot_sound_demo
writing list of installed files to '/ws/build/robot_sound_demo/install.log'
