[2.144s] Invoking command in '/home/falinux/CBL_twinning/src/border_guard': DEBUGINFOD_URLS=https://debuginfod.ubuntu.com PYTHONPATH=/home/falinux/CBL_twinning/build/border_guard/prefix_override:/usr/lib/python3/dist-packages/colcon_core/task/python/colcon_distutils_commands:/home/falinux/CBL_twinning/install/border_guard/lib/python3.12/site-packages:${PYTHONPATH} /usr/bin/python3 -W ignore:setup.py install is deprecated -W ignore:easy_install command is deprecated setup.py egg_info --egg-base ../../build/border_guard build --build-base /home/falinux/CBL_twinning/build/border_guard/build install --record /home/falinux/CBL_twinning/build/border_guard/install.log --single-version-externally-managed install_data
[2.478s] running egg_info
[2.497s] writing ../../build/border_guard/border_guard.egg-info/PKG-INFO
[2.504s] writing dependency_links to ../../build/border_guard/border_guard.egg-info/dependency_links.txt
[2.505s] writing entry points to ../../build/border_guard/border_guard.egg-info/entry_points.txt
[2.505s] writing requirements to ../../build/border_guard/border_guard.egg-info/requires.txt
[2.505s] writing top-level names to ../../build/border_guard/border_guard.egg-info/top_level.txt
[2.550s] reading manifest file '../../build/border_guard/border_guard.egg-info/SOURCES.txt'
[2.552s] writing manifest file '../../build/border_guard/border_guard.egg-info/SOURCES.txt'
[2.552s] running build
[2.552s] running build_py
[2.552s] running install
[2.560s] running install_lib
[2.581s] running install_data
[2.581s] running install_egg_info
[2.604s] removing '/home/falinux/CBL_twinning/install/border_guard/lib/python3.12/site-packages/border_guard-0.1.0-py3.12.egg-info' (and everything under it)
[2.604s] Copying ../../build/border_guard/border_guard.egg-info to /home/falinux/CBL_twinning/install/border_guard/lib/python3.12/site-packages/border_guard-0.1.0-py3.12.egg-info
[2.605s] running install_scripts
[2.743s] Installing border_guard_node script to /home/falinux/CBL_twinning/install/border_guard/lib/border_guard
[2.743s] writing list of installed files to '/home/falinux/CBL_twinning/build/border_guard/install.log'
[2.787s] Invoked command in '/home/falinux/CBL_twinning/src/border_guard' returned '0': DEBUGINFOD_URLS=https://debuginfod.ubuntu.com PYTHONPATH=/home/falinux/CBL_twinning/build/border_guard/prefix_override:/usr/lib/python3/dist-packages/colcon_core/task/python/colcon_distutils_commands:/home/falinux/CBL_twinning/install/border_guard/lib/python3.12/site-packages:${PYTHONPATH} /usr/bin/python3 -W ignore:setup.py install is deprecated -W ignore:easy_install command is deprecated setup.py egg_info --egg-base ../../build/border_guard build --build-base /home/falinux/CBL_twinning/build/border_guard/build install --record /home/falinux/CBL_twinning/build/border_guard/install.log --single-version-externally-managed install_data
