running egg_info
writing ../../build/tb3_weather_dt/tb3_weather_dt.egg-info/PKG-INFO
writing dependency_links to ../../build/tb3_weather_dt/tb3_weather_dt.egg-info/dependency_links.txt
writing entry points to ../../build/tb3_weather_dt/tb3_weather_dt.egg-info/entry_points.txt
writing requirements to ../../build/tb3_weather_dt/tb3_weather_dt.egg-info/requires.txt
writing top-level names to ../../build/tb3_weather_dt/tb3_weather_dt.egg-info/top_level.txt
reading manifest file '../../build/tb3_weather_dt/tb3_weather_dt.egg-info/SOURCES.txt'
writing manifest file '../../build/tb3_weather_dt/tb3_weather_dt.egg-info/SOURCES.txt'
running build
running build_py
copying tb3_weather_dt/twin_safety_supervisor.py -> /home/falinux/team28/ws/build/tb3_weather_dt/build/lib/tb3_weather_dt
copying tb3_weather_dt/weather_adapter.py -> /home/falinux/team28/ws/build/tb3_weather_dt/build/lib/tb3_weather_dt
running install
running install_lib
copying /home/falinux/team28/ws/build/tb3_weather_dt/build/lib/tb3_weather_dt/twin_safety_supervisor.py -> /home/falinux/team28/ws/install/tb3_weather_dt/lib/python3.12/site-packages/tb3_weather_dt
copying /home/falinux/team28/ws/build/tb3_weather_dt/build/lib/tb3_weather_dt/weather_adapter.py -> /home/falinux/team28/ws/install/tb3_weather_dt/lib/python3.12/site-packages/tb3_weather_dt
byte-compiling /home/falinux/team28/ws/install/tb3_weather_dt/lib/python3.12/site-packages/tb3_weather_dt/twin_safety_supervisor.py to twin_safety_supervisor.cpython-312.pyc
byte-compiling /home/falinux/team28/ws/install/tb3_weather_dt/lib/python3.12/site-packages/tb3_weather_dt/weather_adapter.py to weather_adapter.cpython-312.pyc
running install_data
running install_egg_info
removing '/home/falinux/team28/ws/install/tb3_weather_dt/lib/python3.12/site-packages/tb3_weather_dt-0.0.0-py3.12.egg-info' (and everything under it)
Copying ../../build/tb3_weather_dt/tb3_weather_dt.egg-info to /home/falinux/team28/ws/install/tb3_weather_dt/lib/python3.12/site-packages/tb3_weather_dt-0.0.0-py3.12.egg-info
running install_scripts
Installing twin_safety_supervisor script to /home/falinux/team28/ws/install/tb3_weather_dt/lib/tb3_weather_dt
Installing weather_adapter script to /home/falinux/team28/ws/install/tb3_weather_dt/lib/tb3_weather_dt
writing list of installed files to '/home/falinux/team28/ws/build/tb3_weather_dt/install.log'
