[0.710s] Invoking command in '/home/falinux/team28/ws/src/tb3_weather_dt': DEBUGINFOD_URLS=https://debuginfod.ubuntu.com PYTHONPATH=/home/falinux/team28/ws/build/tb3_weather_dt/prefix_override:/usr/lib/python3/dist-packages/colcon_core/task/python/colcon_distutils_commands:/home/falinux/team28/ws/install/tb3_weather_dt/lib/python3.12/site-packages:${PYTHONPATH} /usr/bin/python3 -W ignore:setup.py install is deprecated -W ignore:easy_install command is deprecated setup.py egg_info --egg-base ../../build/tb3_weather_dt build --build-base /home/falinux/team28/ws/build/tb3_weather_dt/build install --record /home/falinux/team28/ws/build/tb3_weather_dt/install.log --single-version-externally-managed install_data
[0.900s] running egg_info
[0.914s] writing ../../build/tb3_weather_dt/tb3_weather_dt.egg-info/PKG-INFO
[0.914s] writing dependency_links to ../../build/tb3_weather_dt/tb3_weather_dt.egg-info/dependency_links.txt
[0.914s] writing entry points to ../../build/tb3_weather_dt/tb3_weather_dt.egg-info/entry_points.txt
[0.914s] writing requirements to ../../build/tb3_weather_dt/tb3_weather_dt.egg-info/requires.txt
[0.914s] writing top-level names to ../../build/tb3_weather_dt/tb3_weather_dt.egg-info/top_level.txt
[0.943s] reading manifest file '../../build/tb3_weather_dt/tb3_weather_dt.egg-info/SOURCES.txt'
[0.943s] writing manifest file '../../build/tb3_weather_dt/tb3_weather_dt.egg-info/SOURCES.txt'
[0.943s] running build
[0.943s] running build_py
[0.943s] copying tb3_weather_dt/twin_safety_supervisor.py -> /home/falinux/team28/ws/build/tb3_weather_dt/build/lib/tb3_weather_dt
[0.944s] copying tb3_weather_dt/weather_adapter.py -> /home/falinux/team28/ws/build/tb3_weather_dt/build/lib/tb3_weather_dt
[0.944s] running install
[0.949s] running install_lib
[0.964s] copying /home/falinux/team28/ws/build/tb3_weather_dt/build/lib/tb3_weather_dt/twin_safety_supervisor.py -> /home/falinux/team28/ws/install/tb3_weather_dt/lib/python3.12/site-packages/tb3_weather_dt
[0.964s] copying /home/falinux/team28/ws/build/tb3_weather_dt/build/lib/tb3_weather_dt/weather_adapter.py -> /home/falinux/team28/ws/install/tb3_weather_dt/lib/python3.12/site-packages/tb3_weather_dt
[0.964s] byte-compiling /home/falinux/team28/ws/install/tb3_weather_dt/lib/python3.12/site-packages/tb3_weather_dt/twin_safety_supervisor.py to twin_safety_supervisor.cpython-312.pyc
[0.965s] byte-compiling /home/falinux/team28/ws/install/tb3_weather_dt/lib/python3.12/site-packages/tb3_weather_dt/weather_adapter.py to weather_adapter.cpython-312.pyc
[0.967s] running install_data
[0.967s] running install_egg_info
[0.982s] removing '/home/falinux/team28/ws/install/tb3_weather_dt/lib/python3.12/site-packages/tb3_weather_dt-0.0.0-py3.12.egg-info' (and everything under it)
[0.982s] Copying ../../build/tb3_weather_dt/tb3_weather_dt.egg-info to /home/falinux/team28/ws/install/tb3_weather_dt/lib/python3.12/site-packages/tb3_weather_dt-0.0.0-py3.12.egg-info
[0.983s] running install_scripts
[1.080s] Installing twin_safety_supervisor script to /home/falinux/team28/ws/install/tb3_weather_dt/lib/tb3_weather_dt
[1.080s] Installing weather_adapter script to /home/falinux/team28/ws/install/tb3_weather_dt/lib/tb3_weather_dt
[1.081s] writing list of installed files to '/home/falinux/team28/ws/build/tb3_weather_dt/install.log'
[1.107s] Invoked command in '/home/falinux/team28/ws/src/tb3_weather_dt' returned '0': DEBUGINFOD_URLS=https://debuginfod.ubuntu.com PYTHONPATH=/home/falinux/team28/ws/build/tb3_weather_dt/prefix_override:/usr/lib/python3/dist-packages/colcon_core/task/python/colcon_distutils_commands:/home/falinux/team28/ws/install/tb3_weather_dt/lib/python3.12/site-packages:${PYTHONPATH} /usr/bin/python3 -W ignore:setup.py install is deprecated -W ignore:easy_install command is deprecated setup.py egg_info --egg-base ../../build/tb3_weather_dt build --build-base /home/falinux/team28/ws/build/tb3_weather_dt/build install --record /home/falinux/team28/ws/build/tb3_weather_dt/install.log --single-version-externally-managed install_data
