/home/falinux/CBL_twinning/install/tb3_safety_stop/lib/python3.12/site-packages/tb3_safety_stop/__init__.py
/home/falinux/CBL_twinning/install/tb3_safety_stop/lib/python3.12/site-packages/tb3_safety_stop/twin_safety_node.py
/home/falinux/CBL_twinning/install/tb3_safety_stop/lib/python3.12/site-packages/tb3_safety_stop/twin_safety_node_ORIGINAL.py
/home/falinux/CBL_twinning/install/tb3_safety_stop/lib/python3.12/site-packages/tb3_safety_stop/__pycache__/__init__.cpython-312.pyc
/home/falinux/CBL_twinning/install/tb3_safety_stop/lib/python3.12/site-packages/tb3_safety_stop/__pycache__/twin_safety_node.cpython-312.pyc
/home/falinux/CBL_twinning/install/tb3_safety_stop/lib/python3.12/site-packages/tb3_safety_stop/__pycache__/twin_safety_node_ORIGINAL.cpython-312.pyc
/home/falinux/CBL_twinning/install/tb3_safety_stop/share/ament_index/resource_index/packages/tb3_safety_stop
/home/falinux/CBL_twinning/install/tb3_safety_stop/share/tb3_safety_stop/package.xml
/home/falinux/CBL_twinning/install/tb3_safety_stop/share/tb3_safety_stop/launch/twin_safety.launch.py
/home/falinux/CBL_twinning/install/tb3_safety_stop/share/tb3_safety_stop/launch/gazebo_twin.launch.py
/home/falinux/CBL_twinning/install/tb3_safety_stop/lib/python3.12/site-packages/tb3_safety_stop-0.0.1-py3.12.egg-info/top_level.txt
/home/falinux/CBL_twinning/install/tb3_safety_stop/lib/python3.12/site-packages/tb3_safety_stop-0.0.1-py3.12.egg-info/zip-safe
/home/falinux/CBL_twinning/install/tb3_safety_stop/lib/python3.12/site-packages/tb3_safety_stop-0.0.1-py3.12.egg-info/PKG-INFO
/home/falinux/CBL_twinning/install/tb3_safety_stop/lib/python3.12/site-packages/tb3_safety_stop-0.0.1-py3.12.egg-info/entry_points.txt
/home/falinux/CBL_twinning/install/tb3_safety_stop/lib/python3.12/site-packages/tb3_safety_stop-0.0.1-py3.12.egg-info/SOURCES.txt
/home/falinux/CBL_twinning/install/tb3_safety_stop/lib/python3.12/site-packages/tb3_safety_stop-0.0.1-py3.12.egg-info/requires.txt
/home/falinux/CBL_twinning/install/tb3_safety_stop/lib/python3.12/site-packages/tb3_safety_stop-0.0.1-py3.12.egg-info/dependency_links.txt
/home/falinux/CBL_twinning/install/tb3_safety_stop/lib/tb3_safety_stop/safety_stop_node
/home/falinux/CBL_twinning/install/tb3_safety_stop/lib/tb3_safety_stop/twin_safety_node
/home/falinux/CBL_twinning/install/tb3_safety_stop/lib/tb3_safety_stop/twin_safety_node_back
