[0.750s] Invoking command in '/home/falinux/team28/ws/src/my_tb3_world': DEBUGINFOD_URLS=https://debuginfod.ubuntu.com PYTHONPATH=/home/falinux/team28/ws/build/my_tb3_world/prefix_override:/usr/lib/python3/dist-packages/colcon_core/task/python/colcon_distutils_commands:/home/falinux/team28/ws/install/my_tb3_world/lib/python3.12/site-packages:${PYTHONPATH} /usr/bin/python3 -W ignore:setup.py install is deprecated -W ignore:easy_install command is deprecated setup.py egg_info --egg-base ../../build/my_tb3_world build --build-base /home/falinux/team28/ws/build/my_tb3_world/build install --record /home/falinux/team28/ws/build/my_tb3_world/install.log --single-version-externally-managed install_data
[0.925s] running egg_info
[0.925s] creating ../../build/my_tb3_world/my_tb3_world.egg-info
[0.937s] writing ../../build/my_tb3_world/my_tb3_world.egg-info/PKG-INFO
[0.938s] writing dependency_links to ../../build/my_tb3_world/my_tb3_world.egg-info/dependency_links.txt
[0.938s] writing entry points to ../../build/my_tb3_world/my_tb3_world.egg-info/entry_points.txt
[0.938s] writing requirements to ../../build/my_tb3_world/my_tb3_world.egg-info/requires.txt
[0.938s] writing top-level names to ../../build/my_tb3_world/my_tb3_world.egg-info/top_level.txt
[0.938s] writing manifest file '../../build/my_tb3_world/my_tb3_world.egg-info/SOURCES.txt'
[0.963s] reading manifest file '../../build/my_tb3_world/my_tb3_world.egg-info/SOURCES.txt'
[0.964s] writing manifest file '../../build/my_tb3_world/my_tb3_world.egg-info/SOURCES.txt'
[0.964s] running build
[0.964s] running build_py
[0.964s] creating /home/falinux/team28/ws/build/my_tb3_world/build
[0.964s] creating /home/falinux/team28/ws/build/my_tb3_world/build/lib
[0.964s] creating /home/falinux/team28/ws/build/my_tb3_world/build/lib/my_tb3_world
[0.964s] copying my_tb3_world/__init__.py -> /home/falinux/team28/ws/build/my_tb3_world/build/lib/my_tb3_world
[0.964s] running install
[0.969s] running install_lib
[0.982s] creating /home/falinux/team28/ws/install/my_tb3_world/lib/python3.12/site-packages/my_tb3_world
[0.982s] copying /home/falinux/team28/ws/build/my_tb3_world/build/lib/my_tb3_world/__init__.py -> /home/falinux/team28/ws/install/my_tb3_world/lib/python3.12/site-packages/my_tb3_world
[0.982s] byte-compiling /home/falinux/team28/ws/install/my_tb3_world/lib/python3.12/site-packages/my_tb3_world/__init__.py to __init__.cpython-312.pyc
[0.983s] running install_data
[0.983s] copying resource/my_tb3_world -> /home/falinux/team28/ws/install/my_tb3_world/share/ament_index/resource_index/packages
[0.983s] copying package.xml -> /home/falinux/team28/ws/install/my_tb3_world/share/my_tb3_world
[0.983s] running install_egg_info
[0.996s] Copying ../../build/my_tb3_world/my_tb3_world.egg-info to /home/falinux/team28/ws/install/my_tb3_world/lib/python3.12/site-packages/my_tb3_world-0.0.0-py3.12.egg-info
[0.997s] running install_scripts
[1.085s] Installing sunscriber_node script to /home/falinux/team28/ws/install/my_tb3_world/lib/my_tb3_world
[1.086s] writing list of installed files to '/home/falinux/team28/ws/build/my_tb3_world/install.log'
[1.118s] Invoked command in '/home/falinux/team28/ws/src/my_tb3_world' returned '0': DEBUGINFOD_URLS=https://debuginfod.ubuntu.com PYTHONPATH=/home/falinux/team28/ws/build/my_tb3_world/prefix_override:/usr/lib/python3/dist-packages/colcon_core/task/python/colcon_distutils_commands:/home/falinux/team28/ws/install/my_tb3_world/lib/python3.12/site-packages:${PYTHONPATH} /usr/bin/python3 -W ignore:setup.py install is deprecated -W ignore:easy_install command is deprecated setup.py egg_info --egg-base ../../build/my_tb3_world build --build-base /home/falinux/team28/ws/build/my_tb3_world/build install --record /home/falinux/team28/ws/build/my_tb3_world/install.log --single-version-externally-managed install_data
