[0.925s] Invoking command in '/home/falinux/CBL_twinning/ws/build/tb3_safety_stop': DEBUGINFOD_URLS=https://debuginfod.ubuntu.com PYTHONPATH=/home/falinux/CBL_twinning/ws/build/tb3_safety_stop/prefix_override:/usr/lib/python3/dist-packages/colcon_core/task/python/colcon_distutils_commands:/home/falinux/CBL_twinning/ws/install/tb3_safety_stop/lib/python3.12/site-packages: /usr/bin/python3 -W ignore:setup.py install is deprecated -W ignore:easy_install command is deprecated setup.py develop --editable --build-directory /home/falinux/CBL_twinning/ws/build/tb3_safety_stop/build --no-deps symlink_data
[1.134s] running develop
[1.245s] running egg_info
[1.252s] writing tb3_safety_stop.egg-info/PKG-INFO
[1.253s] writing dependency_links to tb3_safety_stop.egg-info/dependency_links.txt
[1.253s] writing entry points to tb3_safety_stop.egg-info/entry_points.txt
[1.254s] writing requirements to tb3_safety_stop.egg-info/requires.txt
[1.254s] writing top-level names to tb3_safety_stop.egg-info/top_level.txt
[1.271s] reading manifest file 'tb3_safety_stop.egg-info/SOURCES.txt'
[1.272s] writing manifest file 'tb3_safety_stop.egg-info/SOURCES.txt'
[1.281s] running build_ext
[1.281s] Creating /home/falinux/CBL_twinning/ws/install/tb3_safety_stop/lib/python3.12/site-packages/tb3-safety-stop.egg-link (link to .)
[1.282s] Installing safety_stop_node script to /home/falinux/CBL_twinning/ws/install/tb3_safety_stop/lib/tb3_safety_stop
[1.282s] Installing twin_safety_node script to /home/falinux/CBL_twinning/ws/install/tb3_safety_stop/lib/tb3_safety_stop
[1.282s] Installing twin_safety_node_back script to /home/falinux/CBL_twinning/ws/install/tb3_safety_stop/lib/tb3_safety_stop
[1.282s] 
[1.282s] Installed /home/falinux/CBL_twinning/ws/build/tb3_safety_stop
[1.282s] running symlink_data
[1.282s] symbolically linking /home/falinux/CBL_twinning/ws/build/tb3_safety_stop/resource/tb3_safety_stop -> /home/falinux/CBL_twinning/ws/install/tb3_safety_stop/share/ament_index/resource_index/packages
[1.283s] error: [Errno 17] File exists: '/home/falinux/CBL_twinning/ws/build/tb3_safety_stop/resource/tb3_safety_stop' -> '/home/falinux/CBL_twinning/ws/install/tb3_safety_stop/share/ament_index/resource_index/packages/tb3_safety_stop'
[1.313s] Invoked command in '/home/falinux/CBL_twinning/ws/build/tb3_safety_stop' returned '1': DEBUGINFOD_URLS=https://debuginfod.ubuntu.com PYTHONPATH=/home/falinux/CBL_twinning/ws/build/tb3_safety_stop/prefix_override:/usr/lib/python3/dist-packages/colcon_core/task/python/colcon_distutils_commands:/home/falinux/CBL_twinning/ws/install/tb3_safety_stop/lib/python3.12/site-packages: /usr/bin/python3 -W ignore:setup.py install is deprecated -W ignore:easy_install command is deprecated setup.py develop --editable --build-directory /home/falinux/CBL_twinning/ws/build/tb3_safety_stop/build --no-deps symlink_data
