[3.701s] Invoking command in '/home/falinux/CBL_twinning/src/border_guard': DEBUGINFOD_URLS=https://debuginfod.ubuntu.com PYTHONPATH=/home/falinux/CBL_twinning/build/border_guard/prefix_override:/usr/lib/python3/dist-packages/colcon_core/task/python/colcon_distutils_commands:/home/falinux/CBL_twinning/install/border_guard/lib/python3.12/site-packages:${PYTHONPATH} /usr/bin/python3 -W ignore:setup.py install is deprecated -W ignore:easy_install command is deprecated setup.py egg_info --egg-base ../../build/border_guard build --build-base /home/falinux/CBL_twinning/build/border_guard/build install --record /home/falinux/CBL_twinning/build/border_guard/install.log --single-version-externally-managed install_data
[4.799s] running egg_info
[4.851s] writing ../../build/border_guard/border_guard.egg-info/PKG-INFO
[4.852s] writing dependency_links to ../../build/border_guard/border_guard.egg-info/dependency_links.txt
[4.852s] writing entry points to ../../build/border_guard/border_guard.egg-info/entry_points.txt
[4.852s] writing requirements to ../../build/border_guard/border_guard.egg-info/requires.txt
[4.852s] writing top-level names to ../../build/border_guard/border_guard.egg-info/top_level.txt
[4.974s] reading manifest file '../../build/border_guard/border_guard.egg-info/SOURCES.txt'
[4.979s] writing manifest file '../../build/border_guard/border_guard.egg-info/SOURCES.txt'
[4.979s] running build
[4.979s] running build_py
[4.987s] running install
[5.006s] running install_lib
[5.083s] running install_data
[5.087s] running install_egg_info
[5.150s] removing '/home/falinux/CBL_twinning/install/border_guard/lib/python3.12/site-packages/border_guard-0.1.0-py3.12.egg-info' (and everything under it)
[5.151s] Copying ../../build/border_guard/border_guard.egg-info to /home/falinux/CBL_twinning/install/border_guard/lib/python3.12/site-packages/border_guard-0.1.0-py3.12.egg-info
[5.152s] running install_scripts
[5.444s] Installing border_guard_node script to /home/falinux/CBL_twinning/install/border_guard/lib/border_guard
[5.445s] writing list of installed files to '/home/falinux/CBL_twinning/build/border_guard/install.log'
[5.501s] Invoked command in '/home/falinux/CBL_twinning/src/border_guard' returned '0': DEBUGINFOD_URLS=https://debuginfod.ubuntu.com PYTHONPATH=/home/falinux/CBL_twinning/build/border_guard/prefix_override:/usr/lib/python3/dist-packages/colcon_core/task/python/colcon_distutils_commands:/home/falinux/CBL_twinning/install/border_guard/lib/python3.12/site-packages:${PYTHONPATH} /usr/bin/python3 -W ignore:setup.py install is deprecated -W ignore:easy_install command is deprecated setup.py egg_info --egg-base ../../build/border_guard build --build-base /home/falinux/CBL_twinning/build/border_guard/build install --record /home/falinux/CBL_twinning/build/border_guard/install.log --single-version-externally-managed install_data
