[3.172s] Invoking command in '/home/falinux/CBL_twinning/src/my_tb3_world': DEBUGINFOD_URLS=https://debuginfod.ubuntu.com PYTHONPATH=/home/falinux/CBL_twinning/build/my_tb3_world/prefix_override:/usr/lib/python3/dist-packages/colcon_core/task/python/colcon_distutils_commands:/home/falinux/CBL_twinning/install/my_tb3_world/lib/python3.12/site-packages:${PYTHONPATH} /usr/bin/python3 -W ignore:setup.py install is deprecated -W ignore:easy_install command is deprecated setup.py egg_info --egg-base ../../build/my_tb3_world build --build-base /home/falinux/CBL_twinning/build/my_tb3_world/build install --record /home/falinux/CBL_twinning/build/my_tb3_world/install.log --single-version-externally-managed install_data
[3.686s] running egg_info
[3.723s] writing ../../build/my_tb3_world/my_tb3_world.egg-info/PKG-INFO
[3.724s] writing dependency_links to ../../build/my_tb3_world/my_tb3_world.egg-info/dependency_links.txt
[3.724s] writing entry points to ../../build/my_tb3_world/my_tb3_world.egg-info/entry_points.txt
[3.725s] writing requirements to ../../build/my_tb3_world/my_tb3_world.egg-info/requires.txt
[3.725s] writing top-level names to ../../build/my_tb3_world/my_tb3_world.egg-info/top_level.txt
[3.803s] reading manifest file '../../build/my_tb3_world/my_tb3_world.egg-info/SOURCES.txt'
[3.805s] writing manifest file '../../build/my_tb3_world/my_tb3_world.egg-info/SOURCES.txt'
[3.806s] running build
[3.806s] running build_py
[3.808s] running install
[3.824s] running install_lib
[3.862s] running install_data
[3.863s] running install_egg_info
[3.903s] removing '/home/falinux/CBL_twinning/install/my_tb3_world/lib/python3.12/site-packages/my_tb3_world-0.0.0-py3.12.egg-info' (and everything under it)
[3.904s] Copying ../../build/my_tb3_world/my_tb3_world.egg-info to /home/falinux/CBL_twinning/install/my_tb3_world/lib/python3.12/site-packages/my_tb3_world-0.0.0-py3.12.egg-info
[3.905s] running install_scripts
[4.173s] Installing publisher_node script to /home/falinux/CBL_twinning/install/my_tb3_world/lib/my_tb3_world
[4.174s] Installing subscriber_node script to /home/falinux/CBL_twinning/install/my_tb3_world/lib/my_tb3_world
[4.175s] writing list of installed files to '/home/falinux/CBL_twinning/build/my_tb3_world/install.log'
[4.228s] Invoked command in '/home/falinux/CBL_twinning/src/my_tb3_world' returned '0': DEBUGINFOD_URLS=https://debuginfod.ubuntu.com PYTHONPATH=/home/falinux/CBL_twinning/build/my_tb3_world/prefix_override:/usr/lib/python3/dist-packages/colcon_core/task/python/colcon_distutils_commands:/home/falinux/CBL_twinning/install/my_tb3_world/lib/python3.12/site-packages:${PYTHONPATH} /usr/bin/python3 -W ignore:setup.py install is deprecated -W ignore:easy_install command is deprecated setup.py egg_info --egg-base ../../build/my_tb3_world build --build-base /home/falinux/CBL_twinning/build/my_tb3_world/build install --record /home/falinux/CBL_twinning/build/my_tb3_world/install.log --single-version-externally-managed install_data
