[0.045s] DEBUG:colcon:Command line arguments: ['/usr/bin/colcon', 'build']
[0.045s] DEBUG:colcon:Parsed command line arguments: Namespace(log_base=None, log_level=None, verb_name='build', build_base='build', install_base='install', merge_install=False, symlink_install=False, test_result_base=None, continue_on_error=False, executor='parallel', parallel_workers=2, event_handlers=None, ignore_user_meta=False, metas=['./colcon.meta'], base_paths=['.'], packages_ignore=None, packages_ignore_regex=None, paths=None, packages_up_to=None, packages_up_to_regex=None, packages_above=None, packages_above_and_dependencies=None, packages_above_depth=None, packages_select_by_dep=None, packages_skip_by_dep=None, packages_skip_up_to=None, packages_select_build_failed=False, packages_skip_build_finished=False, packages_select_test_failures=False, packages_skip_test_passed=False, packages_select=None, packages_skip=None, packages_select_regex=None, packages_skip_regex=None, packages_start=None, packages_end=None, allow_overriding=[], cmake_args=None, cmake_target=None, cmake_target_skip_unavailable=False, cmake_clean_cache=False, cmake_clean_first=False, cmake_force_configure=False, ament_cmake_args=None, catkin_cmake_args=None, catkin_skip_building_tests=False, verb_parser=<colcon_defaults.argument_parser.defaults.DefaultArgumentsDecorator object at 0xf89d6e7e25a0>, verb_extension=<colcon_core.verb.build.BuildVerb object at 0xf89d6e7ac1d0>, main=<bound method BuildVerb.main of <colcon_core.verb.build.BuildVerb object at 0xf89d6e7ac1d0>>)
[0.058s] Level 1:colcon.colcon_core.package_discovery:discover_packages(colcon_meta) check parameters
[0.059s] Level 1:colcon.colcon_core.package_discovery:discover_packages(recursive) check parameters
[0.059s] Level 1:colcon.colcon_core.package_discovery:discover_packages(ignore) check parameters
[0.059s] Level 1:colcon.colcon_core.package_discovery:discover_packages(path) check parameters
[0.059s] Level 1:colcon.colcon_core.package_discovery:discover_packages(colcon_meta) discover
[0.059s] Level 1:colcon.colcon_core.package_discovery:discover_packages(recursive) discover
[0.059s] INFO:colcon.colcon_core.package_discovery:Crawling recursively for packages in '/ws'
[0.059s] Level 1:colcon.colcon_core.package_identification:_identify(.) by extensions ['ignore', 'ignore_ament_install']
[0.059s] Level 1:colcon.colcon_core.package_identification:_identify(.) by extension 'ignore'
[0.059s] Level 1:colcon.colcon_core.package_identification:_identify(.) by extension 'ignore_ament_install'
[0.060s] Level 1:colcon.colcon_core.package_identification:_identify(.) by extensions ['colcon_pkg']
[0.060s] Level 1:colcon.colcon_core.package_identification:_identify(.) by extension 'colcon_pkg'
[0.060s] Level 1:colcon.colcon_core.package_identification:_identify(.) by extensions ['colcon_meta']
[0.060s] Level 1:colcon.colcon_core.package_identification:_identify(.) by extension 'colcon_meta'
[0.060s] Level 1:colcon.colcon_core.package_identification:_identify(.) by extensions ['ros']
[0.060s] Level 1:colcon.colcon_core.package_identification:_identify(.) by extension 'ros'
[0.069s] Level 1:colcon.colcon_core.package_identification:_identify(.) by extensions ['cmake', 'python']
[0.069s] Level 1:colcon.colcon_core.package_identification:_identify(.) by extension 'cmake'
[0.069s] Level 1:colcon.colcon_core.package_identification:_identify(.) by extension 'python'
[0.069s] Level 1:colcon.colcon_core.package_identification:_identify(.) by extensions ['python_setup_py']
[0.069s] Level 1:colcon.colcon_core.package_identification:_identify(.) by extension 'python_setup_py'
[0.070s] Level 1:colcon.colcon_core.package_identification:_identify(build) by extensions ['ignore', 'ignore_ament_install']
[0.070s] Level 1:colcon.colcon_core.package_identification:_identify(build) by extension 'ignore'
[0.070s] Level 1:colcon.colcon_core.package_identification:_identify(build) ignored
[0.070s] Level 1:colcon.colcon_core.package_identification:_identify(install) by extensions ['ignore', 'ignore_ament_install']
[0.070s] Level 1:colcon.colcon_core.package_identification:_identify(install) by extension 'ignore'
[0.070s] Level 1:colcon.colcon_core.package_identification:_identify(install) ignored
[0.071s] Level 1:colcon.colcon_core.package_identification:_identify(log) by extensions ['ignore', 'ignore_ament_install']
[0.071s] Level 1:colcon.colcon_core.package_identification:_identify(log) by extension 'ignore'
[0.071s] Level 1:colcon.colcon_core.package_identification:_identify(log) ignored
[0.071s] Level 1:colcon.colcon_core.package_identification:_identify(src) by extensions ['ignore', 'ignore_ament_install']
[0.071s] Level 1:colcon.colcon_core.package_identification:_identify(src) by extension 'ignore'
[0.071s] Level 1:colcon.colcon_core.package_identification:_identify(src) by extension 'ignore_ament_install'
[0.071s] Level 1:colcon.colcon_core.package_identification:_identify(src) by extensions ['colcon_pkg']
[0.071s] Level 1:colcon.colcon_core.package_identification:_identify(src) by extension 'colcon_pkg'
[0.071s] Level 1:colcon.colcon_core.package_identification:_identify(src) by extensions ['colcon_meta']
[0.071s] Level 1:colcon.colcon_core.package_identification:_identify(src) by extension 'colcon_meta'
[0.072s] Level 1:colcon.colcon_core.package_identification:_identify(src) by extensions ['ros']
[0.072s] Level 1:colcon.colcon_core.package_identification:_identify(src) by extension 'ros'
[0.072s] Level 1:colcon.colcon_core.package_identification:_identify(src) by extensions ['cmake', 'python']
[0.072s] Level 1:colcon.colcon_core.package_identification:_identify(src) by extension 'cmake'
[0.072s] Level 1:colcon.colcon_core.package_identification:_identify(src) by extension 'python'
[0.072s] Level 1:colcon.colcon_core.package_identification:_identify(src) by extensions ['python_setup_py']
[0.072s] Level 1:colcon.colcon_core.package_identification:_identify(src) by extension 'python_setup_py'
[0.072s] Level 1:colcon.colcon_core.package_identification:_identify(src/my_tb3_world) by extensions ['ignore', 'ignore_ament_install']
[0.072s] Level 1:colcon.colcon_core.package_identification:_identify(src/my_tb3_world) by extension 'ignore'
[0.072s] Level 1:colcon.colcon_core.package_identification:_identify(src/my_tb3_world) by extension 'ignore_ament_install'
[0.073s] Level 1:colcon.colcon_core.package_identification:_identify(src/my_tb3_world) by extensions ['colcon_pkg']
[0.073s] Level 1:colcon.colcon_core.package_identification:_identify(src/my_tb3_world) by extension 'colcon_pkg'
[0.073s] Level 1:colcon.colcon_core.package_identification:_identify(src/my_tb3_world) by extensions ['colcon_meta']
[0.073s] Level 1:colcon.colcon_core.package_identification:_identify(src/my_tb3_world) by extension 'colcon_meta'
[0.073s] Level 1:colcon.colcon_core.package_identification:_identify(src/my_tb3_world) by extensions ['ros']
[0.073s] Level 1:colcon.colcon_core.package_identification:_identify(src/my_tb3_world) by extension 'ros'
[0.074s] DEBUG:colcon.colcon_core.package_identification:Package 'src/my_tb3_world' with type 'ros.ament_cmake' and name 'my_tb3_world'
[0.074s] Level 1:colcon.colcon_core.package_identification:_identify(src/robot_sound_demo) by extensions ['ignore', 'ignore_ament_install']
[0.074s] Level 1:colcon.colcon_core.package_identification:_identify(src/robot_sound_demo) by extension 'ignore'
[0.074s] Level 1:colcon.colcon_core.package_identification:_identify(src/robot_sound_demo) by extension 'ignore_ament_install'
[0.074s] Level 1:colcon.colcon_core.package_identification:_identify(src/robot_sound_demo) by extensions ['colcon_pkg']
[0.074s] Level 1:colcon.colcon_core.package_identification:_identify(src/robot_sound_demo) by extension 'colcon_pkg'
[0.075s] Level 1:colcon.colcon_core.package_identification:_identify(src/robot_sound_demo) by extensions ['colcon_meta']
[0.075s] Level 1:colcon.colcon_core.package_identification:_identify(src/robot_sound_demo) by extension 'colcon_meta'
[0.075s] Level 1:colcon.colcon_core.package_identification:_identify(src/robot_sound_demo) by extensions ['ros']
[0.075s] Level 1:colcon.colcon_core.package_identification:_identify(src/robot_sound_demo) by extension 'ros'
[0.075s] DEBUG:colcon.colcon_core.package_identification:Package 'src/robot_sound_demo' with type 'ros.ament_python' and name 'robot_sound_demo'
[0.075s] Level 1:colcon.colcon_core.package_discovery:discover_packages(recursive) using defaults
[0.075s] Level 1:colcon.colcon_core.package_discovery:discover_packages(ignore) discover
[0.075s] Level 1:colcon.colcon_core.package_discovery:discover_packages(ignore) using defaults
[0.075s] Level 1:colcon.colcon_core.package_discovery:discover_packages(path) discover
[0.075s] Level 1:colcon.colcon_core.package_discovery:discover_packages(path) using defaults
[0.082s] Level 1:colcon.colcon_core.package_discovery:discover_packages(prefix_path) check parameters
[0.082s] Level 1:colcon.colcon_core.package_discovery:discover_packages(prefix_path) discover
[0.083s] DEBUG:colcon.colcon_installed_package_information.package_discovery:Found 6 installed packages in /opt/turtlebot3_ws/install
[0.084s] DEBUG:colcon.colcon_installed_package_information.package_discovery:Found 2 installed packages in /ws/install
[0.085s] DEBUG:colcon.colcon_installed_package_information.package_discovery:Found 409 installed packages in /opt/ros/jazzy
[0.085s] Level 1:colcon.colcon_core.package_discovery:discover_packages(prefix_path) using defaults
[0.105s] Level 5:colcon.colcon_core.verb:set package 'my_tb3_world' build argument 'cmake_args' from command line to 'None'
[0.105s] Level 5:colcon.colcon_core.verb:set package 'my_tb3_world' build argument 'cmake_target' from command line to 'None'
[0.105s] Level 5:colcon.colcon_core.verb:set package 'my_tb3_world' build argument 'cmake_target_skip_unavailable' from command line to 'False'
[0.105s] Level 5:colcon.colcon_core.verb:set package 'my_tb3_world' build argument 'cmake_clean_cache' from command line to 'False'
[0.105s] Level 5:colcon.colcon_core.verb:set package 'my_tb3_world' build argument 'cmake_clean_first' from command line to 'False'
[0.105s] Level 5:colcon.colcon_core.verb:set package 'my_tb3_world' build argument 'cmake_force_configure' from command line to 'False'
[0.105s] Level 5:colcon.colcon_core.verb:set package 'my_tb3_world' build argument 'ament_cmake_args' from command line to 'None'
[0.105s] Level 5:colcon.colcon_core.verb:set package 'my_tb3_world' build argument 'catkin_cmake_args' from command line to 'None'
[0.105s] Level 5:colcon.colcon_core.verb:set package 'my_tb3_world' build argument 'catkin_skip_building_tests' from command line to 'False'
[0.105s] DEBUG:colcon.colcon_core.verb:Building package 'my_tb3_world' with the following arguments: {'ament_cmake_args': None, 'build_base': '/ws/build/my_tb3_world', 'catkin_cmake_args': None, 'catkin_skip_building_tests': False, 'cmake_args': None, 'cmake_clean_cache': False, 'cmake_clean_first': False, 'cmake_force_configure': False, 'cmake_target': None, 'cmake_target_skip_unavailable': False, 'install_base': '/ws/install/my_tb3_world', 'merge_install': False, 'path': '/ws/src/my_tb3_world', 'symlink_install': False, 'test_result_base': None}
[0.105s] Level 5:colcon.colcon_core.verb:set package 'robot_sound_demo' build argument 'cmake_args' from command line to 'None'
[0.105s] Level 5:colcon.colcon_core.verb:set package 'robot_sound_demo' build argument 'cmake_target' from command line to 'None'
[0.105s] Level 5:colcon.colcon_core.verb:set package 'robot_sound_demo' build argument 'cmake_target_skip_unavailable' from command line to 'False'
[0.105s] Level 5:colcon.colcon_core.verb:set package 'robot_sound_demo' build argument 'cmake_clean_cache' from command line to 'False'
[0.105s] Level 5:colcon.colcon_core.verb:set package 'robot_sound_demo' build argument 'cmake_clean_first' from command line to 'False'
[0.105s] Level 5:colcon.colcon_core.verb:set package 'robot_sound_demo' build argument 'cmake_force_configure' from command line to 'False'
[0.106s] Level 5:colcon.colcon_core.verb:set package 'robot_sound_demo' build argument 'ament_cmake_args' from command line to 'None'
[0.106s] Level 5:colcon.colcon_core.verb:set package 'robot_sound_demo' build argument 'catkin_cmake_args' from command line to 'None'
[0.106s] Level 5:colcon.colcon_core.verb:set package 'robot_sound_demo' build argument 'catkin_skip_building_tests' from command line to 'False'
[0.106s] DEBUG:colcon.colcon_core.verb:Building package 'robot_sound_demo' with the following arguments: {'ament_cmake_args': None, 'build_base': '/ws/build/robot_sound_demo', 'catkin_cmake_args': None, 'catkin_skip_building_tests': False, 'cmake_args': None, 'cmake_clean_cache': False, 'cmake_clean_first': False, 'cmake_force_configure': False, 'cmake_target': None, 'cmake_target_skip_unavailable': False, 'install_base': '/ws/install/robot_sound_demo', 'merge_install': False, 'path': '/ws/src/robot_sound_demo', 'symlink_install': False, 'test_result_base': None}
[0.106s] INFO:colcon.colcon_core.executor:Executing jobs using 'parallel' executor
[0.106s] DEBUG:colcon.colcon_parallel_executor.executor.parallel:run_until_complete
[0.106s] INFO:colcon.colcon_ros.task.ament_cmake.build:Building ROS package in '/ws/src/my_tb3_world' with build type 'ament_cmake'
[0.106s] INFO:colcon.colcon_cmake.task.cmake.build:Building CMake package in '/ws/src/my_tb3_world'
[0.107s] INFO:colcon.colcon_core.plugin_system:Skipping extension 'colcon_core.shell.bat': Not used on non-Windows systems
[0.107s] INFO:colcon.colcon_core.shell:Skip shell extension 'powershell' for command environment: Not usable outside of PowerShell
[0.108s] DEBUG:colcon.colcon_core.shell:Skip shell extension 'dsv' for command environment
[0.112s] INFO:colcon.colcon_ros.task.ament_python.build:Building ROS package in '/ws/src/robot_sound_demo' with build type 'ament_python'
[0.112s] Level 1:colcon.colcon_core.shell:create_environment_hook('robot_sound_demo', 'ament_prefix_path')
[0.112s] INFO:colcon.colcon_core.shell:Creating environment hook '/ws/install/robot_sound_demo/share/robot_sound_demo/hook/ament_prefix_path.ps1'
[0.113s] INFO:colcon.colcon_core.shell:Creating environment descriptor '/ws/install/robot_sound_demo/share/robot_sound_demo/hook/ament_prefix_path.dsv'
[0.114s] INFO:colcon.colcon_core.shell:Creating environment hook '/ws/install/robot_sound_demo/share/robot_sound_demo/hook/ament_prefix_path.sh'
[0.115s] INFO:colcon.colcon_core.shell:Skip shell extension 'powershell' for command environment: Not usable outside of PowerShell
[0.115s] DEBUG:colcon.colcon_core.shell:Skip shell extension 'dsv' for command environment
[0.122s] DEBUG:colcon.colcon_core.event_handler.log_command:Invoking command in '/ws/build/my_tb3_world': CMAKE_PREFIX_PATH=${CMAKE_PREFIX_PATH}:/ws/install/robot_sound_demo:/opt/turtlebot3_ws/install/turtlebot3_teleop:/opt/ros/jazzy /usr/bin/cmake --build /ws/build/my_tb3_world -- -j2 -l2
[0.218s] INFO:colcon.colcon_core.task.python.build:Building Python package in '/ws/src/robot_sound_demo'
[0.218s] INFO:colcon.colcon_core.shell:Skip shell extension 'powershell' for command environment: Not usable outside of PowerShell
[0.218s] DEBUG:colcon.colcon_core.shell:Skip shell extension 'dsv' for command environment
[0.223s] DEBUG:colcon.colcon_core.event_handler.log_command:Invoked command in '/ws/build/my_tb3_world' returned '0': CMAKE_PREFIX_PATH=${CMAKE_PREFIX_PATH}:/ws/install/robot_sound_demo:/opt/turtlebot3_ws/install/turtlebot3_teleop:/opt/ros/jazzy /usr/bin/cmake --build /ws/build/my_tb3_world -- -j2 -l2
[0.231s] DEBUG:colcon.colcon_core.event_handler.log_command:Invoking command in '/ws/build/my_tb3_world': CMAKE_PREFIX_PATH=${CMAKE_PREFIX_PATH}:/ws/install/robot_sound_demo:/opt/turtlebot3_ws/install/turtlebot3_teleop:/opt/ros/jazzy /usr/bin/cmake --install /ws/build/my_tb3_world
[0.237s] Level 1:colcon.colcon_core.environment:create_environment_scripts_only(my_tb3_world)
[0.238s] Level 1:colcon.colcon_core.environment:checking '/ws/install/my_tb3_world' for CMake module files
[0.240s] Level 1:colcon.colcon_core.environment:checking '/ws/install/my_tb3_world' for CMake config files
[0.240s] Level 1:colcon.colcon_core.shell:create_environment_hook('my_tb3_world', 'cmake_prefix_path')
[0.240s] INFO:colcon.colcon_core.shell:Creating environment hook '/ws/install/my_tb3_world/share/my_tb3_world/hook/cmake_prefix_path.ps1'
[0.241s] INFO:colcon.colcon_core.shell:Creating environment descriptor '/ws/install/my_tb3_world/share/my_tb3_world/hook/cmake_prefix_path.dsv'
[0.241s] INFO:colcon.colcon_core.shell:Creating environment hook '/ws/install/my_tb3_world/share/my_tb3_world/hook/cmake_prefix_path.sh'
[0.242s] Level 1:colcon.colcon_core.environment:checking '/ws/install/my_tb3_world/bin'
[0.243s] Level 1:colcon.colcon_core.environment:checking '/ws/install/my_tb3_world/lib/pkgconfig/my_tb3_world.pc'
[0.243s] DEBUG:colcon.colcon_core.event_handler.log_command:Invoked command in '/ws/build/my_tb3_world' returned '0': CMAKE_PREFIX_PATH=${CMAKE_PREFIX_PATH}:/ws/install/robot_sound_demo:/opt/turtlebot3_ws/install/turtlebot3_teleop:/opt/ros/jazzy /usr/bin/cmake --install /ws/build/my_tb3_world
[0.243s] Level 1:colcon.colcon_core.environment:checking '/ws/install/my_tb3_world/lib/python3.12/site-packages'
[0.243s] Level 1:colcon.colcon_core.environment:checking '/ws/install/my_tb3_world/bin'
[0.243s] INFO:colcon.colcon_core.shell:Creating package script '/ws/install/my_tb3_world/share/my_tb3_world/package.ps1'
[0.244s] INFO:colcon.colcon_core.shell:Creating package descriptor '/ws/install/my_tb3_world/share/my_tb3_world/package.dsv'
[0.245s] INFO:colcon.colcon_core.shell:Creating package script '/ws/install/my_tb3_world/share/my_tb3_world/package.sh'
[0.245s] INFO:colcon.colcon_core.shell:Creating package script '/ws/install/my_tb3_world/share/my_tb3_world/package.bash'
[0.246s] INFO:colcon.colcon_core.shell:Creating package script '/ws/install/my_tb3_world/share/my_tb3_world/package.zsh'
[0.252s] Level 1:colcon.colcon_core.environment:create_file_with_runtime_dependencies(/ws/install/my_tb3_world/share/colcon-core/packages/my_tb3_world)
[0.254s] Level 1:colcon.colcon_core.environment:create_environment_scripts_only(my_tb3_world)
[0.254s] Level 1:colcon.colcon_core.environment:checking '/ws/install/my_tb3_world' for CMake module files
[0.255s] Level 1:colcon.colcon_core.environment:checking '/ws/install/my_tb3_world' for CMake config files
[0.255s] Level 1:colcon.colcon_core.shell:create_environment_hook('my_tb3_world', 'cmake_prefix_path')
[0.255s] INFO:colcon.colcon_core.shell:Creating environment hook '/ws/install/my_tb3_world/share/my_tb3_world/hook/cmake_prefix_path.ps1'
[0.256s] INFO:colcon.colcon_core.shell:Creating environment descriptor '/ws/install/my_tb3_world/share/my_tb3_world/hook/cmake_prefix_path.dsv'
[0.256s] INFO:colcon.colcon_core.shell:Creating environment hook '/ws/install/my_tb3_world/share/my_tb3_world/hook/cmake_prefix_path.sh'
[0.257s] Level 1:colcon.colcon_core.environment:checking '/ws/install/my_tb3_world/bin'
[0.257s] Level 1:colcon.colcon_core.environment:checking '/ws/install/my_tb3_world/lib/pkgconfig/my_tb3_world.pc'
[0.257s] Level 1:colcon.colcon_core.environment:checking '/ws/install/my_tb3_world/lib/python3.12/site-packages'
[0.257s] Level 1:colcon.colcon_core.environment:checking '/ws/install/my_tb3_world/bin'
[0.258s] INFO:colcon.colcon_core.shell:Creating package script '/ws/install/my_tb3_world/share/my_tb3_world/package.ps1'
[0.260s] INFO:colcon.colcon_core.shell:Creating package descriptor '/ws/install/my_tb3_world/share/my_tb3_world/package.dsv'
[0.261s] INFO:colcon.colcon_core.shell:Creating package script '/ws/install/my_tb3_world/share/my_tb3_world/package.sh'
[0.261s] INFO:colcon.colcon_core.shell:Creating package script '/ws/install/my_tb3_world/share/my_tb3_world/package.bash'
[0.262s] INFO:colcon.colcon_core.shell:Creating package script '/ws/install/my_tb3_world/share/my_tb3_world/package.zsh'
[0.262s] Level 1:colcon.colcon_core.environment:create_file_with_runtime_dependencies(/ws/install/my_tb3_world/share/colcon-core/packages/my_tb3_world)
[0.460s] DEBUG:colcon.colcon_core.event_handler.log_command:Invoking command in '/ws/src/robot_sound_demo': PYTHONPATH=/ws/build/robot_sound_demo/prefix_override:/usr/lib/python3/dist-packages/colcon_core/task/python/colcon_distutils_commands:/ws/install/robot_sound_demo/lib/python3.12/site-packages:${PYTHONPATH} /usr/bin/python3 -W ignore:setup.py install is deprecated -W ignore:easy_install command is deprecated setup.py egg_info --egg-base ../../build/robot_sound_demo build --build-base /ws/build/robot_sound_demo/build install --record /ws/build/robot_sound_demo/install.log --single-version-externally-managed install_data
[0.672s] Level 1:colcon.colcon_core.environment:checking '/ws/install/robot_sound_demo' for CMake module files
[0.673s] DEBUG:colcon.colcon_core.event_handler.log_command:Invoked command in '/ws/src/robot_sound_demo' returned '0': PYTHONPATH=/ws/build/robot_sound_demo/prefix_override:/usr/lib/python3/dist-packages/colcon_core/task/python/colcon_distutils_commands:/ws/install/robot_sound_demo/lib/python3.12/site-packages:${PYTHONPATH} /usr/bin/python3 -W ignore:setup.py install is deprecated -W ignore:easy_install command is deprecated setup.py egg_info --egg-base ../../build/robot_sound_demo build --build-base /ws/build/robot_sound_demo/build install --record /ws/build/robot_sound_demo/install.log --single-version-externally-managed install_data
[0.674s] Level 1:colcon.colcon_core.environment:checking '/ws/install/robot_sound_demo' for CMake config files
[0.676s] Level 1:colcon.colcon_core.environment:checking '/ws/install/robot_sound_demo/lib'
[0.676s] Level 1:colcon.colcon_core.environment:checking '/ws/install/robot_sound_demo/bin'
[0.676s] Level 1:colcon.colcon_core.environment:checking '/ws/install/robot_sound_demo/lib/pkgconfig/robot_sound_demo.pc'
[0.677s] Level 1:colcon.colcon_core.environment:checking '/ws/install/robot_sound_demo/lib/python3.12/site-packages'
[0.677s] Level 1:colcon.colcon_core.shell:create_environment_hook('robot_sound_demo', 'pythonpath')
[0.677s] INFO:colcon.colcon_core.shell:Creating environment hook '/ws/install/robot_sound_demo/share/robot_sound_demo/hook/pythonpath.ps1'
[0.678s] INFO:colcon.colcon_core.shell:Creating environment descriptor '/ws/install/robot_sound_demo/share/robot_sound_demo/hook/pythonpath.dsv'
[0.678s] INFO:colcon.colcon_core.shell:Creating environment hook '/ws/install/robot_sound_demo/share/robot_sound_demo/hook/pythonpath.sh'
[0.679s] Level 1:colcon.colcon_core.environment:checking '/ws/install/robot_sound_demo/bin'
[0.679s] Level 1:colcon.colcon_core.environment:create_environment_scripts_only(robot_sound_demo)
[0.679s] INFO:colcon.colcon_core.shell:Creating package script '/ws/install/robot_sound_demo/share/robot_sound_demo/package.ps1'
[0.679s] INFO:colcon.colcon_core.shell:Creating package descriptor '/ws/install/robot_sound_demo/share/robot_sound_demo/package.dsv'
[0.680s] INFO:colcon.colcon_core.shell:Creating package script '/ws/install/robot_sound_demo/share/robot_sound_demo/package.sh'
[0.680s] INFO:colcon.colcon_core.shell:Creating package script '/ws/install/robot_sound_demo/share/robot_sound_demo/package.bash'
[0.681s] INFO:colcon.colcon_core.shell:Creating package script '/ws/install/robot_sound_demo/share/robot_sound_demo/package.zsh'
[0.681s] Level 1:colcon.colcon_core.environment:create_file_with_runtime_dependencies(/ws/install/robot_sound_demo/share/colcon-core/packages/robot_sound_demo)
[0.681s] DEBUG:colcon.colcon_parallel_executor.executor.parallel:closing loop
[0.681s] DEBUG:colcon.colcon_parallel_executor.executor.parallel:loop closed
[0.681s] DEBUG:colcon.colcon_parallel_executor.executor.parallel:run_until_complete finished with '0'
[0.682s] DEBUG:colcon.colcon_core.event_reactor:joining thread
[0.685s] INFO:colcon.colcon_core.plugin_system:Skipping extension 'colcon_notification.desktop_notification.notify_send': Could not find 'notify-send'
[0.685s] INFO:colcon.colcon_core.plugin_system:Skipping extension 'colcon_notification.desktop_notification.terminal_notifier': Not used on non-Darwin systems
[0.685s] INFO:colcon.colcon_core.plugin_system:Skipping extension 'colcon_notification.desktop_notification.win32': Not used on non-Windows systems
[0.686s] INFO:colcon.colcon_notification.desktop_notification:Sending desktop notification using 'notify2'
[0.688s] DEBUG:colcon.colcon_notification.desktop_notification.notify2:Failed to initialize notify2: org.freedesktop.DBus.Error.ServiceUnknown: The name org.freedesktop.Notifications was not provided by any .service files
[0.688s] DEBUG:colcon.colcon_core.event_reactor:joined thread
[0.688s] INFO:colcon.colcon_core.shell:Creating prefix script '/ws/install/local_setup.ps1'
[0.689s] INFO:colcon.colcon_core.shell:Creating prefix util module '/ws/install/_local_setup_util_ps1.py'
[0.690s] INFO:colcon.colcon_core.shell:Creating prefix chain script '/ws/install/setup.ps1'
[0.692s] INFO:colcon.colcon_core.shell:Creating prefix script '/ws/install/local_setup.sh'
[0.692s] INFO:colcon.colcon_core.shell:Creating prefix util module '/ws/install/_local_setup_util_sh.py'
[0.693s] INFO:colcon.colcon_core.shell:Creating prefix chain script '/ws/install/setup.sh'
[0.694s] INFO:colcon.colcon_core.shell:Creating prefix script '/ws/install/local_setup.bash'
[0.694s] INFO:colcon.colcon_core.shell:Creating prefix chain script '/ws/install/setup.bash'
[0.695s] INFO:colcon.colcon_core.shell:Creating prefix script '/ws/install/local_setup.zsh'
[0.696s] INFO:colcon.colcon_core.shell:Creating prefix chain script '/ws/install/setup.zsh'
