[0.000000] (-) TimerEvent: {}
[0.000576] (-) JobUnselected: {'identifier': 'border_vector_map'}
[0.000795] (-) JobUnselected: {'identifier': 'my_tb3_world'}
[0.001148] (-) JobUnselected: {'identifier': 'tb3_safety_stop'}
[0.001358] (-) JobUnselected: {'identifier': 'tb3_weather_dt'}
[0.001659] (border_recorder) JobQueued: {'identifier': 'border_recorder', 'dependencies': OrderedDict()}
[0.001780] (border_recorder) JobStarted: {'identifier': 'border_recorder'}
[0.099556] (-) TimerEvent: {}
[0.200140] (-) TimerEvent: {}
[0.300845] (-) TimerEvent: {}
[0.401335] (-) TimerEvent: {}
[0.501869] (-) TimerEvent: {}
[0.602220] (-) TimerEvent: {}
[0.702579] (-) TimerEvent: {}
[0.802992] (-) TimerEvent: {}
[0.903474] (-) TimerEvent: {}
[1.004001] (-) TimerEvent: {}
[1.104449] (-) TimerEvent: {}
[1.204788] (-) TimerEvent: {}
[1.305235] (-) TimerEvent: {}
[1.306849] (border_recorder) Command: {'cmd': ['/usr/bin/python3', '-W', 'ignore:setup.py install is deprecated', '-W', 'ignore:easy_install command is deprecated', 'setup.py', 'egg_info', '--egg-base', '../../build/border_recorder', 'build', '--build-base', '/home/falinux/CBL_twinning/ws/build/border_recorder/build', 'install', '--record', '/home/falinux/CBL_twinning/ws/build/border_recorder/install.log', '--single-version-externally-managed', 'install_data'], 'cwd': '/home/falinux/CBL_twinning/ws/src/border_recorder', 'env': {'GJS_DEBUG_TOPICS': 'JS ERROR;JS LOG', 'LESSOPEN': '| /usr/bin/lesspipe %s', 'VSCODE_CWD': '/home/falinux', 'GZ_SIM_RESOURCE_PATH': '/opt/ros/jazzy/share', 'USER': 'falinux', 'VSCODE_NLS_CONFIG': '{"userLocale":"en-us","osLocale":"en-us","resolvedLanguage":"en","defaultMessagesFile":"/usr/share/antigravity/resources/app/out/nls.messages.json","locale":"en-us","availableLanguages":{}}', 'GZ_CONFIG_PATH': '/opt/ros/jazzy/opt/gz_sim_vendor/share/gz:/opt/ros/jazzy/opt/sdformat_vendor/share/gz:/opt/ros/jazzy/opt/gz_gui_vendor/share/gz:/opt/ros/jazzy/opt/gz_transport_vendor/share/gz:/opt/ros/jazzy/opt/gz_rendering_vendor/share/gz:/opt/ros/jazzy/opt/gz_plugin_vendor/share/gz:/opt/ros/jazzy/opt/gz_fuel_tools_vendor/share/gz:/opt/ros/jazzy/opt/gz_msgs_vendor/share/gz:/opt/ros/jazzy/opt/gz_common_vendor/share/gz', 'XDG_SESSION_TYPE': 'x11', 'CLUTTER_DISABLE_MIPMAPPED_TEXT': '1', 'SHLVL': '1', 'LD_LIBRARY_PATH': '/opt/ros/jazzy/opt/gz_sim_vendor/lib:/opt/ros/jazzy/opt/gz_sensors_vendor/lib:/opt/ros/jazzy/opt/gz_physics_vendor/lib:/opt/ros/jazzy/opt/sdformat_vendor/lib:/opt/ros/jazzy/opt/rviz_ogre_vendor/lib:/opt/ros/jazzy/lib/x86_64-linux-gnu:/opt/ros/jazzy/opt/gz_gui_vendor/lib:/opt/ros/jazzy/opt/gz_transport_vendor/lib:/opt/ros/jazzy/opt/gz_rendering_vendor/lib:/opt/ros/jazzy/opt/gz_plugin_vendor/lib:/opt/ros/jazzy/opt/gz_fuel_tools_vendor/lib:/opt/ros/jazzy/opt/gz_msgs_vendor/lib:/opt/ros/jazzy/opt/gz_common_vendor/lib:/opt/ros/jazzy/opt/gz_math_vendor/lib:/opt/ros/jazzy/opt/gz_utils_vendor/lib:/opt/ros/jazzy/opt/gz_tools_vendor/lib:/opt/ros/jazzy/opt/gz_ogre_next_vendor/lib:/opt/ros/jazzy/opt/gz_dartsim_vendor/lib:/opt/ros/jazzy/opt/gz_cmake_vendor/lib:/opt/ros/jazzy/lib', 'HOME': '/home/falinux', 'CHROME_DESKTOP': 'antigravity.desktop', 'CONDA_SHLVL': '0', 'CAML_LD_LIBRARY_PATH': '/home/falinux/.opam/default/lib/stublibs:/usr/local/lib/ocaml/4.14.1/stublibs:/usr/lib/ocaml/stublibs', 'DESKTOP_SESSION': 'ubuntu-xorg', 'NVM_BIN': '/home/falinux/.nvm/versions/node/v25.3.0/bin', 'OCAML_TOPLEVEL_PATH': '/home/falinux/.opam/default/lib/toplevel', 'NVM_INC': '/home/falinux/.nvm/versions/node/v25.3.0/include/node', 'VSCODE_IPC_HOOK': '/run/user/1000/vscode-42514d83-1.10-main.sock', 'GIO_LAUNCHED_DESKTOP_FILE': '/usr/share/applications/antigravity.desktop', 'ROS_PYTHON_VERSION': '3', 'GNOME_SHELL_SESSION_MODE': 'ubuntu', 'GTK_MODULES': 'gail:atk-bridge', 'PAGER': 'cat', 'MANAGERPID': '3611', 'SYSTEMD_EXEC_PID': '4027', 'GSM_SKIP_SSH_AGENT_WORKAROUND': 'true', 'DBUS_SESSION_BUS_ADDRESS': 'unix:path=/run/user/1000/bus', '_CE_M': '', 'ANTIGRAVITY_AGENT': '1', 'GIO_LAUNCHED_DESKTOP_FILE_PID': '24963', 'NVM_DIR': '/home/falinux/.nvm', 'DEBUGINFOD_URLS': 'https://debuginfod.ubuntu.com', 'ROS_DISTRO': 'jazzy', 'LOGNAME': 'falinux', 'JOURNAL_STREAM': '9:27441', '_': '/usr/bin/colcon', 'ROS_VERSION': '2', 'MEMORY_PRESSURE_WATCH': '/sys/fs/cgroup/user.slice/user-1000.slice/user@1000.service/session.slice/org.gnome.Shell@x11.service/memory.pressure', 'XDG_SESSION_CLASS': 'user', 'USERNAME': 'falinux', 'TERM': 'dumb', 'GNOME_DESKTOP_SESSION_ID': 'this-is-deprecated', '_CE_CONDA': '', 'FC_FONTATIONS': '1', 'WINDOWPATH': '2', 'ANTIGRAVITY_EDITOR_APP_ROOT': '/usr/share/antigravity/resources/app', 'PATH': '/opt/ros/jazzy/opt/gz_msgs_vendor/bin:/opt/ros/jazzy/opt/gz_tools_vendor/bin:/opt/ros/jazzy/opt/gz_ogre_next_vendor/bin:/opt/ros/jazzy/bin:/home/falinux/.opam/default/bin:/home/falinux/.local/bin:/home/falinux/.nvm/versions/node/v25.3.0/bin:/home/falinux/anaconda3/condabin:/home/falinux/.juliaup/bin:/home/falinux/.opam/default/bin:/home/falinux/.local/bin:/usr/local/sbin:/usr/local/bin:/usr/sbin:/usr/bin:/sbin:/bin:/usr/games:/usr/local/games:/snap/bin:/snap/bin:/home/falinux/.local/bin: /home/falinux/Downloads/apache-maven-3.9.15-bin/apache-maven-3.9.15/bin:/home/falinux/.local/bin:/home/falinux/.local/bin: /home/falinux/Downloads/apache-maven-3.9.15-bin/apache-maven-3.9.15/bin', 'SESSION_MANAGER': 'local/falinux-Yoga-7-14ITL5:@/tmp/.ICE-unix/3979,unix/falinux-Yoga-7-14ITL5:/tmp/.ICE-unix/3979', 'INVOCATION_ID': '917d240b3a7c46a5bf23197986721c13', 'XDG_MENU_PREFIX': 'gnome-', 'XDG_RUNTIME_DIR': '/run/user/1000', 'GDK_BACKEND': 'x11', 'DISPLAY': ':0', 'LANG': 'en_US.UTF-8', 'XDG_CURRENT_DESKTOP': 'ubuntu:GNOME', 'XMODIFIERS': '@im=ibus', 'XDG_SESSION_DESKTOP': 'ubuntu-xorg', 'XAUTHORITY': '/run/user/1000/gdm/Xauthority', 'LS_COLORS': '', 'SBX_CHROME_API_RQ': '1', 'SSH_AUTH_SOCK': '/run/user/1000/keyring/ssh', 'AMENT_PREFIX_PATH': '/opt/ros/jazzy', 'CONDA_PYTHON_EXE': '/home/falinux/anaconda3/bin/python', 'SHELL': '/bin/bash', 'QT_ACCESSIBILITY': '1', 'GDMSESSION': 'ubuntu-xorg', 'LESSCLOSE': '/usr/bin/lesspipe %s %s', 'OCAMLTOP_INCLUDE_PATH': '/home/falinux/.opam/default/lib/toplevel:/home/falinux/.opam/default/lib/toplevel:', 'GPG_AGENT_INFO': '/run/user/1000/gnupg/S.gpg-agent:0:1', 'OPAM_SWITCH_PREFIX': '/home/falinux/.opam/default', 'GJS_DEBUG_OUTPUT': 'stderr', 'ROS_AUTOMATIC_DISCOVERY_RANGE': 'SUBNET', 'QT_IM_MODULE': 'ibus', 'ANTIGRAVITY_TRAJECTORY_ID': 'c529d221-7a61-4e47-9d41-0c64d64e0c8d', 'JAVA_HOME': '/usr/lib/jvm/jdk-25-oracle-x64/', 'PWD': '/home/falinux/CBL_twinning/ws/build/border_recorder', 'XDG_CONFIG_DIRS': '/etc/xdg/xdg-ubuntu-xorg:/etc/xdg', 'CONDA_EXE': '/home/falinux/anaconda3/bin/conda', 'VSCODE_CODE_CACHE_PATH': '/home/falinux/.config/Antigravity/CachedData/15487b3041e65228cae24980a3f796c905ef582c', 'NVM_CD_FLAGS': '', 'XDG_DATA_DIRS': '/usr/share/ubuntu-xorg:/usr/share/gnome:/home/falinux/.local/share/flatpak/exports/share:/var/lib/flatpak/exports/share:/usr/local/share/:/usr/share/:/var/lib/snapd/desktop', 'PYTHONPATH': '/home/falinux/CBL_twinning/ws/build/border_recorder/prefix_override:/usr/lib/python3/dist-packages/colcon_core/task/python/colcon_distutils_commands:/home/falinux/CBL_twinning/ws/install/border_recorder/lib/python3.12/site-packages:/opt/ros/jazzy/lib/python3.12/site-packages', 'COLCON': '1', 'MEMORY_PRESSURE_WRITE': 'c29tZSAyMDAwMDAgMjAwMDAwMAA=', 'MANPATH': '/home/falinux/.nvm/versions/node/v25.3.0/share/man::/home/falinux/.opam/default/man:/home/falinux/.opam/default/man', 'CMAKE_PREFIX_PATH': '/opt/ros/jazzy/opt/gz_sim_vendor:/opt/ros/jazzy/opt/gz_sensors_vendor:/opt/ros/jazzy/opt/gz_physics_vendor:/opt/ros/jazzy/opt/sdformat_vendor:/opt/ros/jazzy/opt/gz_gui_vendor:/opt/ros/jazzy/opt/gz_transport_vendor:/opt/ros/jazzy/opt/gz_rendering_vendor:/opt/ros/jazzy/opt/gz_plugin_vendor:/opt/ros/jazzy/opt/gz_fuel_tools_vendor:/opt/ros/jazzy/opt/gz_msgs_vendor:/opt/ros/jazzy/opt/gz_common_vendor:/opt/ros/jazzy/opt/gz_math_vendor:/opt/ros/jazzy/opt/gz_utils_vendor:/opt/ros/jazzy/opt/gz_tools_vendor:/opt/ros/jazzy/opt/gz_ogre_next_vendor:/opt/ros/jazzy/opt/gz_dartsim_vendor:/opt/ros/jazzy/opt/gz_cmake_vendor', 'VSCODE_PID': '24963'}, 'shell': False}
[1.405369] (-) TimerEvent: {}
[1.505610] (-) TimerEvent: {}
[1.605885] (-) TimerEvent: {}
[1.612153] (border_recorder) StdoutLine: {'line': b'running egg_info\n'}
[1.612485] (border_recorder) StdoutLine: {'line': b'creating ../../build/border_recorder/border_recorder.egg-info\n'}
[1.642662] (border_recorder) StdoutLine: {'line': b'writing ../../build/border_recorder/border_recorder.egg-info/PKG-INFO\n'}
[1.642991] (border_recorder) StdoutLine: {'line': b'writing dependency_links to ../../build/border_recorder/border_recorder.egg-info/dependency_links.txt\n'}
[1.643203] (border_recorder) StdoutLine: {'line': b'writing entry points to ../../build/border_recorder/border_recorder.egg-info/entry_points.txt\n'}
[1.643399] (border_recorder) StdoutLine: {'line': b'writing requirements to ../../build/border_recorder/border_recorder.egg-info/requires.txt\n'}
[1.643569] (border_recorder) StdoutLine: {'line': b'writing top-level names to ../../build/border_recorder/border_recorder.egg-info/top_level.txt\n'}
[1.643728] (border_recorder) StdoutLine: {'line': b"writing manifest file '../../build/border_recorder/border_recorder.egg-info/SOURCES.txt'\n"}
[1.686477] (border_recorder) StdoutLine: {'line': b"reading manifest file '../../build/border_recorder/border_recorder.egg-info/SOURCES.txt'\n"}
[1.687315] (border_recorder) StdoutLine: {'line': b"writing manifest file '../../build/border_recorder/border_recorder.egg-info/SOURCES.txt'\n"}
[1.687480] (border_recorder) StdoutLine: {'line': b'running build\n'}
[1.687640] (border_recorder) StdoutLine: {'line': b'running build_py\n'}
[1.687773] (border_recorder) StdoutLine: {'line': b'creating /home/falinux/CBL_twinning/ws/build/border_recorder/build\n'}
[1.687884] (border_recorder) StdoutLine: {'line': b'creating /home/falinux/CBL_twinning/ws/build/border_recorder/build/lib\n'}
[1.688117] (border_recorder) StdoutLine: {'line': b'creating /home/falinux/CBL_twinning/ws/build/border_recorder/build/lib/border_recorder\n'}
[1.688509] (border_recorder) StdoutLine: {'line': b'copying border_recorder/__init__.py -> /home/falinux/CBL_twinning/ws/build/border_recorder/build/lib/border_recorder\n'}
[1.688698] (border_recorder) StdoutLine: {'line': b'copying border_recorder/border_recorder_node.py -> /home/falinux/CBL_twinning/ws/build/border_recorder/build/lib/border_recorder\n'}
[1.689107] (border_recorder) StdoutLine: {'line': b'running install\n'}
[1.696080] (border_recorder) StdoutLine: {'line': b'running install_lib\n'}
[1.705943] (-) TimerEvent: {}
[1.717814] (border_recorder) StdoutLine: {'line': b'creating /home/falinux/CBL_twinning/ws/install/border_recorder/lib/python3.12/site-packages/border_recorder\n'}
[1.718256] (border_recorder) StdoutLine: {'line': b'copying /home/falinux/CBL_twinning/ws/build/border_recorder/build/lib/border_recorder/__init__.py -> /home/falinux/CBL_twinning/ws/install/border_recorder/lib/python3.12/site-packages/border_recorder\n'}
[1.718560] (border_recorder) StdoutLine: {'line': b'copying /home/falinux/CBL_twinning/ws/build/border_recorder/build/lib/border_recorder/border_recorder_node.py -> /home/falinux/CBL_twinning/ws/install/border_recorder/lib/python3.12/site-packages/border_recorder\n'}
[1.719196] (border_recorder) StdoutLine: {'line': b'byte-compiling /home/falinux/CBL_twinning/ws/install/border_recorder/lib/python3.12/site-packages/border_recorder/__init__.py to __init__.cpython-312.pyc\n'}
[1.719530] (border_recorder) StdoutLine: {'line': b'byte-compiling /home/falinux/CBL_twinning/ws/install/border_recorder/lib/python3.12/site-packages/border_recorder/border_recorder_node.py to border_recorder_node.cpython-312.pyc\n'}
[1.721960] (border_recorder) StdoutLine: {'line': b'running install_data\n'}
[1.722149] (border_recorder) StdoutLine: {'line': b'creating /home/falinux/CBL_twinning/ws/install/border_recorder/share/ament_index\n'}
[1.722265] (border_recorder) StdoutLine: {'line': b'creating /home/falinux/CBL_twinning/ws/install/border_recorder/share/ament_index/resource_index\n'}
[1.722349] (border_recorder) StdoutLine: {'line': b'creating /home/falinux/CBL_twinning/ws/install/border_recorder/share/ament_index/resource_index/packages\n'}
[1.722453] (border_recorder) StdoutLine: {'line': b'copying resource/border_recorder -> /home/falinux/CBL_twinning/ws/install/border_recorder/share/ament_index/resource_index/packages\n'}
[1.722560] (border_recorder) StdoutLine: {'line': b'copying package.xml -> /home/falinux/CBL_twinning/ws/install/border_recorder/share/border_recorder\n'}
[1.722649] (border_recorder) StdoutLine: {'line': b'creating /home/falinux/CBL_twinning/ws/install/border_recorder/share/border_recorder/launch\n'}
[1.722746] (border_recorder) StdoutLine: {'line': b'copying launch/border_recorder.launch.py -> /home/falinux/CBL_twinning/ws/install/border_recorder/share/border_recorder/launch\n'}
[1.722824] (border_recorder) StdoutLine: {'line': b'running install_egg_info\n'}
[1.748938] (border_recorder) StdoutLine: {'line': b'Copying ../../build/border_recorder/border_recorder.egg-info to /home/falinux/CBL_twinning/ws/install/border_recorder/lib/python3.12/site-packages/border_recorder-0.1.0-py3.12.egg-info\n'}
[1.750596] (border_recorder) StdoutLine: {'line': b'running install_scripts\n'}
[1.806038] (-) TimerEvent: {}
[1.901035] (border_recorder) StdoutLine: {'line': b'Installing border_recorder_node script to /home/falinux/CBL_twinning/ws/install/border_recorder/lib/border_recorder\n'}
[1.901764] (border_recorder) StdoutLine: {'line': b"writing list of installed files to '/home/falinux/CBL_twinning/ws/build/border_recorder/install.log'\n"}
[1.906144] (-) TimerEvent: {}
[1.938076] (border_recorder) CommandEnded: {'returncode': 0}
[1.963584] (border_recorder) JobEnded: {'identifier': 'border_recorder', 'rc': 0}
[1.964590] (-) EventReactorShutdown: {}
