[0.154s] DEBUG:colcon:Command line arguments: ['/usr/bin/colcon', 'build', '--packages-select', 'border_recorder']
[0.154s] DEBUG:colcon:Parsed command line arguments: Namespace(log_base=None, log_level=None, verb_name='build', build_base='build', install_base='install', merge_install=False, symlink_install=False, test_result_base=None, continue_on_error=False, executor='parallel', parallel_workers=8, event_handlers=None, ignore_user_meta=False, metas=['./colcon.meta'], base_paths=['.'], packages_ignore=None, packages_ignore_regex=None, paths=None, packages_up_to=None, packages_up_to_regex=None, packages_above=None, packages_above_and_dependencies=None, packages_above_depth=None, packages_select_by_dep=None, packages_skip_by_dep=None, packages_skip_up_to=None, packages_select_build_failed=False, packages_skip_build_finished=False, packages_select_test_failures=False, packages_skip_test_passed=False, packages_select=['border_recorder'], packages_skip=None, packages_select_regex=None, packages_skip_regex=None, packages_start=None, packages_end=None, cmake_args=None, cmake_target=None, cmake_target_skip_unavailable=False, cmake_clean_cache=False, cmake_clean_first=False, cmake_force_configure=False, ament_cmake_args=None, catkin_cmake_args=None, catkin_skip_building_tests=False, verb_parser=<colcon_defaults.argument_parser.defaults.DefaultArgumentsDecorator object at 0x7fa663d194f0>, verb_extension=<colcon_core.verb.build.BuildVerb object at 0x7fa663d19310>, main=<bound method BuildVerb.main of <colcon_core.verb.build.BuildVerb object at 0x7fa663d19310>>)
[0.224s] Level 1:colcon.colcon_core.package_discovery:discover_packages(colcon_meta) check parameters
[0.224s] Level 1:colcon.colcon_core.package_discovery:discover_packages(recursive) check parameters
[0.224s] Level 1:colcon.colcon_core.package_discovery:discover_packages(ignore) check parameters
[0.224s] Level 1:colcon.colcon_core.package_discovery:discover_packages(path) check parameters
[0.224s] Level 1:colcon.colcon_core.package_discovery:discover_packages(colcon_meta) discover
[0.224s] Level 1:colcon.colcon_core.package_discovery:discover_packages(recursive) discover
[0.224s] INFO:colcon.colcon_core.package_discovery:Crawling recursively for packages in '/home/falinux/CBL_twinning/ws'
[0.224s] Level 1:colcon.colcon_core.package_identification:_identify(.) by extensions ['ignore', 'ignore_ament_install']
[0.225s] Level 1:colcon.colcon_core.package_identification:_identify(.) by extension 'ignore'
[0.225s] Level 1:colcon.colcon_core.package_identification:_identify(.) by extension 'ignore_ament_install'
[0.225s] Level 1:colcon.colcon_core.package_identification:_identify(.) by extensions ['colcon_pkg']
[0.225s] Level 1:colcon.colcon_core.package_identification:_identify(.) by extension 'colcon_pkg'
[0.225s] Level 1:colcon.colcon_core.package_identification:_identify(.) by extensions ['colcon_meta']
[0.225s] Level 1:colcon.colcon_core.package_identification:_identify(.) by extension 'colcon_meta'
[0.225s] Level 1:colcon.colcon_core.package_identification:_identify(.) by extensions ['ros']
[0.225s] Level 1:colcon.colcon_core.package_identification:_identify(.) by extension 'ros'
[0.268s] Level 1:colcon.colcon_core.package_identification:_identify(.) by extensions ['cmake', 'python']
[0.268s] Level 1:colcon.colcon_core.package_identification:_identify(.) by extension 'cmake'
[0.268s] Level 1:colcon.colcon_core.package_identification:_identify(.) by extension 'python'
[0.268s] Level 1:colcon.colcon_core.package_identification:_identify(.) by extensions ['python_setup_py']
[0.268s] Level 1:colcon.colcon_core.package_identification:_identify(.) by extension 'python_setup_py'
[0.269s] Level 1:colcon.colcon_core.package_identification:_identify(build) by extensions ['ignore', 'ignore_ament_install']
[0.269s] Level 1:colcon.colcon_core.package_identification:_identify(build) by extension 'ignore'
[0.269s] Level 1:colcon.colcon_core.package_identification:_identify(build) ignored
[0.269s] Level 1:colcon.colcon_core.package_identification:_identify(install) by extensions ['ignore', 'ignore_ament_install']
[0.269s] Level 1:colcon.colcon_core.package_identification:_identify(install) by extension 'ignore'
[0.269s] Level 1:colcon.colcon_core.package_identification:_identify(install) ignored
[0.269s] Level 1:colcon.colcon_core.package_identification:_identify(log) by extensions ['ignore', 'ignore_ament_install']
[0.269s] Level 1:colcon.colcon_core.package_identification:_identify(log) by extension 'ignore'
[0.269s] Level 1:colcon.colcon_core.package_identification:_identify(log) ignored
[0.269s] Level 1:colcon.colcon_core.package_identification:_identify(src) by extensions ['ignore', 'ignore_ament_install']
[0.269s] Level 1:colcon.colcon_core.package_identification:_identify(src) by extension 'ignore'
[0.269s] Level 1:colcon.colcon_core.package_identification:_identify(src) by extension 'ignore_ament_install'
[0.270s] Level 1:colcon.colcon_core.package_identification:_identify(src) by extensions ['colcon_pkg']
[0.270s] Level 1:colcon.colcon_core.package_identification:_identify(src) by extension 'colcon_pkg'
[0.270s] Level 1:colcon.colcon_core.package_identification:_identify(src) by extensions ['colcon_meta']
[0.270s] Level 1:colcon.colcon_core.package_identification:_identify(src) by extension 'colcon_meta'
[0.270s] Level 1:colcon.colcon_core.package_identification:_identify(src) by extensions ['ros']
[0.270s] Level 1:colcon.colcon_core.package_identification:_identify(src) by extension 'ros'
[0.270s] Level 1:colcon.colcon_core.package_identification:_identify(src) by extensions ['cmake', 'python']
[0.270s] Level 1:colcon.colcon_core.package_identification:_identify(src) by extension 'cmake'
[0.270s] Level 1:colcon.colcon_core.package_identification:_identify(src) by extension 'python'
[0.270s] Level 1:colcon.colcon_core.package_identification:_identify(src) by extensions ['python_setup_py']
[0.270s] Level 1:colcon.colcon_core.package_identification:_identify(src) by extension 'python_setup_py'
[0.270s] Level 1:colcon.colcon_core.package_identification:_identify(src/border_recorder) by extensions ['ignore', 'ignore_ament_install']
[0.270s] Level 1:colcon.colcon_core.package_identification:_identify(src/border_recorder) by extension 'ignore'
[0.270s] Level 1:colcon.colcon_core.package_identification:_identify(src/border_recorder) by extension 'ignore_ament_install'
[0.270s] Level 1:colcon.colcon_core.package_identification:_identify(src/border_recorder) by extensions ['colcon_pkg']
[0.270s] Level 1:colcon.colcon_core.package_identification:_identify(src/border_recorder) by extension 'colcon_pkg'
[0.270s] Level 1:colcon.colcon_core.package_identification:_identify(src/border_recorder) by extensions ['colcon_meta']
[0.270s] Level 1:colcon.colcon_core.package_identification:_identify(src/border_recorder) by extension 'colcon_meta'
[0.270s] Level 1:colcon.colcon_core.package_identification:_identify(src/border_recorder) by extensions ['ros']
[0.270s] Level 1:colcon.colcon_core.package_identification:_identify(src/border_recorder) by extension 'ros'
[0.275s] DEBUG:colcon.colcon_core.package_identification:Package 'src/border_recorder' with type 'ros.ament_python' and name 'border_recorder'
[0.276s] Level 1:colcon.colcon_core.package_identification:_identify(src/border_vector_map) by extensions ['ignore', 'ignore_ament_install']
[0.276s] Level 1:colcon.colcon_core.package_identification:_identify(src/border_vector_map) by extension 'ignore'
[0.276s] Level 1:colcon.colcon_core.package_identification:_identify(src/border_vector_map) by extension 'ignore_ament_install'
[0.276s] Level 1:colcon.colcon_core.package_identification:_identify(src/border_vector_map) by extensions ['colcon_pkg']
[0.276s] Level 1:colcon.colcon_core.package_identification:_identify(src/border_vector_map) by extension 'colcon_pkg'
[0.276s] Level 1:colcon.colcon_core.package_identification:_identify(src/border_vector_map) by extensions ['colcon_meta']
[0.276s] Level 1:colcon.colcon_core.package_identification:_identify(src/border_vector_map) by extension 'colcon_meta'
[0.276s] Level 1:colcon.colcon_core.package_identification:_identify(src/border_vector_map) by extensions ['ros']
[0.276s] Level 1:colcon.colcon_core.package_identification:_identify(src/border_vector_map) by extension 'ros'
[0.276s] DEBUG:colcon.colcon_core.package_identification:Package 'src/border_vector_map' with type 'ros.ament_python' and name 'border_vector_map'
[0.277s] Level 1:colcon.colcon_core.package_identification:_identify(src/my_tb3_world) by extensions ['ignore', 'ignore_ament_install']
[0.277s] Level 1:colcon.colcon_core.package_identification:_identify(src/my_tb3_world) by extension 'ignore'
[0.277s] Level 1:colcon.colcon_core.package_identification:_identify(src/my_tb3_world) by extension 'ignore_ament_install'
[0.277s] Level 1:colcon.colcon_core.package_identification:_identify(src/my_tb3_world) by extensions ['colcon_pkg']
[0.277s] Level 1:colcon.colcon_core.package_identification:_identify(src/my_tb3_world) by extension 'colcon_pkg'
[0.277s] Level 1:colcon.colcon_core.package_identification:_identify(src/my_tb3_world) by extensions ['colcon_meta']
[0.277s] Level 1:colcon.colcon_core.package_identification:_identify(src/my_tb3_world) by extension 'colcon_meta'
[0.277s] Level 1:colcon.colcon_core.package_identification:_identify(src/my_tb3_world) by extensions ['ros']
[0.277s] Level 1:colcon.colcon_core.package_identification:_identify(src/my_tb3_world) by extension 'ros'
[0.278s] DEBUG:colcon.colcon_core.package_identification:Package 'src/my_tb3_world' with type 'ros.ament_python' and name 'my_tb3_world'
[0.278s] Level 1:colcon.colcon_core.package_identification:_identify(src/tb3_safety_stop) by extensions ['ignore', 'ignore_ament_install']
[0.278s] Level 1:colcon.colcon_core.package_identification:_identify(src/tb3_safety_stop) by extension 'ignore'
[0.278s] Level 1:colcon.colcon_core.package_identification:_identify(src/tb3_safety_stop) by extension 'ignore_ament_install'
[0.278s] Level 1:colcon.colcon_core.package_identification:_identify(src/tb3_safety_stop) by extensions ['colcon_pkg']
[0.278s] Level 1:colcon.colcon_core.package_identification:_identify(src/tb3_safety_stop) by extension 'colcon_pkg'
[0.278s] Level 1:colcon.colcon_core.package_identification:_identify(src/tb3_safety_stop) by extensions ['colcon_meta']
[0.278s] Level 1:colcon.colcon_core.package_identification:_identify(src/tb3_safety_stop) by extension 'colcon_meta'
[0.278s] Level 1:colcon.colcon_core.package_identification:_identify(src/tb3_safety_stop) by extensions ['ros']
[0.279s] Level 1:colcon.colcon_core.package_identification:_identify(src/tb3_safety_stop) by extension 'ros'
[0.279s] DEBUG:colcon.colcon_core.package_identification:Package 'src/tb3_safety_stop' with type 'ros.ament_python' and name 'tb3_safety_stop'
[0.280s] Level 1:colcon.colcon_core.package_identification:_identify(src/tb3_weather_dt) by extensions ['ignore', 'ignore_ament_install']
[0.280s] Level 1:colcon.colcon_core.package_identification:_identify(src/tb3_weather_dt) by extension 'ignore'
[0.280s] Level 1:colcon.colcon_core.package_identification:_identify(src/tb3_weather_dt) by extension 'ignore_ament_install'
[0.280s] Level 1:colcon.colcon_core.package_identification:_identify(src/tb3_weather_dt) by extensions ['colcon_pkg']
[0.280s] Level 1:colcon.colcon_core.package_identification:_identify(src/tb3_weather_dt) by extension 'colcon_pkg'
[0.280s] Level 1:colcon.colcon_core.package_identification:_identify(src/tb3_weather_dt) by extensions ['colcon_meta']
[0.280s] Level 1:colcon.colcon_core.package_identification:_identify(src/tb3_weather_dt) by extension 'colcon_meta'
[0.280s] Level 1:colcon.colcon_core.package_identification:_identify(src/tb3_weather_dt) by extensions ['ros']
[0.280s] Level 1:colcon.colcon_core.package_identification:_identify(src/tb3_weather_dt) by extension 'ros'
[0.282s] DEBUG:colcon.colcon_core.package_identification:Package 'src/tb3_weather_dt' with type 'ros.ament_python' and name 'tb3_weather_dt'
[0.282s] Level 1:colcon.colcon_core.package_discovery:discover_packages(recursive) using defaults
[0.282s] Level 1:colcon.colcon_core.package_discovery:discover_packages(ignore) discover
[0.282s] Level 1:colcon.colcon_core.package_discovery:discover_packages(ignore) using defaults
[0.282s] Level 1:colcon.colcon_core.package_discovery:discover_packages(path) discover
[0.282s] Level 1:colcon.colcon_core.package_discovery:discover_packages(path) using defaults
[0.310s] INFO:colcon.colcon_core.package_selection:Skipping not selected package 'border_vector_map' in 'src/border_vector_map'
[0.310s] INFO:colcon.colcon_core.package_selection:Skipping not selected package 'my_tb3_world' in 'src/my_tb3_world'
[0.310s] INFO:colcon.colcon_core.package_selection:Skipping not selected package 'tb3_safety_stop' in 'src/tb3_safety_stop'
[0.310s] INFO:colcon.colcon_core.package_selection:Skipping not selected package 'tb3_weather_dt' in 'src/tb3_weather_dt'
[0.311s] Level 5:colcon.colcon_core.verb:set package 'border_recorder' build argument 'cmake_args' from command line to 'None'
[0.311s] Level 5:colcon.colcon_core.verb:set package 'border_recorder' build argument 'cmake_target' from command line to 'None'
[0.311s] Level 5:colcon.colcon_core.verb:set package 'border_recorder' build argument 'cmake_target_skip_unavailable' from command line to 'False'
[0.311s] Level 5:colcon.colcon_core.verb:set package 'border_recorder' build argument 'cmake_clean_cache' from command line to 'False'
[0.311s] Level 5:colcon.colcon_core.verb:set package 'border_recorder' build argument 'cmake_clean_first' from command line to 'False'
[0.311s] Level 5:colcon.colcon_core.verb:set package 'border_recorder' build argument 'cmake_force_configure' from command line to 'False'
[0.311s] Level 5:colcon.colcon_core.verb:set package 'border_recorder' build argument 'ament_cmake_args' from command line to 'None'
[0.311s] Level 5:colcon.colcon_core.verb:set package 'border_recorder' build argument 'catkin_cmake_args' from command line to 'None'
[0.311s] Level 5:colcon.colcon_core.verb:set package 'border_recorder' build argument 'catkin_skip_building_tests' from command line to 'False'
[0.311s] DEBUG:colcon.colcon_core.verb:Building package 'border_recorder' with the following arguments: {'ament_cmake_args': None, 'build_base': '/home/falinux/CBL_twinning/ws/build/border_recorder', 'catkin_cmake_args': None, 'catkin_skip_building_tests': False, 'cmake_args': None, 'cmake_clean_cache': False, 'cmake_clean_first': False, 'cmake_force_configure': False, 'cmake_target': None, 'cmake_target_skip_unavailable': False, 'install_base': '/home/falinux/CBL_twinning/ws/install/border_recorder', 'merge_install': False, 'path': '/home/falinux/CBL_twinning/ws/src/border_recorder', 'symlink_install': False, 'test_result_base': None}
[0.311s] INFO:colcon.colcon_core.executor:Executing jobs using 'parallel' executor
[0.313s] DEBUG:colcon.colcon_parallel_executor.executor.parallel:run_until_complete
[0.313s] INFO:colcon.colcon_ros.task.ament_python.build:Building ROS package in '/home/falinux/CBL_twinning/ws/src/border_recorder' with build type 'ament_python'
[0.314s] Level 1:colcon.colcon_core.shell:create_environment_hook('border_recorder', 'ament_prefix_path')
[0.318s] INFO:colcon.colcon_core.plugin_system:Skipping extension 'colcon_core.shell.bat': Not used on non-Windows systems
[0.318s] INFO:colcon.colcon_core.shell:Creating environment descriptor '/home/falinux/CBL_twinning/ws/install/border_recorder/share/border_recorder/hook/ament_prefix_path.dsv'
[0.319s] INFO:colcon.colcon_core.shell:Creating environment hook '/home/falinux/CBL_twinning/ws/install/border_recorder/share/border_recorder/hook/ament_prefix_path.sh'
[0.320s] DEBUG:colcon.colcon_core.shell:Skip shell extension 'dsv' for command environment
[0.587s] INFO:colcon.colcon_core.task.python.build:Building Python package in '/home/falinux/CBL_twinning/ws/src/border_recorder'
[0.588s] DEBUG:colcon.colcon_core.shell:Skip shell extension 'dsv' for command environment
[1.620s] DEBUG:colcon.colcon_core.event_handler.log_command:Invoking command in '/home/falinux/CBL_twinning/ws/src/border_recorder': DEBUGINFOD_URLS=https://debuginfod.ubuntu.com PYTHONPATH=/home/falinux/CBL_twinning/ws/build/border_recorder/prefix_override:/usr/lib/python3/dist-packages/colcon_core/task/python/colcon_distutils_commands:/home/falinux/CBL_twinning/ws/install/border_recorder/lib/python3.12/site-packages:${PYTHONPATH} /usr/bin/python3 -W ignore:setup.py install is deprecated -W ignore:easy_install command is deprecated setup.py egg_info --egg-base ../../build/border_recorder build --build-base /home/falinux/CBL_twinning/ws/build/border_recorder/build install --record /home/falinux/CBL_twinning/ws/build/border_recorder/install.log --single-version-externally-managed install_data
[2.251s] DEBUG:colcon.colcon_core.event_handler.log_command:Invoked command in '/home/falinux/CBL_twinning/ws/src/border_recorder' returned '0': DEBUGINFOD_URLS=https://debuginfod.ubuntu.com PYTHONPATH=/home/falinux/CBL_twinning/ws/build/border_recorder/prefix_override:/usr/lib/python3/dist-packages/colcon_core/task/python/colcon_distutils_commands:/home/falinux/CBL_twinning/ws/install/border_recorder/lib/python3.12/site-packages:${PYTHONPATH} /usr/bin/python3 -W ignore:setup.py install is deprecated -W ignore:easy_install command is deprecated setup.py egg_info --egg-base ../../build/border_recorder build --build-base /home/falinux/CBL_twinning/ws/build/border_recorder/build install --record /home/falinux/CBL_twinning/ws/build/border_recorder/install.log --single-version-externally-managed install_data
[2.267s] Level 1:colcon.colcon_core.environment:checking '/home/falinux/CBL_twinning/ws/install/border_recorder' for CMake module files
[2.268s] Level 1:colcon.colcon_core.environment:checking '/home/falinux/CBL_twinning/ws/install/border_recorder' for CMake config files
[2.268s] Level 1:colcon.colcon_core.environment:checking '/home/falinux/CBL_twinning/ws/install/border_recorder/lib'
[2.268s] Level 1:colcon.colcon_core.environment:checking '/home/falinux/CBL_twinning/ws/install/border_recorder/bin'
[2.269s] Level 1:colcon.colcon_core.environment:checking '/home/falinux/CBL_twinning/ws/install/border_recorder/lib/pkgconfig/border_recorder.pc'
[2.269s] Level 1:colcon.colcon_core.environment:checking '/home/falinux/CBL_twinning/ws/install/border_recorder/lib/python3.12/site-packages'
[2.269s] Level 1:colcon.colcon_core.shell:create_environment_hook('border_recorder', 'pythonpath')
[2.269s] INFO:colcon.colcon_core.shell:Creating environment descriptor '/home/falinux/CBL_twinning/ws/install/border_recorder/share/border_recorder/hook/pythonpath.dsv'
[2.269s] INFO:colcon.colcon_core.shell:Creating environment hook '/home/falinux/CBL_twinning/ws/install/border_recorder/share/border_recorder/hook/pythonpath.sh'
[2.270s] Level 1:colcon.colcon_core.environment:checking '/home/falinux/CBL_twinning/ws/install/border_recorder/bin'
[2.271s] Level 1:colcon.colcon_core.environment:create_environment_scripts_only(border_recorder)
[2.271s] INFO:colcon.colcon_core.shell:Creating package descriptor '/home/falinux/CBL_twinning/ws/install/border_recorder/share/border_recorder/package.dsv'
[2.272s] INFO:colcon.colcon_core.shell:Creating package script '/home/falinux/CBL_twinning/ws/install/border_recorder/share/border_recorder/package.sh'
[2.273s] INFO:colcon.colcon_core.shell:Creating package script '/home/falinux/CBL_twinning/ws/install/border_recorder/share/border_recorder/package.bash'
[2.274s] INFO:colcon.colcon_core.shell:Creating package script '/home/falinux/CBL_twinning/ws/install/border_recorder/share/border_recorder/package.zsh'
[2.275s] Level 1:colcon.colcon_core.environment:create_file_with_runtime_dependencies(/home/falinux/CBL_twinning/ws/install/border_recorder/share/colcon-core/packages/border_recorder)
[2.276s] DEBUG:colcon.colcon_parallel_executor.executor.parallel:closing loop
[2.276s] DEBUG:colcon.colcon_parallel_executor.executor.parallel:loop closed
[2.277s] DEBUG:colcon.colcon_parallel_executor.executor.parallel:run_until_complete finished with '0'
[2.277s] DEBUG:colcon.colcon_core.event_reactor:joining thread
[2.288s] INFO:colcon.colcon_core.plugin_system:Skipping extension 'colcon_notification.desktop_notification.terminal_notifier': Not used on non-Darwin systems
[2.288s] INFO:colcon.colcon_core.plugin_system:Skipping extension 'colcon_notification.desktop_notification.win32': Not used on non-Windows systems
[2.289s] INFO:colcon.colcon_notification.desktop_notification:Sending desktop notification using 'notify2'
[2.380s] DEBUG:colcon.colcon_core.event_reactor:joined thread
[2.381s] INFO:colcon.colcon_core.shell:Creating prefix script '/home/falinux/CBL_twinning/ws/install/local_setup.sh'
[2.383s] INFO:colcon.colcon_core.shell:Creating prefix util module '/home/falinux/CBL_twinning/ws/install/_local_setup_util_sh.py'
[2.385s] INFO:colcon.colcon_core.shell:Creating prefix chain script '/home/falinux/CBL_twinning/ws/install/setup.sh'
[2.387s] INFO:colcon.colcon_core.shell:Creating prefix script '/home/falinux/CBL_twinning/ws/install/local_setup.bash'
[2.390s] INFO:colcon.colcon_core.shell:Creating prefix chain script '/home/falinux/CBL_twinning/ws/install/setup.bash'
[2.392s] INFO:colcon.colcon_core.shell:Creating prefix script '/home/falinux/CBL_twinning/ws/install/local_setup.zsh'
[2.393s] INFO:colcon.colcon_core.shell:Creating prefix chain script '/home/falinux/CBL_twinning/ws/install/setup.zsh'
