[0.462s] Invoking command in '/ws/src/plant_mapper': PYTHONPATH=/ws/build/plant_mapper/prefix_override:/usr/lib/python3/dist-packages/colcon_core/task/python/colcon_distutils_commands:/ws/install/plant_mapper/lib/python3.12/site-packages:${PYTHONPATH} /usr/bin/python3 -W ignore:setup.py install is deprecated -W ignore:easy_install command is deprecated setup.py egg_info --egg-base ../../build/plant_mapper build --build-base /ws/build/plant_mapper/build install --record /ws/build/plant_mapper/install.log --single-version-externally-managed install_data
[0.578s] running egg_info
[0.586s] writing ../../build/plant_mapper/plant_mapper.egg-info/PKG-INFO
[0.587s] writing dependency_links to ../../build/plant_mapper/plant_mapper.egg-info/dependency_links.txt
[0.588s] writing entry points to ../../build/plant_mapper/plant_mapper.egg-info/entry_points.txt
[0.588s] writing requirements to ../../build/plant_mapper/plant_mapper.egg-info/requires.txt
[0.588s] writing top-level names to ../../build/plant_mapper/plant_mapper.egg-info/top_level.txt
[0.610s] reading manifest file '../../build/plant_mapper/plant_mapper.egg-info/SOURCES.txt'
[0.612s] writing manifest file '../../build/plant_mapper/plant_mapper.egg-info/SOURCES.txt'
[0.612s] running build
[0.613s] running build_py
[0.614s] running install
[0.616s] running install_lib
[0.625s] running install_data
[0.626s] running install_egg_info
[0.637s] removing '/ws/install/plant_mapper/lib/python3.12/site-packages/plant_mapper-0.0.0-py3.12.egg-info' (and everything under it)
[0.638s] Copying ../../build/plant_mapper/plant_mapper.egg-info to /ws/install/plant_mapper/lib/python3.12/site-packages/plant_mapper-0.0.0-py3.12.egg-info
[0.645s] running install_scripts
[0.713s] Installing plant_mapper script to /ws/install/plant_mapper/lib/plant_mapper
[0.716s] writing list of installed files to '/ws/build/plant_mapper/install.log'
[0.734s] Invoked command in '/ws/src/plant_mapper' returned '0': PYTHONPATH=/ws/build/plant_mapper/prefix_override:/usr/lib/python3/dist-packages/colcon_core/task/python/colcon_distutils_commands:/ws/install/plant_mapper/lib/python3.12/site-packages:${PYTHONPATH} /usr/bin/python3 -W ignore:setup.py install is deprecated -W ignore:easy_install command is deprecated setup.py egg_info --egg-base ../../build/plant_mapper build --build-base /ws/build/plant_mapper/build install --record /ws/build/plant_mapper/install.log --single-version-externally-managed install_data
