[0.963s] Invoking command in '/home/falinux/team28/ws/src/my_tb3_world': DEBUGINFOD_URLS=https://debuginfod.ubuntu.com PYTHONPATH=/home/falinux/team28/ws/build/my_tb3_world/prefix_override:/usr/lib/python3/dist-packages/colcon_core/task/python/colcon_distutils_commands:/home/falinux/team28/ws/install/my_tb3_world/lib/python3.12/site-packages:${PYTHONPATH} /usr/bin/python3 -W ignore:setup.py install is deprecated -W ignore:easy_install command is deprecated setup.py egg_info --egg-base ../../build/my_tb3_world build --build-base /home/falinux/team28/ws/build/my_tb3_world/build install --record /home/falinux/team28/ws/build/my_tb3_world/install.log --single-version-externally-managed install_data
[1.285s] running egg_info
[1.308s] writing ../../build/my_tb3_world/my_tb3_world.egg-info/PKG-INFO
[1.309s] writing dependency_links to ../../build/my_tb3_world/my_tb3_world.egg-info/dependency_links.txt
[1.309s] writing entry points to ../../build/my_tb3_world/my_tb3_world.egg-info/entry_points.txt
[1.309s] writing requirements to ../../build/my_tb3_world/my_tb3_world.egg-info/requires.txt
[1.309s] writing top-level names to ../../build/my_tb3_world/my_tb3_world.egg-info/top_level.txt
[1.358s] reading manifest file '../../build/my_tb3_world/my_tb3_world.egg-info/SOURCES.txt'
[1.359s] writing manifest file '../../build/my_tb3_world/my_tb3_world.egg-info/SOURCES.txt'
[1.359s] running build
[1.359s] running build_py
[1.360s] running install
[1.367s] running install_lib
[1.392s] running install_data
[1.392s] running install_egg_info
[1.418s] removing '/home/falinux/team28/ws/install/my_tb3_world/lib/python3.12/site-packages/my_tb3_world-0.0.0-py3.12.egg-info' (and everything under it)
[1.419s] Copying ../../build/my_tb3_world/my_tb3_world.egg-info to /home/falinux/team28/ws/install/my_tb3_world/lib/python3.12/site-packages/my_tb3_world-0.0.0-py3.12.egg-info
[1.420s] running install_scripts
[1.580s] Installing publisher_node script to /home/falinux/team28/ws/install/my_tb3_world/lib/my_tb3_world
[1.580s] Installing subscriber_node script to /home/falinux/team28/ws/install/my_tb3_world/lib/my_tb3_world
[1.580s] writing list of installed files to '/home/falinux/team28/ws/build/my_tb3_world/install.log'
[1.616s] Invoked command in '/home/falinux/team28/ws/src/my_tb3_world' returned '0': DEBUGINFOD_URLS=https://debuginfod.ubuntu.com PYTHONPATH=/home/falinux/team28/ws/build/my_tb3_world/prefix_override:/usr/lib/python3/dist-packages/colcon_core/task/python/colcon_distutils_commands:/home/falinux/team28/ws/install/my_tb3_world/lib/python3.12/site-packages:${PYTHONPATH} /usr/bin/python3 -W ignore:setup.py install is deprecated -W ignore:easy_install command is deprecated setup.py egg_info --egg-base ../../build/my_tb3_world build --build-base /home/falinux/team28/ws/build/my_tb3_world/build install --record /home/falinux/team28/ws/build/my_tb3_world/install.log --single-version-externally-managed install_data
