[2.222s] Invoking command in '/home/falinux/CBL_twinning/src/border_recorder': DEBUGINFOD_URLS=https://debuginfod.ubuntu.com PYTHONPATH=/home/falinux/CBL_twinning/build/border_recorder/prefix_override:/usr/lib/python3/dist-packages/colcon_core/task/python/colcon_distutils_commands:/home/falinux/CBL_twinning/install/border_recorder/lib/python3.12/site-packages:${PYTHONPATH} /usr/bin/python3 -W ignore:setup.py install is deprecated -W ignore:easy_install command is deprecated setup.py egg_info --egg-base ../../build/border_recorder build --build-base /home/falinux/CBL_twinning/build/border_recorder/build install --record /home/falinux/CBL_twinning/build/border_recorder/install.log --single-version-externally-managed install_data
[2.686s] running egg_info
[2.719s] writing ../../build/border_recorder/border_recorder.egg-info/PKG-INFO
[2.720s] writing dependency_links to ../../build/border_recorder/border_recorder.egg-info/dependency_links.txt
[2.720s] writing entry points to ../../build/border_recorder/border_recorder.egg-info/entry_points.txt
[2.720s] writing requirements to ../../build/border_recorder/border_recorder.egg-info/requires.txt
[2.720s] writing top-level names to ../../build/border_recorder/border_recorder.egg-info/top_level.txt
[2.787s] reading manifest file '../../build/border_recorder/border_recorder.egg-info/SOURCES.txt'
[2.788s] writing manifest file '../../build/border_recorder/border_recorder.egg-info/SOURCES.txt'
[2.789s] running build
[2.789s] running build_py
[2.789s] running install
[2.802s] running install_lib
[2.838s] running install_data
[2.839s] running install_egg_info
[2.875s] removing '/home/falinux/CBL_twinning/install/border_recorder/lib/python3.12/site-packages/border_recorder-0.1.0-py3.12.egg-info' (and everything under it)
[2.876s] Copying ../../build/border_recorder/border_recorder.egg-info to /home/falinux/CBL_twinning/install/border_recorder/lib/python3.12/site-packages/border_recorder-0.1.0-py3.12.egg-info
[2.878s] running install_scripts
[3.039s] Installing border_recorder_node script to /home/falinux/CBL_twinning/install/border_recorder/lib/border_recorder
[3.039s] writing list of installed files to '/home/falinux/CBL_twinning/build/border_recorder/install.log'
[3.079s] Invoked command in '/home/falinux/CBL_twinning/src/border_recorder' returned '0': DEBUGINFOD_URLS=https://debuginfod.ubuntu.com PYTHONPATH=/home/falinux/CBL_twinning/build/border_recorder/prefix_override:/usr/lib/python3/dist-packages/colcon_core/task/python/colcon_distutils_commands:/home/falinux/CBL_twinning/install/border_recorder/lib/python3.12/site-packages:${PYTHONPATH} /usr/bin/python3 -W ignore:setup.py install is deprecated -W ignore:easy_install command is deprecated setup.py egg_info --egg-base ../../build/border_recorder build --build-base /home/falinux/CBL_twinning/build/border_recorder/build install --record /home/falinux/CBL_twinning/build/border_recorder/install.log --single-version-externally-managed install_data
