[0.592s] Invoking command in '/home/falinux/CBL_twinning/src/plant_mapper': DEBUGINFOD_URLS=https://debuginfod.ubuntu.com PYTHONPATH=/home/falinux/CBL_twinning/build/plant_mapper/prefix_override:/usr/lib/python3/dist-packages/colcon_core/task/python/colcon_distutils_commands:/home/falinux/CBL_twinning/install/plant_mapper/lib/python3.12/site-packages:${PYTHONPATH} /usr/bin/python3 -W ignore:setup.py install is deprecated -W ignore:easy_install command is deprecated setup.py egg_info --egg-base ../../build/plant_mapper build --build-base /home/falinux/CBL_twinning/build/plant_mapper/build install --record /home/falinux/CBL_twinning/build/plant_mapper/install.log --single-version-externally-managed install_data
[0.791s] running egg_info
[0.805s] writing ../../build/plant_mapper/plant_mapper.egg-info/PKG-INFO
[0.806s] writing dependency_links to ../../build/plant_mapper/plant_mapper.egg-info/dependency_links.txt
[0.806s] writing entry points to ../../build/plant_mapper/plant_mapper.egg-info/entry_points.txt
[0.806s] writing requirements to ../../build/plant_mapper/plant_mapper.egg-info/requires.txt
[0.806s] writing top-level names to ../../build/plant_mapper/plant_mapper.egg-info/top_level.txt
[0.835s] reading manifest file '../../build/plant_mapper/plant_mapper.egg-info/SOURCES.txt'
[0.836s] writing manifest file '../../build/plant_mapper/plant_mapper.egg-info/SOURCES.txt'
[0.836s] running build
[0.836s] running build_py
[0.836s] copying plant_mapper/battery.py -> /home/falinux/CBL_twinning/build/plant_mapper/build/lib/plant_mapper
[0.836s] running install
[0.841s] running install_lib
[0.859s] copying /home/falinux/CBL_twinning/build/plant_mapper/build/lib/plant_mapper/battery.py -> /home/falinux/CBL_twinning/install/plant_mapper/lib/python3.12/site-packages/plant_mapper
[0.859s] byte-compiling /home/falinux/CBL_twinning/install/plant_mapper/lib/python3.12/site-packages/plant_mapper/battery.py to battery.cpython-312.pyc
[0.862s] running install_data
[0.862s] copying plant_mapper/web/map.png -> /home/falinux/CBL_twinning/install/plant_mapper/share/plant_mapper/web
[0.862s] creating /home/falinux/CBL_twinning/install/plant_mapper/share/plant_mapper/launch
[0.862s] copying launch/simulation_all.launch.py -> /home/falinux/CBL_twinning/install/plant_mapper/share/plant_mapper/launch
[0.863s] copying launch/physical_all.launch.py -> /home/falinux/CBL_twinning/install/plant_mapper/share/plant_mapper/launch
[0.863s] copying launch/twin_system.launch.py -> /home/falinux/CBL_twinning/install/plant_mapper/share/plant_mapper/launch
[0.863s] running install_egg_info
[0.878s] removing '/home/falinux/CBL_twinning/install/plant_mapper/lib/python3.12/site-packages/plant_mapper-0.0.0-py3.12.egg-info' (and everything under it)
[0.878s] Copying ../../build/plant_mapper/plant_mapper.egg-info to /home/falinux/CBL_twinning/install/plant_mapper/lib/python3.12/site-packages/plant_mapper-0.0.0-py3.12.egg-info
[0.879s] running install_scripts
[0.971s] Installing battery script to /home/falinux/CBL_twinning/install/plant_mapper/lib/plant_mapper
[0.972s] Installing farm_navigator script to /home/falinux/CBL_twinning/install/plant_mapper/lib/plant_mapper
[0.972s] Installing farm_twin script to /home/falinux/CBL_twinning/install/plant_mapper/lib/plant_mapper
[0.972s] Installing plant_mapper script to /home/falinux/CBL_twinning/install/plant_mapper/lib/plant_mapper
[0.972s] writing list of installed files to '/home/falinux/CBL_twinning/build/plant_mapper/install.log'
[0.993s] Invoked command in '/home/falinux/CBL_twinning/src/plant_mapper' returned '0': DEBUGINFOD_URLS=https://debuginfod.ubuntu.com PYTHONPATH=/home/falinux/CBL_twinning/build/plant_mapper/prefix_override:/usr/lib/python3/dist-packages/colcon_core/task/python/colcon_distutils_commands:/home/falinux/CBL_twinning/install/plant_mapper/lib/python3.12/site-packages:${PYTHONPATH} /usr/bin/python3 -W ignore:setup.py install is deprecated -W ignore:easy_install command is deprecated setup.py egg_info --egg-base ../../build/plant_mapper build --build-base /home/falinux/CBL_twinning/build/plant_mapper/build install --record /home/falinux/CBL_twinning/build/plant_mapper/install.log --single-version-externally-managed install_data
