[0.853s] Invoking command in '/home/falinux/team28/ws/build/tb3_safety_stop': DEBUGINFOD_URLS=https://debuginfod.ubuntu.com PYTHONPATH=/home/falinux/team28/ws/build/tb3_safety_stop/prefix_override:/usr/lib/python3/dist-packages/colcon_core/task/python/colcon_distutils_commands:/home/falinux/team28/ws/install/tb3_safety_stop/lib/python3.12/site-packages:${PYTHONPATH} /usr/bin/python3 -W ignore:setup.py install is deprecated -W ignore:easy_install command is deprecated setup.py develop --editable --build-directory /home/falinux/team28/ws/build/tb3_safety_stop/build --no-deps symlink_data
[1.088s] running develop
[1.233s] running egg_info
[1.247s] writing tb3_safety_stop.egg-info/PKG-INFO
[1.247s] writing dependency_links to tb3_safety_stop.egg-info/dependency_links.txt
[1.248s] writing entry points to tb3_safety_stop.egg-info/entry_points.txt
[1.248s] writing requirements to tb3_safety_stop.egg-info/requires.txt
[1.248s] writing top-level names to tb3_safety_stop.egg-info/top_level.txt
[1.275s] reading manifest file 'tb3_safety_stop.egg-info/SOURCES.txt'
[1.276s] writing manifest file 'tb3_safety_stop.egg-info/SOURCES.txt'
[1.292s] running build_ext
[1.292s] Creating /home/falinux/team28/ws/install/tb3_safety_stop/lib/python3.12/site-packages/tb3-safety-stop.egg-link (link to .)
[1.292s] Installing safety_stop_node script to /home/falinux/team28/ws/install/tb3_safety_stop/lib/tb3_safety_stop
[1.292s] Installing twin_safety_node script to /home/falinux/team28/ws/install/tb3_safety_stop/lib/tb3_safety_stop
[1.292s] 
[1.292s] Installed /home/falinux/team28/ws/build/tb3_safety_stop
[1.292s] running symlink_data
[1.293s] symbolically linking /home/falinux/team28/ws/build/tb3_safety_stop/launch/twin_safety.launch.py -> /home/falinux/team28/ws/install/tb3_safety_stop/share/tb3_safety_stop/launch
[1.293s] symbolically linking /home/falinux/team28/ws/build/tb3_safety_stop/launch/gazebo_twin.launch.py -> /home/falinux/team28/ws/install/tb3_safety_stop/share/tb3_safety_stop/launch
[1.328s] Invoked command in '/home/falinux/team28/ws/build/tb3_safety_stop' returned '0': DEBUGINFOD_URLS=https://debuginfod.ubuntu.com PYTHONPATH=/home/falinux/team28/ws/build/tb3_safety_stop/prefix_override:/usr/lib/python3/dist-packages/colcon_core/task/python/colcon_distutils_commands:/home/falinux/team28/ws/install/tb3_safety_stop/lib/python3.12/site-packages:${PYTHONPATH} /usr/bin/python3 -W ignore:setup.py install is deprecated -W ignore:easy_install command is deprecated setup.py develop --editable --build-directory /home/falinux/team28/ws/build/tb3_safety_stop/build --no-deps symlink_data
