[0.012s] Invoking command in '/ws/build/my_tb3_world': CMAKE_PREFIX_PATH=${CMAKE_PREFIX_PATH}:/opt/turtlebot3_ws/install/turtlebot3_teleop:/opt/ros/jazzy /usr/bin/cmake --build /ws/build/my_tb3_world -- -j2 -l2
[0.049s] Invoked command in '/ws/build/my_tb3_world' returned '0': CMAKE_PREFIX_PATH=${CMAKE_PREFIX_PATH}:/opt/turtlebot3_ws/install/turtlebot3_teleop:/opt/ros/jazzy /usr/bin/cmake --build /ws/build/my_tb3_world -- -j2 -l2
[0.055s] Invoking command in '/ws/build/my_tb3_world': CMAKE_PREFIX_PATH=${CMAKE_PREFIX_PATH}:/opt/turtlebot3_ws/install/turtlebot3_teleop:/opt/ros/jazzy /usr/bin/cmake --install /ws/build/my_tb3_world
[0.059s] -- Install configuration: ""
[0.059s] -- Up-to-date: /ws/install/my_tb3_world/share/my_tb3_world/launch
[0.059s] -- Up-to-date: /ws/install/my_tb3_world/share/my_tb3_world/launch/new_world.launch.py
[0.060s] -- Up-to-date: /ws/install/my_tb3_world/share/my_tb3_world/worlds
[0.060s] -- Up-to-date: /ws/install/my_tb3_world/share/my_tb3_world/worlds/new_world.world
[0.060s] -- Up-to-date: /ws/install/my_tb3_world/share/my_tb3_world/package.xml
[0.060s] -- Up-to-date: /ws/install/my_tb3_world/share/ament_index/resource_index/package_run_dependencies/my_tb3_world
[0.061s] -- Up-to-date: /ws/install/my_tb3_world/share/ament_index/resource_index/parent_prefix_path/my_tb3_world
[0.061s] -- Up-to-date: /ws/install/my_tb3_world/share/my_tb3_world/environment/ament_prefix_path.sh
[0.061s] -- Up-to-date: /ws/install/my_tb3_world/share/my_tb3_world/environment/ament_prefix_path.dsv
[0.062s] -- Up-to-date: /ws/install/my_tb3_world/share/my_tb3_world/environment/path.sh
[0.062s] -- Up-to-date: /ws/install/my_tb3_world/share/my_tb3_world/environment/path.dsv
[0.063s] -- Up-to-date: /ws/install/my_tb3_world/share/my_tb3_world/local_setup.bash
[0.063s] -- Up-to-date: /ws/install/my_tb3_world/share/my_tb3_world/local_setup.sh
[0.064s] -- Up-to-date: /ws/install/my_tb3_world/share/my_tb3_world/local_setup.zsh
[0.064s] -- Up-to-date: /ws/install/my_tb3_world/share/my_tb3_world/local_setup.dsv
[0.065s] -- Installing: /ws/install/my_tb3_world/share/my_tb3_world/package.dsv
[0.065s] -- Up-to-date: /ws/install/my_tb3_world/share/ament_index/resource_index/packages/my_tb3_world
[0.065s] -- Up-to-date: /ws/install/my_tb3_world/share/my_tb3_world/cmake/my_tb3_worldConfig.cmake
[0.066s] -- Up-to-date: /ws/install/my_tb3_world/share/my_tb3_world/cmake/my_tb3_worldConfig-version.cmake
[0.066s] -- Up-to-date: /ws/install/my_tb3_world/share/my_tb3_world/package.xml
[0.067s] Invoked command in '/ws/build/my_tb3_world' returned '0': CMAKE_PREFIX_PATH=${CMAKE_PREFIX_PATH}:/opt/turtlebot3_ws/install/turtlebot3_teleop:/opt/ros/jazzy /usr/bin/cmake --install /ws/build/my_tb3_world
