[1.785s] Invoking command in '/home/falinux/CBL_twinning/ws/src/border_guard': DEBUGINFOD_URLS=https://debuginfod.ubuntu.com PYTHONPATH=/home/falinux/CBL_twinning/ws/build/border_guard/prefix_override:/usr/lib/python3/dist-packages/colcon_core/task/python/colcon_distutils_commands:/home/falinux/CBL_twinning/ws/install/border_guard/lib/python3.12/site-packages:${PYTHONPATH} /usr/bin/python3 -W ignore:setup.py install is deprecated -W ignore:easy_install command is deprecated setup.py egg_info --egg-base ../../build/border_guard build --build-base /home/falinux/CBL_twinning/ws/build/border_guard/build install --record /home/falinux/CBL_twinning/ws/build/border_guard/install.log --single-version-externally-managed install_data
[2.136s] running egg_info
[2.161s] writing ../../build/border_guard/border_guard.egg-info/PKG-INFO
[2.162s] writing dependency_links to ../../build/border_guard/border_guard.egg-info/dependency_links.txt
[2.162s] writing entry points to ../../build/border_guard/border_guard.egg-info/entry_points.txt
[2.162s] writing requirements to ../../build/border_guard/border_guard.egg-info/requires.txt
[2.162s] writing top-level names to ../../build/border_guard/border_guard.egg-info/top_level.txt
[2.232s] reading manifest file '../../build/border_guard/border_guard.egg-info/SOURCES.txt'
[2.232s] writing manifest file '../../build/border_guard/border_guard.egg-info/SOURCES.txt'
[2.233s] running build
[2.233s] running build_py
[2.234s] running install
[2.246s] running install_lib
[2.280s] running install_data
[2.281s] running install_egg_info
[2.326s] removing '/home/falinux/CBL_twinning/ws/install/border_guard/lib/python3.12/site-packages/border_guard-0.1.0-py3.12.egg-info' (and everything under it)
[2.329s] Copying ../../build/border_guard/border_guard.egg-info to /home/falinux/CBL_twinning/ws/install/border_guard/lib/python3.12/site-packages/border_guard-0.1.0-py3.12.egg-info
[2.332s] running install_scripts
[2.535s] Installing border_guard_node script to /home/falinux/CBL_twinning/ws/install/border_guard/lib/border_guard
[2.535s] writing list of installed files to '/home/falinux/CBL_twinning/ws/build/border_guard/install.log'
[2.592s] Invoked command in '/home/falinux/CBL_twinning/ws/src/border_guard' returned '0': DEBUGINFOD_URLS=https://debuginfod.ubuntu.com PYTHONPATH=/home/falinux/CBL_twinning/ws/build/border_guard/prefix_override:/usr/lib/python3/dist-packages/colcon_core/task/python/colcon_distutils_commands:/home/falinux/CBL_twinning/ws/install/border_guard/lib/python3.12/site-packages:${PYTHONPATH} /usr/bin/python3 -W ignore:setup.py install is deprecated -W ignore:easy_install command is deprecated setup.py egg_info --egg-base ../../build/border_guard build --build-base /home/falinux/CBL_twinning/ws/build/border_guard/build install --record /home/falinux/CBL_twinning/ws/build/border_guard/install.log --single-version-externally-managed install_data
