[0.391s] Invoking command in '/ws/src/robot_sound_demo': PYTHONPATH=/ws/build/robot_sound_demo/prefix_override:/usr/lib/python3/dist-packages/colcon_core/task/python/colcon_distutils_commands:/ws/install/robot_sound_demo/lib/python3.12/site-packages:${PYTHONPATH} /usr/bin/python3 -W ignore:setup.py install is deprecated -W ignore:easy_install command is deprecated setup.py egg_info --egg-base ../../build/robot_sound_demo build --build-base /ws/build/robot_sound_demo/build install --record /ws/build/robot_sound_demo/install.log --single-version-externally-managed install_data
[0.480s] running egg_info
[0.480s] creating ../../build/robot_sound_demo/robot_sound_demo.egg-info
[0.486s] writing ../../build/robot_sound_demo/robot_sound_demo.egg-info/PKG-INFO
[0.487s] writing dependency_links to ../../build/robot_sound_demo/robot_sound_demo.egg-info/dependency_links.txt
[0.487s] writing entry points to ../../build/robot_sound_demo/robot_sound_demo.egg-info/entry_points.txt
[0.488s] writing requirements to ../../build/robot_sound_demo/robot_sound_demo.egg-info/requires.txt
[0.488s] writing top-level names to ../../build/robot_sound_demo/robot_sound_demo.egg-info/top_level.txt
[0.489s] writing manifest file '../../build/robot_sound_demo/robot_sound_demo.egg-info/SOURCES.txt'
[0.502s] reading manifest file '../../build/robot_sound_demo/robot_sound_demo.egg-info/SOURCES.txt'
[0.503s] writing manifest file '../../build/robot_sound_demo/robot_sound_demo.egg-info/SOURCES.txt'
[0.503s] running build
[0.504s] running build_py
[0.504s] creating /ws/build/robot_sound_demo/build
[0.504s] creating /ws/build/robot_sound_demo/build/lib
[0.505s] creating /ws/build/robot_sound_demo/build/lib/robot_sound_demo
[0.505s] copying robot_sound_demo/forward_sound.py -> /ws/build/robot_sound_demo/build/lib/robot_sound_demo
[0.505s] copying robot_sound_demo/__init__.py -> /ws/build/robot_sound_demo/build/lib/robot_sound_demo
[0.508s] running install
[0.509s] running install_lib
[0.515s] creating /ws/install/robot_sound_demo/lib/python3.12/site-packages/robot_sound_demo
[0.516s] copying /ws/build/robot_sound_demo/build/lib/robot_sound_demo/forward_sound.py -> /ws/install/robot_sound_demo/lib/python3.12/site-packages/robot_sound_demo
[0.517s] copying /ws/build/robot_sound_demo/build/lib/robot_sound_demo/__init__.py -> /ws/install/robot_sound_demo/lib/python3.12/site-packages/robot_sound_demo
[0.518s] byte-compiling /ws/install/robot_sound_demo/lib/python3.12/site-packages/robot_sound_demo/forward_sound.py to forward_sound.cpython-312.pyc
[0.519s] byte-compiling /ws/install/robot_sound_demo/lib/python3.12/site-packages/robot_sound_demo/__init__.py to __init__.cpython-312.pyc
[0.520s] running install_data
[0.520s] creating /ws/install/robot_sound_demo/share/ament_index
[0.520s] creating /ws/install/robot_sound_demo/share/ament_index/resource_index
[0.520s] creating /ws/install/robot_sound_demo/share/ament_index/resource_index/packages
[0.521s] copying resource/robot_sound_demo -> /ws/install/robot_sound_demo/share/ament_index/resource_index/packages
[0.521s] copying package.xml -> /ws/install/robot_sound_demo/share/robot_sound_demo
[0.521s] running install_egg_info
[0.529s] Copying ../../build/robot_sound_demo/robot_sound_demo.egg-info to /ws/install/robot_sound_demo/lib/python3.12/site-packages/robot_sound_demo-0.0.0-py3.12.egg-info
[0.536s] running install_scripts
[0.592s] Installing forward_sound script to /ws/install/robot_sound_demo/lib/robot_sound_demo
[0.596s] writing list of installed files to '/ws/build/robot_sound_demo/install.log'
[0.611s] Invoked command in '/ws/src/robot_sound_demo' returned '0': PYTHONPATH=/ws/build/robot_sound_demo/prefix_override:/usr/lib/python3/dist-packages/colcon_core/task/python/colcon_distutils_commands:/ws/install/robot_sound_demo/lib/python3.12/site-packages:${PYTHONPATH} /usr/bin/python3 -W ignore:setup.py install is deprecated -W ignore:easy_install command is deprecated setup.py egg_info --egg-base ../../build/robot_sound_demo build --build-base /ws/build/robot_sound_demo/build install --record /ws/build/robot_sound_demo/install.log --single-version-externally-managed install_data
