[0.018s] Invoking command in '/ws/build/my_tb3_world': CMAKE_PREFIX_PATH=${CMAKE_PREFIX_PATH}:/ws/install/robot_sound_demo:/ws/install/plant_mapper:/opt/turtlebot3_ws/install/turtlebot3_teleop:/opt/ros/jazzy /usr/bin/cmake --build /ws/build/my_tb3_world -- -j2 -l2
[0.139s] Invoked command in '/ws/build/my_tb3_world' returned '0': CMAKE_PREFIX_PATH=${CMAKE_PREFIX_PATH}:/ws/install/robot_sound_demo:/ws/install/plant_mapper:/opt/turtlebot3_ws/install/turtlebot3_teleop:/opt/ros/jazzy /usr/bin/cmake --build /ws/build/my_tb3_world -- -j2 -l2
[0.145s] Invoking command in '/ws/build/my_tb3_world': CMAKE_PREFIX_PATH=${CMAKE_PREFIX_PATH}:/ws/install/robot_sound_demo:/ws/install/plant_mapper:/opt/turtlebot3_ws/install/turtlebot3_teleop:/opt/ros/jazzy /usr/bin/cmake --install /ws/build/my_tb3_world
[0.151s] -- Install configuration: ""
[0.151s] -- Up-to-date: /ws/install/my_tb3_world/share/my_tb3_world/launch
[0.152s] -- Up-to-date: /ws/install/my_tb3_world/share/my_tb3_world/launch/new_world.launch.py
[0.154s] -- Up-to-date: /ws/install/my_tb3_world/share/my_tb3_world/worlds
[0.154s] -- Up-to-date: /ws/install/my_tb3_world/share/my_tb3_world/worlds/new_world.world
[0.155s] -- Up-to-date: /ws/install/my_tb3_world/share/my_tb3_world/package.xml
[0.155s] -- Up-to-date: /ws/install/my_tb3_world/share/ament_index/resource_index/package_run_dependencies/my_tb3_world
[0.155s] -- Up-to-date: /ws/install/my_tb3_world/share/ament_index/resource_index/parent_prefix_path/my_tb3_world
[0.155s] -- Up-to-date: /ws/install/my_tb3_world/share/my_tb3_world/environment/ament_prefix_path.sh
[0.156s] -- Up-to-date: /ws/install/my_tb3_world/share/my_tb3_world/environment/ament_prefix_path.dsv
[0.156s] -- Up-to-date: /ws/install/my_tb3_world/share/my_tb3_world/environment/path.sh
[0.156s] -- Up-to-date: /ws/install/my_tb3_world/share/my_tb3_world/environment/path.dsv
[0.157s] -- Up-to-date: /ws/install/my_tb3_world/share/my_tb3_world/local_setup.bash
[0.157s] -- Up-to-date: /ws/install/my_tb3_world/share/my_tb3_world/local_setup.sh
[0.157s] -- Up-to-date: /ws/install/my_tb3_world/share/my_tb3_world/local_setup.zsh
[0.157s] -- Up-to-date: /ws/install/my_tb3_world/share/my_tb3_world/local_setup.dsv
[0.158s] -- Installing: /ws/install/my_tb3_world/share/my_tb3_world/package.dsv
[0.158s] -- Up-to-date: /ws/install/my_tb3_world/share/ament_index/resource_index/packages/my_tb3_world
[0.158s] -- Up-to-date: /ws/install/my_tb3_world/share/my_tb3_world/cmake/my_tb3_worldConfig.cmake
[0.159s] -- Up-to-date: /ws/install/my_tb3_world/share/my_tb3_world/cmake/my_tb3_worldConfig-version.cmake
[0.160s] -- Up-to-date: /ws/install/my_tb3_world/share/my_tb3_world/package.xml
[0.162s] Invoked command in '/ws/build/my_tb3_world' returned '0': CMAKE_PREFIX_PATH=${CMAKE_PREFIX_PATH}:/ws/install/robot_sound_demo:/ws/install/plant_mapper:/opt/turtlebot3_ws/install/turtlebot3_teleop:/opt/ros/jazzy /usr/bin/cmake --install /ws/build/my_tb3_world
